<?xml version="1.0" encoding="UTF-8"?>
<testsuite xmlns:xsi="http://www.w3.org/2001/XMLSchema-instance" xsi:noNamespaceSchemaLocation="https://maven.apache.org/surefire/maven-surefire-plugin/xsd/surefire-test-report.xsd" version="3.0.2" name="com.example.auction_application.AuctionApplicationTests" time="26.603" tests="1" errors="0" skipped="0" failures="0">
  <properties>
    <property name="java.specification.version" value="17"/>
    <property name="sun.cpu.isalist" value="amd64"/>
    <property name="sun.jnu.encoding" value="Cp1252"/>
    <property name="java.class.path" value="D:\spring_projects\Auction_Application_Monilith\auction_application\target\test-classes;D:\spring_projects\Auction_Application_Monilith\auction_application\target\classes;C:\Users\prathamesh mane\.m2\repository\org\springframework\boot\spring-boot-starter-data-jpa\3.4.1\spring-boot-starter-data-jpa-3.4.1.jar;C:\Users\prathamesh mane\.m2\repository\org\springframework\boot\spring-boot-starter\3.4.1\spring-boot-starter-3.4.1.jar;C:\Users\prathamesh mane\.m2\repository\org\springframework\boot\spring-boot-starter-logging\3.4.1\spring-boot-starter-logging-3.4.1.jar;C:\Users\prathamesh mane\.m2\repository\ch\qos\logback\logback-classic\1.5.12\logback-classic-1.5.12.jar;C:\Users\prathamesh mane\.m2\repository\ch\qos\logback\logback-core\1.5.12\logback-core-1.5.12.jar;C:\Users\prathamesh mane\.m2\repository\org\apache\logging\log4j\log4j-to-slf4j\2.24.3\log4j-to-slf4j-2.24.3.jar;C:\Users\prathamesh mane\.m2\repository\org\apache\logging\log4j\log4j-api\2.24.3\log4j-api-2.24.3.jar;C:\Users\prathamesh mane\.m2\repository\org\slf4j\jul-to-slf4j\2.0.16\jul-to-slf4j-2.0.16.jar;C:\Users\prathamesh mane\.m2\repository\jakarta\annotation\jakarta.annotation-api\2.1.1\jakarta.annotation-api-2.1.1.jar;C:\Users\prathamesh mane\.m2\repository\org\yaml\snakeyaml\2.3\snakeyaml-2.3.jar;C:\Users\prathamesh mane\.m2\repository\org\springframework\boot\spring-boot-starter-jdbc\3.4.1\spring-boot-starter-jdbc-3.4.1.jar;C:\Users\prathamesh mane\.m2\repository\com\zaxxer\HikariCP\5.1.0\HikariCP-5.1.0.jar;C:\Users\prathamesh mane\.m2\repository\org\springframework\spring-jdbc\6.2.1\spring-jdbc-6.2.1.jar;C:\Users\prathamesh mane\.m2\repository\org\hibernate\orm\hibernate-core\6.6.4.Final\hibernate-core-6.6.4.Final.jar;C:\Users\prathamesh mane\.m2\repository\jakarta\persistence\jakarta.persistence-api\3.1.0\jakarta.persistence-api-3.1.0.jar;C:\Users\prathamesh mane\.m2\repository\jakarta\transaction\jakarta.transaction-api\2.0.1\jakarta.transaction-api-2.0.1.jar;C:\Users\prathamesh mane\.m2\repository\org\jboss\logging\jboss-logging\3.6.1.Final\jboss-logging-3.6.1.Final.jar;C:\Users\prathamesh mane\.m2\repository\org\hibernate\common\hibernate-commons-annotations\7.0.3.Final\hibernate-commons-annotations-7.0.3.Final.jar;C:\Users\prathamesh mane\.m2\repository\io\smallrye\jandex\3.2.0\jandex-3.2.0.jar;C:\Users\prathamesh mane\.m2\repository\com\fasterxml\classmate\1.7.0\classmate-1.7.0.jar;C:\Users\prathamesh mane\.m2\repository\net\bytebuddy\byte-buddy\1.15.11\byte-buddy-1.15.11.jar;C:\Users\prathamesh mane\.m2\repository\org\glassfish\jaxb\jaxb-runtime\4.0.5\jaxb-runtime-4.0.5.jar;C:\Users\prathamesh mane\.m2\repository\org\glassfish\jaxb\jaxb-core\4.0.5\jaxb-core-4.0.5.jar;C:\Users\prathamesh mane\.m2\repository\org\eclipse\angus\angus-activation\2.0.2\angus-activation-2.0.2.jar;C:\Users\prathamesh mane\.m2\repository\org\glassfish\jaxb\txw2\4.0.5\txw2-4.0.5.jar;C:\Users\prathamesh mane\.m2\repository\com\sun\istack\istack-commons-runtime\4.1.2\istack-commons-runtime-4.1.2.jar;C:\Users\prathamesh mane\.m2\repository\jakarta\inject\jakarta.inject-api\2.0.1\jakarta.inject-api-2.0.1.jar;C:\Users\prathamesh mane\.m2\repository\org\antlr\antlr4-runtime\4.13.0\antlr4-runtime-4.13.0.jar;C:\Users\prathamesh mane\.m2\repository\org\springframework\data\spring-data-jpa\3.4.1\spring-data-jpa-3.4.1.jar;C:\Users\prathamesh mane\.m2\repository\org\springframework\data\spring-data-commons\3.4.1\spring-data-commons-3.4.1.jar;C:\Users\prathamesh mane\.m2\repository\org\springframework\spring-orm\6.2.1\spring-orm-6.2.1.jar;C:\Users\prathamesh mane\.m2\repository\org\springframework\spring-context\6.2.1\spring-context-6.2.1.jar;C:\Users\prathamesh mane\.m2\repository\org\springframework\spring-beans\6.2.1\spring-beans-6.2.1.jar;C:\Users\prathamesh mane\.m2\repository\org\springframework\spring-aspects\6.2.1\spring-aspects-6.2.1.jar;C:\Users\prathamesh mane\.m2\repository\org\aspectj\aspectjweaver\1.9.22.1\aspectjweaver-1.9.22.1.jar;C:\Users\prathamesh mane\.m2\repository\com\fasterxml\jackson\datatype\jackson-datatype-jsr310\2.15.2\jackson-datatype-jsr310-2.15.2.jar;C:\Users\prathamesh mane\.m2\repository\com\fasterxml\jackson\core\jackson-annotations\2.18.2\jackson-annotations-2.18.2.jar;C:\Users\prathamesh mane\.m2\repository\com\fasterxml\jackson\core\jackson-core\2.18.2\jackson-core-2.18.2.jar;C:\Users\prathamesh mane\.m2\repository\com\fasterxml\jackson\core\jackson-databind\2.18.2\jackson-databind-2.18.2.jar;C:\Users\prathamesh mane\.m2\repository\org\springframework\boot\spring-boot-devtools\3.4.1\spring-boot-devtools-3.4.1.jar;C:\Users\prathamesh mane\.m2\repository\org\springframework\boot\spring-boot\3.4.1\spring-boot-3.4.1.jar;C:\Users\prathamesh mane\.m2\repository\org\springframework\boot\spring-boot-autoconfigure\3.4.1\spring-boot-autoconfigure-3.4.1.jar;C:\Users\prathamesh mane\.m2\repository\org\springframework\boot\spring-boot-starter-websocket\3.4.1\spring-boot-starter-websocket-3.4.1.jar;C:\Users\prathamesh mane\.m2\repository\org\springframework\spring-messaging\6.2.1\spring-messaging-6.2.1.jar;C:\Users\prathamesh mane\.m2\repository\org\springframework\spring-websocket\6.2.1\spring-websocket-6.2.1.jar;C:\Users\prathamesh mane\.m2\repository\org\springframework\boot\spring-boot-starter-web\3.4.1\spring-boot-starter-web-3.4.1.jar;C:\Users\prathamesh mane\.m2\repository\org\springframework\boot\spring-boot-starter-json\3.4.1\spring-boot-starter-json-3.4.1.jar;C:\Users\prathamesh mane\.m2\repository\com\fasterxml\jackson\datatype\jackson-datatype-jdk8\2.18.2\jackson-datatype-jdk8-2.18.2.jar;C:\Users\prathamesh mane\.m2\repository\com\fasterxml\jackson\module\jackson-module-parameter-names\2.18.2\jackson-module-parameter-names-2.18.2.jar;C:\Users\prathamesh mane\.m2\repository\org\springframework\boot\spring-boot-starter-tomcat\3.4.1\spring-boot-starter-tomcat-3.4.1.jar;C:\Users\prathamesh mane\.m2\repository\org\apache\tomcat\embed\tomcat-embed-core\10.1.34\tomcat-embed-core-10.1.34.jar;C:\Users\prathamesh mane\.m2\repository\org\apache\tomcat\embed\tomcat-embed-el\10.1.34\tomcat-embed-el-10.1.34.jar;C:\Users\prathamesh mane\.m2\repository\org\apache\tomcat\embed\tomcat-embed-websocket\10.1.34\tomcat-embed-websocket-10.1.34.jar;C:\Users\prathamesh mane\.m2\repository\org\springframework\spring-web\6.2.1\spring-web-6.2.1.jar;C:\Users\prathamesh mane\.m2\repository\io\micrometer\micrometer-observation\1.14.2\micrometer-observation-1.14.2.jar;C:\Users\prathamesh mane\.m2\repository\io\micrometer\micrometer-commons\1.14.2\micrometer-commons-1.14.2.jar;C:\Users\prathamesh mane\.m2\repository\org\springframework\spring-webmvc\6.2.1\spring-webmvc-6.2.1.jar;C:\Users\prathamesh mane\.m2\repository\org\springframework\spring-expression\6.2.1\spring-expression-6.2.1.jar;C:\Users\prathamesh mane\.m2\repository\org\springframework\boot\spring-boot-starter-quartz\3.4.1\spring-boot-starter-quartz-3.4.1.jar;C:\Users\prathamesh mane\.m2\repository\org\springframework\spring-context-support\6.2.1\spring-context-support-6.2.1.jar;C:\Users\prathamesh mane\.m2\repository\org\springframework\spring-tx\6.2.1\spring-tx-6.2.1.jar;C:\Users\prathamesh mane\.m2\repository\org\quartz-scheduler\quartz\2.3.2\quartz-2.3.2.jar;C:\Users\prathamesh mane\.m2\repository\com\mchange\mchange-commons-java\0.2.15\mchange-commons-java-0.2.15.jar;C:\Users\prathamesh mane\.m2\repository\org\slf4j\slf4j-api\2.0.16\slf4j-api-2.0.16.jar;C:\Users\prathamesh mane\.m2\repository\org\postgresql\postgresql\42.7.4\postgresql-42.7.4.jar;C:\Users\prathamesh mane\.m2\repository\org\checkerframework\checker-qual\3.42.0\checker-qual-3.42.0.jar;C:\Users\prathamesh mane\.m2\repository\org\springframework\boot\spring-boot-starter-test\3.4.1\spring-boot-starter-test-3.4.1.jar;C:\Users\prathamesh mane\.m2\repository\org\springframework\boot\spring-boot-test\3.4.1\spring-boot-test-3.4.1.jar;C:\Users\prathamesh mane\.m2\repository\org\springframework\boot\spring-boot-test-autoconfigure\3.4.1\spring-boot-test-autoconfigure-3.4.1.jar;C:\Users\prathamesh mane\.m2\repository\com\jayway\jsonpath\json-path\2.9.0\json-path-2.9.0.jar;C:\Users\prathamesh mane\.m2\repository\jakarta\xml\bind\jakarta.xml.bind-api\4.0.2\jakarta.xml.bind-api-4.0.2.jar;C:\Users\prathamesh mane\.m2\repository\jakarta\activation\jakarta.activation-api\2.1.3\jakarta.activation-api-2.1.3.jar;C:\Users\prathamesh mane\.m2\repository\net\minidev\json-smart\2.5.1\json-smart-2.5.1.jar;C:\Users\prathamesh mane\.m2\repository\net\minidev\accessors-smart\2.5.1\accessors-smart-2.5.1.jar;C:\Users\prathamesh mane\.m2\repository\org\ow2\asm\asm\9.6\asm-9.6.jar;C:\Users\prathamesh mane\.m2\repository\org\assertj\assertj-core\3.26.3\assertj-core-3.26.3.jar;C:\Users\prathamesh mane\.m2\repository\org\awaitility\awaitility\4.2.2\awaitility-4.2.2.jar;C:\Users\prathamesh mane\.m2\repository\org\hamcrest\hamcrest\2.2\hamcrest-2.2.jar;C:\Users\prathamesh mane\.m2\repository\org\junit\jupiter\junit-jupiter\5.11.4\junit-jupiter-5.11.4.jar;C:\Users\prathamesh mane\.m2\repository\org\junit\jupiter\junit-jupiter-api\5.11.4\junit-jupiter-api-5.11.4.jar;C:\Users\prathamesh mane\.m2\repository\org\opentest4j\opentest4j\1.3.0\opentest4j-1.3.0.jar;C:\Users\prathamesh mane\.m2\repository\org\junit\platform\junit-platform-commons\1.11.4\junit-platform-commons-1.11.4.jar;C:\Users\prathamesh mane\.m2\repository\org\apiguardian\apiguardian-api\1.1.2\apiguardian-api-1.1.2.jar;C:\Users\prathamesh mane\.m2\repository\org\junit\jupiter\junit-jupiter-params\5.11.4\junit-jupiter-params-5.11.4.jar;C:\Users\prathamesh mane\.m2\repository\org\junit\jupiter\junit-jupiter-engine\5.11.4\junit-jupiter-engine-5.11.4.jar;C:\Users\prathamesh mane\.m2\repository\org\junit\platform\junit-platform-engine\1.11.4\junit-platform-engine-1.11.4.jar;C:\Users\prathamesh mane\.m2\repository\org\mockito\mockito-core\5.14.2\mockito-core-5.14.2.jar;C:\Users\prathamesh mane\.m2\repository\net\bytebuddy\byte-buddy-agent\1.15.11\byte-buddy-agent-1.15.11.jar;C:\Users\prathamesh mane\.m2\repository\org\objenesis\objenesis\3.3\objenesis-3.3.jar;C:\Users\prathamesh mane\.m2\repository\org\mockito\mockito-junit-jupiter\5.14.2\mockito-junit-jupiter-5.14.2.jar;C:\Users\prathamesh mane\.m2\repository\org\skyscreamer\jsonassert\1.5.3\jsonassert-1.5.3.jar;C:\Users\prathamesh mane\.m2\repository\com\vaadin\external\google\android-json\0.0.20131108.vaadin1\android-json-0.0.20131108.vaadin1.jar;C:\Users\prathamesh mane\.m2\repository\org\springframework\spring-core\6.2.1\spring-core-6.2.1.jar;C:\Users\prathamesh mane\.m2\repository\org\springframework\spring-jcl\6.2.1\spring-jcl-6.2.1.jar;C:\Users\prathamesh mane\.m2\repository\org\springframework\spring-test\6.2.1\spring-test-6.2.1.jar;C:\Users\prathamesh mane\.m2\repository\org\xmlunit\xmlunit-core\2.10.0\xmlunit-core-2.10.0.jar;C:\Users\prathamesh mane\.m2\repository\com\mchange\c3p0\0.9.5.5\c3p0-0.9.5.5.jar;C:\Users\prathamesh mane\.m2\repository\org\springframework\boot\spring-boot-starter-oauth2-client\3.4.1\spring-boot-starter-oauth2-client-3.4.1.jar;C:\Users\prathamesh mane\.m2\repository\org\springframework\security\spring-security-config\6.4.2\spring-security-config-6.4.2.jar;C:\Users\prathamesh mane\.m2\repository\org\springframework\security\spring-security-core\6.4.2\spring-security-core-6.4.2.jar;C:\Users\prathamesh mane\.m2\repository\org\springframework\security\spring-security-crypto\6.4.2\spring-security-crypto-6.4.2.jar;C:\Users\prathamesh mane\.m2\repository\org\springframework\security\spring-security-oauth2-client\6.4.2\spring-security-oauth2-client-6.4.2.jar;C:\Users\prathamesh mane\.m2\repository\org\springframework\security\spring-security-oauth2-core\6.4.2\spring-security-oauth2-core-6.4.2.jar;C:\Users\prathamesh mane\.m2\repository\com\nimbusds\oauth2-oidc-sdk\9.43.4\oauth2-oidc-sdk-9.43.4.jar;C:\Users\prathamesh mane\.m2\repository\com\github\stephenc\jcip\jcip-annotations\1.0-1\jcip-annotations-1.0-1.jar;C:\Users\prathamesh mane\.m2\repository\com\nimbusds\content-type\2.2\content-type-2.2.jar;C:\Users\prathamesh mane\.m2\repository\com\nimbusds\lang-tag\1.7\lang-tag-1.7.jar;C:\Users\prathamesh mane\.m2\repository\org\springframework\security\spring-security-oauth2-jose\6.4.2\spring-security-oauth2-jose-6.4.2.jar;C:\Users\prathamesh mane\.m2\repository\com\nimbusds\nimbus-jose-jwt\9.37.3\nimbus-jose-jwt-9.37.3.jar;C:\Users\prathamesh mane\.m2\repository\org\springframework\boot\spring-boot-starter-security\3.4.1\spring-boot-starter-security-3.4.1.jar;C:\Users\prathamesh mane\.m2\repository\org\springframework\spring-aop\6.2.1\spring-aop-6.2.1.jar;C:\Users\prathamesh mane\.m2\repository\org\springframework\security\spring-security-web\6.4.2\spring-security-web-6.4.2.jar;C:\Users\prathamesh mane\.m2\repository\io\jsonwebtoken\jjwt-api\0.11.5\jjwt-api-0.11.5.jar;C:\Users\prathamesh mane\.m2\repository\io\github\cdimascio\dotenv-java\3.0.0\dotenv-java-3.0.0.jar;C:\Users\prathamesh mane\.m2\repository\io\jsonwebtoken\jjwt-impl\0.11.5\jjwt-impl-0.11.5.jar;C:\Users\prathamesh mane\.m2\repository\org\springframework\boot\spring-boot-starter-data-redis\3.4.1\spring-boot-starter-data-redis-3.4.1.jar;C:\Users\prathamesh mane\.m2\repository\io\lettuce\lettuce-core\6.4.1.RELEASE\lettuce-core-6.4.1.RELEASE.jar;C:\Users\prathamesh mane\.m2\repository\io\netty\netty-common\4.1.116.Final\netty-common-4.1.116.Final.jar;C:\Users\prathamesh mane\.m2\repository\io\netty\netty-handler\4.1.116.Final\netty-handler-4.1.116.Final.jar;C:\Users\prathamesh mane\.m2\repository\io\netty\netty-resolver\4.1.116.Final\netty-resolver-4.1.116.Final.jar;C:\Users\prathamesh mane\.m2\repository\io\netty\netty-buffer\4.1.116.Final\netty-buffer-4.1.116.Final.jar;C:\Users\prathamesh mane\.m2\repository\io\netty\netty-transport-native-unix-common\4.1.116.Final\netty-transport-native-unix-common-4.1.116.Final.jar;C:\Users\prathamesh mane\.m2\repository\io\netty\netty-codec\4.1.116.Final\netty-codec-4.1.116.Final.jar;C:\Users\prathamesh mane\.m2\repository\io\netty\netty-transport\4.1.116.Final\netty-transport-4.1.116.Final.jar;C:\Users\prathamesh mane\.m2\repository\io\projectreactor\reactor-core\3.7.1\reactor-core-3.7.1.jar;C:\Users\prathamesh mane\.m2\repository\org\reactivestreams\reactive-streams\1.0.4\reactive-streams-1.0.4.jar;C:\Users\prathamesh mane\.m2\repository\org\springframework\data\spring-data-redis\3.4.1\spring-data-redis-3.4.1.jar;C:\Users\prathamesh mane\.m2\repository\org\springframework\data\spring-data-keyvalue\3.4.1\spring-data-keyvalue-3.4.1.jar;C:\Users\prathamesh mane\.m2\repository\org\springframework\spring-oxm\6.2.1\spring-oxm-6.2.1.jar;C:\Users\prathamesh mane\.m2\repository\io\jsonwebtoken\jjwt-jackson\0.11.5\jjwt-jackson-0.11.5.jar;C:\Users\prathamesh mane\.m2\repository\com\google\cloud\sql\postgres-socket-factory\1.15.0\postgres-socket-factory-1.15.0.jar;C:\Users\prathamesh mane\.m2\repository\com\google\cloud\sql\jdbc-socket-factory-core\1.15.0\jdbc-socket-factory-core-1.15.0.jar;C:\Users\prathamesh mane\.m2\repository\com\github\jnr\jnr-unixsocket\0.38.21\jnr-unixsocket-0.38.21.jar;C:\Users\prathamesh mane\.m2\repository\com\github\jnr\jnr-ffi\2.2.15\jnr-ffi-2.2.15.jar;C:\Users\prathamesh mane\.m2\repository\com\github\jnr\jffi\1.3.12\jffi-1.3.12.jar;C:\Users\prathamesh mane\.m2\repository\com\github\jnr\jffi\1.3.12\jffi-1.3.12-native.jar;C:\Users\prathamesh mane\.m2\repository\org\ow2\asm\asm-commons\9.2\asm-commons-9.2.jar;C:\Users\prathamesh mane\.m2\repository\com\github\jnr\jnr-a64asm\1.0.0\jnr-a64asm-1.0.0.jar;C:\Users\prathamesh mane\.m2\repository\com\github\jnr\jnr-x86asm\1.0.2\jnr-x86asm-1.0.2.jar;C:\Users\prathamesh mane\.m2\repository\com\github\jnr\jnr-constants\0.10.4\jnr-constants-0.10.4.jar;C:\Users\prathamesh mane\.m2\repository\com\github\jnr\jnr-enxio\0.32.16\jnr-enxio-0.32.16.jar;C:\Users\prathamesh mane\.m2\repository\com\github\jnr\jnr-posix\3.1.18\jnr-posix-3.1.18.jar;C:\Users\prathamesh mane\.m2\repository\org\ow2\asm\asm-util\9.6\asm-util-9.6.jar;C:\Users\prathamesh mane\.m2\repository\org\ow2\asm\asm-tree\9.6\asm-tree-9.6.jar;C:\Users\prathamesh mane\.m2\repository\org\ow2\asm\asm-analysis\9.6\asm-analysis-9.6.jar;C:\Users\prathamesh mane\.m2\repository\com\google\errorprone\error_prone_annotations\2.23.0\error_prone_annotations-2.23.0.jar;C:\Users\prathamesh mane\.m2\repository\com\google\apis\google-api-services-sqladmin\v1beta4-rev20231108-2.0.0\google-api-services-sqladmin-v1beta4-rev20231108-2.0.0.jar;C:\Users\prathamesh mane\.m2\repository\com\google\auth\google-auth-library-credentials\1.20.0\google-auth-library-credentials-1.20.0.jar;C:\Users\prathamesh mane\.m2\repository\com\google\auth\google-auth-library-oauth2-http\1.20.0\google-auth-library-oauth2-http-1.20.0.jar;C:\Users\prathamesh mane\.m2\repository\com\google\auto\value\auto-value-annotations\1.10.4\auto-value-annotations-1.10.4.jar;C:\Users\prathamesh mane\.m2\repository\com\google\api\gax\2.37.0\gax-2.37.0.jar;C:\Users\prathamesh mane\.m2\repository\com\google\guava\guava\33.3.1-jre\guava-33.3.1-jre.jar;C:\Users\prathamesh mane\.m2\repository\com\google\guava\failureaccess\1.0.2\failureaccess-1.0.2.jar;C:\Users\prathamesh mane\.m2\repository\com\google\guava\listenablefuture\9999.0-empty-to-avoid-conflict-with-guava\listenablefuture-9999.0-empty-to-avoid-conflict-with-guava.jar;C:\Users\prathamesh mane\.m2\repository\com\google\code\findbugs\jsr305\3.0.2\jsr305-3.0.2.jar;C:\Users\prathamesh mane\.m2\repository\com\google\j2objc\j2objc-annotations\3.0.0\j2objc-annotations-3.0.0.jar;C:\Users\prathamesh mane\.m2\repository\com\google\api-client\google-api-client\2.2.0\google-api-client-2.2.0.jar;C:\Users\prathamesh mane\.m2\repository\commons-codec\commons-codec\1.17.1\commons-codec-1.17.1.jar;C:\Users\prathamesh mane\.m2\repository\com\google\oauth-client\google-oauth-client\1.34.1\google-oauth-client-1.34.1.jar;C:\Users\prathamesh mane\.m2\repository\com\google\http-client\google-http-client-gson\1.42.3\google-http-client-gson-1.42.3.jar;C:\Users\prathamesh mane\.m2\repository\com\google\code\gson\gson\2.11.0\gson-2.11.0.jar;C:\Users\prathamesh mane\.m2\repository\com\google\http-client\google-http-client-apache-v2\1.42.3\google-http-client-apache-v2-1.42.3.jar;C:\Users\prathamesh mane\.m2\repository\org\apache\httpcomponents\httpcore\4.4.16\httpcore-4.4.16.jar;C:\Users\prathamesh mane\.m2\repository\org\apache\httpcomponents\httpclient\4.5.14\httpclient-4.5.14.jar;C:\Users\prathamesh mane\.m2\repository\commons-logging\commons-logging\1.2\commons-logging-1.2.jar;C:\Users\prathamesh mane\.m2\repository\com\google\http-client\google-http-client\1.42.3\google-http-client-1.42.3.jar;C:\Users\prathamesh mane\.m2\repository\io\opencensus\opencensus-api\0.31.1\opencensus-api-0.31.1.jar;C:\Users\prathamesh mane\.m2\repository\io\grpc\grpc-context\1.27.2\grpc-context-1.27.2.jar;C:\Users\prathamesh mane\.m2\repository\io\opencensus\opencensus-contrib-http-util\0.31.1\opencensus-contrib-http-util-0.31.1.jar;"/>
    <property name="java.vm.vendor" value="Oracle Corporation"/>
    <property name="sun.arch.data.model" value="64"/>
    <property name="user.variant" value=""/>
    <property name="java.vendor.url" value="https://java.oracle.com/"/>
    <property name="user.timezone" value="Asia/Calcutta"/>
    <property name="org.jboss.logging.provider" value="slf4j"/>
    <property name="os.name" value="Windows 11"/>
    <property name="java.vm.specification.version" value="17"/>
    <property name="APPLICATION_NAME" value="auction_application"/>
    <property name="sun.java.launcher" value="SUN_STANDARD"/>
    <property name="user.country" value="US"/>
    <property name="sun.boot.library.path" value="C:\Program Files\Java\jdk-17\bin"/>
    <property name="sun.java.command" value="C:\Users\prathamesh mane\AppData\Local\Temp\surefire1451054159750729544\surefirebooter-20250806204543968_3.jar C:\Users\prathamesh mane\AppData\Local\Temp\surefire1451054159750729544 2025-08-06T20-45-43_732-jvmRun1 surefire-20250806204543968_1tmp surefire_0-20250806204543968_2tmp"/>
    <property name="jdk.debug" value="release"/>
    <property name="surefire.test.class.path" value="D:\spring_projects\Auction_Application_Monilith\auction_application\target\test-classes;D:\spring_projects\Auction_Application_Monilith\auction_application\target\classes;C:\Users\prathamesh mane\.m2\repository\org\springframework\boot\spring-boot-starter-data-jpa\3.4.1\spring-boot-starter-data-jpa-3.4.1.jar;C:\Users\prathamesh mane\.m2\repository\org\springframework\boot\spring-boot-starter\3.4.1\spring-boot-starter-3.4.1.jar;C:\Users\prathamesh mane\.m2\repository\org\springframework\boot\spring-boot-starter-logging\3.4.1\spring-boot-starter-logging-3.4.1.jar;C:\Users\prathamesh mane\.m2\repository\ch\qos\logback\logback-classic\1.5.12\logback-classic-1.5.12.jar;C:\Users\prathamesh mane\.m2\repository\ch\qos\logback\logback-core\1.5.12\logback-core-1.5.12.jar;C:\Users\prathamesh mane\.m2\repository\org\apache\logging\log4j\log4j-to-slf4j\2.24.3\log4j-to-slf4j-2.24.3.jar;C:\Users\prathamesh mane\.m2\repository\org\apache\logging\log4j\log4j-api\2.24.3\log4j-api-2.24.3.jar;C:\Users\prathamesh mane\.m2\repository\org\slf4j\jul-to-slf4j\2.0.16\jul-to-slf4j-2.0.16.jar;C:\Users\prathamesh mane\.m2\repository\jakarta\annotation\jakarta.annotation-api\2.1.1\jakarta.annotation-api-2.1.1.jar;C:\Users\prathamesh mane\.m2\repository\org\yaml\snakeyaml\2.3\snakeyaml-2.3.jar;C:\Users\prathamesh mane\.m2\repository\org\springframework\boot\spring-boot-starter-jdbc\3.4.1\spring-boot-starter-jdbc-3.4.1.jar;C:\Users\prathamesh mane\.m2\repository\com\zaxxer\HikariCP\5.1.0\HikariCP-5.1.0.jar;C:\Users\prathamesh mane\.m2\repository\org\springframework\spring-jdbc\6.2.1\spring-jdbc-6.2.1.jar;C:\Users\prathamesh mane\.m2\repository\org\hibernate\orm\hibernate-core\6.6.4.Final\hibernate-core-6.6.4.Final.jar;C:\Users\prathamesh mane\.m2\repository\jakarta\persistence\jakarta.persistence-api\3.1.0\jakarta.persistence-api-3.1.0.jar;C:\Users\prathamesh mane\.m2\repository\jakarta\transaction\jakarta.transaction-api\2.0.1\jakarta.transaction-api-2.0.1.jar;C:\Users\prathamesh mane\.m2\repository\org\jboss\logging\jboss-logging\3.6.1.Final\jboss-logging-3.6.1.Final.jar;C:\Users\prathamesh mane\.m2\repository\org\hibernate\common\hibernate-commons-annotations\7.0.3.Final\hibernate-commons-annotations-7.0.3.Final.jar;C:\Users\prathamesh mane\.m2\repository\io\smallrye\jandex\3.2.0\jandex-3.2.0.jar;C:\Users\prathamesh mane\.m2\repository\com\fasterxml\classmate\1.7.0\classmate-1.7.0.jar;C:\Users\prathamesh mane\.m2\repository\net\bytebuddy\byte-buddy\1.15.11\byte-buddy-1.15.11.jar;C:\Users\prathamesh mane\.m2\repository\org\glassfish\jaxb\jaxb-runtime\4.0.5\jaxb-runtime-4.0.5.jar;C:\Users\prathamesh mane\.m2\repository\org\glassfish\jaxb\jaxb-core\4.0.5\jaxb-core-4.0.5.jar;C:\Users\prathamesh mane\.m2\repository\org\eclipse\angus\angus-activation\2.0.2\angus-activation-2.0.2.jar;C:\Users\prathamesh mane\.m2\repository\org\glassfish\jaxb\txw2\4.0.5\txw2-4.0.5.jar;C:\Users\prathamesh mane\.m2\repository\com\sun\istack\istack-commons-runtime\4.1.2\istack-commons-runtime-4.1.2.jar;C:\Users\prathamesh mane\.m2\repository\jakarta\inject\jakarta.inject-api\2.0.1\jakarta.inject-api-2.0.1.jar;C:\Users\prathamesh mane\.m2\repository\org\antlr\antlr4-runtime\4.13.0\antlr4-runtime-4.13.0.jar;C:\Users\prathamesh mane\.m2\repository\org\springframework\data\spring-data-jpa\3.4.1\spring-data-jpa-3.4.1.jar;C:\Users\prathamesh mane\.m2\repository\org\springframework\data\spring-data-commons\3.4.1\spring-data-commons-3.4.1.jar;C:\Users\prathamesh mane\.m2\repository\org\springframework\spring-orm\6.2.1\spring-orm-6.2.1.jar;C:\Users\prathamesh mane\.m2\repository\org\springframework\spring-context\6.2.1\spring-context-6.2.1.jar;C:\Users\prathamesh mane\.m2\repository\org\springframework\spring-beans\6.2.1\spring-beans-6.2.1.jar;C:\Users\prathamesh mane\.m2\repository\org\springframework\spring-aspects\6.2.1\spring-aspects-6.2.1.jar;C:\Users\prathamesh mane\.m2\repository\org\aspectj\aspectjweaver\1.9.22.1\aspectjweaver-1.9.22.1.jar;C:\Users\prathamesh mane\.m2\repository\com\fasterxml\jackson\datatype\jackson-datatype-jsr310\2.15.2\jackson-datatype-jsr310-2.15.2.jar;C:\Users\prathamesh mane\.m2\repository\com\fasterxml\jackson\core\jackson-annotations\2.18.2\jackson-annotations-2.18.2.jar;C:\Users\prathamesh mane\.m2\repository\com\fasterxml\jackson\core\jackson-core\2.18.2\jackson-core-2.18.2.jar;C:\Users\prathamesh mane\.m2\repository\com\fasterxml\jackson\core\jackson-databind\2.18.2\jackson-databind-2.18.2.jar;C:\Users\prathamesh mane\.m2\repository\org\springframework\boot\spring-boot-devtools\3.4.1\spring-boot-devtools-3.4.1.jar;C:\Users\prathamesh mane\.m2\repository\org\springframework\boot\spring-boot\3.4.1\spring-boot-3.4.1.jar;C:\Users\prathamesh mane\.m2\repository\org\springframework\boot\spring-boot-autoconfigure\3.4.1\spring-boot-autoconfigure-3.4.1.jar;C:\Users\prathamesh mane\.m2\repository\org\springframework\boot\spring-boot-starter-websocket\3.4.1\spring-boot-starter-websocket-3.4.1.jar;C:\Users\prathamesh mane\.m2\repository\org\springframework\spring-messaging\6.2.1\spring-messaging-6.2.1.jar;C:\Users\prathamesh mane\.m2\repository\org\springframework\spring-websocket\6.2.1\spring-websocket-6.2.1.jar;C:\Users\prathamesh mane\.m2\repository\org\springframework\boot\spring-boot-starter-web\3.4.1\spring-boot-starter-web-3.4.1.jar;C:\Users\prathamesh mane\.m2\repository\org\springframework\boot\spring-boot-starter-json\3.4.1\spring-boot-starter-json-3.4.1.jar;C:\Users\prathamesh mane\.m2\repository\com\fasterxml\jackson\datatype\jackson-datatype-jdk8\2.18.2\jackson-datatype-jdk8-2.18.2.jar;C:\Users\prathamesh mane\.m2\repository\com\fasterxml\jackson\module\jackson-module-parameter-names\2.18.2\jackson-module-parameter-names-2.18.2.jar;C:\Users\prathamesh mane\.m2\repository\org\springframework\boot\spring-boot-starter-tomcat\3.4.1\spring-boot-starter-tomcat-3.4.1.jar;C:\Users\prathamesh mane\.m2\repository\org\apache\tomcat\embed\tomcat-embed-core\10.1.34\tomcat-embed-core-10.1.34.jar;C:\Users\prathamesh mane\.m2\repository\org\apache\tomcat\embed\tomcat-embed-el\10.1.34\tomcat-embed-el-10.1.34.jar;C:\Users\prathamesh mane\.m2\repository\org\apache\tomcat\embed\tomcat-embed-websocket\10.1.34\tomcat-embed-websocket-10.1.34.jar;C:\Users\prathamesh mane\.m2\repository\org\springframework\spring-web\6.2.1\spring-web-6.2.1.jar;C:\Users\prathamesh mane\.m2\repository\io\micrometer\micrometer-observation\1.14.2\micrometer-observation-1.14.2.jar;C:\Users\prathamesh mane\.m2\repository\io\micrometer\micrometer-commons\1.14.2\micrometer-commons-1.14.2.jar;C:\Users\prathamesh mane\.m2\repository\org\springframework\spring-webmvc\6.2.1\spring-webmvc-6.2.1.jar;C:\Users\prathamesh mane\.m2\repository\org\springframework\spring-expression\6.2.1\spring-expression-6.2.1.jar;C:\Users\prathamesh mane\.m2\repository\org\springframework\boot\spring-boot-starter-quartz\3.4.1\spring-boot-starter-quartz-3.4.1.jar;C:\Users\prathamesh mane\.m2\repository\org\springframework\spring-context-support\6.2.1\spring-context-support-6.2.1.jar;C:\Users\prathamesh mane\.m2\repository\org\springframework\spring-tx\6.2.1\spring-tx-6.2.1.jar;C:\Users\prathamesh mane\.m2\repository\org\quartz-scheduler\quartz\2.3.2\quartz-2.3.2.jar;C:\Users\prathamesh mane\.m2\repository\com\mchange\mchange-commons-java\0.2.15\mchange-commons-java-0.2.15.jar;C:\Users\prathamesh mane\.m2\repository\org\slf4j\slf4j-api\2.0.16\slf4j-api-2.0.16.jar;C:\Users\prathamesh mane\.m2\repository\org\postgresql\postgresql\42.7.4\postgresql-42.7.4.jar;C:\Users\prathamesh mane\.m2\repository\org\checkerframework\checker-qual\3.42.0\checker-qual-3.42.0.jar;C:\Users\prathamesh mane\.m2\repository\org\springframework\boot\spring-boot-starter-test\3.4.1\spring-boot-starter-test-3.4.1.jar;C:\Users\prathamesh mane\.m2\repository\org\springframework\boot\spring-boot-test\3.4.1\spring-boot-test-3.4.1.jar;C:\Users\prathamesh mane\.m2\repository\org\springframework\boot\spring-boot-test-autoconfigure\3.4.1\spring-boot-test-autoconfigure-3.4.1.jar;C:\Users\prathamesh mane\.m2\repository\com\jayway\jsonpath\json-path\2.9.0\json-path-2.9.0.jar;C:\Users\prathamesh mane\.m2\repository\jakarta\xml\bind\jakarta.xml.bind-api\4.0.2\jakarta.xml.bind-api-4.0.2.jar;C:\Users\prathamesh mane\.m2\repository\jakarta\activation\jakarta.activation-api\2.1.3\jakarta.activation-api-2.1.3.jar;C:\Users\prathamesh mane\.m2\repository\net\minidev\json-smart\2.5.1\json-smart-2.5.1.jar;C:\Users\prathamesh mane\.m2\repository\net\minidev\accessors-smart\2.5.1\accessors-smart-2.5.1.jar;C:\Users\prathamesh mane\.m2\repository\org\ow2\asm\asm\9.6\asm-9.6.jar;C:\Users\prathamesh mane\.m2\repository\org\assertj\assertj-core\3.26.3\assertj-core-3.26.3.jar;C:\Users\prathamesh mane\.m2\repository\org\awaitility\awaitility\4.2.2\awaitility-4.2.2.jar;C:\Users\prathamesh mane\.m2\repository\org\hamcrest\hamcrest\2.2\hamcrest-2.2.jar;C:\Users\prathamesh mane\.m2\repository\org\junit\jupiter\junit-jupiter\5.11.4\junit-jupiter-5.11.4.jar;C:\Users\prathamesh mane\.m2\repository\org\junit\jupiter\junit-jupiter-api\5.11.4\junit-jupiter-api-5.11.4.jar;C:\Users\prathamesh mane\.m2\repository\org\opentest4j\opentest4j\1.3.0\opentest4j-1.3.0.jar;C:\Users\prathamesh mane\.m2\repository\org\junit\platform\junit-platform-commons\1.11.4\junit-platform-commons-1.11.4.jar;C:\Users\prathamesh mane\.m2\repository\org\apiguardian\apiguardian-api\1.1.2\apiguardian-api-1.1.2.jar;C:\Users\prathamesh mane\.m2\repository\org\junit\jupiter\junit-jupiter-params\5.11.4\junit-jupiter-params-5.11.4.jar;C:\Users\prathamesh mane\.m2\repository\org\junit\jupiter\junit-jupiter-engine\5.11.4\junit-jupiter-engine-5.11.4.jar;C:\Users\prathamesh mane\.m2\repository\org\junit\platform\junit-platform-engine\1.11.4\junit-platform-engine-1.11.4.jar;C:\Users\prathamesh mane\.m2\repository\org\mockito\mockito-core\5.14.2\mockito-core-5.14.2.jar;C:\Users\prathamesh mane\.m2\repository\net\bytebuddy\byte-buddy-agent\1.15.11\byte-buddy-agent-1.15.11.jar;C:\Users\prathamesh mane\.m2\repository\org\objenesis\objenesis\3.3\objenesis-3.3.jar;C:\Users\prathamesh mane\.m2\repository\org\mockito\mockito-junit-jupiter\5.14.2\mockito-junit-jupiter-5.14.2.jar;C:\Users\prathamesh mane\.m2\repository\org\skyscreamer\jsonassert\1.5.3\jsonassert-1.5.3.jar;C:\Users\prathamesh mane\.m2\repository\com\vaadin\external\google\android-json\0.0.20131108.vaadin1\android-json-0.0.20131108.vaadin1.jar;C:\Users\prathamesh mane\.m2\repository\org\springframework\spring-core\6.2.1\spring-core-6.2.1.jar;C:\Users\prathamesh mane\.m2\repository\org\springframework\spring-jcl\6.2.1\spring-jcl-6.2.1.jar;C:\Users\prathamesh mane\.m2\repository\org\springframework\spring-test\6.2.1\spring-test-6.2.1.jar;C:\Users\prathamesh mane\.m2\repository\org\xmlunit\xmlunit-core\2.10.0\xmlunit-core-2.10.0.jar;C:\Users\prathamesh mane\.m2\repository\com\mchange\c3p0\0.9.5.5\c3p0-0.9.5.5.jar;C:\Users\prathamesh mane\.m2\repository\org\springframework\boot\spring-boot-starter-oauth2-client\3.4.1\spring-boot-starter-oauth2-client-3.4.1.jar;C:\Users\prathamesh mane\.m2\repository\org\springframework\security\spring-security-config\6.4.2\spring-security-config-6.4.2.jar;C:\Users\prathamesh mane\.m2\repository\org\springframework\security\spring-security-core\6.4.2\spring-security-core-6.4.2.jar;C:\Users\prathamesh mane\.m2\repository\org\springframework\security\spring-security-crypto\6.4.2\spring-security-crypto-6.4.2.jar;C:\Users\prathamesh mane\.m2\repository\org\springframework\security\spring-security-oauth2-client\6.4.2\spring-security-oauth2-client-6.4.2.jar;C:\Users\prathamesh mane\.m2\repository\org\springframework\security\spring-security-oauth2-core\6.4.2\spring-security-oauth2-core-6.4.2.jar;C:\Users\prathamesh mane\.m2\repository\com\nimbusds\oauth2-oidc-sdk\9.43.4\oauth2-oidc-sdk-9.43.4.jar;C:\Users\prathamesh mane\.m2\repository\com\github\stephenc\jcip\jcip-annotations\1.0-1\jcip-annotations-1.0-1.jar;C:\Users\prathamesh mane\.m2\repository\com\nimbusds\content-type\2.2\content-type-2.2.jar;C:\Users\prathamesh mane\.m2\repository\com\nimbusds\lang-tag\1.7\lang-tag-1.7.jar;C:\Users\prathamesh mane\.m2\repository\org\springframework\security\spring-security-oauth2-jose\6.4.2\spring-security-oauth2-jose-6.4.2.jar;C:\Users\prathamesh mane\.m2\repository\com\nimbusds\nimbus-jose-jwt\9.37.3\nimbus-jose-jwt-9.37.3.jar;C:\Users\prathamesh mane\.m2\repository\org\springframework\boot\spring-boot-starter-security\3.4.1\spring-boot-starter-security-3.4.1.jar;C:\Users\prathamesh mane\.m2\repository\org\springframework\spring-aop\6.2.1\spring-aop-6.2.1.jar;C:\Users\prathamesh mane\.m2\repository\org\springframework\security\spring-security-web\6.4.2\spring-security-web-6.4.2.jar;C:\Users\prathamesh mane\.m2\repository\io\jsonwebtoken\jjwt-api\0.11.5\jjwt-api-0.11.5.jar;C:\Users\prathamesh mane\.m2\repository\io\github\cdimascio\dotenv-java\3.0.0\dotenv-java-3.0.0.jar;C:\Users\prathamesh mane\.m2\repository\io\jsonwebtoken\jjwt-impl\0.11.5\jjwt-impl-0.11.5.jar;C:\Users\prathamesh mane\.m2\repository\org\springframework\boot\spring-boot-starter-data-redis\3.4.1\spring-boot-starter-data-redis-3.4.1.jar;C:\Users\prathamesh mane\.m2\repository\io\lettuce\lettuce-core\6.4.1.RELEASE\lettuce-core-6.4.1.RELEASE.jar;C:\Users\prathamesh mane\.m2\repository\io\netty\netty-common\4.1.116.Final\netty-common-4.1.116.Final.jar;C:\Users\prathamesh mane\.m2\repository\io\netty\netty-handler\4.1.116.Final\netty-handler-4.1.116.Final.jar;C:\Users\prathamesh mane\.m2\repository\io\netty\netty-resolver\4.1.116.Final\netty-resolver-4.1.116.Final.jar;C:\Users\prathamesh mane\.m2\repository\io\netty\netty-buffer\4.1.116.Final\netty-buffer-4.1.116.Final.jar;C:\Users\prathamesh mane\.m2\repository\io\netty\netty-transport-native-unix-common\4.1.116.Final\netty-transport-native-unix-common-4.1.116.Final.jar;C:\Users\prathamesh mane\.m2\repository\io\netty\netty-codec\4.1.116.Final\netty-codec-4.1.116.Final.jar;C:\Users\prathamesh mane\.m2\repository\io\netty\netty-transport\4.1.116.Final\netty-transport-4.1.116.Final.jar;C:\Users\prathamesh mane\.m2\repository\io\projectreactor\reactor-core\3.7.1\reactor-core-3.7.1.jar;C:\Users\prathamesh mane\.m2\repository\org\reactivestreams\reactive-streams\1.0.4\reactive-streams-1.0.4.jar;C:\Users\prathamesh mane\.m2\repository\org\springframework\data\spring-data-redis\3.4.1\spring-data-redis-3.4.1.jar;C:\Users\prathamesh mane\.m2\repository\org\springframework\data\spring-data-keyvalue\3.4.1\spring-data-keyvalue-3.4.1.jar;C:\Users\prathamesh mane\.m2\repository\org\springframework\spring-oxm\6.2.1\spring-oxm-6.2.1.jar;C:\Users\prathamesh mane\.m2\repository\io\jsonwebtoken\jjwt-jackson\0.11.5\jjwt-jackson-0.11.5.jar;C:\Users\prathamesh mane\.m2\repository\com\google\cloud\sql\postgres-socket-factory\1.15.0\postgres-socket-factory-1.15.0.jar;C:\Users\prathamesh mane\.m2\repository\com\google\cloud\sql\jdbc-socket-factory-core\1.15.0\jdbc-socket-factory-core-1.15.0.jar;C:\Users\prathamesh mane\.m2\repository\com\github\jnr\jnr-unixsocket\0.38.21\jnr-unixsocket-0.38.21.jar;C:\Users\prathamesh mane\.m2\repository\com\github\jnr\jnr-ffi\2.2.15\jnr-ffi-2.2.15.jar;C:\Users\prathamesh mane\.m2\repository\com\github\jnr\jffi\1.3.12\jffi-1.3.12.jar;C:\Users\prathamesh mane\.m2\repository\com\github\jnr\jffi\1.3.12\jffi-1.3.12-native.jar;C:\Users\prathamesh mane\.m2\repository\org\ow2\asm\asm-commons\9.2\asm-commons-9.2.jar;C:\Users\prathamesh mane\.m2\repository\com\github\jnr\jnr-a64asm\1.0.0\jnr-a64asm-1.0.0.jar;C:\Users\prathamesh mane\.m2\repository\com\github\jnr\jnr-x86asm\1.0.2\jnr-x86asm-1.0.2.jar;C:\Users\prathamesh mane\.m2\repository\com\github\jnr\jnr-constants\0.10.4\jnr-constants-0.10.4.jar;C:\Users\prathamesh mane\.m2\repository\com\github\jnr\jnr-enxio\0.32.16\jnr-enxio-0.32.16.jar;C:\Users\prathamesh mane\.m2\repository\com\github\jnr\jnr-posix\3.1.18\jnr-posix-3.1.18.jar;C:\Users\prathamesh mane\.m2\repository\org\ow2\asm\asm-util\9.6\asm-util-9.6.jar;C:\Users\prathamesh mane\.m2\repository\org\ow2\asm\asm-tree\9.6\asm-tree-9.6.jar;C:\Users\prathamesh mane\.m2\repository\org\ow2\asm\asm-analysis\9.6\asm-analysis-9.6.jar;C:\Users\prathamesh mane\.m2\repository\com\google\errorprone\error_prone_annotations\2.23.0\error_prone_annotations-2.23.0.jar;C:\Users\prathamesh mane\.m2\repository\com\google\apis\google-api-services-sqladmin\v1beta4-rev20231108-2.0.0\google-api-services-sqladmin-v1beta4-rev20231108-2.0.0.jar;C:\Users\prathamesh mane\.m2\repository\com\google\auth\google-auth-library-credentials\1.20.0\google-auth-library-credentials-1.20.0.jar;C:\Users\prathamesh mane\.m2\repository\com\google\auth\google-auth-library-oauth2-http\1.20.0\google-auth-library-oauth2-http-1.20.0.jar;C:\Users\prathamesh mane\.m2\repository\com\google\auto\value\auto-value-annotations\1.10.4\auto-value-annotations-1.10.4.jar;C:\Users\prathamesh mane\.m2\repository\com\google\api\gax\2.37.0\gax-2.37.0.jar;C:\Users\prathamesh mane\.m2\repository\com\google\guava\guava\33.3.1-jre\guava-33.3.1-jre.jar;C:\Users\prathamesh mane\.m2\repository\com\google\guava\failureaccess\1.0.2\failureaccess-1.0.2.jar;C:\Users\prathamesh mane\.m2\repository\com\google\guava\listenablefuture\9999.0-empty-to-avoid-conflict-with-guava\listenablefuture-9999.0-empty-to-avoid-conflict-with-guava.jar;C:\Users\prathamesh mane\.m2\repository\com\google\code\findbugs\jsr305\3.0.2\jsr305-3.0.2.jar;C:\Users\prathamesh mane\.m2\repository\com\google\j2objc\j2objc-annotations\3.0.0\j2objc-annotations-3.0.0.jar;C:\Users\prathamesh mane\.m2\repository\com\google\api-client\google-api-client\2.2.0\google-api-client-2.2.0.jar;C:\Users\prathamesh mane\.m2\repository\commons-codec\commons-codec\1.17.1\commons-codec-1.17.1.jar;C:\Users\prathamesh mane\.m2\repository\com\google\oauth-client\google-oauth-client\1.34.1\google-oauth-client-1.34.1.jar;C:\Users\prathamesh mane\.m2\repository\com\google\http-client\google-http-client-gson\1.42.3\google-http-client-gson-1.42.3.jar;C:\Users\prathamesh mane\.m2\repository\com\google\code\gson\gson\2.11.0\gson-2.11.0.jar;C:\Users\prathamesh mane\.m2\repository\com\google\http-client\google-http-client-apache-v2\1.42.3\google-http-client-apache-v2-1.42.3.jar;C:\Users\prathamesh mane\.m2\repository\org\apache\httpcomponents\httpcore\4.4.16\httpcore-4.4.16.jar;C:\Users\prathamesh mane\.m2\repository\org\apache\httpcomponents\httpclient\4.5.14\httpclient-4.5.14.jar;C:\Users\prathamesh mane\.m2\repository\commons-logging\commons-logging\1.2\commons-logging-1.2.jar;C:\Users\prathamesh mane\.m2\repository\com\google\http-client\google-http-client\1.42.3\google-http-client-1.42.3.jar;C:\Users\prathamesh mane\.m2\repository\io\opencensus\opencensus-api\0.31.1\opencensus-api-0.31.1.jar;C:\Users\prathamesh mane\.m2\repository\io\grpc\grpc-context\1.27.2\grpc-context-1.27.2.jar;C:\Users\prathamesh mane\.m2\repository\io\opencensus\opencensus-contrib-http-util\0.31.1\opencensus-contrib-http-util-0.31.1.jar;"/>
    <property name="sun.cpu.endian" value="little"/>
    <property name="user.home" value="C:\Users\prathamesh mane"/>
    <property name="user.language" value="en"/>
    <property name="java.specification.vendor" value="Oracle Corporation"/>
    <property name="java.version.date" value="2023-10-17"/>
    <property name="java.home" value="C:\Program Files\Java\jdk-17"/>
    <property name="file.separator" value="\"/>
    <property name="basedir" value="D:\spring_projects\Auction_Application_Monilith\auction_application"/>
    <property name="java.vm.compressedOopsMode" value="Zero based"/>
    <property name="line.separator" value="&#10;"/>
    <property name="java.vm.specification.vendor" value="Oracle Corporation"/>
    <property name="java.specification.name" value="Java Platform API Specification"/>
    <property name="FILE_LOG_CHARSET" value="windows-1252"/>
    <property name="java.awt.headless" value="true"/>
    <property name="surefire.real.class.path" value="C:\Users\prathamesh mane\AppData\Local\Temp\surefire1451054159750729544\surefirebooter-20250806204543968_3.jar"/>
    <property name="user.script" value=""/>
    <property name="sun.management.compiler" value="HotSpot 64-Bit Tiered Compilers"/>
    <property name="java.runtime.version" value="17.0.9+11-LTS-201"/>
    <property name="user.name" value="prathamesh mane"/>
    <property name="path.separator" value=";"/>
    <property name="os.version" value="10.0"/>
    <property name="java.runtime.name" value="Java(TM) SE Runtime Environment"/>
    <property name="file.encoding" value="Cp1252"/>
    <property name="java.vm.name" value="Java HotSpot(TM) 64-Bit Server VM"/>
    <property name="localRepository" value="C:\Users\prathamesh mane\.m2\repository"/>
    <property name="java.vendor.url.bug" value="https://bugreport.java.com/bugreport/"/>
    <property name="java.io.tmpdir" value="C:\Users\PRATHA~1\AppData\Local\Temp\"/>
    <property name="com.zaxxer.hikari.pool_number" value="1"/>
    <property name="java.version" value="17.0.9"/>
    <property name="user.dir" value="D:\spring_projects\Auction_Application_Monilith\auction_application"/>
    <property name="os.arch" value="amd64"/>
    <property name="java.vm.specification.name" value="Java Virtual Machine Specification"/>
    <property name="PID" value="45196"/>
    <property name="sun.os.patch.level" value=""/>
    <property name="CONSOLE_LOG_CHARSET" value="windows-1252"/>
    <property name="native.encoding" value="Cp1252"/>
    <property name="java.library.path" value="C:\Program Files\Java\jdk-17\bin;C:\WINDOWS\Sun\Java\bin;C:\WINDOWS\system32;C:\WINDOWS;C:\src\flutter\bin\cache\dart-sdk\bin\;D:\vmware\bin\;D:\ORACLE19C_HOME\bin;D:\OracleDatabase\bin;C:\Program Files\Python311\;C:\src\flutter\bin;C:\Windows\System32;C:\Program Files\Git\cmd;C:\Users\prathamesh mane\AppData\Local\nvm;C:\nvm4w\nodejs;C:\Windows\System32\OpenSSH;C:\Program Files\Docker\Docker\resources\bin;C:\Program Files\Python311\Scripts;C:\Program Files\curl-8.14.1_2-win64-mingw\bin;C:\Program Files\MySQL\MySQL Shell 8.0\bin\;C:\Users\prathamesh mane\AppData\Local\Programs\Eclipse Adoptium\jdk-17.0.8.7-hotspot\bin;C:\Users\prathamesh mane\AppData\Local\Microsoft\WindowsApps;C:\MinGW\bin;C:\Users\prathamesh mane\AppData\Local\Programs\Microsoft VS Code\bin;C:\Program Files\JetBrains\PyCharm Community Edition 2022.3.3\bin;C:\Program Files\JetBrains\IntelliJ IDEA Educational Edition 2022.2.2\bin;C:\Users\prathamesh mane\AppData\Roaming\npm;C:\Users\prathamesh mane\AppData\Local\GitHubDesktop\bin;C:\flutter_windows_3.16.8-stable\flutter\bin;C:\Users\prathamesh mane\AppData\Local\JetBrains\Toolbox\scripts;C:\Users\prathamesh mane\AppData\Local\Programs\Ollama;C:\MINGW64\mingw64\x86_64-w64-mingw32\bin;C:\Users\prathamesh mane\AppData\Local\Pub\Cache\bin;D:\apache-maven-3.9.8-bin\apache-maven-3.9.8\bin;C:\Program Files\Java\jdk-17\bin;C:\Program Files\Docker\Docker\resources\bin;D:\src\flutter\bin;C:\Program Files\JetBrains\IntelliJ IDEA Community Edition 2024.2.3\bin;;C:\Users\prathamesh mane\AppData\Local\nvm;C:\nvm4w\nodejs;C:\Users\prathamesh mane\AppData\Local\Google\Cloud SDK\google-cloud-sdk\bin;c:\Users\prathamesh mane\AppData\Roaming\Code\User\globalStorage\github.copilot-chat\debugCommand;."/>
    <property name="java.vm.info" value="mixed mode, sharing"/>
    <property name="java.vendor" value="Oracle Corporation"/>
    <property name="java.vm.version" value="17.0.9+11-LTS-201"/>
    <property name="sun.io.unicode.encoding" value="UnicodeLittle"/>
    <property name="java.class.version" value="61.0"/>
    <property name="LOGGED_APPLICATION_NAME" value="[auction_application] "/>
  </properties>
  <testcase name="contextLoads" classname="com.example.auction_application.AuctionApplicationTests" time="1.188">
    <system-out><![CDATA[20:45:45.092 [main] INFO org.springframework.test.context.support.AnnotationConfigContextLoaderUtils -- Could not detect default configuration classes for test class [com.example.auction_application.AuctionApplicationTests]: AuctionApplicationTests does not declare any static, non-private, non-final, nested classes annotated with @Configuration.
20:45:45.224 [main] INFO org.springframework.boot.test.context.SpringBootTestContextBootstrapper -- Found @SpringBootConfiguration com.example.auction_application.AuctionApplication for test class com.example.auction_application.AuctionApplicationTests
20:45:45.445 [main] INFO org.springframework.boot.devtools.restart.RestartApplicationListener -- Restart disabled due to context in which it is running

  .   ____          _            __ _ _
 /\\ / ___'_ __ _ _(_)_ __  __ _ \ \ \ \
( ( )\___ | '_ | '_| | '_ \/ _` | \ \ \ \
 \\/  ___)| |_)| | | | | || (_| |  ) ) ) )
  '  |____| .__|_| |_|_| |_\__, | / / / /
 =========|_|==============|___/=/_/_/_/

 :: Spring Boot ::                (v3.4.1)

2025-08-06T20:45:45.906+05:30  INFO 45196 --- [auction_application] [           main] c.e.a.AuctionApplicationTests            : Starting AuctionApplicationTests using Java 17.0.9 with PID 45196 (started by prathamesh mane in D:\spring_projects\Auction_Application_Monilith\auction_application)
2025-08-06T20:45:45.907+05:30 DEBUG 45196 --- [auction_application] [           main] c.e.a.AuctionApplicationTests            : Running with Spring Boot v3.4.1, Spring v6.2.1
2025-08-06T20:45:45.908+05:30  INFO 45196 --- [auction_application] [           main] c.e.a.AuctionApplicationTests            : No active profile set, falling back to 1 default profile: "default"
2025-08-06T20:45:45.909+05:30 DEBUG 45196 --- [auction_application] [           main] o.s.boot.SpringApplication               : Loading source class com.example.auction_application.AuctionApplication
2025-08-06T20:45:45.970+05:30 DEBUG 45196 --- [auction_application] [           main] o.s.w.c.s.GenericWebApplicationContext   : Refreshing org.springframework.web.context.support.GenericWebApplicationContext@5298dead
2025-08-06T20:45:45.991+05:30 DEBUG 45196 --- [auction_application] [           main] o.s.b.f.s.DefaultListableBeanFactory     : Creating shared instance of singleton bean 'org.springframework.context.annotation.internalConfigurationAnnotationProcessor'
2025-08-06T20:45:46.002+05:30 DEBUG 45196 --- [auction_application] [           main] o.s.b.f.s.DefaultListableBeanFactory     : Creating shared instance of singleton bean 'org.springframework.boot.autoconfigure.internalCachingMetadataReaderFactory'
2025-08-06T20:45:46.088+05:30 DEBUG 45196 --- [auction_application] [           main] o.s.c.a.ClassPathBeanDefinitionScanner   : Identified candidate component class: file [D:\spring_projects\Auction_Application_Monilith\auction_application\target\classes\com\example\auction_application\AuctionListing\api\AuctionCatalogController.class]
2025-08-06T20:45:46.091+05:30 DEBUG 45196 --- [auction_application] [           main] o.s.c.a.ClassPathBeanDefinitionScanner   : Identified candidate component class: file [D:\spring_projects\Auction_Application_Monilith\auction_application\target\classes\com\example\auction_application\AuctionListing\api\AuctionListingController.class]
2025-08-06T20:45:46.106+05:30 DEBUG 45196 --- [auction_application] [           main] o.s.c.a.ClassPathBeanDefinitionScanner   : Identified candidate component class: file [D:\spring_projects\Auction_Application_Monilith\auction_application\target\classes\com\example\auction_application\AuctionListing\scheduler\AuctionListingSchedulerService.class]
2025-08-06T20:45:46.108+05:30 DEBUG 45196 --- [auction_application] [           main] o.s.c.a.ClassPathBeanDefinitionScanner   : Identified candidate component class: file [D:\spring_projects\Auction_Application_Monilith\auction_application\target\classes\com\example\auction_application\AuctionListing\services\AuctionCatalogService.class]
2025-08-06T20:45:46.109+05:30 DEBUG 45196 --- [auction_application] [           main] o.s.c.a.ClassPathBeanDefinitionScanner   : Identified candidate component class: file [D:\spring_projects\Auction_Application_Monilith\auction_application\target\classes\com\example\auction_application\AuctionListing\services\AuctionListingService.class]
2025-08-06T20:45:46.111+05:30 DEBUG 45196 --- [auction_application] [           main] o.s.c.a.ClassPathBeanDefinitionScanner   : Identified candidate component class: file [D:\spring_projects\Auction_Application_Monilith\auction_application\target\classes\com\example\auction_application\AuctionListing\services\AuctionWebSocketHandler.class]
2025-08-06T20:45:46.113+05:30 DEBUG 45196 --- [auction_application] [           main] o.s.c.a.ClassPathBeanDefinitionScanner   : Identified candidate component class: file [D:\spring_projects\Auction_Application_Monilith\auction_application\target\classes\com\example\auction_application\Authentication\AuthController.class]
2025-08-06T20:45:46.120+05:30 DEBUG 45196 --- [auction_application] [           main] o.s.c.a.ClassPathBeanDefinitionScanner   : Identified candidate component class: file [D:\spring_projects\Auction_Application_Monilith\auction_application\target\classes\com\example\auction_application\Authentication\Config\SecurityConfigProperties.class]
2025-08-06T20:45:46.135+05:30 DEBUG 45196 --- [auction_application] [           main] o.s.c.a.ClassPathBeanDefinitionScanner   : Identified candidate component class: file [D:\spring_projects\Auction_Application_Monilith\auction_application\target\classes\com\example\auction_application\Authentication\Config\SpringSecurityConfiguration.class]
2025-08-06T20:45:46.138+05:30 DEBUG 45196 --- [auction_application] [           main] o.s.c.a.ClassPathBeanDefinitionScanner   : Identified candidate component class: file [D:\spring_projects\Auction_Application_Monilith\auction_application\target\classes\com\example\auction_application\Authentication\CustomUserDetailsService.class]
2025-08-06T20:45:46.140+05:30 DEBUG 45196 --- [auction_application] [           main] o.s.c.a.ClassPathBeanDefinitionScanner   : Identified candidate component class: file [D:\spring_projects\Auction_Application_Monilith\auction_application\target\classes\com\example\auction_application\Authentication\JwtAuthenticationFilter.class]
2025-08-06T20:45:46.141+05:30 DEBUG 45196 --- [auction_application] [           main] o.s.c.a.ClassPathBeanDefinitionScanner   : Identified candidate component class: file [D:\spring_projects\Auction_Application_Monilith\auction_application\target\classes\com\example\auction_application\Authentication\JwtConfigProperties.class]
2025-08-06T20:45:46.143+05:30 DEBUG 45196 --- [auction_application] [           main] o.s.c.a.ClassPathBeanDefinitionScanner   : Identified candidate component class: file [D:\spring_projects\Auction_Application_Monilith\auction_application\target\classes\com\example\auction_application\Authentication\JwtUtils.class]
2025-08-06T20:45:46.145+05:30 DEBUG 45196 --- [auction_application] [           main] o.s.c.a.ClassPathBeanDefinitionScanner   : Identified candidate component class: file [D:\spring_projects\Auction_Application_Monilith\auction_application\target\classes\com\example\auction_application\Bid\api\BidController.class]
2025-08-06T20:45:46.150+05:30 DEBUG 45196 --- [auction_application] [           main] o.s.c.a.ClassPathBeanDefinitionScanner   : Identified candidate component class: file [D:\spring_projects\Auction_Application_Monilith\auction_application\target\classes\com\example\auction_application\Bid\service\BidService.class]
2025-08-06T20:45:46.151+05:30 DEBUG 45196 --- [auction_application] [           main] o.s.c.a.ClassPathBeanDefinitionScanner   : Identified candidate component class: file [D:\spring_projects\Auction_Application_Monilith\auction_application\target\classes\com\example\auction_application\Config\JacksonConfig.class]
2025-08-06T20:45:46.155+05:30 DEBUG 45196 --- [auction_application] [           main] o.s.c.a.ClassPathBeanDefinitionScanner   : Identified candidate component class: file [D:\spring_projects\Auction_Application_Monilith\auction_application\target\classes\com\example\auction_application\CorsConfig.class]
2025-08-06T20:45:46.162+05:30 DEBUG 45196 --- [auction_application] [           main] o.s.c.a.ClassPathBeanDefinitionScanner   : Identified candidate component class: file [D:\spring_projects\Auction_Application_Monilith\auction_application\target\classes\com\example\auction_application\Exceptions\GlobalExceptionHandler.class]
2025-08-06T20:45:46.165+05:30 DEBUG 45196 --- [auction_application] [           main] o.s.c.a.ClassPathBeanDefinitionScanner   : Identified candidate component class: file [D:\spring_projects\Auction_Application_Monilith\auction_application\target\classes\com\example\auction_application\UserModule\api\UserController.class]
2025-08-06T20:45:46.169+05:30 DEBUG 45196 --- [auction_application] [           main] o.s.c.a.ClassPathBeanDefinitionScanner   : Identified candidate component class: file [D:\spring_projects\Auction_Application_Monilith\auction_application\target\classes\com\example\auction_application\UserModule\service\UserService.class]
2025-08-06T20:45:46.172+05:30 DEBUG 45196 --- [auction_application] [           main] o.s.c.a.ClassPathBeanDefinitionScanner   : Identified candidate component class: file [D:\spring_projects\Auction_Application_Monilith\auction_application\target\classes\com\example\auction_application\WebSocketConfig.class]
2025-08-06T20:45:47.101+05:30  INFO 45196 --- [auction_application] [           main] .s.d.r.c.RepositoryConfigurationDelegate : Multiple Spring Data modules found, entering strict repository configuration mode
2025-08-06T20:45:47.103+05:30  INFO 45196 --- [auction_application] [           main] .s.d.r.c.RepositoryConfigurationDelegate : Bootstrapping Spring Data JPA repositories in DEFAULT mode.
2025-08-06T20:45:47.117+05:30 DEBUG 45196 --- [auction_application] [           main] o.s.b.f.s.DefaultListableBeanFactory     : Creating shared instance of singleton bean 'org.springframework.boot.autoconfigure.AutoConfigurationPackages'
2025-08-06T20:45:47.135+05:30 DEBUG 45196 --- [auction_application] [           main] o.s.b.a.AutoConfigurationPackages        : @EnableAutoConfiguration was declared on a class in the package 'com.example.auction_application'. Automatic @Repository and @Entity scanning is enabled.
2025-08-06T20:45:47.139+05:30 DEBUG 45196 --- [auction_application] [           main] .s.d.r.c.RepositoryConfigurationDelegate : Scanning for JPA repositories in packages com.example.auction_application.
2025-08-06T20:45:47.159+05:30 DEBUG 45196 --- [auction_application] [           main] o.s.d.r.c.RepositoryComponentProvider    : Identified candidate component class: file [D:\spring_projects\Auction_Application_Monilith\auction_application\target\classes\com\example\auction_application\AuctionListing\repository\AuctionListingRepository.class]
2025-08-06T20:45:47.161+05:30 DEBUG 45196 --- [auction_application] [           main] o.s.d.r.c.RepositoryComponentProvider    : Identified candidate component class: file [D:\spring_projects\Auction_Application_Monilith\auction_application\target\classes\com\example\auction_application\Bid\BidRepository.class]
2025-08-06T20:45:47.162+05:30 DEBUG 45196 --- [auction_application] [           main] o.s.d.r.c.RepositoryComponentProvider    : Identified candidate component class: file [D:\spring_projects\Auction_Application_Monilith\auction_application\target\classes\com\example\auction_application\UserModule\UserRepository.class]
2025-08-06T20:45:47.309+05:30  INFO 45196 --- [auction_application] [           main] .s.d.r.c.RepositoryConfigurationDelegate : Finished Spring Data repository scanning in 168 ms. Found 3 JPA repository interfaces.
2025-08-06T20:45:47.341+05:30  INFO 45196 --- [auction_application] [           main] .s.d.r.c.RepositoryConfigurationDelegate : Multiple Spring Data modules found, entering strict repository configuration mode
2025-08-06T20:45:47.347+05:30  INFO 45196 --- [auction_application] [           main] .s.d.r.c.RepositoryConfigurationDelegate : Bootstrapping Spring Data Redis repositories in DEFAULT mode.
2025-08-06T20:45:47.365+05:30 DEBUG 45196 --- [auction_application] [           main] .s.d.r.c.RepositoryConfigurationDelegate : Scanning for Redis repositories in packages com.example.auction_application.
2025-08-06T20:45:47.385+05:30 DEBUG 45196 --- [auction_application] [           main] o.s.d.r.c.RepositoryComponentProvider    : Identified candidate component class: file [D:\spring_projects\Auction_Application_Monilith\auction_application\target\classes\com\example\auction_application\AuctionListing\repository\AuctionListingRepository.class]
2025-08-06T20:45:47.385+05:30 DEBUG 45196 --- [auction_application] [           main] o.s.d.r.c.RepositoryComponentProvider    : Identified candidate component class: file [D:\spring_projects\Auction_Application_Monilith\auction_application\target\classes\com\example\auction_application\Bid\BidRepository.class]
2025-08-06T20:45:47.385+05:30 DEBUG 45196 --- [auction_application] [           main] o.s.d.r.c.RepositoryComponentProvider    : Identified candidate component class: file [D:\spring_projects\Auction_Application_Monilith\auction_application\target\classes\com\example\auction_application\UserModule\UserRepository.class]
2025-08-06T20:45:47.389+05:30  INFO 45196 --- [auction_application] [           main] .RepositoryConfigurationExtensionSupport : Spring Data Redis - Could not safely identify store assignment for repository candidate interface com.example.auction_application.AuctionListing.repository.AuctionListingRepository; If you want this repository to be a Redis repository, consider annotating your entities with one of these annotations: org.springframework.data.redis.core.RedisHash (preferred), or consider extending one of the following types with your repository: org.springframework.data.keyvalue.repository.KeyValueRepository
2025-08-06T20:45:47.389+05:30  INFO 45196 --- [auction_application] [           main] .RepositoryConfigurationExtensionSupport : Spring Data Redis - Could not safely identify store assignment for repository candidate interface com.example.auction_application.Bid.BidRepository; If you want this repository to be a Redis repository, consider annotating your entities with one of these annotations: org.springframework.data.redis.core.RedisHash (preferred), or consider extending one of the following types with your repository: org.springframework.data.keyvalue.repository.KeyValueRepository
2025-08-06T20:45:47.389+05:30  INFO 45196 --- [auction_application] [           main] .RepositoryConfigurationExtensionSupport : Spring Data Redis - Could not safely identify store assignment for repository candidate interface com.example.auction_application.UserModule.UserRepository; If you want this repository to be a Redis repository, consider annotating your entities with one of these annotations: org.springframework.data.redis.core.RedisHash (preferred), or consider extending one of the following types with your repository: org.springframework.data.keyvalue.repository.KeyValueRepository
2025-08-06T20:45:47.389+05:30  INFO 45196 --- [auction_application] [           main] .s.d.r.c.RepositoryConfigurationDelegate : Finished Spring Data repository scanning in 25 ms. Found 0 Redis repository interfaces.
2025-08-06T20:45:47.633+05:30 DEBUG 45196 --- [auction_application] [           main] o.s.b.f.s.DefaultListableBeanFactory     : Creating shared instance of singleton bean 'springSecurityHandlerMappingIntrospectorBeanDefinitionRegistryPostProcessor'
2025-08-06T20:45:47.636+05:30 DEBUG 45196 --- [auction_application] [           main] o.s.b.f.s.DefaultListableBeanFactory     : Creating shared instance of singleton bean 'authorizedClientManagerRegistrar'
2025-08-06T20:45:47.636+05:30 DEBUG 45196 --- [auction_application] [           main] o.s.b.f.s.DefaultListableBeanFactory     : Creating shared instance of singleton bean 'org.springframework.security.config.annotation.web.configuration.OAuth2ClientConfiguration$OAuth2AuthorizedClientManagerConfiguration'
2025-08-06T20:45:47.808+05:30 DEBUG 45196 --- [auction_application] [           main] o.s.b.f.s.DefaultListableBeanFactory     : Creating shared instance of singleton bean 'propertySourcesPlaceholderConfigurer'
2025-08-06T20:45:47.812+05:30 DEBUG 45196 --- [auction_application] [           main] o.s.b.f.s.DefaultListableBeanFactory     : Creating shared instance of singleton bean 'org.springframework.boot.test.mock.mockito.MockitoPostProcessor'
2025-08-06T20:45:47.813+05:30 DEBUG 45196 --- [auction_application] [           main] o.s.b.f.s.DefaultListableBeanFactory     : Creating shared instance of singleton bean 'org.springframework.boot.autoconfigure.cache.CacheAutoConfiguration$CacheManagerEntityManagerFactoryDependsOnPostProcessor'
2025-08-06T20:45:47.814+05:30 DEBUG 45196 --- [auction_application] [           main] o.s.b.f.s.DefaultListableBeanFactory     : Creating shared instance of singleton bean 'emBeanDefinitionRegistrarPostProcessor'
2025-08-06T20:45:47.815+05:30 DEBUG 45196 --- [auction_application] [           main] o.s.b.f.s.DefaultListableBeanFactory     : Creating shared instance of singleton bean 'org.springframework.boot.sql.init.dependency.DatabaseInitializationDependencyConfigurer$DependsOnDatabaseInitializationPostProcessor'
2025-08-06T20:45:47.908+05:30 DEBUG 45196 --- [auction_application] [           main] o.s.b.f.s.DefaultListableBeanFactory     : Creating shared instance of singleton bean 'org.springframework.context.event.internalEventListenerProcessor'
2025-08-06T20:45:47.912+05:30 DEBUG 45196 --- [auction_application] [           main] o.s.b.f.s.DefaultListableBeanFactory     : Creating shared instance of singleton bean 'conversionServicePostProcessor'
2025-08-06T20:45:47.938+05:30 DEBUG 45196 --- [auction_application] [           main] o.s.b.f.s.DefaultListableBeanFactory     : Creating shared instance of singleton bean 'preserveErrorControllerTargetClassPostProcessor'
2025-08-06T20:45:47.940+05:30 DEBUG 45196 --- [auction_application] [           main] o.s.b.f.s.DefaultListableBeanFactory     : Creating shared instance of singleton bean 'org.springframework.context.event.internalEventListenerFactory'
2025-08-06T20:45:47.940+05:30 DEBUG 45196 --- [auction_application] [           main] o.s.b.f.s.DefaultListableBeanFactory     : Creating shared instance of singleton bean 'org.springframework.transaction.config.internalTransactionalEventListenerFactory'
2025-08-06T20:45:47.950+05:30 DEBUG 45196 --- [auction_application] [           main] o.s.b.f.s.DefaultListableBeanFactory     : Creating shared instance of singleton bean 'org.springframework.boot.test.mock.mockito.MockitoPostProcessor$SpyPostProcessor'
2025-08-06T20:45:47.955+05:30 DEBUG 45196 --- [auction_application] [           main] o.s.b.f.s.DefaultListableBeanFactory     : Creating shared instance of singleton bean 'org.springframework.context.annotation.internalAutowiredAnnotationProcessor'
2025-08-06T20:45:47.958+05:30 DEBUG 45196 --- [auction_application] [           main] o.s.b.f.s.DefaultListableBeanFactory     : Creating shared instance of singleton bean 'org.springframework.context.annotation.internalCommonAnnotationProcessor'
2025-08-06T20:45:47.963+05:30 DEBUG 45196 --- [auction_application] [           main] o.s.b.f.s.DefaultListableBeanFactory     : Creating shared instance of singleton bean 'org.springframework.context.annotation.internalPersistenceAnnotationProcessor'
2025-08-06T20:45:47.964+05:30 DEBUG 45196 --- [auction_application] [           main] o.s.b.f.s.DefaultListableBeanFactory     : Creating shared instance of singleton bean 'org.springframework.boot.context.properties.ConfigurationPropertiesBindingPostProcessor'
2025-08-06T20:45:47.964+05:30 DEBUG 45196 --- [auction_application] [           main] o.s.b.f.s.DefaultListableBeanFactory     : Creating shared instance of singleton bean 'org.springframework.boot.context.internalConfigurationPropertiesBinder'
2025-08-06T20:45:47.970+05:30 DEBUG 45196 --- [auction_application] [           main] o.s.b.f.s.DefaultListableBeanFactory     : Creating shared instance of singleton bean 'jdbcConnectionDetailsHikariBeanPostProcessor'
2025-08-06T20:45:47.975+05:30 DEBUG 45196 --- [auction_application] [           main] o.s.b.f.s.DefaultListableBeanFactory     : Creating shared instance of singleton bean 'org.springframework.context.annotation.internalScheduledAnnotationProcessor'
2025-08-06T20:45:47.975+05:30 DEBUG 45196 --- [auction_application] [           main] o.s.b.f.s.DefaultListableBeanFactory     : Creating shared instance of singleton bean 'org.springframework.scheduling.annotation.SchedulingConfiguration'
2025-08-06T20:45:47.993+05:30 DEBUG 45196 --- [auction_application] [           main] o.s.b.f.s.DefaultListableBeanFactory     : Creating shared instance of singleton bean 'org.springframework.aop.config.internalAutoProxyCreator'
2025-08-06T20:45:48.021+05:30 DEBUG 45196 --- [auction_application] [           main] o.s.b.f.s.DefaultListableBeanFactory     : Creating shared instance of singleton bean 'persistenceExceptionTranslationPostProcessor'
2025-08-06T20:45:48.023+05:30 DEBUG 45196 --- [auction_application] [           main] o.s.b.f.s.DefaultListableBeanFactory     : Autowiring by type from bean name 'persistenceExceptionTranslationPostProcessor' via factory method to bean named 'environment'
2025-08-06T20:45:48.036+05:30 DEBUG 45196 --- [auction_application] [           main] o.s.b.f.s.DefaultListableBeanFactory     : Creating shared instance of singleton bean 'webServerFactoryCustomizerBeanPostProcessor'
2025-08-06T20:45:48.037+05:30 DEBUG 45196 --- [auction_application] [           main] o.s.b.f.s.DefaultListableBeanFactory     : Creating shared instance of singleton bean 'errorPageRegistrarBeanPostProcessor'
2025-08-06T20:45:48.038+05:30 DEBUG 45196 --- [auction_application] [           main] o.s.b.f.s.DefaultListableBeanFactory     : Creating shared instance of singleton bean 'projectingArgumentResolverBeanPostProcessor'
2025-08-06T20:45:48.039+05:30 DEBUG 45196 --- [auction_application] [           main] o.s.b.f.s.DefaultListableBeanFactory     : Creating shared instance of singleton bean 'org.springframework.cache.config.internalCacheAdvisor'
2025-08-06T20:45:48.039+05:30 DEBUG 45196 --- [auction_application] [           main] o.s.b.f.s.DefaultListableBeanFactory     : Creating shared instance of singleton bean 'org.springframework.cache.annotation.ProxyCachingConfiguration'
2025-08-06T20:45:48.040+05:30 DEBUG 45196 --- [auction_application] [           main] o.s.b.f.s.DefaultListableBeanFactory     : Creating shared instance of singleton bean 'org.springframework.transaction.config.internalTransactionAdvisor'
2025-08-06T20:45:48.040+05:30 DEBUG 45196 --- [auction_application] [           main] o.s.b.f.s.DefaultListableBeanFactory     : Creating shared instance of singleton bean 'org.springframework.transaction.annotation.ProxyTransactionManagementConfiguration'
2025-08-06T20:45:48.052+05:30 DEBUG 45196 --- [auction_application] [           main] o.s.b.f.s.DefaultListableBeanFactory     : Creating shared instance of singleton bean 'transactionAttributeSource'
2025-08-06T20:45:48.055+05:30 DEBUG 45196 --- [auction_application] [           main] o.s.b.f.s.DefaultListableBeanFactory     : Creating shared instance of singleton bean 'transactionInterceptor'
2025-08-06T20:45:48.056+05:30 DEBUG 45196 --- [auction_application] [           main] o.s.b.f.s.DefaultListableBeanFactory     : Autowiring by type from bean name 'transactionInterceptor' via factory method to bean named 'transactionAttributeSource'
2025-08-06T20:45:48.061+05:30 DEBUG 45196 --- [auction_application] [           main] o.s.b.f.s.DefaultListableBeanFactory     : Autowiring by type from bean name 'org.springframework.transaction.config.internalTransactionAdvisor' via factory method to bean named 'transactionAttributeSource'
2025-08-06T20:45:48.061+05:30 DEBUG 45196 --- [auction_application] [           main] o.s.b.f.s.DefaultListableBeanFactory     : Autowiring by type from bean name 'org.springframework.transaction.config.internalTransactionAdvisor' via factory method to bean named 'transactionInterceptor'
2025-08-06T20:45:48.072+05:30 DEBUG 45196 --- [auction_application] [           main] o.s.b.f.s.DefaultListableBeanFactory     : Creating shared instance of singleton bean 'cacheOperationSource'
2025-08-06T20:45:48.083+05:30 DEBUG 45196 --- [auction_application] [           main] o.s.b.f.s.DefaultListableBeanFactory     : Creating shared instance of singleton bean 'cacheInterceptor'
2025-08-06T20:45:48.084+05:30 DEBUG 45196 --- [auction_application] [           main] o.s.b.f.s.DefaultListableBeanFactory     : Autowiring by type from bean name 'cacheInterceptor' via factory method to bean named 'cacheOperationSource'
2025-08-06T20:45:48.092+05:30 DEBUG 45196 --- [auction_application] [           main] o.s.b.f.s.DefaultListableBeanFactory     : Autowiring by type from bean name 'org.springframework.cache.config.internalCacheAdvisor' via factory method to bean named 'cacheOperationSource'
2025-08-06T20:45:48.093+05:30 DEBUG 45196 --- [auction_application] [           main] o.s.b.f.s.DefaultListableBeanFactory     : Autowiring by type from bean name 'org.springframework.cache.config.internalCacheAdvisor' via factory method to bean named 'cacheInterceptor'
2025-08-06T20:45:48.151+05:30 DEBUG 45196 --- [auction_application] [           main] o.s.u.c.s.UiApplicationContextUtils      : Unable to locate ThemeSource with name 'themeSource': using default [org.springframework.ui.context.support.ResourceBundleThemeSource@15e8f9b2]
2025-08-06T20:45:48.152+05:30 DEBUG 45196 --- [auction_application] [           main] o.s.b.f.s.DefaultListableBeanFactory     : Creating shared instance of singleton bean 'org.springframework.test.context.support.internalDynamicPropertyRegistrarBeanInitializer'
2025-08-06T20:45:48.154+05:30 DEBUG 45196 --- [auction_application] [           main] o.s.b.f.s.DefaultListableBeanFactory     : Creating shared instance of singleton bean 'cacheManager'
2025-08-06T20:45:48.154+05:30 DEBUG 45196 --- [auction_application] [           main] o.s.b.f.s.DefaultListableBeanFactory     : Creating shared instance of singleton bean 'org.springframework.boot.autoconfigure.cache.RedisCacheConfiguration'
2025-08-06T20:45:48.157+05:30 DEBUG 45196 --- [auction_application] [           main] o.s.b.f.s.DefaultListableBeanFactory     : Creating shared instance of singleton bean 'spring.cache-org.springframework.boot.autoconfigure.cache.CacheProperties'
2025-08-06T20:45:48.162+05:30 DEBUG 45196 --- [auction_application] [           main] o.s.b.f.s.DefaultListableBeanFactory     : Creating shared instance of singleton bean 'org.springframework.boot.context.properties.BoundConfigurationProperties'
2025-08-06T20:45:48.192+05:30 DEBUG 45196 --- [auction_application] [           main] o.s.b.f.s.DefaultListableBeanFactory     : Creating shared instance of singleton bean 'cacheManagerCustomizers'
2025-08-06T20:45:48.193+05:30 DEBUG 45196 --- [auction_application] [           main] o.s.b.f.s.DefaultListableBeanFactory     : Creating shared instance of singleton bean 'org.springframework.boot.autoconfigure.cache.CacheAutoConfiguration'
2025-08-06T20:45:48.203+05:30 DEBUG 45196 --- [auction_application] [           main] o.s.b.f.s.DefaultListableBeanFactory     : Creating shared instance of singleton bean 'redisConnectionFactory'
2025-08-06T20:45:48.204+05:30 DEBUG 45196 --- [auction_application] [           main] o.s.b.f.s.DefaultListableBeanFactory     : Creating shared instance of singleton bean 'org.springframework.boot.autoconfigure.data.redis.LettuceConnectionConfiguration'
2025-08-06T20:45:48.205+05:30 DEBUG 45196 --- [auction_application] [           main] o.s.b.f.s.DefaultListableBeanFactory     : Creating shared instance of singleton bean 'spring.data.redis-org.springframework.boot.autoconfigure.data.redis.RedisProperties'
2025-08-06T20:45:48.218+05:30 DEBUG 45196 --- [auction_application] [           main] o.s.b.f.s.DefaultListableBeanFactory     : Creating shared instance of singleton bean 'redisConnectionDetails'
2025-08-06T20:45:48.219+05:30 DEBUG 45196 --- [auction_application] [           main] o.s.b.f.s.DefaultListableBeanFactory     : Creating shared instance of singleton bean 'org.springframework.boot.autoconfigure.data.redis.RedisAutoConfiguration'
2025-08-06T20:45:48.220+05:30 DEBUG 45196 --- [auction_application] [           main] o.s.b.f.s.DefaultListableBeanFactory     : Autowiring by type from bean name 'redisConnectionDetails' via factory method to bean named 'spring.data.redis-org.springframework.boot.autoconfigure.data.redis.RedisProperties'
2025-08-06T20:45:48.226+05:30 DEBUG 45196 --- [auction_application] [           main] o.s.b.f.s.DefaultListableBeanFactory     : Autowiring by type from bean name 'org.springframework.boot.autoconfigure.data.redis.LettuceConnectionConfiguration' via constructor to bean named 'spring.data.redis-org.springframework.boot.autoconfigure.data.redis.RedisProperties'
2025-08-06T20:45:48.226+05:30 DEBUG 45196 --- [auction_application] [           main] o.s.b.f.s.DefaultListableBeanFactory     : Autowiring by type from bean name 'org.springframework.boot.autoconfigure.data.redis.LettuceConnectionConfiguration' via constructor to bean named 'redisConnectionDetails'
2025-08-06T20:45:48.228+05:30 DEBUG 45196 --- [auction_application] [           main] o.s.b.f.s.DefaultListableBeanFactory     : Creating shared instance of singleton bean 'sslBundleRegistry'
2025-08-06T20:45:48.229+05:30 DEBUG 45196 --- [auction_application] [           main] o.s.b.f.s.DefaultListableBeanFactory     : Creating shared instance of singleton bean 'org.springframework.boot.autoconfigure.ssl.SslAutoConfiguration'
2025-08-06T20:45:48.230+05:30 DEBUG 45196 --- [auction_application] [           main] o.s.b.f.s.DefaultListableBeanFactory     : Creating shared instance of singleton bean 'spring.ssl-org.springframework.boot.autoconfigure.ssl.SslProperties'
2025-08-06T20:45:48.234+05:30 DEBUG 45196 --- [auction_application] [           main] o.s.b.f.s.DefaultListableBeanFactory     : Autowiring by type from bean name 'org.springframework.boot.autoconfigure.ssl.SslAutoConfiguration' via constructor to bean named 'org.springframework.web.context.support.GenericWebApplicationContext@5298dead'
2025-08-06T20:45:48.234+05:30 DEBUG 45196 --- [auction_application] [           main] o.s.b.f.s.DefaultListableBeanFactory     : Autowiring by type from bean name 'org.springframework.boot.autoconfigure.ssl.SslAutoConfiguration' via constructor to bean named 'spring.ssl-org.springframework.boot.autoconfigure.ssl.SslProperties'
2025-08-06T20:45:48.238+05:30 DEBUG 45196 --- [auction_application] [           main] o.s.b.f.s.DefaultListableBeanFactory     : Creating shared instance of singleton bean 'sslPropertiesSslBundleRegistrar'
2025-08-06T20:45:48.238+05:30 DEBUG 45196 --- [auction_application] [           main] o.s.b.f.s.DefaultListableBeanFactory     : Creating shared instance of singleton bean 'fileWatcher'
2025-08-06T20:45:48.242+05:30 DEBUG 45196 --- [auction_application] [           main] o.s.b.f.s.DefaultListableBeanFactory     : Autowiring by type from bean name 'sslPropertiesSslBundleRegistrar' via factory method to bean named 'fileWatcher'
2025-08-06T20:45:48.265+05:30 DEBUG 45196 --- [auction_application] [           main] o.s.b.f.s.DefaultListableBeanFactory     : Creating shared instance of singleton bean 'lettuceClientResources'
2025-08-06T20:45:48.278+05:30 DEBUG 45196 --- [auction_application] [           main] i.n.u.i.logging.InternalLoggerFactory    : Using SLF4J as the default logging framework
2025-08-06T20:45:48.288+05:30 DEBUG 45196 --- [auction_application] [           main] i.l.c.r.AddressResolverGroupProvider     : Starting without optional netty's non-blocking DNS resolver library
2025-08-06T20:45:48.292+05:30 DEBUG 45196 --- [auction_application] [           main] i.l.c.resource.DefaultClientResources    : -Dio.netty.eventLoopThreads: 12
2025-08-06T20:45:48.307+05:30 DEBUG 45196 --- [auction_application] [           main] i.l.c.r.DefaultEventLoopGroupProvider    : Creating executor io.netty.util.concurrent.DefaultEventExecutorGroup
2025-08-06T20:45:48.329+05:30 DEBUG 45196 --- [auction_application] [           main] i.n.util.concurrent.GlobalEventExecutor  : -Dio.netty.globalEventExecutor.quietPeriodSeconds: 1
2025-08-06T20:45:48.344+05:30 DEBUG 45196 --- [auction_application] [           main] i.n.u.internal.InternalThreadLocalMap    : -Dio.netty.threadLocalMap.stringBuilder.initialSize: 1024
2025-08-06T20:45:48.344+05:30 DEBUG 45196 --- [auction_application] [           main] i.n.u.internal.InternalThreadLocalMap    : -Dio.netty.threadLocalMap.stringBuilder.maxSize: 4096
2025-08-06T20:45:48.354+05:30 DEBUG 45196 --- [auction_application] [           main] io.netty.util.ResourceLeakDetector       : -Dio.netty.leakDetection.level: simple
2025-08-06T20:45:48.354+05:30 DEBUG 45196 --- [auction_application] [           main] io.netty.util.ResourceLeakDetector       : -Dio.netty.leakDetection.targetRecords: 4
2025-08-06T20:45:48.360+05:30 DEBUG 45196 --- [auction_application] [           main] i.n.util.ResourceLeakDetectorFactory     : Loaded default ResourceLeakDetector: io.netty.util.ResourceLeakDetector@58a3d521
2025-08-06T20:45:48.414+05:30 DEBUG 45196 --- [auction_application] [           main] i.n.util.internal.PlatformDependent0     : -Dio.netty.noUnsafe: false
2025-08-06T20:45:48.414+05:30 DEBUG 45196 --- [auction_application] [           main] i.n.util.internal.PlatformDependent0     : Java version: 17
2025-08-06T20:45:48.420+05:30 DEBUG 45196 --- [auction_application] [           main] i.n.util.internal.PlatformDependent0     : sun.misc.Unsafe.theUnsafe: available
2025-08-06T20:45:48.421+05:30 DEBUG 45196 --- [auction_application] [           main] i.n.util.internal.PlatformDependent0     : sun.misc.Unsafe base methods: all available
2025-08-06T20:45:48.422+05:30 DEBUG 45196 --- [auction_application] [           main] i.n.util.internal.PlatformDependent0     : sun.misc.Unsafe.storeFence: available
2025-08-06T20:45:48.422+05:30 DEBUG 45196 --- [auction_application] [           main] i.n.util.internal.PlatformDependent0     : java.nio.Buffer.address: available
2025-08-06T20:45:48.423+05:30 DEBUG 45196 --- [auction_application] [           main] i.n.util.internal.PlatformDependent0     : direct buffer constructor: unavailable: Reflective setAccessible(true) disabled
2025-08-06T20:45:48.424+05:30 DEBUG 45196 --- [auction_application] [           main] i.n.util.internal.PlatformDependent0     : java.nio.Bits.unaligned: available, true
2025-08-06T20:45:48.425+05:30 DEBUG 45196 --- [auction_application] [           main] i.n.util.internal.PlatformDependent0     : jdk.internal.misc.Unsafe.allocateUninitializedArray(int): unavailable: class io.netty.util.internal.PlatformDependent0$7 cannot access class jdk.internal.misc.Unsafe (in module java.base) because module java.base does not export jdk.internal.misc to unnamed module @62fdb4a6
2025-08-06T20:45:48.427+05:30 DEBUG 45196 --- [auction_application] [           main] i.n.util.internal.PlatformDependent0     : java.nio.DirectByteBuffer.<init>(long, {int,long}): unavailable
2025-08-06T20:45:48.427+05:30 DEBUG 45196 --- [auction_application] [           main] i.netty.util.internal.PlatformDependent  : sun.misc.Unsafe: available
2025-08-06T20:45:48.428+05:30 DEBUG 45196 --- [auction_application] [           main] i.netty.util.internal.PlatformDependent  : -Dio.netty.tmpdir: C:\Users\PRATHA~1\AppData\Local\Temp (java.io.tmpdir)
2025-08-06T20:45:48.428+05:30 DEBUG 45196 --- [auction_application] [           main] i.netty.util.internal.PlatformDependent  : -Dio.netty.bitMode: 64 (sun.arch.data.model)
2025-08-06T20:45:48.428+05:30 DEBUG 45196 --- [auction_application] [           main] i.netty.util.internal.PlatformDependent  : Platform: Windows
2025-08-06T20:45:48.429+05:30 DEBUG 45196 --- [auction_application] [           main] i.netty.util.internal.PlatformDependent  : -Dio.netty.maxDirectMemory: -1 bytes
2025-08-06T20:45:48.429+05:30 DEBUG 45196 --- [auction_application] [           main] i.netty.util.internal.PlatformDependent  : -Dio.netty.uninitializedArrayAllocationThreshold: -1
2025-08-06T20:45:48.431+05:30 DEBUG 45196 --- [auction_application] [           main] io.netty.util.internal.CleanerJava9      : java.nio.ByteBuffer.cleaner(): available
2025-08-06T20:45:48.431+05:30 DEBUG 45196 --- [auction_application] [           main] i.netty.util.internal.PlatformDependent  : -Dio.netty.noPreferDirect: false
2025-08-06T20:45:48.442+05:30 DEBUG 45196 --- [auction_application] [           main] i.netty.util.internal.PlatformDependent  : org.jctools-core.MpscChunkedArrayQueue: available
2025-08-06T20:45:48.460+05:30 DEBUG 45196 --- [auction_application] [           main] reactor.util.Loggers                     : Using Slf4j logging framework
2025-08-06T20:45:48.465+05:30 DEBUG 45196 --- [auction_application] [           main] i.l.core.event.jfr.EventRecorderHolder   : Starting with JFR support
2025-08-06T20:45:48.480+05:30 DEBUG 45196 --- [auction_application] [           main] i.l.c.resource.DefaultClientResources    : LatencyUtils/HdrUtils are not available, metrics are disabled
2025-08-06T20:45:48.493+05:30 DEBUG 45196 --- [auction_application] [           main] o.s.b.f.s.DefaultListableBeanFactory     : Autowiring by type from bean name 'redisConnectionFactory' via factory method to bean named 'lettuceClientResources'
2025-08-06T20:45:48.680+05:30 DEBUG 45196 --- [auction_application] [           main] o.s.b.f.s.DefaultListableBeanFactory     : Autowiring by type from bean name 'cacheManager' via factory method to bean named 'spring.cache-org.springframework.boot.autoconfigure.cache.CacheProperties'
2025-08-06T20:45:48.681+05:30 DEBUG 45196 --- [auction_application] [           main] o.s.b.f.s.DefaultListableBeanFactory     : Autowiring by type from bean name 'cacheManager' via factory method to bean named 'cacheManagerCustomizers'
2025-08-06T20:45:48.681+05:30 DEBUG 45196 --- [auction_application] [           main] o.s.b.f.s.DefaultListableBeanFactory     : Autowiring by type from bean name 'cacheManager' via factory method to bean named 'redisConnectionFactory'
2025-08-06T20:45:48.681+05:30 DEBUG 45196 --- [auction_application] [           main] o.s.b.f.s.DefaultListableBeanFactory     : Autowiring by type from bean name 'cacheManager' via factory method to bean named 'org.springframework.web.context.support.GenericWebApplicationContext@5298dead'
2025-08-06T20:45:48.727+05:30 DEBUG 45196 --- [auction_application] [           main] o.s.b.f.s.DefaultListableBeanFactory     : Creating shared instance of singleton bean 'quartzDataSourceScriptDatabaseInitializer'
2025-08-06T20:45:48.727+05:30 DEBUG 45196 --- [auction_application] [           main] o.s.b.f.s.DefaultListableBeanFactory     : Creating shared instance of singleton bean 'org.springframework.boot.autoconfigure.quartz.QuartzAutoConfiguration$JdbcStoreTypeConfiguration'
2025-08-06T20:45:48.733+05:30 DEBUG 45196 --- [auction_application] [           main] o.s.b.f.s.DefaultListableBeanFactory     : Creating shared instance of singleton bean 'dataSource'
2025-08-06T20:45:48.734+05:30 DEBUG 45196 --- [auction_application] [           main] o.s.b.f.s.DefaultListableBeanFactory     : Creating shared instance of singleton bean 'org.springframework.boot.autoconfigure.jdbc.DataSourceConfiguration$Hikari'
2025-08-06T20:45:48.735+05:30 DEBUG 45196 --- [auction_application] [           main] o.s.b.f.s.DefaultListableBeanFactory     : Creating shared instance of singleton bean 'spring.datasource-org.springframework.boot.autoconfigure.jdbc.DataSourceProperties'
2025-08-06T20:45:48.745+05:30 DEBUG 45196 --- [auction_application] [           main] o.s.b.f.s.DefaultListableBeanFactory     : Creating shared instance of singleton bean 'jdbcConnectionDetails'
2025-08-06T20:45:48.745+05:30 DEBUG 45196 --- [auction_application] [           main] o.s.b.f.s.DefaultListableBeanFactory     : Creating shared instance of singleton bean 'org.springframework.boot.autoconfigure.jdbc.DataSourceAutoConfiguration$PooledDataSourceConfiguration'
2025-08-06T20:45:48.746+05:30 DEBUG 45196 --- [auction_application] [           main] o.s.b.f.s.DefaultListableBeanFactory     : Autowiring by type from bean name 'jdbcConnectionDetails' via factory method to bean named 'spring.datasource-org.springframework.boot.autoconfigure.jdbc.DataSourceProperties'
2025-08-06T20:45:48.748+05:30 DEBUG 45196 --- [auction_application] [           main] o.s.b.f.s.DefaultListableBeanFactory     : Autowiring by type from bean name 'dataSource' via factory method to bean named 'spring.datasource-org.springframework.boot.autoconfigure.jdbc.DataSourceProperties'
2025-08-06T20:45:48.748+05:30 DEBUG 45196 --- [auction_application] [           main] o.s.b.f.s.DefaultListableBeanFactory     : Autowiring by type from bean name 'dataSource' via factory method to bean named 'jdbcConnectionDetails'
2025-08-06T20:45:48.754+05:30 DEBUG 45196 --- [auction_application] [           main] com.zaxxer.hikari.HikariConfig           : Driver class org.postgresql.Driver found in Thread context class loader jdk.internal.loader.ClassLoaders$AppClassLoader@73d16e93
2025-08-06T20:45:48.778+05:30 DEBUG 45196 --- [auction_application] [           main] o.s.b.f.s.DefaultListableBeanFactory     : Creating shared instance of singleton bean 'spring.quartz-org.springframework.boot.autoconfigure.quartz.QuartzProperties'
2025-08-06T20:45:48.799+05:30 DEBUG 45196 --- [auction_application] [           main] o.s.b.f.s.DefaultListableBeanFactory     : Autowiring by type from bean name 'quartzDataSourceScriptDatabaseInitializer' via factory method to bean named 'dataSource'
2025-08-06T20:45:48.799+05:30 DEBUG 45196 --- [auction_application] [           main] o.s.b.f.s.DefaultListableBeanFactory     : Autowiring by type from bean name 'quartzDataSourceScriptDatabaseInitializer' via factory method to bean named 'spring.quartz-org.springframework.boot.autoconfigure.quartz.QuartzProperties'
2025-08-06T20:45:48.813+05:30 DEBUG 45196 --- [auction_application] [           main] o.s.jdbc.datasource.DataSourceUtils      : Fetching JDBC Connection from DataSource
2025-08-06T20:45:48.813+05:30 DEBUG 45196 --- [auction_application] [           main] com.zaxxer.hikari.HikariConfig           : HikariPool-1 - configuration:
2025-08-06T20:45:48.817+05:30 DEBUG 45196 --- [auction_application] [           main] com.zaxxer.hikari.HikariConfig           : allowPoolSuspension.............false
2025-08-06T20:45:48.818+05:30 DEBUG 45196 --- [auction_application] [           main] com.zaxxer.hikari.HikariConfig           : autoCommit......................true
2025-08-06T20:45:48.818+05:30 DEBUG 45196 --- [auction_application] [           main] com.zaxxer.hikari.HikariConfig           : catalog.........................none
2025-08-06T20:45:48.818+05:30 DEBUG 45196 --- [auction_application] [           main] com.zaxxer.hikari.HikariConfig           : connectionInitSql...............none
2025-08-06T20:45:48.819+05:30 DEBUG 45196 --- [auction_application] [           main] com.zaxxer.hikari.HikariConfig           : connectionTestQuery.............none
2025-08-06T20:45:48.819+05:30 DEBUG 45196 --- [auction_application] [           main] com.zaxxer.hikari.HikariConfig           : connectionTimeout...............30000
2025-08-06T20:45:48.819+05:30 DEBUG 45196 --- [auction_application] [           main] com.zaxxer.hikari.HikariConfig           : dataSource......................none
2025-08-06T20:45:48.819+05:30 DEBUG 45196 --- [auction_application] [           main] com.zaxxer.hikari.HikariConfig           : dataSourceClassName.............none
2025-08-06T20:45:48.820+05:30 DEBUG 45196 --- [auction_application] [           main] com.zaxxer.hikari.HikariConfig           : dataSourceJNDI..................none
2025-08-06T20:45:48.820+05:30 DEBUG 45196 --- [auction_application] [           main] com.zaxxer.hikari.HikariConfig           : dataSourceProperties............{password=<masked>}
2025-08-06T20:45:48.821+05:30 DEBUG 45196 --- [auction_application] [           main] com.zaxxer.hikari.HikariConfig           : driverClassName................."org.postgresql.Driver"
2025-08-06T20:45:48.821+05:30 DEBUG 45196 --- [auction_application] [           main] com.zaxxer.hikari.HikariConfig           : exceptionOverrideClassName......none
2025-08-06T20:45:48.822+05:30 DEBUG 45196 --- [auction_application] [           main] com.zaxxer.hikari.HikariConfig           : healthCheckProperties...........{}
2025-08-06T20:45:48.822+05:30 DEBUG 45196 --- [auction_application] [           main] com.zaxxer.hikari.HikariConfig           : healthCheckRegistry.............none
2025-08-06T20:45:48.825+05:30 DEBUG 45196 --- [auction_application] [           main] com.zaxxer.hikari.HikariConfig           : idleTimeout.....................600000
2025-08-06T20:45:48.826+05:30 DEBUG 45196 --- [auction_application] [           main] com.zaxxer.hikari.HikariConfig           : initializationFailTimeout.......1
2025-08-06T20:45:48.826+05:30 DEBUG 45196 --- [auction_application] [           main] com.zaxxer.hikari.HikariConfig           : isolateInternalQueries..........false
2025-08-06T20:45:48.827+05:30 DEBUG 45196 --- [auction_application] [           main] com.zaxxer.hikari.HikariConfig           : jdbcUrl.........................jdbc:postgresql://dpg-d285g8re5dus73f8aun0-a.singapore-postgres.render.com/auction_database_47cx?currentSchema=auction_schema
2025-08-06T20:45:48.827+05:30 DEBUG 45196 --- [auction_application] [           main] com.zaxxer.hikari.HikariConfig           : keepaliveTime...................0
2025-08-06T20:45:48.827+05:30 DEBUG 45196 --- [auction_application] [           main] com.zaxxer.hikari.HikariConfig           : leakDetectionThreshold..........0
2025-08-06T20:45:48.827+05:30 DEBUG 45196 --- [auction_application] [           main] com.zaxxer.hikari.HikariConfig           : maxLifetime.....................1800000
2025-08-06T20:45:48.827+05:30 DEBUG 45196 --- [auction_application] [           main] com.zaxxer.hikari.HikariConfig           : maximumPoolSize.................10
2025-08-06T20:45:48.827+05:30 DEBUG 45196 --- [auction_application] [           main] com.zaxxer.hikari.HikariConfig           : metricRegistry..................none
2025-08-06T20:45:48.827+05:30 DEBUG 45196 --- [auction_application] [           main] com.zaxxer.hikari.HikariConfig           : metricsTrackerFactory...........none
2025-08-06T20:45:48.827+05:30 DEBUG 45196 --- [auction_application] [           main] com.zaxxer.hikari.HikariConfig           : minimumIdle.....................10
2025-08-06T20:45:48.827+05:30 DEBUG 45196 --- [auction_application] [           main] com.zaxxer.hikari.HikariConfig           : password........................<masked>
2025-08-06T20:45:48.827+05:30 DEBUG 45196 --- [auction_application] [           main] com.zaxxer.hikari.HikariConfig           : poolName........................"HikariPool-1"
2025-08-06T20:45:48.827+05:30 DEBUG 45196 --- [auction_application] [           main] com.zaxxer.hikari.HikariConfig           : readOnly........................false
2025-08-06T20:45:48.828+05:30 DEBUG 45196 --- [auction_application] [           main] com.zaxxer.hikari.HikariConfig           : registerMbeans..................false
2025-08-06T20:45:48.828+05:30 DEBUG 45196 --- [auction_application] [           main] com.zaxxer.hikari.HikariConfig           : scheduledExecutor...............none
2025-08-06T20:45:48.828+05:30 DEBUG 45196 --- [auction_application] [           main] com.zaxxer.hikari.HikariConfig           : schema..........................none
2025-08-06T20:45:48.828+05:30 DEBUG 45196 --- [auction_application] [           main] com.zaxxer.hikari.HikariConfig           : threadFactory...................internal
2025-08-06T20:45:48.828+05:30 DEBUG 45196 --- [auction_application] [           main] com.zaxxer.hikari.HikariConfig           : transactionIsolation............default
2025-08-06T20:45:48.828+05:30 DEBUG 45196 --- [auction_application] [           main] com.zaxxer.hikari.HikariConfig           : username........................"auction_database_47cx_user"
2025-08-06T20:45:48.828+05:30 DEBUG 45196 --- [auction_application] [           main] com.zaxxer.hikari.HikariConfig           : validationTimeout...............5000
2025-08-06T20:45:48.828+05:30  INFO 45196 --- [auction_application] [           main] com.zaxxer.hikari.HikariDataSource       : HikariPool-1 - Starting...
2025-08-06T20:45:48.862+05:30 DEBUG 45196 --- [auction_application] [           main] org.postgresql.Driver                    : Loading driver configuration via classloader jdk.internal.loader.ClassLoaders$AppClassLoader@73d16e93
2025-08-06T20:45:48.865+05:30 DEBUG 45196 --- [auction_application] [           main] org.postgresql.Driver                    : Connecting with URL: jdbc:postgresql://dpg-d285g8re5dus73f8aun0-a.singapore-postgres.render.com/auction_database_47cx?currentSchema=auction_schema
2025-08-06T20:45:48.889+05:30 DEBUG 45196 --- [auction_application] [           main] org.postgresql.jdbc.PgConnection         : PostgreSQL JDBC Driver 42.7.4
2025-08-06T20:45:48.891+05:30 DEBUG 45196 --- [auction_application] [           main] org.postgresql.jdbc.PgConnection         :   setDefaultFetchSize = 0
2025-08-06T20:45:48.891+05:30 DEBUG 45196 --- [auction_application] [           main] org.postgresql.jdbc.PgConnection         :   setPrepareThreshold = 5
2025-08-06T20:45:48.910+05:30 DEBUG 45196 --- [auction_application] [           main] o.p.core.v3.ConnectionFactoryImpl        : Trying to establish a protocol version 3 connection to dpg-d285g8re5dus73f8aun0-a.singapore-postgres.render.com:5432
2025-08-06T20:45:49.100+05:30 DEBUG 45196 --- [auction_application] [           main] o.p.core.v3.ConnectionFactoryImpl        : Receive Buffer Size is 65,536
2025-08-06T20:45:49.100+05:30 DEBUG 45196 --- [auction_application] [           main] o.p.core.v3.ConnectionFactoryImpl        : Send Buffer Size is 65,536
2025-08-06T20:45:49.260+05:30 DEBUG 45196 --- [auction_application] [           main] org.postgresql.ssl.MakeSSL               : converting regular socket connection to ssl
2025-08-06T20:45:49.694+05:30 DEBUG 45196 --- [auction_application] [           main] jdk.event.security                       : X509Certificate: Alg:SHA256withRSA, Serial:69d81483263975d5a17a8242c2840d1d3fe, Subject:CN=aws-ap-southeast-1-1-postgres.render.com, Issuer:CN=R11, O=Let's Encrypt, C=US, Key type:RSA, Length:2048, Cert Id:1642598958, Valid from:7/13/25, 1:15 AM, Valid until:10/11/25, 1:15 AM
2025-08-06T20:45:49.696+05:30 DEBUG 45196 --- [auction_application] [           main] jdk.event.security                       : X509Certificate: Alg:SHA256withRSA, Serial:8a7d3e13d62f30ef2386bd29076b34f8, Subject:CN=R11, O=Let's Encrypt, C=US, Issuer:CN=ISRG Root X1, O=Internet Security Research Group, C=US, Key type:RSA, Length:2048, Cert Id:-1875479740, Valid from:3/13/24, 5:30 AM, Valid until:3/13/27, 5:29 AM
2025-08-06T20:45:49.711+05:30 DEBUG 45196 --- [auction_application] [           main] jdk.event.security                       :  TLSHandshake: dpg-d285g8re5dus73f8aun0-a.singapore-postgres.render.com:5432, TLSv1.3, TLS_AES_128_GCM_SHA256, 1642598958
2025-08-06T20:45:50.584+05:30  INFO 45196 --- [auction_application] [           main] com.zaxxer.hikari.pool.HikariPool        : HikariPool-1 - Added connection org.postgresql.jdbc.PgConnection@4ae49387
2025-08-06T20:45:50.585+05:30  INFO 45196 --- [auction_application] [           main] com.zaxxer.hikari.HikariDataSource       : HikariPool-1 - Start completed.
2025-08-06T20:45:50.597+05:30 DEBUG 45196 --- [auction_application] [           main] o.s.jdbc.datasource.DataSourceUtils      : Fetching JDBC Connection from DataSource
2025-08-06T20:45:50.598+05:30 DEBUG 45196 --- [auction_application] [           main] o.s.jdbc.datasource.init.ScriptUtils     : Executing SQL script from class path resource [org/quartz/impl/jdbcjobstore/tables_postgres.sql]
2025-08-06T20:45:50.690+05:30 DEBUG 45196 --- [auction_application] [l-1 housekeeper] com.zaxxer.hikari.pool.HikariPool        : HikariPool-1 - Pool stats (total=1, active=1, idle=0, waiting=0)
2025-08-06T20:45:50.691+05:30 DEBUG 45196 --- [auction_application] [onnection adder] org.postgresql.Driver                    : Connecting with URL: jdbc:postgresql://dpg-d285g8re5dus73f8aun0-a.singapore-postgres.render.com/auction_database_47cx?currentSchema=auction_schema
2025-08-06T20:45:50.691+05:30 DEBUG 45196 --- [auction_application] [onnection adder] org.postgresql.jdbc.PgConnection         : PostgreSQL JDBC Driver 42.7.4
2025-08-06T20:45:50.691+05:30 DEBUG 45196 --- [auction_application] [onnection adder] org.postgresql.jdbc.PgConnection         :   setDefaultFetchSize = 0
2025-08-06T20:45:50.691+05:30 DEBUG 45196 --- [auction_application] [onnection adder] org.postgresql.jdbc.PgConnection         :   setPrepareThreshold = 5
2025-08-06T20:45:50.692+05:30 DEBUG 45196 --- [auction_application] [onnection adder] o.p.core.v3.ConnectionFactoryImpl        : Trying to establish a protocol version 3 connection to dpg-d285g8re5dus73f8aun0-a.singapore-postgres.render.com:5432
2025-08-06T20:45:50.702+05:30 DEBUG 45196 --- [auction_application] [           main] o.s.jdbc.datasource.init.ScriptUtils     : 0 returned as update count for SQL: DROP TABLE IF EXISTS QRTZ_FIRED_TRIGGERS
2025-08-06T20:45:50.810+05:30 DEBUG 45196 --- [auction_application] [onnection adder] o.p.core.v3.ConnectionFactoryImpl        : Receive Buffer Size is 65,536
2025-08-06T20:45:50.811+05:30 DEBUG 45196 --- [auction_application] [onnection adder] o.p.core.v3.ConnectionFactoryImpl        : Send Buffer Size is 65,536
2025-08-06T20:45:50.819+05:30 DEBUG 45196 --- [auction_application] [           main] o.s.jdbc.datasource.init.ScriptUtils     : 0 returned as update count for SQL: DROP TABLE IF EXISTS QRTZ_PAUSED_TRIGGER_GRPS
2025-08-06T20:45:50.945+05:30 DEBUG 45196 --- [auction_application] [onnection adder] org.postgresql.ssl.MakeSSL               : converting regular socket connection to ssl
2025-08-06T20:45:50.950+05:30 DEBUG 45196 --- [auction_application] [           main] o.s.jdbc.datasource.init.ScriptUtils     : 0 returned as update count for SQL: DROP TABLE IF EXISTS QRTZ_SCHEDULER_STATE
2025-08-06T20:45:51.092+05:30 DEBUG 45196 --- [auction_application] [onnection adder] jdk.event.security                       : X509Certificate: Alg:SHA256withRSA, Serial:69d81483263975d5a17a8242c2840d1d3fe, Subject:CN=aws-ap-southeast-1-1-postgres.render.com, Issuer:CN=R11, O=Let's Encrypt, C=US, Key type:RSA, Length:2048, Cert Id:1642598958, Valid from:7/13/25, 1:15 AM, Valid until:10/11/25, 1:15 AM
2025-08-06T20:45:51.093+05:30 DEBUG 45196 --- [auction_application] [onnection adder] jdk.event.security                       : X509Certificate: Alg:SHA256withRSA, Serial:8a7d3e13d62f30ef2386bd29076b34f8, Subject:CN=R11, O=Let's Encrypt, C=US, Issuer:CN=ISRG Root X1, O=Internet Security Research Group, C=US, Key type:RSA, Length:2048, Cert Id:-1875479740, Valid from:3/13/24, 5:30 AM, Valid until:3/13/27, 5:29 AM
2025-08-06T20:45:51.099+05:30 DEBUG 45196 --- [auction_application] [onnection adder] jdk.event.security                       :  TLSHandshake: dpg-d285g8re5dus73f8aun0-a.singapore-postgres.render.com:5432, TLSv1.3, TLS_AES_128_GCM_SHA256, 1642598958
2025-08-06T20:45:51.101+05:30 DEBUG 45196 --- [auction_application] [           main] o.s.jdbc.datasource.init.ScriptUtils     : 0 returned as update count for SQL: DROP TABLE IF EXISTS QRTZ_LOCKS
2025-08-06T20:45:51.264+05:30 DEBUG 45196 --- [auction_application] [           main] o.s.jdbc.datasource.init.ScriptUtils     : 0 returned as update count for SQL: DROP TABLE IF EXISTS QRTZ_SIMPLE_TRIGGERS
2025-08-06T20:45:51.416+05:30 DEBUG 45196 --- [auction_application] [           main] o.s.jdbc.datasource.init.ScriptUtils     : 0 returned as update count for SQL: DROP TABLE IF EXISTS QRTZ_CRON_TRIGGERS
2025-08-06T20:45:51.557+05:30 DEBUG 45196 --- [auction_application] [           main] o.s.jdbc.datasource.init.ScriptUtils     : 0 returned as update count for SQL: DROP TABLE IF EXISTS QRTZ_SIMPROP_TRIGGERS
2025-08-06T20:45:51.679+05:30 DEBUG 45196 --- [auction_application] [           main] o.s.jdbc.datasource.init.ScriptUtils     : 0 returned as update count for SQL: DROP TABLE IF EXISTS QRTZ_BLOB_TRIGGERS
2025-08-06T20:45:51.703+05:30 DEBUG 45196 --- [auction_application] [onnection adder] com.zaxxer.hikari.pool.HikariPool        : HikariPool-1 - Added connection org.postgresql.jdbc.PgConnection@3b4484c6
2025-08-06T20:45:51.734+05:30 DEBUG 45196 --- [auction_application] [onnection adder] com.zaxxer.hikari.pool.HikariPool        : HikariPool-1 - After adding stats (total=2, active=1, idle=1, waiting=0)
2025-08-06T20:45:51.735+05:30 DEBUG 45196 --- [auction_application] [onnection adder] org.postgresql.Driver                    : Connecting with URL: jdbc:postgresql://dpg-d285g8re5dus73f8aun0-a.singapore-postgres.render.com/auction_database_47cx?currentSchema=auction_schema
2025-08-06T20:45:51.735+05:30 DEBUG 45196 --- [auction_application] [onnection adder] org.postgresql.jdbc.PgConnection         : PostgreSQL JDBC Driver 42.7.4
2025-08-06T20:45:51.735+05:30 DEBUG 45196 --- [auction_application] [onnection adder] org.postgresql.jdbc.PgConnection         :   setDefaultFetchSize = 0
2025-08-06T20:45:51.735+05:30 DEBUG 45196 --- [auction_application] [onnection adder] org.postgresql.jdbc.PgConnection         :   setPrepareThreshold = 5
2025-08-06T20:45:51.735+05:30 DEBUG 45196 --- [auction_application] [onnection adder] o.p.core.v3.ConnectionFactoryImpl        : Trying to establish a protocol version 3 connection to dpg-d285g8re5dus73f8aun0-a.singapore-postgres.render.com:5432
2025-08-06T20:45:51.807+05:30 DEBUG 45196 --- [auction_application] [           main] o.s.jdbc.datasource.init.ScriptUtils     : 0 returned as update count for SQL: DROP TABLE IF EXISTS QRTZ_TRIGGERS
2025-08-06T20:45:51.850+05:30 DEBUG 45196 --- [auction_application] [onnection adder] o.p.core.v3.ConnectionFactoryImpl        : Receive Buffer Size is 65,536
2025-08-06T20:45:51.850+05:30 DEBUG 45196 --- [auction_application] [onnection adder] o.p.core.v3.ConnectionFactoryImpl        : Send Buffer Size is 65,536
2025-08-06T20:45:51.934+05:30 DEBUG 45196 --- [auction_application] [           main] o.s.jdbc.datasource.init.ScriptUtils     : 0 returned as update count for SQL: DROP TABLE IF EXISTS QRTZ_JOB_DETAILS
2025-08-06T20:45:51.960+05:30 DEBUG 45196 --- [auction_application] [onnection adder] org.postgresql.ssl.MakeSSL               : converting regular socket connection to ssl
2025-08-06T20:45:52.056+05:30 DEBUG 45196 --- [auction_application] [           main] o.s.jdbc.datasource.init.ScriptUtils     : 0 returned as update count for SQL: DROP TABLE IF EXISTS QRTZ_CALENDARS
2025-08-06T20:45:52.086+05:30 DEBUG 45196 --- [auction_application] [onnection adder] jdk.event.security                       : X509Certificate: Alg:SHA256withRSA, Serial:69d81483263975d5a17a8242c2840d1d3fe, Subject:CN=aws-ap-southeast-1-1-postgres.render.com, Issuer:CN=R11, O=Let's Encrypt, C=US, Key type:RSA, Length:2048, Cert Id:1642598958, Valid from:7/13/25, 1:15 AM, Valid until:10/11/25, 1:15 AM
2025-08-06T20:45:52.087+05:30 DEBUG 45196 --- [auction_application] [onnection adder] jdk.event.security                       : X509Certificate: Alg:SHA256withRSA, Serial:8a7d3e13d62f30ef2386bd29076b34f8, Subject:CN=R11, O=Let's Encrypt, C=US, Issuer:CN=ISRG Root X1, O=Internet Security Research Group, C=US, Key type:RSA, Length:2048, Cert Id:-1875479740, Valid from:3/13/24, 5:30 AM, Valid until:3/13/27, 5:29 AM
2025-08-06T20:45:52.089+05:30 DEBUG 45196 --- [auction_application] [onnection adder] jdk.event.security                       :  TLSHandshake: dpg-d285g8re5dus73f8aun0-a.singapore-postgres.render.com:5432, TLSv1.3, TLS_AES_128_GCM_SHA256, 1642598958
2025-08-06T20:45:52.165+05:30 DEBUG 45196 --- [auction_application] [           main] o.s.jdbc.datasource.init.ScriptUtils     : 0 returned as update count for SQL: CREATE TABLE QRTZ_JOB_DETAILS ( SCHED_NAME VARCHAR(120) NOT NULL, JOB_NAME VARCHAR(200) NOT NULL, JOB_GROUP VARCHAR(200) NOT NULL, DESCRIPTION VARCHAR(250) NULL, JOB_CLASS_NAME VARCHAR(250) NOT NULL, IS_DURABLE BOOL NOT NULL, IS_NONCONCURRENT BOOL NOT NULL, IS_UPDATE_DATA BOOL NOT NULL, REQUESTS_RECOVERY BOOL NOT NULL, JOB_DATA BYTEA NULL, PRIMARY KEY (SCHED_NAME, JOB_NAME, JOB_GROUP) )
2025-08-06T20:45:52.282+05:30 DEBUG 45196 --- [auction_application] [           main] o.s.jdbc.datasource.init.ScriptUtils     : 0 returned as update count for SQL: CREATE TABLE QRTZ_TRIGGERS ( SCHED_NAME VARCHAR(120) NOT NULL, TRIGGER_NAME VARCHAR(200) NOT NULL, TRIGGER_GROUP VARCHAR(200) NOT NULL, JOB_NAME VARCHAR(200) NOT NULL, JOB_GROUP VARCHAR(200) NOT NULL, DESCRIPTION VARCHAR(250) NULL, NEXT_FIRE_TIME BIGINT NULL, PREV_FIRE_TIME BIGINT NULL, PRIORITY INTEGER NULL, TRIGGER_STATE VARCHAR(16) NOT NULL, TRIGGER_TYPE VARCHAR(8) NOT NULL, START_TIME BIGINT NOT NULL, END_TIME BIGINT NULL, CALENDAR_NAME VARCHAR(200) NULL, MISFIRE_INSTR SMALLINT NULL, JOB_DATA BYTEA NULL, PRIMARY KEY (SCHED_NAME, TRIGGER_NAME, TRIGGER_GROUP), FOREIGN KEY (SCHED_NAME, JOB_NAME, JOB_GROUP) REFERENCES QRTZ_JOB_DETAILS (SCHED_NAME, JOB_NAME, JOB_GROUP) )
2025-08-06T20:45:52.388+05:30 DEBUG 45196 --- [auction_application] [           main] o.s.jdbc.datasource.init.ScriptUtils     : 0 returned as update count for SQL: CREATE TABLE QRTZ_SIMPLE_TRIGGERS ( SCHED_NAME VARCHAR(120) NOT NULL, TRIGGER_NAME VARCHAR(200) NOT NULL, TRIGGER_GROUP VARCHAR(200) NOT NULL, REPEAT_COUNT BIGINT NOT NULL, REPEAT_INTERVAL BIGINT NOT NULL, TIMES_TRIGGERED BIGINT NOT NULL, PRIMARY KEY (SCHED_NAME, TRIGGER_NAME, TRIGGER_GROUP), FOREIGN KEY (SCHED_NAME, TRIGGER_NAME, TRIGGER_GROUP) REFERENCES QRTZ_TRIGGERS (SCHED_NAME, TRIGGER_NAME, TRIGGER_GROUP) )
2025-08-06T20:45:52.501+05:30 DEBUG 45196 --- [auction_application] [           main] o.s.jdbc.datasource.init.ScriptUtils     : 0 returned as update count for SQL: CREATE TABLE QRTZ_CRON_TRIGGERS ( SCHED_NAME VARCHAR(120) NOT NULL, TRIGGER_NAME VARCHAR(200) NOT NULL, TRIGGER_GROUP VARCHAR(200) NOT NULL, CRON_EXPRESSION VARCHAR(120) NOT NULL, TIME_ZONE_ID VARCHAR(80), PRIMARY KEY (SCHED_NAME, TRIGGER_NAME, TRIGGER_GROUP), FOREIGN KEY (SCHED_NAME, TRIGGER_NAME, TRIGGER_GROUP) REFERENCES QRTZ_TRIGGERS (SCHED_NAME, TRIGGER_NAME, TRIGGER_GROUP) )
2025-08-06T20:45:52.619+05:30 DEBUG 45196 --- [auction_application] [           main] o.s.jdbc.datasource.init.ScriptUtils     : 0 returned as update count for SQL: CREATE TABLE QRTZ_SIMPROP_TRIGGERS ( SCHED_NAME VARCHAR(120) NOT NULL, TRIGGER_NAME VARCHAR(200) NOT NULL, TRIGGER_GROUP VARCHAR(200) NOT NULL, STR_PROP_1 VARCHAR(512) NULL, STR_PROP_2 VARCHAR(512) NULL, STR_PROP_3 VARCHAR(512) NULL, INT_PROP_1 INT NULL, INT_PROP_2 INT NULL, LONG_PROP_1 BIGINT NULL, LONG_PROP_2 BIGINT NULL, DEC_PROP_1 NUMERIC(13, 4) NULL, DEC_PROP_2 NUMERIC(13, 4) NULL, BOOL_PROP_1 BOOL NULL, BOOL_PROP_2 BOOL NULL, PRIMARY KEY (SCHED_NAME, TRIGGER_NAME, TRIGGER_GROUP), FOREIGN KEY (SCHED_NAME, TRIGGER_NAME, TRIGGER_GROUP) REFERENCES QRTZ_TRIGGERS (SCHED_NAME, TRIGGER_NAME, TRIGGER_GROUP) )
2025-08-06T20:45:52.736+05:30 DEBUG 45196 --- [auction_application] [           main] o.s.jdbc.datasource.init.ScriptUtils     : 0 returned as update count for SQL: CREATE TABLE QRTZ_BLOB_TRIGGERS ( SCHED_NAME VARCHAR(120) NOT NULL, TRIGGER_NAME VARCHAR(200) NOT NULL, TRIGGER_GROUP VARCHAR(200) NOT NULL, BLOB_DATA BYTEA NULL, PRIMARY KEY (SCHED_NAME, TRIGGER_NAME, TRIGGER_GROUP), FOREIGN KEY (SCHED_NAME, TRIGGER_NAME, TRIGGER_GROUP) REFERENCES QRTZ_TRIGGERS (SCHED_NAME, TRIGGER_NAME, TRIGGER_GROUP) )
2025-08-06T20:45:52.877+05:30 DEBUG 45196 --- [auction_application] [           main] o.s.jdbc.datasource.init.ScriptUtils     : 0 returned as update count for SQL: CREATE TABLE QRTZ_CALENDARS ( SCHED_NAME VARCHAR(120) NOT NULL, CALENDAR_NAME VARCHAR(200) NOT NULL, CALENDAR BYTEA NOT NULL, PRIMARY KEY (SCHED_NAME, CALENDAR_NAME) )
2025-08-06T20:45:52.990+05:30 DEBUG 45196 --- [auction_application] [           main] o.s.jdbc.datasource.init.ScriptUtils     : 0 returned as update count for SQL: CREATE TABLE QRTZ_PAUSED_TRIGGER_GRPS ( SCHED_NAME VARCHAR(120) NOT NULL, TRIGGER_GROUP VARCHAR(200) NOT NULL, PRIMARY KEY (SCHED_NAME, TRIGGER_GROUP) )
2025-08-06T20:45:53.137+05:30 DEBUG 45196 --- [auction_application] [           main] o.s.jdbc.datasource.init.ScriptUtils     : 0 returned as update count for SQL: CREATE TABLE QRTZ_FIRED_TRIGGERS ( SCHED_NAME VARCHAR(120) NOT NULL, ENTRY_ID VARCHAR(95) NOT NULL, TRIGGER_NAME VARCHAR(200) NOT NULL, TRIGGER_GROUP VARCHAR(200) NOT NULL, INSTANCE_NAME VARCHAR(200) NOT NULL, FIRED_TIME BIGINT NOT NULL, SCHED_TIME BIGINT NOT NULL, PRIORITY INTEGER NOT NULL, STATE VARCHAR(16) NOT NULL, JOB_NAME VARCHAR(200) NULL, JOB_GROUP VARCHAR(200) NULL, IS_NONCONCURRENT BOOL NULL, REQUESTS_RECOVERY BOOL NULL, PRIMARY KEY (SCHED_NAME, ENTRY_ID) )
2025-08-06T20:45:53.261+05:30 DEBUG 45196 --- [auction_application] [           main] o.s.jdbc.datasource.init.ScriptUtils     : 0 returned as update count for SQL: CREATE TABLE QRTZ_SCHEDULER_STATE ( SCHED_NAME VARCHAR(120) NOT NULL, INSTANCE_NAME VARCHAR(200) NOT NULL, LAST_CHECKIN_TIME BIGINT NOT NULL, CHECKIN_INTERVAL BIGINT NOT NULL, PRIMARY KEY (SCHED_NAME, INSTANCE_NAME) )
2025-08-06T20:45:53.380+05:30 DEBUG 45196 --- [auction_application] [           main] o.s.jdbc.datasource.init.ScriptUtils     : 0 returned as update count for SQL: CREATE TABLE QRTZ_LOCKS ( SCHED_NAME VARCHAR(120) NOT NULL, LOCK_NAME VARCHAR(40) NOT NULL, PRIMARY KEY (SCHED_NAME, LOCK_NAME) )
2025-08-06T20:45:53.523+05:30 DEBUG 45196 --- [auction_application] [           main] o.s.jdbc.datasource.init.ScriptUtils     : 0 returned as update count for SQL: CREATE INDEX IDX_QRTZ_J_REQ_RECOVERY ON QRTZ_JOB_DETAILS (SCHED_NAME, REQUESTS_RECOVERY)
2025-08-06T20:45:53.643+05:30 DEBUG 45196 --- [auction_application] [onnection adder] com.zaxxer.hikari.pool.HikariPool        : HikariPool-1 - Added connection org.postgresql.jdbc.PgConnection@7e461dca
2025-08-06T20:45:53.659+05:30 DEBUG 45196 --- [auction_application] [           main] o.s.jdbc.datasource.init.ScriptUtils     : 0 returned as update count for SQL: CREATE INDEX IDX_QRTZ_J_GRP ON QRTZ_JOB_DETAILS (SCHED_NAME, JOB_GROUP)
2025-08-06T20:45:53.676+05:30 DEBUG 45196 --- [auction_application] [onnection adder] com.zaxxer.hikari.pool.HikariPool        : HikariPool-1 - After adding stats (total=3, active=1, idle=2, waiting=0)
2025-08-06T20:45:53.676+05:30 DEBUG 45196 --- [auction_application] [onnection adder] org.postgresql.Driver                    : Connecting with URL: jdbc:postgresql://dpg-d285g8re5dus73f8aun0-a.singapore-postgres.render.com/auction_database_47cx?currentSchema=auction_schema
2025-08-06T20:45:53.676+05:30 DEBUG 45196 --- [auction_application] [onnection adder] org.postgresql.jdbc.PgConnection         : PostgreSQL JDBC Driver 42.7.4
2025-08-06T20:45:53.677+05:30 DEBUG 45196 --- [auction_application] [onnection adder] org.postgresql.jdbc.PgConnection         :   setDefaultFetchSize = 0
2025-08-06T20:45:53.677+05:30 DEBUG 45196 --- [auction_application] [onnection adder] org.postgresql.jdbc.PgConnection         :   setPrepareThreshold = 5
2025-08-06T20:45:53.677+05:30 DEBUG 45196 --- [auction_application] [onnection adder] o.p.core.v3.ConnectionFactoryImpl        : Trying to establish a protocol version 3 connection to dpg-d285g8re5dus73f8aun0-a.singapore-postgres.render.com:5432
2025-08-06T20:45:53.783+05:30 DEBUG 45196 --- [auction_application] [           main] o.s.jdbc.datasource.init.ScriptUtils     : 0 returned as update count for SQL: CREATE INDEX IDX_QRTZ_T_J ON QRTZ_TRIGGERS (SCHED_NAME, JOB_NAME, JOB_GROUP)
2025-08-06T20:45:53.783+05:30 DEBUG 45196 --- [auction_application] [onnection adder] o.p.core.v3.ConnectionFactoryImpl        : Receive Buffer Size is 65,536
2025-08-06T20:45:53.783+05:30 DEBUG 45196 --- [auction_application] [onnection adder] o.p.core.v3.ConnectionFactoryImpl        : Send Buffer Size is 65,536
2025-08-06T20:45:53.916+05:30 DEBUG 45196 --- [auction_application] [onnection adder] org.postgresql.ssl.MakeSSL               : converting regular socket connection to ssl
2025-08-06T20:45:53.916+05:30 DEBUG 45196 --- [auction_application] [           main] o.s.jdbc.datasource.init.ScriptUtils     : 0 returned as update count for SQL: CREATE INDEX IDX_QRTZ_T_JG ON QRTZ_TRIGGERS (SCHED_NAME, JOB_GROUP)
2025-08-06T20:45:54.070+05:30 DEBUG 45196 --- [auction_application] [           main] o.s.jdbc.datasource.init.ScriptUtils     : 0 returned as update count for SQL: CREATE INDEX IDX_QRTZ_T_C ON QRTZ_TRIGGERS (SCHED_NAME, CALENDAR_NAME)
2025-08-06T20:45:54.100+05:30 DEBUG 45196 --- [auction_application] [onnection adder] jdk.event.security                       : X509Certificate: Alg:SHA256withRSA, Serial:69d81483263975d5a17a8242c2840d1d3fe, Subject:CN=aws-ap-southeast-1-1-postgres.render.com, Issuer:CN=R11, O=Let's Encrypt, C=US, Key type:RSA, Length:2048, Cert Id:1642598958, Valid from:7/13/25, 1:15 AM, Valid until:10/11/25, 1:15 AM
2025-08-06T20:45:54.101+05:30 DEBUG 45196 --- [auction_application] [onnection adder] jdk.event.security                       : X509Certificate: Alg:SHA256withRSA, Serial:8a7d3e13d62f30ef2386bd29076b34f8, Subject:CN=R11, O=Let's Encrypt, C=US, Issuer:CN=ISRG Root X1, O=Internet Security Research Group, C=US, Key type:RSA, Length:2048, Cert Id:-1875479740, Valid from:3/13/24, 5:30 AM, Valid until:3/13/27, 5:29 AM
2025-08-06T20:45:54.103+05:30 DEBUG 45196 --- [auction_application] [onnection adder] jdk.event.security                       :  TLSHandshake: dpg-d285g8re5dus73f8aun0-a.singapore-postgres.render.com:5432, TLSv1.3, TLS_AES_128_GCM_SHA256, 1642598958
2025-08-06T20:45:54.225+05:30 DEBUG 45196 --- [auction_application] [           main] o.s.jdbc.datasource.init.ScriptUtils     : 0 returned as update count for SQL: CREATE INDEX IDX_QRTZ_T_G ON QRTZ_TRIGGERS (SCHED_NAME, TRIGGER_GROUP)
2025-08-06T20:45:54.384+05:30 DEBUG 45196 --- [auction_application] [           main] o.s.jdbc.datasource.init.ScriptUtils     : 0 returned as update count for SQL: CREATE INDEX IDX_QRTZ_T_STATE ON QRTZ_TRIGGERS (SCHED_NAME, TRIGGER_STATE)
2025-08-06T20:45:54.750+05:30 DEBUG 45196 --- [auction_application] [           main] o.s.jdbc.datasource.init.ScriptUtils     : 0 returned as update count for SQL: CREATE INDEX IDX_QRTZ_T_N_STATE ON QRTZ_TRIGGERS (SCHED_NAME, TRIGGER_NAME, TRIGGER_GROUP, TRIGGER_STATE)
2025-08-06T20:45:54.892+05:30 DEBUG 45196 --- [auction_application] [           main] o.s.jdbc.datasource.init.ScriptUtils     : 0 returned as update count for SQL: CREATE INDEX IDX_QRTZ_T_N_G_STATE ON QRTZ_TRIGGERS (SCHED_NAME, TRIGGER_GROUP, TRIGGER_STATE)
2025-08-06T20:45:55.006+05:30 DEBUG 45196 --- [auction_application] [onnection adder] com.zaxxer.hikari.pool.HikariPool        : HikariPool-1 - Added connection org.postgresql.jdbc.PgConnection@28519ceb
2025-08-06T20:45:55.026+05:30 DEBUG 45196 --- [auction_application] [           main] o.s.jdbc.datasource.init.ScriptUtils     : 0 returned as update count for SQL: CREATE INDEX IDX_QRTZ_T_NEXT_FIRE_TIME ON QRTZ_TRIGGERS (SCHED_NAME, NEXT_FIRE_TIME)
2025-08-06T20:45:55.047+05:30 DEBUG 45196 --- [auction_application] [onnection adder] com.zaxxer.hikari.pool.HikariPool        : HikariPool-1 - After adding stats (total=4, active=1, idle=3, waiting=0)
2025-08-06T20:45:55.047+05:30 DEBUG 45196 --- [auction_application] [onnection adder] org.postgresql.Driver                    : Connecting with URL: jdbc:postgresql://dpg-d285g8re5dus73f8aun0-a.singapore-postgres.render.com/auction_database_47cx?currentSchema=auction_schema
2025-08-06T20:45:55.047+05:30 DEBUG 45196 --- [auction_application] [onnection adder] org.postgresql.jdbc.PgConnection         : PostgreSQL JDBC Driver 42.7.4
2025-08-06T20:45:55.047+05:30 DEBUG 45196 --- [auction_application] [onnection adder] org.postgresql.jdbc.PgConnection         :   setDefaultFetchSize = 0
2025-08-06T20:45:55.047+05:30 DEBUG 45196 --- [auction_application] [onnection adder] org.postgresql.jdbc.PgConnection         :   setPrepareThreshold = 5
2025-08-06T20:45:55.047+05:30 DEBUG 45196 --- [auction_application] [onnection adder] o.p.core.v3.ConnectionFactoryImpl        : Trying to establish a protocol version 3 connection to dpg-d285g8re5dus73f8aun0-a.singapore-postgres.render.com:5432
2025-08-06T20:45:55.221+05:30 DEBUG 45196 --- [auction_application] [           main] o.s.jdbc.datasource.init.ScriptUtils     : 0 returned as update count for SQL: CREATE INDEX IDX_QRTZ_T_NFT_ST ON QRTZ_TRIGGERS (SCHED_NAME, TRIGGER_STATE, NEXT_FIRE_TIME)
2025-08-06T20:45:55.222+05:30 DEBUG 45196 --- [auction_application] [onnection adder] o.p.core.v3.ConnectionFactoryImpl        : Receive Buffer Size is 65,536
2025-08-06T20:45:55.223+05:30 DEBUG 45196 --- [auction_application] [onnection adder] o.p.core.v3.ConnectionFactoryImpl        : Send Buffer Size is 65,536
2025-08-06T20:45:55.371+05:30 DEBUG 45196 --- [auction_application] [onnection adder] org.postgresql.ssl.MakeSSL               : converting regular socket connection to ssl
2025-08-06T20:45:55.378+05:30 DEBUG 45196 --- [auction_application] [           main] o.s.jdbc.datasource.init.ScriptUtils     : 0 returned as update count for SQL: CREATE INDEX IDX_QRTZ_T_NFT_MISFIRE ON QRTZ_TRIGGERS (SCHED_NAME, MISFIRE_INSTR, NEXT_FIRE_TIME)
2025-08-06T20:45:55.543+05:30 DEBUG 45196 --- [auction_application] [onnection adder] jdk.event.security                       : X509Certificate: Alg:SHA256withRSA, Serial:69d81483263975d5a17a8242c2840d1d3fe, Subject:CN=aws-ap-southeast-1-1-postgres.render.com, Issuer:CN=R11, O=Let's Encrypt, C=US, Key type:RSA, Length:2048, Cert Id:1642598958, Valid from:7/13/25, 1:15 AM, Valid until:10/11/25, 1:15 AM
2025-08-06T20:45:55.544+05:30 DEBUG 45196 --- [auction_application] [onnection adder] jdk.event.security                       : X509Certificate: Alg:SHA256withRSA, Serial:8a7d3e13d62f30ef2386bd29076b34f8, Subject:CN=R11, O=Let's Encrypt, C=US, Issuer:CN=ISRG Root X1, O=Internet Security Research Group, C=US, Key type:RSA, Length:2048, Cert Id:-1875479740, Valid from:3/13/24, 5:30 AM, Valid until:3/13/27, 5:29 AM
2025-08-06T20:45:55.546+05:30 DEBUG 45196 --- [auction_application] [onnection adder] jdk.event.security                       :  TLSHandshake: dpg-d285g8re5dus73f8aun0-a.singapore-postgres.render.com:5432, TLSv1.3, TLS_AES_128_GCM_SHA256, 1642598958
2025-08-06T20:45:55.554+05:30 DEBUG 45196 --- [auction_application] [           main] o.s.jdbc.datasource.init.ScriptUtils     : 0 returned as update count for SQL: CREATE INDEX IDX_QRTZ_T_NFT_ST_MISFIRE ON QRTZ_TRIGGERS (SCHED_NAME, MISFIRE_INSTR, NEXT_FIRE_TIME, TRIGGER_STATE)
2025-08-06T20:45:55.757+05:30 DEBUG 45196 --- [auction_application] [           main] o.s.jdbc.datasource.init.ScriptUtils     : 0 returned as update count for SQL: CREATE INDEX IDX_QRTZ_T_NFT_ST_MISFIRE_GRP ON QRTZ_TRIGGERS (SCHED_NAME, MISFIRE_INSTR, NEXT_FIRE_TIME, TRIGGER_GROUP, TRIGGER_STATE)
2025-08-06T20:45:55.940+05:30 DEBUG 45196 --- [auction_application] [           main] o.s.jdbc.datasource.init.ScriptUtils     : 0 returned as update count for SQL: CREATE INDEX IDX_QRTZ_FT_TRIG_INST_NAME ON QRTZ_FIRED_TRIGGERS (SCHED_NAME, INSTANCE_NAME)
2025-08-06T20:45:56.114+05:30 DEBUG 45196 --- [auction_application] [           main] o.s.jdbc.datasource.init.ScriptUtils     : 0 returned as update count for SQL: CREATE INDEX IDX_QRTZ_FT_INST_JOB_REQ_RCVRY ON QRTZ_FIRED_TRIGGERS (SCHED_NAME, INSTANCE_NAME, REQUESTS_RECOVERY)
2025-08-06T20:45:56.287+05:30 DEBUG 45196 --- [auction_application] [           main] o.s.jdbc.datasource.init.ScriptUtils     : 0 returned as update count for SQL: CREATE INDEX IDX_QRTZ_FT_J_G ON QRTZ_FIRED_TRIGGERS (SCHED_NAME, JOB_NAME, JOB_GROUP)
2025-08-06T20:45:56.511+05:30 DEBUG 45196 --- [auction_application] [           main] o.s.jdbc.datasource.init.ScriptUtils     : 0 returned as update count for SQL: CREATE INDEX IDX_QRTZ_FT_JG ON QRTZ_FIRED_TRIGGERS (SCHED_NAME, JOB_GROUP)
2025-08-06T20:45:56.691+05:30 DEBUG 45196 --- [auction_application] [           main] o.s.jdbc.datasource.init.ScriptUtils     : 0 returned as update count for SQL: CREATE INDEX IDX_QRTZ_FT_T_G ON QRTZ_FIRED_TRIGGERS (SCHED_NAME, TRIGGER_NAME, TRIGGER_GROUP)
2025-08-06T20:45:56.862+05:30 DEBUG 45196 --- [auction_application] [           main] o.s.jdbc.datasource.init.ScriptUtils     : 0 returned as update count for SQL: CREATE INDEX IDX_QRTZ_FT_TG ON QRTZ_FIRED_TRIGGERS (SCHED_NAME, TRIGGER_GROUP)
2025-08-06T20:45:56.995+05:30 DEBUG 45196 --- [auction_application] [           main] o.s.jdbc.datasource.init.ScriptUtils     : 0 returned as update count for SQL: COMMIT
2025-08-06T20:45:57.000+05:30 DEBUG 45196 --- [auction_application] [           main] o.s.jdbc.datasource.init.ScriptUtils     : SQLWarning ignored: SQL state '25P01', error code '0', message [there is no transaction in progress]
2025-08-06T20:45:57.003+05:30 DEBUG 45196 --- [auction_application] [           main] o.s.jdbc.datasource.init.ScriptUtils     : Executed SQL script from class path resource [org/quartz/impl/jdbcjobstore/tables_postgres.sql] in 6402 ms.
2025-08-06T20:45:57.004+05:30 DEBUG 45196 --- [auction_application] [           main] o.s.b.f.s.DefaultListableBeanFactory     : Creating shared instance of singleton bean 'dataSourceScriptDatabaseInitializer'
2025-08-06T20:45:57.004+05:30 DEBUG 45196 --- [auction_application] [           main] o.s.b.f.s.DefaultListableBeanFactory     : Creating shared instance of singleton bean 'org.springframework.boot.autoconfigure.sql.init.DataSourceInitializationConfiguration'
2025-08-06T20:45:57.005+05:30 DEBUG 45196 --- [auction_application] [           main] o.s.b.f.s.DefaultListableBeanFactory     : Creating shared instance of singleton bean 'spring.sql.init-org.springframework.boot.autoconfigure.sql.init.SqlInitializationProperties'
2025-08-06T20:45:57.007+05:30 DEBUG 45196 --- [auction_application] [           main] o.s.b.f.s.DefaultListableBeanFactory     : Autowiring by type from bean name 'dataSourceScriptDatabaseInitializer' via factory method to bean named 'dataSource'
2025-08-06T20:45:57.007+05:30 DEBUG 45196 --- [auction_application] [           main] o.s.b.f.s.DefaultListableBeanFactory     : Autowiring by type from bean name 'dataSourceScriptDatabaseInitializer' via factory method to bean named 'spring.sql.init-org.springframework.boot.autoconfigure.sql.init.SqlInitializationProperties'
2025-08-06T20:45:57.010+05:30 DEBUG 45196 --- [auction_application] [           main] o.s.b.f.s.DefaultListableBeanFactory     : Creating shared instance of singleton bean 'entityManagerFactory'
2025-08-06T20:45:57.011+05:30 DEBUG 45196 --- [auction_application] [           main] o.s.b.f.s.DefaultListableBeanFactory     : Creating shared instance of singleton bean 'org.springframework.boot.autoconfigure.orm.jpa.HibernateJpaConfiguration'
2025-08-06T20:45:57.012+05:30 DEBUG 45196 --- [auction_application] [           main] o.s.b.f.s.DefaultListableBeanFactory     : Creating shared instance of singleton bean 'spring.jpa-org.springframework.boot.autoconfigure.orm.jpa.JpaProperties'
2025-08-06T20:45:57.019+05:30 DEBUG 45196 --- [auction_application] [           main] o.s.b.f.s.DefaultListableBeanFactory     : Creating shared instance of singleton bean 'spring.jpa.hibernate-org.springframework.boot.autoconfigure.orm.jpa.HibernateProperties'
2025-08-06T20:45:57.021+05:30 DEBUG 45196 --- [auction_application] [           main] o.s.b.f.s.DefaultListableBeanFactory     : Autowiring by type from bean name 'org.springframework.boot.autoconfigure.orm.jpa.HibernateJpaConfiguration' via constructor to bean named 'dataSource'
2025-08-06T20:45:57.021+05:30 DEBUG 45196 --- [auction_application] [           main] o.s.b.f.s.DefaultListableBeanFactory     : Autowiring by type from bean name 'org.springframework.boot.autoconfigure.orm.jpa.HibernateJpaConfiguration' via constructor to bean named 'spring.jpa-org.springframework.boot.autoconfigure.orm.jpa.JpaProperties'
2025-08-06T20:45:57.021+05:30 DEBUG 45196 --- [auction_application] [           main] o.s.b.f.s.DefaultListableBeanFactory     : Autowiring by type from bean name 'org.springframework.boot.autoconfigure.orm.jpa.HibernateJpaConfiguration' via constructor to bean named 'org.springframework.beans.factory.support.DefaultListableBeanFactory@4a699efa'
2025-08-06T20:45:57.021+05:30 DEBUG 45196 --- [auction_application] [           main] o.s.b.f.s.DefaultListableBeanFactory     : Autowiring by type from bean name 'org.springframework.boot.autoconfigure.orm.jpa.HibernateJpaConfiguration' via constructor to bean named 'spring.jpa.hibernate-org.springframework.boot.autoconfigure.orm.jpa.HibernateProperties'
2025-08-06T20:45:57.029+05:30 DEBUG 45196 --- [auction_application] [           main] o.s.b.f.s.DefaultListableBeanFactory     : Creating shared instance of singleton bean 'hikariPoolDataSourceMetadataProvider'
2025-08-06T20:45:57.030+05:30 DEBUG 45196 --- [auction_application] [           main] o.s.b.f.s.DefaultListableBeanFactory     : Creating shared instance of singleton bean 'org.springframework.boot.autoconfigure.jdbc.metadata.DataSourcePoolMetadataProvidersConfiguration$HikariPoolDataSourceMetadataProviderConfiguration'
2025-08-06T20:45:57.040+05:30 DEBUG 45196 --- [auction_application] [           main] o.s.b.f.s.DefaultListableBeanFactory     : Creating shared instance of singleton bean 'entityManagerFactoryBuilder'
2025-08-06T20:45:57.041+05:30 DEBUG 45196 --- [auction_application] [           main] o.s.b.f.s.DefaultListableBeanFactory     : Creating shared instance of singleton bean 'jpaVendorAdapter'
2025-08-06T20:45:57.057+05:30 DEBUG 45196 --- [auction_application] [           main] org.jboss.logging                        : Logging Provider: org.jboss.logging.Slf4jLoggerProvider found via system property
2025-08-06T20:45:57.064+05:30 DEBUG 45196 --- [auction_application] [           main] o.s.b.f.s.DefaultListableBeanFactory     : Autowiring by type from bean name 'entityManagerFactoryBuilder' via factory method to bean named 'jpaVendorAdapter'
2025-08-06T20:45:57.080+05:30 DEBUG 45196 --- [auction_application] [           main] o.s.b.f.s.DefaultListableBeanFactory     : Creating shared instance of singleton bean 'persistenceManagedTypes'
2025-08-06T20:45:57.082+05:30 DEBUG 45196 --- [auction_application] [           main] o.s.b.f.s.DefaultListableBeanFactory     : Autowiring by type from bean name 'persistenceManagedTypes' via factory method to bean named 'org.springframework.beans.factory.support.DefaultListableBeanFactory@4a699efa'
2025-08-06T20:45:57.082+05:30 DEBUG 45196 --- [auction_application] [           main] o.s.b.f.s.DefaultListableBeanFactory     : Autowiring by type from bean name 'persistenceManagedTypes' via factory method to bean named 'org.springframework.web.context.support.GenericWebApplicationContext@5298dead'
2025-08-06T20:45:57.126+05:30 DEBUG 45196 --- [auction_application] [           main] o.s.b.f.s.DefaultListableBeanFactory     : Autowiring by type from bean name 'entityManagerFactory' via factory method to bean named 'entityManagerFactoryBuilder'
2025-08-06T20:45:57.126+05:30 DEBUG 45196 --- [auction_application] [           main] o.s.b.f.s.DefaultListableBeanFactory     : Autowiring by type from bean name 'entityManagerFactory' via factory method to bean named 'persistenceManagedTypes'
2025-08-06T20:45:57.148+05:30 DEBUG 45196 --- [auction_application] [           main] j.LocalContainerEntityManagerFactoryBean : Building JPA container EntityManagerFactory for persistence unit 'default'
2025-08-06T20:45:57.168+05:30 DEBUG 45196 --- [auction_application] [onnection adder] com.zaxxer.hikari.pool.HikariPool        : HikariPool-1 - Added connection org.postgresql.jdbc.PgConnection@4ff2c28f
2025-08-06T20:45:57.196+05:30 DEBUG 45196 --- [auction_application] [           main] o.hibernate.jpa.internal.util.LogHelper  : PersistenceUnitInfo [
	name: default
	persistence provider classname: null
	classloader: jdk.internal.loader.ClassLoaders$AppClassLoader@73d16e93
	excludeUnlistedClasses: true
	JTA datasource: null
	Non JTA datasource: HikariDataSource (HikariPool-1)
	Transaction type: RESOURCE_LOCAL
	PU root URL: file:/D:/spring_projects/Auction_Application_Monilith/auction_application/target/test-classes/
	Shared Cache Mode: UNSPECIFIED
	Validation Mode: AUTO
	Jar files URLs []
	Managed classes names [
		com.example.auction_application.AuctionListing.entity.AuctionListing
		com.example.auction_application.Bid.entity.Bid
		com.example.auction_application.UserModule.entity.WebUser]
	Mapping files names []
	Properties []
2025-08-06T20:45:57.199+05:30 DEBUG 45196 --- [auction_application] [onnection adder] com.zaxxer.hikari.pool.HikariPool        : HikariPool-1 - After adding stats (total=5, active=0, idle=5, waiting=0)
2025-08-06T20:45:57.199+05:30 DEBUG 45196 --- [auction_application] [onnection adder] org.postgresql.Driver                    : Connecting with URL: jdbc:postgresql://dpg-d285g8re5dus73f8aun0-a.singapore-postgres.render.com/auction_database_47cx?currentSchema=auction_schema
2025-08-06T20:45:57.199+05:30 DEBUG 45196 --- [auction_application] [onnection adder] org.postgresql.jdbc.PgConnection         : PostgreSQL JDBC Driver 42.7.4
2025-08-06T20:45:57.199+05:30 DEBUG 45196 --- [auction_application] [onnection adder] org.postgresql.jdbc.PgConnection         :   setDefaultFetchSize = 0
2025-08-06T20:45:57.200+05:30 DEBUG 45196 --- [auction_application] [onnection adder] org.postgresql.jdbc.PgConnection         :   setPrepareThreshold = 5
2025-08-06T20:45:57.200+05:30 DEBUG 45196 --- [auction_application] [onnection adder] o.p.core.v3.ConnectionFactoryImpl        : Trying to establish a protocol version 3 connection to dpg-d285g8re5dus73f8aun0-a.singapore-postgres.render.com:5432
2025-08-06T20:45:57.222+05:30 DEBUG 45196 --- [auction_application] [           main] o.h.i.internal.IntegratorServiceImpl     : Adding Integrator [org.hibernate.boot.beanvalidation.BeanValidationIntegrator].
2025-08-06T20:45:57.224+05:30 DEBUG 45196 --- [auction_application] [           main] o.h.i.internal.IntegratorServiceImpl     : Adding Integrator [org.hibernate.cache.internal.CollectionCacheInvalidator].
2025-08-06T20:45:57.332+05:30 DEBUG 45196 --- [auction_application] [onnection adder] o.p.core.v3.ConnectionFactoryImpl        : Receive Buffer Size is 65,536
2025-08-06T20:45:57.332+05:30 DEBUG 45196 --- [auction_application] [onnection adder] o.p.core.v3.ConnectionFactoryImpl        : Send Buffer Size is 65,536
2025-08-06T20:45:57.371+05:30  INFO 45196 --- [auction_application] [           main] org.hibernate.Version                    : HHH000412: Hibernate ORM core version 6.6.4.Final
2025-08-06T20:45:57.374+05:30 DEBUG 45196 --- [auction_application] [           main] org.hibernate.cfg.Environment            : HHH000206: 'hibernate.properties' not found
2025-08-06T20:45:57.437+05:30 DEBUG 45196 --- [auction_application] [           main] org.hibernate.orm.idgen.factory          : Registering IdentifierGenerator strategy [uuid2] -> [org.hibernate.id.UUIDGenerator]
2025-08-06T20:45:57.438+05:30 DEBUG 45196 --- [auction_application] [           main] org.hibernate.orm.idgen.factory          : Registering IdentifierGenerator strategy [guid] -> [org.hibernate.id.GUIDGenerator]
2025-08-06T20:45:57.440+05:30 DEBUG 45196 --- [auction_application] [           main] org.hibernate.orm.idgen.factory          : Registering IdentifierGenerator strategy [uuid] -> [org.hibernate.id.UUIDHexGenerator]
2025-08-06T20:45:57.440+05:30 DEBUG 45196 --- [auction_application] [           main] org.hibernate.orm.idgen.factory          : Registering IdentifierGenerator strategy [uuid.hex] -> [org.hibernate.id.UUIDHexGenerator]
2025-08-06T20:45:57.441+05:30 DEBUG 45196 --- [auction_application] [           main] org.hibernate.orm.idgen.factory          : Registering IdentifierGenerator strategy [assigned] -> [org.hibernate.id.Assigned]
2025-08-06T20:45:57.442+05:30 DEBUG 45196 --- [auction_application] [           main] org.hibernate.orm.idgen.factory          : Registering IdentifierGenerator strategy [identity] -> [org.hibernate.id.IdentityGenerator]
2025-08-06T20:45:57.444+05:30 DEBUG 45196 --- [auction_application] [           main] org.hibernate.orm.idgen.factory          : Registering IdentifierGenerator strategy [select] -> [org.hibernate.id.SelectGenerator]
2025-08-06T20:45:57.446+05:30 DEBUG 45196 --- [auction_application] [           main] org.hibernate.orm.idgen.factory          : Registering IdentifierGenerator strategy [sequence] -> [org.hibernate.id.enhanced.SequenceStyleGenerator]
2025-08-06T20:45:57.448+05:30 DEBUG 45196 --- [auction_application] [           main] org.hibernate.orm.idgen.factory          : Registering IdentifierGenerator strategy [increment] -> [org.hibernate.id.IncrementGenerator]
2025-08-06T20:45:57.449+05:30 DEBUG 45196 --- [auction_application] [onnection adder] org.postgresql.ssl.MakeSSL               : converting regular socket connection to ssl
2025-08-06T20:45:57.450+05:30 DEBUG 45196 --- [auction_application] [           main] org.hibernate.orm.idgen.factory          : Registering IdentifierGenerator strategy [foreign] -> [org.hibernate.id.ForeignGenerator]
2025-08-06T20:45:57.451+05:30 DEBUG 45196 --- [auction_application] [           main] org.hibernate.orm.idgen.factory          : Registering IdentifierGenerator strategy [enhanced-sequence] -> [org.hibernate.id.enhanced.SequenceStyleGenerator]
2025-08-06T20:45:57.453+05:30 DEBUG 45196 --- [auction_application] [           main] org.hibernate.orm.idgen.factory          : Registering IdentifierGenerator strategy [enhanced-table] -> [org.hibernate.id.enhanced.TableGenerator]
2025-08-06T20:45:57.471+05:30 DEBUG 45196 --- [auction_application] [           main] o.h.c.internal.RegionFactoryInitiator    : Cannot default RegionFactory based on registered strategies as `[]` RegionFactory strategies were registered
2025-08-06T20:45:57.473+05:30  INFO 45196 --- [auction_application] [           main] o.h.c.internal.RegionFactoryInitiator    : HHH000026: Second-level cache disabled
2025-08-06T20:45:57.550+05:30 DEBUG 45196 --- [auction_application] [onnection adder] jdk.event.security                       : X509Certificate: Alg:SHA256withRSA, Serial:69d81483263975d5a17a8242c2840d1d3fe, Subject:CN=aws-ap-southeast-1-1-postgres.render.com, Issuer:CN=R11, O=Let's Encrypt, C=US, Key type:RSA, Length:2048, Cert Id:1642598958, Valid from:7/13/25, 1:15 AM, Valid until:10/11/25, 1:15 AM
2025-08-06T20:45:57.550+05:30 DEBUG 45196 --- [auction_application] [onnection adder] jdk.event.security                       : X509Certificate: Alg:SHA256withRSA, Serial:8a7d3e13d62f30ef2386bd29076b34f8, Subject:CN=R11, O=Let's Encrypt, C=US, Issuer:CN=ISRG Root X1, O=Internet Security Research Group, C=US, Key type:RSA, Length:2048, Cert Id:-1875479740, Valid from:3/13/24, 5:30 AM, Valid until:3/13/27, 5:29 AM
2025-08-06T20:45:57.555+05:30 DEBUG 45196 --- [auction_application] [onnection adder] jdk.event.security                       :  TLSHandshake: dpg-d285g8re5dus73f8aun0-a.singapore-postgres.render.com:5432, TLSv1.3, TLS_AES_128_GCM_SHA256, 1642598958
2025-08-06T20:45:57.650+05:30 DEBUG 45196 --- [auction_application] [           main] org.hibernate.type.BasicTypeRegistry     : Adding type registration boolean -> org.hibernate.type.BasicTypeReference@12e2f5ab
2025-08-06T20:45:57.650+05:30 DEBUG 45196 --- [auction_application] [           main] org.hibernate.type.BasicTypeRegistry     : Adding type registration boolean -> org.hibernate.type.BasicTypeReference@12e2f5ab
2025-08-06T20:45:57.650+05:30 DEBUG 45196 --- [auction_application] [           main] org.hibernate.type.BasicTypeRegistry     : Adding type registration java.lang.Boolean -> org.hibernate.type.BasicTypeReference@12e2f5ab
2025-08-06T20:45:57.650+05:30 DEBUG 45196 --- [auction_application] [           main] org.hibernate.type.BasicTypeRegistry     : Adding type registration numeric_boolean -> org.hibernate.type.BasicTypeReference@4e61a863
2025-08-06T20:45:57.650+05:30 DEBUG 45196 --- [auction_application] [           main] org.hibernate.type.BasicTypeRegistry     : Adding type registration org.hibernate.type.NumericBooleanConverter -> org.hibernate.type.BasicTypeReference@4e61a863
2025-08-06T20:45:57.650+05:30 DEBUG 45196 --- [auction_application] [           main] org.hibernate.type.BasicTypeRegistry     : Adding type registration true_false -> org.hibernate.type.BasicTypeReference@35f01759
2025-08-06T20:45:57.651+05:30 DEBUG 45196 --- [auction_application] [           main] org.hibernate.type.BasicTypeRegistry     : Adding type registration org.hibernate.type.TrueFalseConverter -> org.hibernate.type.BasicTypeReference@35f01759
2025-08-06T20:45:57.651+05:30 DEBUG 45196 --- [auction_application] [           main] org.hibernate.type.BasicTypeRegistry     : Adding type registration yes_no -> org.hibernate.type.BasicTypeReference@2fea9a7b
2025-08-06T20:45:57.651+05:30 DEBUG 45196 --- [auction_application] [           main] org.hibernate.type.BasicTypeRegistry     : Adding type registration org.hibernate.type.YesNoConverter -> org.hibernate.type.BasicTypeReference@2fea9a7b
2025-08-06T20:45:57.651+05:30 DEBUG 45196 --- [auction_application] [           main] org.hibernate.type.BasicTypeRegistry     : Adding type registration byte -> org.hibernate.type.BasicTypeReference@2aa07d80
2025-08-06T20:45:57.651+05:30 DEBUG 45196 --- [auction_application] [           main] org.hibernate.type.BasicTypeRegistry     : Adding type registration byte -> org.hibernate.type.BasicTypeReference@2aa07d80
2025-08-06T20:45:57.651+05:30 DEBUG 45196 --- [auction_application] [           main] org.hibernate.type.BasicTypeRegistry     : Adding type registration java.lang.Byte -> org.hibernate.type.BasicTypeReference@2aa07d80
2025-08-06T20:45:57.651+05:30 DEBUG 45196 --- [auction_application] [           main] org.hibernate.type.BasicTypeRegistry     : Adding type registration binary -> org.hibernate.type.BasicTypeReference@69c1ea07
2025-08-06T20:45:57.651+05:30 DEBUG 45196 --- [auction_application] [           main] org.hibernate.type.BasicTypeRegistry     : Adding type registration byte[] -> org.hibernate.type.BasicTypeReference@69c1ea07
2025-08-06T20:45:57.651+05:30 DEBUG 45196 --- [auction_application] [           main] org.hibernate.type.BasicTypeRegistry     : Adding type registration [B -> org.hibernate.type.BasicTypeReference@69c1ea07
2025-08-06T20:45:57.651+05:30 DEBUG 45196 --- [auction_application] [           main] org.hibernate.type.BasicTypeRegistry     : Adding type registration binary_wrapper -> org.hibernate.type.BasicTypeReference@5cbe72b9
2025-08-06T20:45:57.651+05:30 DEBUG 45196 --- [auction_application] [           main] org.hibernate.type.BasicTypeRegistry     : Adding type registration wrapper-binary -> org.hibernate.type.BasicTypeReference@5cbe72b9
2025-08-06T20:45:57.651+05:30 DEBUG 45196 --- [auction_application] [           main] org.hibernate.type.BasicTypeRegistry     : Adding type registration image -> org.hibernate.type.BasicTypeReference@27fc0217
2025-08-06T20:45:57.651+05:30 DEBUG 45196 --- [auction_application] [           main] org.hibernate.type.BasicTypeRegistry     : Adding type registration blob -> org.hibernate.type.BasicTypeReference@e993715
2025-08-06T20:45:57.651+05:30 DEBUG 45196 --- [auction_application] [           main] org.hibernate.type.BasicTypeRegistry     : Adding type registration java.sql.Blob -> org.hibernate.type.BasicTypeReference@e993715
2025-08-06T20:45:57.651+05:30 DEBUG 45196 --- [auction_application] [           main] org.hibernate.type.BasicTypeRegistry     : Adding type registration materialized_blob -> org.hibernate.type.BasicTypeReference@686e7513
2025-08-06T20:45:57.651+05:30 DEBUG 45196 --- [auction_application] [           main] org.hibernate.type.BasicTypeRegistry     : Adding type registration materialized_blob_wrapper -> org.hibernate.type.BasicTypeReference@47eae91d
2025-08-06T20:45:57.651+05:30 DEBUG 45196 --- [auction_application] [           main] org.hibernate.type.BasicTypeRegistry     : Adding type registration short -> org.hibernate.type.BasicTypeReference@c1a74d
2025-08-06T20:45:57.651+05:30 DEBUG 45196 --- [auction_application] [           main] org.hibernate.type.BasicTypeRegistry     : Adding type registration short -> org.hibernate.type.BasicTypeReference@c1a74d
2025-08-06T20:45:57.651+05:30 DEBUG 45196 --- [auction_application] [           main] org.hibernate.type.BasicTypeRegistry     : Adding type registration java.lang.Short -> org.hibernate.type.BasicTypeReference@c1a74d
2025-08-06T20:45:57.651+05:30 DEBUG 45196 --- [auction_application] [           main] org.hibernate.type.BasicTypeRegistry     : Adding type registration integer -> org.hibernate.type.BasicTypeReference@472719df
2025-08-06T20:45:57.651+05:30 DEBUG 45196 --- [auction_application] [           main] org.hibernate.type.BasicTypeRegistry     : Adding type registration int -> org.hibernate.type.BasicTypeReference@472719df
2025-08-06T20:45:57.651+05:30 DEBUG 45196 --- [auction_application] [           main] org.hibernate.type.BasicTypeRegistry     : Adding type registration java.lang.Integer -> org.hibernate.type.BasicTypeReference@472719df
2025-08-06T20:45:57.651+05:30 DEBUG 45196 --- [auction_application] [           main] org.hibernate.type.BasicTypeRegistry     : Adding type registration long -> org.hibernate.type.BasicTypeReference@5cfa2ac5
2025-08-06T20:45:57.652+05:30 DEBUG 45196 --- [auction_application] [           main] org.hibernate.type.BasicTypeRegistry     : Adding type registration long -> org.hibernate.type.BasicTypeReference@5cfa2ac5
2025-08-06T20:45:57.652+05:30 DEBUG 45196 --- [auction_application] [           main] org.hibernate.type.BasicTypeRegistry     : Adding type registration java.lang.Long -> org.hibernate.type.BasicTypeReference@5cfa2ac5
2025-08-06T20:45:57.652+05:30 DEBUG 45196 --- [auction_application] [           main] org.hibernate.type.BasicTypeRegistry     : Adding type registration float -> org.hibernate.type.BasicTypeReference@4cc89246
2025-08-06T20:45:57.652+05:30 DEBUG 45196 --- [auction_application] [           main] org.hibernate.type.BasicTypeRegistry     : Adding type registration float -> org.hibernate.type.BasicTypeReference@4cc89246
2025-08-06T20:45:57.652+05:30 DEBUG 45196 --- [auction_application] [           main] org.hibernate.type.BasicTypeRegistry     : Adding type registration java.lang.Float -> org.hibernate.type.BasicTypeReference@4cc89246
2025-08-06T20:45:57.652+05:30 DEBUG 45196 --- [auction_application] [           main] org.hibernate.type.BasicTypeRegistry     : Adding type registration double -> org.hibernate.type.BasicTypeReference@413eaf5d
2025-08-06T20:45:57.652+05:30 DEBUG 45196 --- [auction_application] [           main] org.hibernate.type.BasicTypeRegistry     : Adding type registration double -> org.hibernate.type.BasicTypeReference@413eaf5d
2025-08-06T20:45:57.652+05:30 DEBUG 45196 --- [auction_application] [           main] org.hibernate.type.BasicTypeRegistry     : Adding type registration java.lang.Double -> org.hibernate.type.BasicTypeReference@413eaf5d
2025-08-06T20:45:57.652+05:30 DEBUG 45196 --- [auction_application] [           main] org.hibernate.type.BasicTypeRegistry     : Adding type registration big_integer -> org.hibernate.type.BasicTypeReference@3e28af44
2025-08-06T20:45:57.652+05:30 DEBUG 45196 --- [auction_application] [           main] org.hibernate.type.BasicTypeRegistry     : Adding type registration java.math.BigInteger -> org.hibernate.type.BasicTypeReference@3e28af44
2025-08-06T20:45:57.652+05:30 DEBUG 45196 --- [auction_application] [           main] org.hibernate.type.BasicTypeRegistry     : Adding type registration big_decimal -> org.hibernate.type.BasicTypeReference@33891646
2025-08-06T20:45:57.652+05:30 DEBUG 45196 --- [auction_application] [           main] org.hibernate.type.BasicTypeRegistry     : Adding type registration java.math.BigDecimal -> org.hibernate.type.BasicTypeReference@33891646
2025-08-06T20:45:57.652+05:30 DEBUG 45196 --- [auction_application] [           main] org.hibernate.type.BasicTypeRegistry     : Adding type registration character -> org.hibernate.type.BasicTypeReference@3bdbf8d3
2025-08-06T20:45:57.652+05:30 DEBUG 45196 --- [auction_application] [           main] org.hibernate.type.BasicTypeRegistry     : Adding type registration char -> org.hibernate.type.BasicTypeReference@3bdbf8d3
2025-08-06T20:45:57.652+05:30 DEBUG 45196 --- [auction_application] [           main] org.hibernate.type.BasicTypeRegistry     : Adding type registration java.lang.Character -> org.hibernate.type.BasicTypeReference@3bdbf8d3
2025-08-06T20:45:57.652+05:30 DEBUG 45196 --- [auction_application] [           main] org.hibernate.type.BasicTypeRegistry     : Adding type registration character_nchar -> org.hibernate.type.BasicTypeReference@f2becb2
2025-08-06T20:45:57.652+05:30 DEBUG 45196 --- [auction_application] [           main] org.hibernate.type.BasicTypeRegistry     : Adding type registration string -> org.hibernate.type.BasicTypeReference@7482309c
2025-08-06T20:45:57.652+05:30 DEBUG 45196 --- [auction_application] [           main] org.hibernate.type.BasicTypeRegistry     : Adding type registration java.lang.String -> org.hibernate.type.BasicTypeReference@7482309c
2025-08-06T20:45:57.652+05:30 DEBUG 45196 --- [auction_application] [           main] org.hibernate.type.BasicTypeRegistry     : Adding type registration nstring -> org.hibernate.type.BasicTypeReference@f42336c
2025-08-06T20:45:57.652+05:30 DEBUG 45196 --- [auction_application] [           main] org.hibernate.type.BasicTypeRegistry     : Adding type registration characters -> org.hibernate.type.BasicTypeReference@6b3b4f37
2025-08-06T20:45:57.652+05:30 DEBUG 45196 --- [auction_application] [           main] org.hibernate.type.BasicTypeRegistry     : Adding type registration char[] -> org.hibernate.type.BasicTypeReference@6b3b4f37
2025-08-06T20:45:57.652+05:30 DEBUG 45196 --- [auction_application] [           main] org.hibernate.type.BasicTypeRegistry     : Adding type registration [C -> org.hibernate.type.BasicTypeReference@6b3b4f37
2025-08-06T20:45:57.652+05:30 DEBUG 45196 --- [auction_application] [           main] org.hibernate.type.BasicTypeRegistry     : Adding type registration wrapper-characters -> org.hibernate.type.BasicTypeReference@3b25709e
2025-08-06T20:45:57.652+05:30 DEBUG 45196 --- [auction_application] [           main] org.hibernate.type.BasicTypeRegistry     : Adding type registration text -> org.hibernate.type.BasicTypeReference@5ec6a1b6
2025-08-06T20:45:57.652+05:30 DEBUG 45196 --- [auction_application] [           main] org.hibernate.type.BasicTypeRegistry     : Adding type registration ntext -> org.hibernate.type.BasicTypeReference@40013051
2025-08-06T20:45:57.652+05:30 DEBUG 45196 --- [auction_application] [           main] org.hibernate.type.BasicTypeRegistry     : Adding type registration clob -> org.hibernate.type.BasicTypeReference@71f29d91
2025-08-06T20:45:57.652+05:30 DEBUG 45196 --- [auction_application] [           main] org.hibernate.type.BasicTypeRegistry     : Adding type registration java.sql.Clob -> org.hibernate.type.BasicTypeReference@71f29d91
2025-08-06T20:45:57.652+05:30 DEBUG 45196 --- [auction_application] [           main] org.hibernate.type.BasicTypeRegistry     : Adding type registration nclob -> org.hibernate.type.BasicTypeReference@6143b2b1
2025-08-06T20:45:57.652+05:30 DEBUG 45196 --- [auction_application] [           main] org.hibernate.type.BasicTypeRegistry     : Adding type registration java.sql.NClob -> org.hibernate.type.BasicTypeReference@6143b2b1
2025-08-06T20:45:57.652+05:30 DEBUG 45196 --- [auction_application] [           main] org.hibernate.type.BasicTypeRegistry     : Adding type registration materialized_clob -> org.hibernate.type.BasicTypeReference@a63643e
2025-08-06T20:45:57.652+05:30 DEBUG 45196 --- [auction_application] [           main] org.hibernate.type.BasicTypeRegistry     : Adding type registration materialized_clob_char_array -> org.hibernate.type.BasicTypeReference@43294e9b
2025-08-06T20:45:57.652+05:30 DEBUG 45196 --- [auction_application] [           main] org.hibernate.type.BasicTypeRegistry     : Adding type registration materialized_clob_character_array -> org.hibernate.type.BasicTypeReference@26d24d7a
2025-08-06T20:45:57.652+05:30 DEBUG 45196 --- [auction_application] [           main] org.hibernate.type.BasicTypeRegistry     : Adding type registration materialized_nclob -> org.hibernate.type.BasicTypeReference@5a78b52b
2025-08-06T20:45:57.652+05:30 DEBUG 45196 --- [auction_application] [           main] org.hibernate.type.BasicTypeRegistry     : Adding type registration materialized_nclob_character_array -> org.hibernate.type.BasicTypeReference@4bab78ce
2025-08-06T20:45:57.653+05:30 DEBUG 45196 --- [auction_application] [           main] org.hibernate.type.BasicTypeRegistry     : Adding type registration materialized_nclob_char_array -> org.hibernate.type.BasicTypeReference@42ffbab6
2025-08-06T20:45:57.653+05:30 DEBUG 45196 --- [auction_application] [           main] org.hibernate.type.BasicTypeRegistry     : Adding type registration Duration -> org.hibernate.type.BasicTypeReference@7672960e
2025-08-06T20:45:57.653+05:30 DEBUG 45196 --- [auction_application] [           main] org.hibernate.type.BasicTypeRegistry     : Adding type registration java.time.Duration -> org.hibernate.type.BasicTypeReference@7672960e
2025-08-06T20:45:57.653+05:30 DEBUG 45196 --- [auction_application] [           main] org.hibernate.type.BasicTypeRegistry     : Adding type registration LocalDateTime -> org.hibernate.type.BasicTypeReference@69bca406
2025-08-06T20:45:57.653+05:30 DEBUG 45196 --- [auction_application] [           main] org.hibernate.type.BasicTypeRegistry     : Adding type registration java.time.LocalDateTime -> org.hibernate.type.BasicTypeReference@69bca406
2025-08-06T20:45:57.653+05:30 DEBUG 45196 --- [auction_application] [           main] org.hibernate.type.BasicTypeRegistry     : Adding type registration LocalDate -> org.hibernate.type.BasicTypeReference@79c1ccf7
2025-08-06T20:45:57.653+05:30 DEBUG 45196 --- [auction_application] [           main] org.hibernate.type.BasicTypeRegistry     : Adding type registration java.time.LocalDate -> org.hibernate.type.BasicTypeReference@79c1ccf7
2025-08-06T20:45:57.653+05:30 DEBUG 45196 --- [auction_application] [           main] org.hibernate.type.BasicTypeRegistry     : Adding type registration LocalTime -> org.hibernate.type.BasicTypeReference@4654e373
2025-08-06T20:45:57.653+05:30 DEBUG 45196 --- [auction_application] [           main] org.hibernate.type.BasicTypeRegistry     : Adding type registration java.time.LocalTime -> org.hibernate.type.BasicTypeReference@4654e373
2025-08-06T20:45:57.653+05:30 DEBUG 45196 --- [auction_application] [           main] org.hibernate.type.BasicTypeRegistry     : Adding type registration OffsetDateTime -> org.hibernate.type.BasicTypeReference@2474df51
2025-08-06T20:45:57.653+05:30 DEBUG 45196 --- [auction_application] [           main] org.hibernate.type.BasicTypeRegistry     : Adding type registration java.time.OffsetDateTime -> org.hibernate.type.BasicTypeReference@2474df51
2025-08-06T20:45:57.653+05:30 DEBUG 45196 --- [auction_application] [           main] org.hibernate.type.BasicTypeRegistry     : Adding type registration OffsetDateTimeWithTimezone -> org.hibernate.type.BasicTypeReference@2864d34d
2025-08-06T20:45:57.653+05:30 DEBUG 45196 --- [auction_application] [           main] org.hibernate.type.BasicTypeRegistry     : Adding type registration OffsetDateTimeWithoutTimezone -> org.hibernate.type.BasicTypeReference@5fb514c2
2025-08-06T20:45:57.653+05:30 DEBUG 45196 --- [auction_application] [           main] org.hibernate.type.BasicTypeRegistry     : Adding type registration OffsetTime -> org.hibernate.type.BasicTypeReference@3e9b3b3c
2025-08-06T20:45:57.653+05:30 DEBUG 45196 --- [auction_application] [           main] org.hibernate.type.BasicTypeRegistry     : Adding type registration java.time.OffsetTime -> org.hibernate.type.BasicTypeReference@3e9b3b3c
2025-08-06T20:45:57.653+05:30 DEBUG 45196 --- [auction_application] [           main] org.hibernate.type.BasicTypeRegistry     : Adding type registration OffsetTimeUtc -> org.hibernate.type.BasicTypeReference@3c97f5e9
2025-08-06T20:45:57.653+05:30 DEBUG 45196 --- [auction_application] [           main] org.hibernate.type.BasicTypeRegistry     : Adding type registration OffsetTimeWithTimezone -> org.hibernate.type.BasicTypeReference@32e7b78d
2025-08-06T20:45:57.653+05:30 DEBUG 45196 --- [auction_application] [           main] org.hibernate.type.BasicTypeRegistry     : Adding type registration OffsetTimeWithoutTimezone -> org.hibernate.type.BasicTypeReference@4583b617
2025-08-06T20:45:57.653+05:30 DEBUG 45196 --- [auction_application] [           main] org.hibernate.type.BasicTypeRegistry     : Adding type registration ZonedDateTime -> org.hibernate.type.BasicTypeReference@22a63740
2025-08-06T20:45:57.653+05:30 DEBUG 45196 --- [auction_application] [           main] org.hibernate.type.BasicTypeRegistry     : Adding type registration java.time.ZonedDateTime -> org.hibernate.type.BasicTypeReference@22a63740
2025-08-06T20:45:57.653+05:30 DEBUG 45196 --- [auction_application] [           main] org.hibernate.type.BasicTypeRegistry     : Adding type registration ZonedDateTimeWithTimezone -> org.hibernate.type.BasicTypeReference@211da640
2025-08-06T20:45:57.653+05:30 DEBUG 45196 --- [auction_application] [           main] org.hibernate.type.BasicTypeRegistry     : Adding type registration ZonedDateTimeWithoutTimezone -> org.hibernate.type.BasicTypeReference@2ec92631
2025-08-06T20:45:57.653+05:30 DEBUG 45196 --- [auction_application] [           main] org.hibernate.type.BasicTypeRegistry     : Adding type registration date -> org.hibernate.type.BasicTypeReference@76220ef1
2025-08-06T20:45:57.653+05:30 DEBUG 45196 --- [auction_application] [           main] org.hibernate.type.BasicTypeRegistry     : Adding type registration java.sql.Date -> org.hibernate.type.BasicTypeReference@76220ef1
2025-08-06T20:45:57.653+05:30 DEBUG 45196 --- [auction_application] [           main] org.hibernate.type.BasicTypeRegistry     : Adding type registration time -> org.hibernate.type.BasicTypeReference@65ad2b42
2025-08-06T20:45:57.653+05:30 DEBUG 45196 --- [auction_application] [           main] org.hibernate.type.BasicTypeRegistry     : Adding type registration java.sql.Time -> org.hibernate.type.BasicTypeReference@65ad2b42
2025-08-06T20:45:57.653+05:30 DEBUG 45196 --- [auction_application] [           main] org.hibernate.type.BasicTypeRegistry     : Adding type registration timestamp -> org.hibernate.type.BasicTypeReference@294ebe11
2025-08-06T20:45:57.653+05:30 DEBUG 45196 --- [auction_application] [           main] org.hibernate.type.BasicTypeRegistry     : Adding type registration java.sql.Timestamp -> org.hibernate.type.BasicTypeReference@294ebe11
2025-08-06T20:45:57.653+05:30 DEBUG 45196 --- [auction_application] [           main] org.hibernate.type.BasicTypeRegistry     : Adding type registration java.util.Date -> org.hibernate.type.BasicTypeReference@294ebe11
2025-08-06T20:45:57.653+05:30 DEBUG 45196 --- [auction_application] [           main] org.hibernate.type.BasicTypeRegistry     : Adding type registration calendar -> org.hibernate.type.BasicTypeReference@4e51eda7
2025-08-06T20:45:57.653+05:30 DEBUG 45196 --- [auction_application] [           main] org.hibernate.type.BasicTypeRegistry     : Adding type registration java.util.Calendar -> org.hibernate.type.BasicTypeReference@4e51eda7
2025-08-06T20:45:57.653+05:30 DEBUG 45196 --- [auction_application] [           main] org.hibernate.type.BasicTypeRegistry     : Adding type registration java.util.GregorianCalendar -> org.hibernate.type.BasicTypeReference@4e51eda7
2025-08-06T20:45:57.653+05:30 DEBUG 45196 --- [auction_application] [           main] org.hibernate.type.BasicTypeRegistry     : Adding type registration calendar_date -> org.hibernate.type.BasicTypeReference@2862271a
2025-08-06T20:45:57.653+05:30 DEBUG 45196 --- [auction_application] [           main] org.hibernate.type.BasicTypeRegistry     : Adding type registration calendar_time -> org.hibernate.type.BasicTypeReference@2419fe6f
2025-08-06T20:45:57.653+05:30 DEBUG 45196 --- [auction_application] [           main] org.hibernate.type.BasicTypeRegistry     : Adding type registration instant -> org.hibernate.type.BasicTypeReference@78fb72cb
2025-08-06T20:45:57.653+05:30 DEBUG 45196 --- [auction_application] [           main] org.hibernate.type.BasicTypeRegistry     : Adding type registration java.time.Instant -> org.hibernate.type.BasicTypeReference@78fb72cb
2025-08-06T20:45:57.653+05:30 DEBUG 45196 --- [auction_application] [           main] org.hibernate.type.BasicTypeRegistry     : Adding type registration uuid -> org.hibernate.type.BasicTypeReference@398694a6
2025-08-06T20:45:57.653+05:30 DEBUG 45196 --- [auction_application] [           main] org.hibernate.type.BasicTypeRegistry     : Adding type registration java.util.UUID -> org.hibernate.type.BasicTypeReference@398694a6
2025-08-06T20:45:57.653+05:30 DEBUG 45196 --- [auction_application] [           main] org.hibernate.type.BasicTypeRegistry     : Adding type registration pg-uuid -> org.hibernate.type.BasicTypeReference@398694a6
2025-08-06T20:45:57.653+05:30 DEBUG 45196 --- [auction_application] [           main] org.hibernate.type.BasicTypeRegistry     : Adding type registration uuid-binary -> org.hibernate.type.BasicTypeReference@653e7b
2025-08-06T20:45:57.653+05:30 DEBUG 45196 --- [auction_application] [           main] org.hibernate.type.BasicTypeRegistry     : Adding type registration uuid-char -> org.hibernate.type.BasicTypeReference@6b64429e
2025-08-06T20:45:57.653+05:30 DEBUG 45196 --- [auction_application] [           main] org.hibernate.type.BasicTypeRegistry     : Adding type registration class -> org.hibernate.type.BasicTypeReference@48aa0813
2025-08-06T20:45:57.653+05:30 DEBUG 45196 --- [auction_application] [           main] org.hibernate.type.BasicTypeRegistry     : Adding type registration java.lang.Class -> org.hibernate.type.BasicTypeReference@48aa0813
2025-08-06T20:45:57.653+05:30 DEBUG 45196 --- [auction_application] [           main] org.hibernate.type.BasicTypeRegistry     : Adding type registration currency -> org.hibernate.type.BasicTypeReference@45849604
2025-08-06T20:45:57.653+05:30 DEBUG 45196 --- [auction_application] [           main] org.hibernate.type.BasicTypeRegistry     : Adding type registration Currency -> org.hibernate.type.BasicTypeReference@45849604
2025-08-06T20:45:57.653+05:30 DEBUG 45196 --- [auction_application] [           main] org.hibernate.type.BasicTypeRegistry     : Adding type registration java.util.Currency -> org.hibernate.type.BasicTypeReference@45849604
2025-08-06T20:45:57.653+05:30 DEBUG 45196 --- [auction_application] [           main] org.hibernate.type.BasicTypeRegistry     : Adding type registration locale -> org.hibernate.type.BasicTypeReference@6cbbfe29
2025-08-06T20:45:57.653+05:30 DEBUG 45196 --- [auction_application] [           main] org.hibernate.type.BasicTypeRegistry     : Adding type registration java.util.Locale -> org.hibernate.type.BasicTypeReference@6cbbfe29
2025-08-06T20:45:57.653+05:30 DEBUG 45196 --- [auction_application] [           main] org.hibernate.type.BasicTypeRegistry     : Adding type registration serializable -> org.hibernate.type.BasicTypeReference@25823192
2025-08-06T20:45:57.653+05:30 DEBUG 45196 --- [auction_application] [           main] org.hibernate.type.BasicTypeRegistry     : Adding type registration java.io.Serializable -> org.hibernate.type.BasicTypeReference@25823192
2025-08-06T20:45:57.653+05:30 DEBUG 45196 --- [auction_application] [           main] org.hibernate.type.BasicTypeRegistry     : Adding type registration timezone -> org.hibernate.type.BasicTypeReference@3df04fa1
2025-08-06T20:45:57.653+05:30 DEBUG 45196 --- [auction_application] [           main] org.hibernate.type.BasicTypeRegistry     : Adding type registration java.util.TimeZone -> org.hibernate.type.BasicTypeReference@3df04fa1
2025-08-06T20:45:57.653+05:30 DEBUG 45196 --- [auction_application] [           main] org.hibernate.type.BasicTypeRegistry     : Adding type registration ZoneOffset -> org.hibernate.type.BasicTypeReference@5c25daad
2025-08-06T20:45:57.653+05:30 DEBUG 45196 --- [auction_application] [           main] org.hibernate.type.BasicTypeRegistry     : Adding type registration java.time.ZoneOffset -> org.hibernate.type.BasicTypeReference@5c25daad
2025-08-06T20:45:57.653+05:30 DEBUG 45196 --- [auction_application] [           main] org.hibernate.type.BasicTypeRegistry     : Adding type registration url -> org.hibernate.type.BasicTypeReference@6fdc2db6
2025-08-06T20:45:57.653+05:30 DEBUG 45196 --- [auction_application] [           main] org.hibernate.type.BasicTypeRegistry     : Adding type registration java.net.URL -> org.hibernate.type.BasicTypeReference@6fdc2db6
2025-08-06T20:45:57.653+05:30 DEBUG 45196 --- [auction_application] [           main] org.hibernate.type.BasicTypeRegistry     : Adding type registration vector -> org.hibernate.type.BasicTypeReference@5be69f7e
2025-08-06T20:45:57.653+05:30 DEBUG 45196 --- [auction_application] [           main] org.hibernate.type.BasicTypeRegistry     : Adding type registration float_vector -> org.hibernate.type.BasicTypeReference@64544ee4
2025-08-06T20:45:57.653+05:30 DEBUG 45196 --- [auction_application] [           main] org.hibernate.type.BasicTypeRegistry     : Adding type registration double_vector -> org.hibernate.type.BasicTypeReference@16d61071
2025-08-06T20:45:57.653+05:30 DEBUG 45196 --- [auction_application] [           main] org.hibernate.type.BasicTypeRegistry     : Adding type registration byte_vector -> org.hibernate.type.BasicTypeReference@18692e80
2025-08-06T20:45:57.653+05:30 DEBUG 45196 --- [auction_application] [           main] org.hibernate.type.BasicTypeRegistry     : Adding type registration row_version -> org.hibernate.type.BasicTypeReference@779b4f9c
2025-08-06T20:45:57.663+05:30 DEBUG 45196 --- [auction_application] [           main] org.hibernate.type.BasicTypeRegistry     : Adding type registration object -> org.hibernate.type.JavaObjectType@5dce5c03
2025-08-06T20:45:57.664+05:30 DEBUG 45196 --- [auction_application] [           main] org.hibernate.type.BasicTypeRegistry     : Adding type registration java.lang.Object -> org.hibernate.type.JavaObjectType@5dce5c03
2025-08-06T20:45:57.665+05:30 DEBUG 45196 --- [auction_application] [           main] org.hibernate.type.BasicTypeRegistry     : Adding type registration null -> org.hibernate.type.NullType@1f3361e9
2025-08-06T20:45:57.665+05:30 DEBUG 45196 --- [auction_application] [           main] org.hibernate.type.BasicTypeRegistry     : Adding type registration imm_date -> org.hibernate.type.BasicTypeReference@eebc0db
2025-08-06T20:45:57.666+05:30 DEBUG 45196 --- [auction_application] [           main] org.hibernate.type.BasicTypeRegistry     : Adding type registration imm_time -> org.hibernate.type.BasicTypeReference@1214c98b
2025-08-06T20:45:57.666+05:30 DEBUG 45196 --- [auction_application] [           main] org.hibernate.type.BasicTypeRegistry     : Adding type registration imm_timestamp -> org.hibernate.type.BasicTypeReference@6ab50d1c
2025-08-06T20:45:57.666+05:30 DEBUG 45196 --- [auction_application] [           main] org.hibernate.type.BasicTypeRegistry     : Adding type registration imm_calendar -> org.hibernate.type.BasicTypeReference@6e0d058a
2025-08-06T20:45:57.666+05:30 DEBUG 45196 --- [auction_application] [           main] org.hibernate.type.BasicTypeRegistry     : Adding type registration imm_calendar_date -> org.hibernate.type.BasicTypeReference@3eb0fd88
2025-08-06T20:45:57.666+05:30 DEBUG 45196 --- [auction_application] [           main] org.hibernate.type.BasicTypeRegistry     : Adding type registration imm_calendar_time -> org.hibernate.type.BasicTypeReference@adc3344
2025-08-06T20:45:57.666+05:30 DEBUG 45196 --- [auction_application] [           main] org.hibernate.type.BasicTypeRegistry     : Adding type registration imm_binary -> org.hibernate.type.BasicTypeReference@484302ee
2025-08-06T20:45:57.666+05:30 DEBUG 45196 --- [auction_application] [           main] org.hibernate.type.BasicTypeRegistry     : Adding type registration imm_serializable -> org.hibernate.type.BasicTypeReference@4e647f39
2025-08-06T20:45:57.672+05:30 DEBUG 45196 --- [auction_application] [           main] o.h.boot.internal.BootstrapContextImpl   : Injecting JPA temp ClassLoader [org.springframework.instrument.classloading.SimpleThrowawayClassLoader@5cd71ee2] into BootstrapContext; was [null]
2025-08-06T20:45:57.672+05:30 DEBUG 45196 --- [auction_application] [           main] o.h.boot.internal.ClassLoaderAccessImpl  : ClassLoaderAccessImpl#injectTempClassLoader(org.springframework.instrument.classloading.SimpleThrowawayClassLoader@5cd71ee2) [was null]
2025-08-06T20:45:57.673+05:30 DEBUG 45196 --- [auction_application] [           main] o.h.boot.internal.BootstrapContextImpl   : Injecting ScanEnvironment [org.hibernate.jpa.boot.internal.StandardJpaScanEnvironmentImpl@224d537d] into BootstrapContext; was [null]
2025-08-06T20:45:57.674+05:30 DEBUG 45196 --- [auction_application] [           main] o.h.boot.internal.BootstrapContextImpl   : Injecting ScanOptions [org.hibernate.boot.archive.scan.internal.StandardScanOptions@450d10cb] into BootstrapContext; was [org.hibernate.boot.archive.scan.internal.StandardScanOptions@1bd59b82]
2025-08-06T20:45:58.054+05:30  INFO 45196 --- [auction_application] [           main] o.s.o.j.p.SpringPersistenceUnitInfo      : No LoadTimeWeaver setup: ignoring JPA class transformer
2025-08-06T20:45:58.055+05:30 DEBUG 45196 --- [auction_application] [           main] o.h.boot.internal.BootstrapContextImpl   : Injecting JPA temp ClassLoader [null] into BootstrapContext; was [org.springframework.instrument.classloading.SimpleThrowawayClassLoader@5cd71ee2]
2025-08-06T20:45:58.055+05:30 DEBUG 45196 --- [auction_application] [           main] o.h.boot.internal.ClassLoaderAccessImpl  : ClassLoaderAccessImpl#injectTempClassLoader(null) [was org.springframework.instrument.classloading.SimpleThrowawayClassLoader@5cd71ee2]
2025-08-06T20:45:58.214+05:30 DEBUG 45196 --- [auction_application] [onnection adder] com.zaxxer.hikari.pool.HikariPool        : HikariPool-1 - Added connection org.postgresql.jdbc.PgConnection@500f1d03
2025-08-06T20:45:58.247+05:30 DEBUG 45196 --- [auction_application] [onnection adder] com.zaxxer.hikari.pool.HikariPool        : HikariPool-1 - After adding stats (total=6, active=1, idle=5, waiting=0)
2025-08-06T20:45:58.248+05:30 DEBUG 45196 --- [auction_application] [onnection adder] org.postgresql.Driver                    : Connecting with URL: jdbc:postgresql://dpg-d285g8re5dus73f8aun0-a.singapore-postgres.render.com/auction_database_47cx?currentSchema=auction_schema
2025-08-06T20:45:58.248+05:30 DEBUG 45196 --- [auction_application] [onnection adder] org.postgresql.jdbc.PgConnection         : PostgreSQL JDBC Driver 42.7.4
2025-08-06T20:45:58.248+05:30 DEBUG 45196 --- [auction_application] [onnection adder] org.postgresql.jdbc.PgConnection         :   setDefaultFetchSize = 0
2025-08-06T20:45:58.248+05:30 DEBUG 45196 --- [auction_application] [onnection adder] org.postgresql.jdbc.PgConnection         :   setPrepareThreshold = 5
2025-08-06T20:45:58.248+05:30 DEBUG 45196 --- [auction_application] [onnection adder] o.p.core.v3.ConnectionFactoryImpl        : Trying to establish a protocol version 3 connection to dpg-d285g8re5dus73f8aun0-a.singapore-postgres.render.com:5432
2025-08-06T20:45:58.256+05:30 DEBUG 45196 --- [auction_application] [           main] o.h.e.j.e.i.JdbcEnvironmentInitiator     : Database ->
	   name : PostgreSQL
	version : 17.5 (Debian 17.5-1.pgdg120+1)
	  major : 17
	  minor : 5
2025-08-06T20:45:58.256+05:30 DEBUG 45196 --- [auction_application] [           main] o.h.e.j.e.i.JdbcEnvironmentInitiator     : Driver ->
	   name : PostgreSQL JDBC Driver
	version : 42.7.4
	  major : 42
	  minor : 7
2025-08-06T20:45:58.257+05:30 DEBUG 45196 --- [auction_application] [           main] o.h.e.j.e.i.JdbcEnvironmentInitiator     : JDBC version : 4.2
2025-08-06T20:45:58.379+05:30 DEBUG 45196 --- [auction_application] [onnection adder] o.p.core.v3.ConnectionFactoryImpl        : Receive Buffer Size is 65,536
2025-08-06T20:45:58.379+05:30 DEBUG 45196 --- [auction_application] [onnection adder] o.p.core.v3.ConnectionFactoryImpl        : Send Buffer Size is 65,536
2025-08-06T20:45:58.535+05:30 DEBUG 45196 --- [auction_application] [onnection adder] org.postgresql.ssl.MakeSSL               : converting regular socket connection to ssl
2025-08-06T20:45:58.644+05:30 DEBUG 45196 --- [auction_application] [           main] org.hibernate.orm.dialect                : HHH035001: Using dialect: org.hibernate.dialect.PostgreSQLDialect, version: 17.5
2025-08-06T20:45:58.647+05:30 DEBUG 45196 --- [auction_application] [           main] o.h.e.j.env.spi.IdentifierHelperBuilder  : JDBC driver metadata reported database stores quoted identifiers in neither upper, lower nor mixed case
2025-08-06T20:45:58.707+05:30 DEBUG 45196 --- [auction_application] [onnection adder] jdk.event.security                       : X509Certificate: Alg:SHA256withRSA, Serial:69d81483263975d5a17a8242c2840d1d3fe, Subject:CN=aws-ap-southeast-1-1-postgres.render.com, Issuer:CN=R11, O=Let's Encrypt, C=US, Key type:RSA, Length:2048, Cert Id:1642598958, Valid from:7/13/25, 1:15 AM, Valid until:10/11/25, 1:15 AM
2025-08-06T20:45:58.708+05:30 DEBUG 45196 --- [auction_application] [onnection adder] jdk.event.security                       : X509Certificate: Alg:SHA256withRSA, Serial:8a7d3e13d62f30ef2386bd29076b34f8, Subject:CN=R11, O=Let's Encrypt, C=US, Issuer:CN=ISRG Root X1, O=Internet Security Research Group, C=US, Key type:RSA, Length:2048, Cert Id:-1875479740, Valid from:3/13/24, 5:30 AM, Valid until:3/13/27, 5:29 AM
2025-08-06T20:45:58.711+05:30 DEBUG 45196 --- [auction_application] [onnection adder] jdk.event.security                       :  TLSHandshake: dpg-d285g8re5dus73f8aun0-a.singapore-postgres.render.com:5432, TLSv1.3, TLS_AES_128_GCM_SHA256, 1642598958
2025-08-06T20:45:59.008+05:30 DEBUG 45196 --- [auction_application] [           main] org.hibernate.orm.jdbc.lob               : HHH10010004: Disabling contextual LOB creation as Dialect reported it is not supported
2025-08-06T20:45:59.014+05:30  INFO 45196 --- [auction_application] [           main] org.hibernate.orm.connections.pooling    : HHH10001005: Database info:
	Database JDBC URL [Connecting through datasource 'HikariDataSource (HikariPool-1)']
	Database driver: undefined/unknown
	Database version: 17.5
	Autocommit mode: undefined/unknown
	Isolation level: undefined/unknown
	Minimum pool size: undefined/unknown
	Maximum pool size: undefined/unknown
2025-08-06T20:45:59.019+05:30 DEBUG 45196 --- [auction_application] [           main] o.h.t.d.sql.spi.DdlTypeRegistry          : addDescriptor(2003, org.hibernate.type.descriptor.sql.internal.ArrayDdlTypeImpl@903c13) replaced previous registration(org.hibernate.type.descriptor.sql.internal.ArrayDdlTypeImpl@4ae5ddc0)
2025-08-06T20:45:59.019+05:30 DEBUG 45196 --- [auction_application] [           main] o.h.t.d.sql.spi.DdlTypeRegistry          : addDescriptor(6, org.hibernate.type.descriptor.sql.internal.CapacityDependentDdlType@36ab69d9) replaced previous registration(org.hibernate.type.descriptor.sql.internal.DdlTypeImpl@5ebfe7fa)
2025-08-06T20:45:59.021+05:30 DEBUG 45196 --- [auction_application] [           main] o.h.t.d.jdbc.spi.JdbcTypeRegistry        : addDescriptor(2004, BlobTypeDescriptor(BLOB_BINDING)) replaced previous registration(BlobTypeDescriptor(DEFAULT))
2025-08-06T20:45:59.021+05:30 DEBUG 45196 --- [auction_application] [           main] o.h.t.d.jdbc.spi.JdbcTypeRegistry        : addDescriptor(2005, ClobTypeDescriptor(CLOB_BINDING)) replaced previous registration(ClobTypeDescriptor(DEFAULT))
2025-08-06T20:45:59.031+05:30 DEBUG 45196 --- [auction_application] [           main] org.hibernate.type.BasicTypeRegistry     : Adding type registration JAVA_OBJECT -> org.hibernate.type.JavaObjectType@1fd35a92
2025-08-06T20:45:59.032+05:30 DEBUG 45196 --- [auction_application] [           main] org.hibernate.type.BasicTypeRegistry     : Adding type registration java.lang.Object -> org.hibernate.type.JavaObjectType@1fd35a92
2025-08-06T20:45:59.032+05:30 DEBUG 45196 --- [auction_application] [           main] org.hibernate.type.BasicTypeRegistry     : Type registration key [java.lang.Object] overrode previous entry : `org.hibernate.type.JavaObjectType@5dce5c03`
2025-08-06T20:45:59.035+05:30 DEBUG 45196 --- [auction_application] [           main] org.hibernate.type.BasicTypeRegistry     : Adding type registration org.hibernate.type.DurationType -> basicType@1(java.time.Duration,3015)
2025-08-06T20:45:59.035+05:30 DEBUG 45196 --- [auction_application] [           main] org.hibernate.type.BasicTypeRegistry     : Adding type registration Duration -> basicType@1(java.time.Duration,3015)
2025-08-06T20:45:59.035+05:30 DEBUG 45196 --- [auction_application] [           main] org.hibernate.type.BasicTypeRegistry     : Adding type registration java.time.Duration -> basicType@1(java.time.Duration,3015)
2025-08-06T20:45:59.037+05:30 DEBUG 45196 --- [auction_application] [           main] org.hibernate.type.BasicTypeRegistry     : Adding type registration org.hibernate.type.OffsetDateTimeType -> basicType@2(java.time.OffsetDateTime,3003)
2025-08-06T20:45:59.037+05:30 DEBUG 45196 --- [auction_application] [           main] org.hibernate.type.BasicTypeRegistry     : Adding type registration OffsetDateTime -> basicType@2(java.time.OffsetDateTime,3003)
2025-08-06T20:45:59.037+05:30 DEBUG 45196 --- [auction_application] [           main] org.hibernate.type.BasicTypeRegistry     : Adding type registration java.time.OffsetDateTime -> basicType@2(java.time.OffsetDateTime,3003)
2025-08-06T20:45:59.037+05:30 DEBUG 45196 --- [auction_application] [           main] org.hibernate.type.BasicTypeRegistry     : Adding type registration org.hibernate.type.ZonedDateTimeType -> basicType@3(java.time.ZonedDateTime,3003)
2025-08-06T20:45:59.037+05:30 DEBUG 45196 --- [auction_application] [           main] org.hibernate.type.BasicTypeRegistry     : Adding type registration ZonedDateTime -> basicType@3(java.time.ZonedDateTime,3003)
2025-08-06T20:45:59.037+05:30 DEBUG 45196 --- [auction_application] [           main] org.hibernate.type.BasicTypeRegistry     : Adding type registration java.time.ZonedDateTime -> basicType@3(java.time.ZonedDateTime,3003)
2025-08-06T20:45:59.038+05:30 DEBUG 45196 --- [auction_application] [           main] org.hibernate.type.BasicTypeRegistry     : Adding type registration org.hibernate.type.OffsetTimeType -> basicType@4(java.time.OffsetTime,3007)
2025-08-06T20:45:59.038+05:30 DEBUG 45196 --- [auction_application] [           main] org.hibernate.type.BasicTypeRegistry     : Adding type registration OffsetTime -> basicType@4(java.time.OffsetTime,3007)
2025-08-06T20:45:59.038+05:30 DEBUG 45196 --- [auction_application] [           main] org.hibernate.type.BasicTypeRegistry     : Adding type registration java.time.OffsetTime -> basicType@4(java.time.OffsetTime,3007)
2025-08-06T20:45:59.042+05:30 DEBUG 45196 --- [auction_application] [           main] o.h.type.spi.TypeConfiguration$Scope     : Scoping TypeConfiguration [org.hibernate.type.spi.TypeConfiguration@42474b18] to MetadataBuildingContext [org.hibernate.boot.internal.MetadataBuildingContextRootImpl@31b91435]
2025-08-06T20:45:59.111+05:30 DEBUG 45196 --- [auction_application] [           main] o.h.boot.model.relational.Namespace      : Created database namespace [logicalName=Name{catalog=null, schema=null}, physicalName=Name{catalog=null, schema=null}]
2025-08-06T20:45:59.147+05:30 DEBUG 45196 --- [auction_application] [           main] o.h.boot.model.internal.EntityBinder     : Binding entity from annotated class: com.example.auction_application.AuctionListing.entity.AuctionListing
2025-08-06T20:45:59.153+05:30 DEBUG 45196 --- [auction_application] [           main] o.h.boot.model.internal.EntityBinder     : Import with entity name AuctionListing
2025-08-06T20:45:59.164+05:30 DEBUG 45196 --- [auction_application] [           main] o.h.boot.model.internal.EntityBinder     : Bind entity com.example.auction_application.AuctionListing.entity.AuctionListing on table auction_listing
2025-08-06T20:45:59.188+05:30 DEBUG 45196 --- [auction_application] [           main] o.h.boot.model.internal.AnnotatedColumn  : Binding column: AnnotatedDiscriminatorColumn(column='DTYPE')
2025-08-06T20:45:59.233+05:30 DEBUG 45196 --- [auction_application] [           main] o.h.boot.model.internal.AnnotatedColumn  : Binding column: AnnotatedColumn()
2025-08-06T20:45:59.233+05:30 DEBUG 45196 --- [auction_application] [           main] o.h.boot.internal.ClassLoaderAccessImpl  : Not known whether passed class name [com.example.auction_application.AuctionListing.entity.AuctionListing] is safe
2025-08-06T20:45:59.233+05:30 DEBUG 45196 --- [auction_application] [           main] o.h.boot.internal.ClassLoaderAccessImpl  : No temp ClassLoader provided; using live ClassLoader for loading potentially unsafe class : com.example.auction_application.AuctionListing.entity.AuctionListing
2025-08-06T20:45:59.237+05:30 DEBUG 45196 --- [auction_application] [           main] o.h.boot.model.internal.PropertyBinder   : MetadataSourceProcessor property id with lazy=false
2025-08-06T20:45:59.240+05:30 DEBUG 45196 --- [auction_application] [           main] o.h.b.m.internal.AbstractPropertyHolder  : Attempting to locate auto-apply AttributeConverter for property [com.example.auction_application.AuctionListing.entity.AuctionListing:id]
2025-08-06T20:45:59.243+05:30 DEBUG 45196 --- [auction_application] [           main] o.h.b.model.internal.BasicValueBinder    : building BasicValue for id
2025-08-06T20:45:59.245+05:30 DEBUG 45196 --- [auction_application] [           main] org.hibernate.mapping.BasicValue         : Skipping column re-registration: auction_listing.id
2025-08-06T20:45:59.246+05:30 DEBUG 45196 --- [auction_application] [           main] o.h.boot.model.internal.PropertyBinder   : Building property id
2025-08-06T20:45:59.251+05:30 DEBUG 45196 --- [auction_application] [           main] o.h.boot.model.internal.BinderHelper     : #makeIdGenerator(BasicValue([Column(id)]), id, identity, , ...)
2025-08-06T20:45:59.252+05:30 DEBUG 45196 --- [auction_application] [           main] o.h.boot.model.internal.AnnotatedColumn  : Binding column: AnnotatedColumn()
2025-08-06T20:45:59.252+05:30 DEBUG 45196 --- [auction_application] [           main] o.h.boot.model.internal.PropertyBinder   : MetadataSourceProcessor property auctionStatus with lazy=false
2025-08-06T20:45:59.252+05:30 DEBUG 45196 --- [auction_application] [           main] o.h.b.m.internal.AbstractPropertyHolder  : Attempting to locate auto-apply AttributeConverter for property [com.example.auction_application.AuctionListing.entity.AuctionListing:auctionStatus]
2025-08-06T20:45:59.252+05:30 DEBUG 45196 --- [auction_application] [           main] o.h.b.model.internal.BasicValueBinder    : building BasicValue for auctionStatus
2025-08-06T20:45:59.253+05:30 DEBUG 45196 --- [auction_application] [           main] org.hibernate.mapping.BasicValue         : Skipping column re-registration: auction_listing.auction_status
2025-08-06T20:45:59.253+05:30 DEBUG 45196 --- [auction_application] [           main] o.h.boot.model.internal.PropertyBinder   : Building property auctionStatus
2025-08-06T20:45:59.255+05:30 DEBUG 45196 --- [auction_application] [           main] o.h.boot.model.internal.AnnotatedColumn  : Binding column: AnnotatedJoinColumn()
2025-08-06T20:45:59.255+05:30 DEBUG 45196 --- [auction_application] [           main] o.h.boot.model.internal.AnnotatedColumn  : Binding column: AnnotatedColumn()
2025-08-06T20:45:59.266+05:30 DEBUG 45196 --- [auction_application] [           main] o.h.boot.model.internal.AnnotatedColumn  : Binding column: IndexColumn(column='bids_ORDER')
2025-08-06T20:45:59.270+05:30 DEBUG 45196 --- [auction_application] [           main] o.h.boot.model.internal.AnnotatedColumn  : Binding column: AnnotatedColumn()
2025-08-06T20:45:59.270+05:30 DEBUG 45196 --- [auction_application] [           main] o.h.boot.model.internal.AnnotatedColumn  : Binding column: AnnotatedColumn(column='bids_KEY')
2025-08-06T20:45:59.271+05:30 DEBUG 45196 --- [auction_application] [           main] o.h.boot.model.internal.AnnotatedColumn  : Binding column: AnnotatedJoinColumn(column='bids_KEY')
2025-08-06T20:45:59.272+05:30 DEBUG 45196 --- [auction_application] [           main] o.h.boot.model.internal.AnnotatedColumn  : Binding column: AnnotatedJoinColumn()
2025-08-06T20:45:59.272+05:30 DEBUG 45196 --- [auction_application] [           main] o.h.boot.model.internal.AnnotatedColumn  : Binding column: AnnotatedJoinColumn()
2025-08-06T20:45:59.273+05:30 DEBUG 45196 --- [auction_application] [           main] o.h.b.model.internal.CollectionBinder    : Collection role: com.example.auction_application.AuctionListing.entity.AuctionListing.bids
2025-08-06T20:45:59.274+05:30 DEBUG 45196 --- [auction_application] [           main] o.h.boot.model.internal.PropertyBinder   : Building property bids
2025-08-06T20:45:59.275+05:30 DEBUG 45196 --- [auction_application] [           main] o.h.boot.model.internal.AnnotatedColumn  : Binding column: AnnotatedColumn()
2025-08-06T20:45:59.275+05:30 DEBUG 45196 --- [auction_application] [           main] o.h.boot.model.internal.PropertyBinder   : MetadataSourceProcessor property category with lazy=false
2025-08-06T20:45:59.275+05:30 DEBUG 45196 --- [auction_application] [           main] o.h.b.m.internal.AbstractPropertyHolder  : Attempting to locate auto-apply AttributeConverter for property [com.example.auction_application.AuctionListing.entity.AuctionListing:category]
2025-08-06T20:45:59.275+05:30 DEBUG 45196 --- [auction_application] [           main] o.h.b.model.internal.BasicValueBinder    : building BasicValue for category
2025-08-06T20:45:59.275+05:30 DEBUG 45196 --- [auction_application] [           main] org.hibernate.mapping.BasicValue         : Skipping column re-registration: auction_listing.category
2025-08-06T20:45:59.275+05:30 DEBUG 45196 --- [auction_application] [           main] o.h.boot.model.internal.PropertyBinder   : Building property category
2025-08-06T20:45:59.275+05:30 DEBUG 45196 --- [auction_application] [           main] o.h.boot.model.internal.AnnotatedColumn  : Binding column: AnnotatedColumn()
2025-08-06T20:45:59.275+05:30 DEBUG 45196 --- [auction_application] [           main] o.h.boot.model.internal.PropertyBinder   : MetadataSourceProcessor property currentHighestBid with lazy=false
2025-08-06T20:45:59.275+05:30 DEBUG 45196 --- [auction_application] [           main] o.h.b.m.internal.AbstractPropertyHolder  : Attempting to locate auto-apply AttributeConverter for property [com.example.auction_application.AuctionListing.entity.AuctionListing:currentHighestBid]
2025-08-06T20:45:59.275+05:30 DEBUG 45196 --- [auction_application] [           main] o.h.b.model.internal.BasicValueBinder    : building BasicValue for currentHighestBid
2025-08-06T20:45:59.275+05:30 DEBUG 45196 --- [auction_application] [           main] org.hibernate.mapping.BasicValue         : Skipping column re-registration: auction_listing.current_highest_bid
2025-08-06T20:45:59.275+05:30 DEBUG 45196 --- [auction_application] [           main] o.h.boot.model.internal.PropertyBinder   : Building property currentHighestBid
2025-08-06T20:45:59.276+05:30 DEBUG 45196 --- [auction_application] [           main] o.h.boot.model.internal.AnnotatedColumn  : Binding column: AnnotatedJoinColumn()
2025-08-06T20:45:59.276+05:30 DEBUG 45196 --- [auction_application] [           main] o.h.boot.model.internal.AnnotatedColumn  : Binding column: AnnotatedColumn()
2025-08-06T20:45:59.279+05:30 DEBUG 45196 --- [auction_application] [           main] o.h.boot.model.internal.PropertyBinder   : Building property currentHighestBidder
2025-08-06T20:45:59.280+05:30 DEBUG 45196 --- [auction_application] [           main] o.h.boot.model.internal.AnnotatedColumn  : Binding column: AnnotatedColumn()
2025-08-06T20:45:59.280+05:30 DEBUG 45196 --- [auction_application] [           main] o.h.boot.model.internal.PropertyBinder   : MetadataSourceProcessor property description with lazy=false
2025-08-06T20:45:59.280+05:30 DEBUG 45196 --- [auction_application] [           main] o.h.b.m.internal.AbstractPropertyHolder  : Attempting to locate auto-apply AttributeConverter for property [com.example.auction_application.AuctionListing.entity.AuctionListing:description]
2025-08-06T20:45:59.280+05:30 DEBUG 45196 --- [auction_application] [           main] o.h.b.model.internal.BasicValueBinder    : building BasicValue for description
2025-08-06T20:45:59.280+05:30 DEBUG 45196 --- [auction_application] [           main] org.hibernate.mapping.BasicValue         : Skipping column re-registration: auction_listing.description
2025-08-06T20:45:59.280+05:30 DEBUG 45196 --- [auction_application] [           main] o.h.boot.model.internal.PropertyBinder   : Building property description
2025-08-06T20:45:59.280+05:30 DEBUG 45196 --- [auction_application] [           main] o.h.boot.model.internal.AnnotatedColumn  : Binding column: AnnotatedColumn()
2025-08-06T20:45:59.280+05:30 DEBUG 45196 --- [auction_application] [           main] o.h.boot.model.internal.PropertyBinder   : MetadataSourceProcessor property endTime with lazy=false
2025-08-06T20:45:59.280+05:30 DEBUG 45196 --- [auction_application] [           main] o.h.b.m.internal.AbstractPropertyHolder  : Attempting to locate auto-apply AttributeConverter for property [com.example.auction_application.AuctionListing.entity.AuctionListing:endTime]
2025-08-06T20:45:59.280+05:30 DEBUG 45196 --- [auction_application] [           main] o.h.b.model.internal.BasicValueBinder    : building BasicValue for endTime
2025-08-06T20:45:59.280+05:30 DEBUG 45196 --- [auction_application] [           main] org.hibernate.mapping.BasicValue         : Skipping column re-registration: auction_listing.end_time
2025-08-06T20:45:59.280+05:30 DEBUG 45196 --- [auction_application] [           main] o.h.boot.model.internal.PropertyBinder   : Building property endTime
2025-08-06T20:45:59.280+05:30 DEBUG 45196 --- [auction_application] [           main] o.h.boot.model.internal.AnnotatedColumn  : Binding column: AnnotatedColumn()
2025-08-06T20:45:59.280+05:30 DEBUG 45196 --- [auction_application] [           main] o.h.boot.model.internal.PropertyBinder   : MetadataSourceProcessor property itemName with lazy=false
2025-08-06T20:45:59.280+05:30 DEBUG 45196 --- [auction_application] [           main] o.h.b.m.internal.AbstractPropertyHolder  : Attempting to locate auto-apply AttributeConverter for property [com.example.auction_application.AuctionListing.entity.AuctionListing:itemName]
2025-08-06T20:45:59.281+05:30 DEBUG 45196 --- [auction_application] [           main] o.h.b.model.internal.BasicValueBinder    : building BasicValue for itemName
2025-08-06T20:45:59.281+05:30 DEBUG 45196 --- [auction_application] [           main] org.hibernate.mapping.BasicValue         : Skipping column re-registration: auction_listing.item_name
2025-08-06T20:45:59.281+05:30 DEBUG 45196 --- [auction_application] [           main] o.h.boot.model.internal.PropertyBinder   : Building property itemName
2025-08-06T20:45:59.281+05:30 DEBUG 45196 --- [auction_application] [           main] o.h.boot.model.internal.AnnotatedColumn  : Binding column: AnnotatedColumn()
2025-08-06T20:45:59.281+05:30 DEBUG 45196 --- [auction_application] [           main] o.h.boot.model.internal.PropertyBinder   : MetadataSourceProcessor property picture with lazy=false
2025-08-06T20:45:59.281+05:30 DEBUG 45196 --- [auction_application] [           main] o.h.b.m.internal.AbstractPropertyHolder  : Attempting to locate auto-apply AttributeConverter for property [com.example.auction_application.AuctionListing.entity.AuctionListing:picture]
2025-08-06T20:45:59.281+05:30 DEBUG 45196 --- [auction_application] [           main] o.h.b.model.internal.BasicValueBinder    : building BasicValue for picture
2025-08-06T20:45:59.281+05:30 DEBUG 45196 --- [auction_application] [           main] org.hibernate.mapping.BasicValue         : Skipping column re-registration: auction_listing.picture
2025-08-06T20:45:59.281+05:30 DEBUG 45196 --- [auction_application] [           main] o.h.boot.model.internal.PropertyBinder   : Building property picture
2025-08-06T20:45:59.281+05:30 DEBUG 45196 --- [auction_application] [           main] o.h.boot.model.internal.AnnotatedColumn  : Binding column: AnnotatedJoinColumn()
2025-08-06T20:45:59.281+05:30 DEBUG 45196 --- [auction_application] [           main] o.h.boot.model.internal.AnnotatedColumn  : Binding column: AnnotatedColumn()
2025-08-06T20:45:59.281+05:30 DEBUG 45196 --- [auction_application] [           main] o.h.boot.model.internal.PropertyBinder   : Building property seller
2025-08-06T20:45:59.281+05:30 DEBUG 45196 --- [auction_application] [           main] o.h.boot.model.internal.AnnotatedColumn  : Binding column: AnnotatedColumn()
2025-08-06T20:45:59.281+05:30 DEBUG 45196 --- [auction_application] [           main] o.h.boot.model.internal.PropertyBinder   : MetadataSourceProcessor property startTime with lazy=false
2025-08-06T20:45:59.281+05:30 DEBUG 45196 --- [auction_application] [           main] o.h.b.m.internal.AbstractPropertyHolder  : Attempting to locate auto-apply AttributeConverter for property [com.example.auction_application.AuctionListing.entity.AuctionListing:startTime]
2025-08-06T20:45:59.281+05:30 DEBUG 45196 --- [auction_application] [           main] o.h.b.model.internal.BasicValueBinder    : building BasicValue for startTime
2025-08-06T20:45:59.281+05:30 DEBUG 45196 --- [auction_application] [           main] org.hibernate.mapping.BasicValue         : Skipping column re-registration: auction_listing.start_time
2025-08-06T20:45:59.281+05:30 DEBUG 45196 --- [auction_application] [           main] o.h.boot.model.internal.PropertyBinder   : Building property startTime
2025-08-06T20:45:59.281+05:30 DEBUG 45196 --- [auction_application] [           main] o.h.boot.model.internal.AnnotatedColumn  : Binding column: AnnotatedColumn()
2025-08-06T20:45:59.281+05:30 DEBUG 45196 --- [auction_application] [           main] o.h.boot.model.internal.PropertyBinder   : MetadataSourceProcessor property startingPrice with lazy=false
2025-08-06T20:45:59.281+05:30 DEBUG 45196 --- [auction_application] [           main] o.h.b.m.internal.AbstractPropertyHolder  : Attempting to locate auto-apply AttributeConverter for property [com.example.auction_application.AuctionListing.entity.AuctionListing:startingPrice]
2025-08-06T20:45:59.281+05:30 DEBUG 45196 --- [auction_application] [           main] o.h.b.model.internal.BasicValueBinder    : building BasicValue for startingPrice
2025-08-06T20:45:59.281+05:30 DEBUG 45196 --- [auction_application] [           main] org.hibernate.mapping.BasicValue         : Skipping column re-registration: auction_listing.starting_price
2025-08-06T20:45:59.281+05:30 DEBUG 45196 --- [auction_application] [           main] o.h.boot.model.internal.PropertyBinder   : Building property startingPrice
2025-08-06T20:45:59.283+05:30 DEBUG 45196 --- [auction_application] [           main] o.h.b.r.c.i.ClassLoaderServiceImpl       : HHH000194: Package not found or no package-info.java: com.example.auction_application.AuctionListing.entity
2025-08-06T20:45:59.291+05:30 DEBUG 45196 --- [auction_application] [           main] o.h.boot.model.internal.EntityBinder     : Binding entity from annotated class: com.example.auction_application.Bid.entity.Bid
2025-08-06T20:45:59.292+05:30 DEBUG 45196 --- [auction_application] [           main] o.h.boot.model.internal.EntityBinder     : Import with entity name Bid
2025-08-06T20:45:59.292+05:30 DEBUG 45196 --- [auction_application] [           main] o.h.boot.model.internal.EntityBinder     : Bind entity com.example.auction_application.Bid.entity.Bid on table bid
2025-08-06T20:45:59.292+05:30 DEBUG 45196 --- [auction_application] [           main] o.h.boot.model.internal.AnnotatedColumn  : Binding column: AnnotatedDiscriminatorColumn(column='DTYPE')
2025-08-06T20:45:59.293+05:30 DEBUG 45196 --- [auction_application] [           main] o.h.boot.model.internal.AnnotatedColumn  : Binding column: AnnotatedColumn()
2025-08-06T20:45:59.293+05:30 DEBUG 45196 --- [auction_application] [           main] o.h.boot.internal.ClassLoaderAccessImpl  : Not known whether passed class name [com.example.auction_application.Bid.entity.Bid] is safe
2025-08-06T20:45:59.293+05:30 DEBUG 45196 --- [auction_application] [           main] o.h.boot.internal.ClassLoaderAccessImpl  : No temp ClassLoader provided; using live ClassLoader for loading potentially unsafe class : com.example.auction_application.Bid.entity.Bid
2025-08-06T20:45:59.293+05:30 DEBUG 45196 --- [auction_application] [           main] o.h.boot.model.internal.PropertyBinder   : MetadataSourceProcessor property id with lazy=false
2025-08-06T20:45:59.293+05:30 DEBUG 45196 --- [auction_application] [           main] o.h.b.m.internal.AbstractPropertyHolder  : Attempting to locate auto-apply AttributeConverter for property [com.example.auction_application.Bid.entity.Bid:id]
2025-08-06T20:45:59.293+05:30 DEBUG 45196 --- [auction_application] [           main] o.h.b.model.internal.BasicValueBinder    : building BasicValue for id
2025-08-06T20:45:59.293+05:30 DEBUG 45196 --- [auction_application] [           main] org.hibernate.mapping.BasicValue         : Skipping column re-registration: bid.id
2025-08-06T20:45:59.293+05:30 DEBUG 45196 --- [auction_application] [           main] o.h.boot.model.internal.PropertyBinder   : Building property id
2025-08-06T20:45:59.293+05:30 DEBUG 45196 --- [auction_application] [           main] o.h.boot.model.internal.BinderHelper     : #makeIdGenerator(BasicValue([Column(id)]), id, org.hibernate.id.enhanced.SequenceStyleGenerator, , ...)
2025-08-06T20:45:59.293+05:30 DEBUG 45196 --- [auction_application] [           main] o.h.boot.model.internal.AnnotatedColumn  : Binding column: AnnotatedColumn()
2025-08-06T20:45:59.293+05:30 DEBUG 45196 --- [auction_application] [           main] o.h.boot.model.internal.PropertyBinder   : MetadataSourceProcessor property amount with lazy=false
2025-08-06T20:45:59.293+05:30 DEBUG 45196 --- [auction_application] [           main] o.h.b.m.internal.AbstractPropertyHolder  : Attempting to locate auto-apply AttributeConverter for property [com.example.auction_application.Bid.entity.Bid:amount]
2025-08-06T20:45:59.293+05:30 DEBUG 45196 --- [auction_application] [           main] o.h.b.model.internal.BasicValueBinder    : building BasicValue for amount
2025-08-06T20:45:59.293+05:30 DEBUG 45196 --- [auction_application] [           main] org.hibernate.mapping.BasicValue         : Skipping column re-registration: bid.amount
2025-08-06T20:45:59.293+05:30 DEBUG 45196 --- [auction_application] [           main] o.h.boot.model.internal.PropertyBinder   : Building property amount
2025-08-06T20:45:59.293+05:30 DEBUG 45196 --- [auction_application] [           main] o.h.boot.model.internal.AnnotatedColumn  : Binding column: AnnotatedJoinColumn()
2025-08-06T20:45:59.293+05:30 DEBUG 45196 --- [auction_application] [           main] o.h.boot.model.internal.AnnotatedColumn  : Binding column: AnnotatedColumn()
2025-08-06T20:45:59.293+05:30 DEBUG 45196 --- [auction_application] [           main] o.h.boot.model.internal.PropertyBinder   : Building property auctionListing
2025-08-06T20:45:59.293+05:30 DEBUG 45196 --- [auction_application] [           main] o.h.boot.model.internal.AnnotatedColumn  : Binding column: AnnotatedJoinColumn()
2025-08-06T20:45:59.293+05:30 DEBUG 45196 --- [auction_application] [           main] o.h.boot.model.internal.AnnotatedColumn  : Binding column: AnnotatedColumn()
2025-08-06T20:45:59.294+05:30 DEBUG 45196 --- [auction_application] [           main] o.h.boot.model.internal.PropertyBinder   : Building property bidder
2025-08-06T20:45:59.294+05:30 DEBUG 45196 --- [auction_application] [           main] o.h.boot.model.internal.AnnotatedColumn  : Binding column: AnnotatedColumn()
2025-08-06T20:45:59.294+05:30 DEBUG 45196 --- [auction_application] [           main] o.h.boot.model.internal.PropertyBinder   : MetadataSourceProcessor property timeStamp with lazy=false
2025-08-06T20:45:59.294+05:30 DEBUG 45196 --- [auction_application] [           main] o.h.b.m.internal.AbstractPropertyHolder  : Attempting to locate auto-apply AttributeConverter for property [com.example.auction_application.Bid.entity.Bid:timeStamp]
2025-08-06T20:45:59.294+05:30 DEBUG 45196 --- [auction_application] [           main] o.h.b.model.internal.BasicValueBinder    : building BasicValue for timeStamp
2025-08-06T20:45:59.294+05:30 DEBUG 45196 --- [auction_application] [           main] org.hibernate.mapping.BasicValue         : Skipping column re-registration: bid.time_stamp
2025-08-06T20:45:59.295+05:30 DEBUG 45196 --- [auction_application] [           main] o.h.boot.model.internal.PropertyBinder   : Building property timeStamp
2025-08-06T20:45:59.298+05:30 DEBUG 45196 --- [auction_application] [           main] o.h.b.r.c.i.ClassLoaderServiceImpl       : HHH000194: Package not found or no package-info.java: com.example.auction_application.Bid.entity
2025-08-06T20:45:59.298+05:30 DEBUG 45196 --- [auction_application] [           main] o.h.boot.model.internal.EntityBinder     : Binding entity from annotated class: com.example.auction_application.UserModule.entity.WebUser
2025-08-06T20:45:59.298+05:30 DEBUG 45196 --- [auction_application] [           main] o.h.boot.model.internal.EntityBinder     : Import with entity name WebUser
2025-08-06T20:45:59.298+05:30 DEBUG 45196 --- [auction_application] [           main] o.h.boot.model.internal.EntityBinder     : Bind entity com.example.auction_application.UserModule.entity.WebUser on table web_user
2025-08-06T20:45:59.298+05:30 DEBUG 45196 --- [auction_application] [           main] o.h.boot.model.internal.AnnotatedColumn  : Binding column: AnnotatedDiscriminatorColumn(column='DTYPE')
2025-08-06T20:45:59.299+05:30 DEBUG 45196 --- [auction_application] [           main] o.h.boot.model.internal.AnnotatedColumn  : Binding column: AnnotatedColumn()
2025-08-06T20:45:59.299+05:30 DEBUG 45196 --- [auction_application] [           main] o.h.boot.internal.ClassLoaderAccessImpl  : Not known whether passed class name [com.example.auction_application.UserModule.entity.WebUser] is safe
2025-08-06T20:45:59.299+05:30 DEBUG 45196 --- [auction_application] [           main] o.h.boot.internal.ClassLoaderAccessImpl  : No temp ClassLoader provided; using live ClassLoader for loading potentially unsafe class : com.example.auction_application.UserModule.entity.WebUser
2025-08-06T20:45:59.299+05:30 DEBUG 45196 --- [auction_application] [           main] o.h.boot.model.internal.PropertyBinder   : MetadataSourceProcessor property id with lazy=false
2025-08-06T20:45:59.299+05:30 DEBUG 45196 --- [auction_application] [           main] o.h.b.m.internal.AbstractPropertyHolder  : Attempting to locate auto-apply AttributeConverter for property [com.example.auction_application.UserModule.entity.WebUser:id]
2025-08-06T20:45:59.299+05:30 DEBUG 45196 --- [auction_application] [           main] o.h.b.model.internal.BasicValueBinder    : building BasicValue for id
2025-08-06T20:45:59.299+05:30 DEBUG 45196 --- [auction_application] [           main] org.hibernate.mapping.BasicValue         : Skipping column re-registration: web_user.id
2025-08-06T20:45:59.299+05:30 DEBUG 45196 --- [auction_application] [           main] o.h.boot.model.internal.PropertyBinder   : Building property id
2025-08-06T20:45:59.299+05:30 DEBUG 45196 --- [auction_application] [           main] o.h.boot.model.internal.BinderHelper     : #makeIdGenerator(BasicValue([Column(id)]), id, identity, , ...)
2025-08-06T20:45:59.300+05:30 DEBUG 45196 --- [auction_application] [           main] o.h.boot.model.internal.AnnotatedColumn  : Binding column: AnnotatedColumn()
2025-08-06T20:45:59.300+05:30 DEBUG 45196 --- [auction_application] [           main] o.h.boot.model.internal.PropertyBinder   : MetadataSourceProcessor property authProvider with lazy=false
2025-08-06T20:45:59.300+05:30 DEBUG 45196 --- [auction_application] [           main] o.h.b.m.internal.AbstractPropertyHolder  : Attempting to locate auto-apply AttributeConverter for property [com.example.auction_application.UserModule.entity.WebUser:authProvider]
2025-08-06T20:45:59.300+05:30 DEBUG 45196 --- [auction_application] [           main] o.h.b.model.internal.BasicValueBinder    : building BasicValue for authProvider
2025-08-06T20:45:59.300+05:30 DEBUG 45196 --- [auction_application] [           main] org.hibernate.mapping.BasicValue         : Skipping column re-registration: web_user.auth_provider
2025-08-06T20:45:59.300+05:30 DEBUG 45196 --- [auction_application] [           main] o.h.boot.model.internal.PropertyBinder   : Building property authProvider
2025-08-06T20:45:59.300+05:30 DEBUG 45196 --- [auction_application] [           main] o.h.boot.model.internal.AnnotatedColumn  : Binding column: AnnotatedJoinColumn()
2025-08-06T20:45:59.300+05:30 DEBUG 45196 --- [auction_application] [           main] o.h.boot.model.internal.AnnotatedColumn  : Binding column: AnnotatedColumn()
2025-08-06T20:45:59.300+05:30 DEBUG 45196 --- [auction_application] [           main] o.h.boot.model.internal.AnnotatedColumn  : Binding column: IndexColumn(column='biddingAuctions_ORDER')
2025-08-06T20:45:59.300+05:30 DEBUG 45196 --- [auction_application] [           main] o.h.boot.model.internal.AnnotatedColumn  : Binding column: AnnotatedColumn()
2025-08-06T20:45:59.300+05:30 DEBUG 45196 --- [auction_application] [           main] o.h.boot.model.internal.AnnotatedColumn  : Binding column: AnnotatedColumn(column='biddingAuctions_KEY')
2025-08-06T20:45:59.300+05:30 DEBUG 45196 --- [auction_application] [           main] o.h.boot.model.internal.AnnotatedColumn  : Binding column: AnnotatedJoinColumn(column='biddingAuctions_KEY')
2025-08-06T20:45:59.300+05:30 DEBUG 45196 --- [auction_application] [           main] o.h.boot.model.internal.AnnotatedColumn  : Binding column: AnnotatedJoinColumn()
2025-08-06T20:45:59.300+05:30 DEBUG 45196 --- [auction_application] [           main] o.h.boot.model.internal.AnnotatedColumn  : Binding column: AnnotatedJoinColumn()
2025-08-06T20:45:59.301+05:30 DEBUG 45196 --- [auction_application] [           main] o.h.b.model.internal.CollectionBinder    : Collection role: com.example.auction_application.UserModule.entity.WebUser.biddingAuctions
2025-08-06T20:45:59.301+05:30 DEBUG 45196 --- [auction_application] [           main] o.h.boot.model.internal.PropertyBinder   : Building property biddingAuctions
2025-08-06T20:45:59.301+05:30 DEBUG 45196 --- [auction_application] [           main] o.h.boot.model.internal.AnnotatedColumn  : Binding column: AnnotatedJoinColumn()
2025-08-06T20:45:59.301+05:30 DEBUG 45196 --- [auction_application] [           main] o.h.boot.model.internal.AnnotatedColumn  : Binding column: AnnotatedColumn()
2025-08-06T20:45:59.301+05:30 DEBUG 45196 --- [auction_application] [           main] o.h.boot.model.internal.AnnotatedColumn  : Binding column: IndexColumn(column='bids_ORDER')
2025-08-06T20:45:59.301+05:30 DEBUG 45196 --- [auction_application] [           main] o.h.boot.model.internal.AnnotatedColumn  : Binding column: AnnotatedColumn()
2025-08-06T20:45:59.301+05:30 DEBUG 45196 --- [auction_application] [           main] o.h.boot.model.internal.AnnotatedColumn  : Binding column: AnnotatedColumn(column='bids_KEY')
2025-08-06T20:45:59.301+05:30 DEBUG 45196 --- [auction_application] [           main] o.h.boot.model.internal.AnnotatedColumn  : Binding column: AnnotatedJoinColumn(column='bids_KEY')
2025-08-06T20:45:59.301+05:30 DEBUG 45196 --- [auction_application] [           main] o.h.boot.model.internal.AnnotatedColumn  : Binding column: AnnotatedJoinColumn()
2025-08-06T20:45:59.301+05:30 DEBUG 45196 --- [auction_application] [           main] o.h.boot.model.internal.AnnotatedColumn  : Binding column: AnnotatedJoinColumn()
2025-08-06T20:45:59.301+05:30 DEBUG 45196 --- [auction_application] [           main] o.h.b.model.internal.CollectionBinder    : Collection role: com.example.auction_application.UserModule.entity.WebUser.bids
2025-08-06T20:45:59.301+05:30 DEBUG 45196 --- [auction_application] [           main] o.h.boot.model.internal.PropertyBinder   : Building property bids
2025-08-06T20:45:59.301+05:30 DEBUG 45196 --- [auction_application] [           main] o.h.boot.model.internal.AnnotatedColumn  : Binding column: AnnotatedColumn()
2025-08-06T20:45:59.301+05:30 DEBUG 45196 --- [auction_application] [           main] o.h.boot.model.internal.PropertyBinder   : MetadataSourceProcessor property password with lazy=false
2025-08-06T20:45:59.301+05:30 DEBUG 45196 --- [auction_application] [           main] o.h.b.m.internal.AbstractPropertyHolder  : Attempting to locate auto-apply AttributeConverter for property [com.example.auction_application.UserModule.entity.WebUser:password]
2025-08-06T20:45:59.301+05:30 DEBUG 45196 --- [auction_application] [           main] o.h.b.model.internal.BasicValueBinder    : building BasicValue for password
2025-08-06T20:45:59.301+05:30 DEBUG 45196 --- [auction_application] [           main] org.hibernate.mapping.BasicValue         : Skipping column re-registration: web_user.password
2025-08-06T20:45:59.301+05:30 DEBUG 45196 --- [auction_application] [           main] o.h.boot.model.internal.PropertyBinder   : Building property password
2025-08-06T20:45:59.301+05:30 DEBUG 45196 --- [auction_application] [           main] o.h.boot.model.internal.AnnotatedColumn  : Binding column: AnnotatedColumn()
2025-08-06T20:45:59.301+05:30 DEBUG 45196 --- [auction_application] [           main] o.h.boot.model.internal.PropertyBinder   : MetadataSourceProcessor property picture with lazy=false
2025-08-06T20:45:59.301+05:30 DEBUG 45196 --- [auction_application] [           main] o.h.b.m.internal.AbstractPropertyHolder  : Attempting to locate auto-apply AttributeConverter for property [com.example.auction_application.UserModule.entity.WebUser:picture]
2025-08-06T20:45:59.301+05:30 DEBUG 45196 --- [auction_application] [           main] o.h.b.model.internal.BasicValueBinder    : building BasicValue for picture
2025-08-06T20:45:59.301+05:30 DEBUG 45196 --- [auction_application] [           main] org.hibernate.mapping.BasicValue         : Skipping column re-registration: web_user.picture
2025-08-06T20:45:59.301+05:30 DEBUG 45196 --- [auction_application] [           main] o.h.boot.model.internal.PropertyBinder   : Building property picture
2025-08-06T20:45:59.302+05:30 DEBUG 45196 --- [auction_application] [           main] o.h.boot.model.internal.AnnotatedColumn  : Binding column: AnnotatedColumn()
2025-08-06T20:45:59.302+05:30 DEBUG 45196 --- [auction_application] [           main] o.h.boot.model.internal.PropertyBinder   : MetadataSourceProcessor property role with lazy=false
2025-08-06T20:45:59.302+05:30 DEBUG 45196 --- [auction_application] [           main] o.h.b.m.internal.AbstractPropertyHolder  : Attempting to locate auto-apply AttributeConverter for property [com.example.auction_application.UserModule.entity.WebUser:role]
2025-08-06T20:45:59.302+05:30 DEBUG 45196 --- [auction_application] [           main] o.h.b.model.internal.BasicValueBinder    : building BasicValue for role
2025-08-06T20:45:59.302+05:30 DEBUG 45196 --- [auction_application] [           main] org.hibernate.mapping.BasicValue         : Skipping column re-registration: web_user.role
2025-08-06T20:45:59.302+05:30 DEBUG 45196 --- [auction_application] [           main] o.h.boot.model.internal.PropertyBinder   : Building property role
2025-08-06T20:45:59.302+05:30 DEBUG 45196 --- [auction_application] [           main] o.h.boot.model.internal.AnnotatedColumn  : Binding column: AnnotatedJoinColumn()
2025-08-06T20:45:59.302+05:30 DEBUG 45196 --- [auction_application] [           main] o.h.boot.model.internal.AnnotatedColumn  : Binding column: AnnotatedColumn()
2025-08-06T20:45:59.302+05:30 DEBUG 45196 --- [auction_application] [           main] o.h.boot.model.internal.AnnotatedColumn  : Binding column: IndexColumn(column='sellingAuctions_ORDER')
2025-08-06T20:45:59.302+05:30 DEBUG 45196 --- [auction_application] [           main] o.h.boot.model.internal.AnnotatedColumn  : Binding column: AnnotatedColumn()
2025-08-06T20:45:59.302+05:30 DEBUG 45196 --- [auction_application] [           main] o.h.boot.model.internal.AnnotatedColumn  : Binding column: AnnotatedColumn(column='sellingAuctions_KEY')
2025-08-06T20:45:59.302+05:30 DEBUG 45196 --- [auction_application] [           main] o.h.boot.model.internal.AnnotatedColumn  : Binding column: AnnotatedJoinColumn(column='sellingAuctions_KEY')
2025-08-06T20:45:59.302+05:30 DEBUG 45196 --- [auction_application] [           main] o.h.boot.model.internal.AnnotatedColumn  : Binding column: AnnotatedJoinColumn()
2025-08-06T20:45:59.302+05:30 DEBUG 45196 --- [auction_application] [           main] o.h.boot.model.internal.AnnotatedColumn  : Binding column: AnnotatedJoinColumn()
2025-08-06T20:45:59.302+05:30 DEBUG 45196 --- [auction_application] [           main] o.h.b.model.internal.CollectionBinder    : Collection role: com.example.auction_application.UserModule.entity.WebUser.sellingAuctions
2025-08-06T20:45:59.302+05:30 DEBUG 45196 --- [auction_application] [           main] o.h.boot.model.internal.PropertyBinder   : Building property sellingAuctions
2025-08-06T20:45:59.307+05:30 DEBUG 45196 --- [auction_application] [           main] o.h.boot.model.internal.AnnotatedColumn  : Binding column: AnnotatedColumn()
2025-08-06T20:45:59.307+05:30 DEBUG 45196 --- [auction_application] [           main] o.h.boot.model.internal.PropertyBinder   : MetadataSourceProcessor property userEmail with lazy=false
2025-08-06T20:45:59.307+05:30 DEBUG 45196 --- [auction_application] [           main] o.h.b.m.internal.AbstractPropertyHolder  : Attempting to locate auto-apply AttributeConverter for property [com.example.auction_application.UserModule.entity.WebUser:userEmail]
2025-08-06T20:45:59.307+05:30 DEBUG 45196 --- [auction_application] [           main] o.h.b.model.internal.BasicValueBinder    : building BasicValue for userEmail
2025-08-06T20:45:59.307+05:30 DEBUG 45196 --- [auction_application] [           main] org.hibernate.mapping.BasicValue         : Skipping column re-registration: web_user.user_email
2025-08-06T20:45:59.307+05:30 DEBUG 45196 --- [auction_application] [           main] o.h.boot.model.internal.PropertyBinder   : Building property userEmail
2025-08-06T20:45:59.307+05:30 DEBUG 45196 --- [auction_application] [           main] o.h.boot.model.internal.AnnotatedColumn  : Binding column: AnnotatedColumn()
2025-08-06T20:45:59.308+05:30 DEBUG 45196 --- [auction_application] [           main] o.h.boot.model.internal.PropertyBinder   : MetadataSourceProcessor property userName with lazy=false
2025-08-06T20:45:59.308+05:30 DEBUG 45196 --- [auction_application] [           main] o.h.b.m.internal.AbstractPropertyHolder  : Attempting to locate auto-apply AttributeConverter for property [com.example.auction_application.UserModule.entity.WebUser:userName]
2025-08-06T20:45:59.308+05:30 DEBUG 45196 --- [auction_application] [           main] o.h.b.model.internal.BasicValueBinder    : building BasicValue for userName
2025-08-06T20:45:59.308+05:30 DEBUG 45196 --- [auction_application] [           main] org.hibernate.mapping.BasicValue         : Skipping column re-registration: web_user.user_name
2025-08-06T20:45:59.308+05:30 DEBUG 45196 --- [auction_application] [           main] o.h.boot.model.internal.PropertyBinder   : Building property userName
2025-08-06T20:45:59.308+05:30 DEBUG 45196 --- [auction_application] [           main] o.h.b.r.c.i.ClassLoaderServiceImpl       : HHH000194: Package not found or no package-info.java: com.example.auction_application.UserModule.entity
2025-08-06T20:45:59.309+05:30 DEBUG 45196 --- [auction_application] [           main] o.h.b.model.internal.BasicValueBinder    : Starting `BasicValueBinder#fillSimpleValue` for id
2025-08-06T20:45:59.314+05:30 DEBUG 45196 --- [auction_application] [           main] o.h.b.model.internal.BasicValueBinder    : Starting `BasicValueBinder#fillSimpleValue` for auctionStatus
2025-08-06T20:45:59.319+05:30 DEBUG 45196 --- [auction_application] [           main] o.h.b.model.internal.BasicValueBinder    : Starting `BasicValueBinder#fillSimpleValue` for category
2025-08-06T20:45:59.320+05:30 DEBUG 45196 --- [auction_application] [           main] o.h.b.model.internal.BasicValueBinder    : Starting `BasicValueBinder#fillSimpleValue` for currentHighestBid
2025-08-06T20:45:59.320+05:30 DEBUG 45196 --- [auction_application] [           main] o.h.b.model.internal.BasicValueBinder    : Starting `BasicValueBinder#fillSimpleValue` for description
2025-08-06T20:45:59.320+05:30 DEBUG 45196 --- [auction_application] [           main] o.h.b.model.internal.BasicValueBinder    : Starting `BasicValueBinder#fillSimpleValue` for endTime
2025-08-06T20:45:59.320+05:30 DEBUG 45196 --- [auction_application] [           main] o.h.b.model.internal.BasicValueBinder    : Starting `BasicValueBinder#fillSimpleValue` for itemName
2025-08-06T20:45:59.320+05:30 DEBUG 45196 --- [auction_application] [           main] o.h.b.model.internal.BasicValueBinder    : Starting `BasicValueBinder#fillSimpleValue` for picture
2025-08-06T20:45:59.320+05:30 DEBUG 45196 --- [auction_application] [           main] o.h.b.model.internal.BasicValueBinder    : Starting `BasicValueBinder#fillSimpleValue` for startTime
2025-08-06T20:45:59.320+05:30 DEBUG 45196 --- [auction_application] [           main] o.h.b.model.internal.BasicValueBinder    : Starting `BasicValueBinder#fillSimpleValue` for startingPrice
2025-08-06T20:45:59.320+05:30 DEBUG 45196 --- [auction_application] [           main] o.h.b.model.internal.BasicValueBinder    : Starting `BasicValueBinder#fillSimpleValue` for id
2025-08-06T20:45:59.320+05:30 DEBUG 45196 --- [auction_application] [           main] o.h.b.model.internal.BasicValueBinder    : Starting `BasicValueBinder#fillSimpleValue` for amount
2025-08-06T20:45:59.320+05:30 DEBUG 45196 --- [auction_application] [           main] o.h.b.model.internal.BasicValueBinder    : Starting `BasicValueBinder#fillSimpleValue` for timeStamp
2025-08-06T20:45:59.320+05:30 DEBUG 45196 --- [auction_application] [           main] o.h.b.model.internal.BasicValueBinder    : Starting `BasicValueBinder#fillSimpleValue` for id
2025-08-06T20:45:59.320+05:30 DEBUG 45196 --- [auction_application] [           main] o.h.b.model.internal.BasicValueBinder    : Starting `BasicValueBinder#fillSimpleValue` for authProvider
2025-08-06T20:45:59.320+05:30 DEBUG 45196 --- [auction_application] [           main] o.h.b.model.internal.BasicValueBinder    : Starting `BasicValueBinder#fillSimpleValue` for password
2025-08-06T20:45:59.320+05:30 DEBUG 45196 --- [auction_application] [           main] o.h.b.model.internal.BasicValueBinder    : Starting `BasicValueBinder#fillSimpleValue` for picture
2025-08-06T20:45:59.320+05:30 DEBUG 45196 --- [auction_application] [           main] o.h.b.model.internal.BasicValueBinder    : Starting `BasicValueBinder#fillSimpleValue` for role
2025-08-06T20:45:59.320+05:30 DEBUG 45196 --- [auction_application] [           main] o.h.b.model.internal.BasicValueBinder    : Starting `BasicValueBinder#fillSimpleValue` for userEmail
2025-08-06T20:45:59.320+05:30 DEBUG 45196 --- [auction_application] [           main] o.h.b.model.internal.BasicValueBinder    : Starting `BasicValueBinder#fillSimpleValue` for userName
2025-08-06T20:45:59.328+05:30 DEBUG 45196 --- [auction_application] [           main] org.hibernate.mapping.PrimaryKey         : Forcing column [id] to be non-null as it is part of the primary key for table [auction_listing]
2025-08-06T20:45:59.328+05:30 DEBUG 45196 --- [auction_application] [           main] org.hibernate.mapping.PrimaryKey         : Forcing column [id] to be non-null as it is part of the primary key for table [bid]
2025-08-06T20:45:59.328+05:30 DEBUG 45196 --- [auction_application] [           main] org.hibernate.mapping.PrimaryKey         : Forcing column [id] to be non-null as it is part of the primary key for table [web_user]
2025-08-06T20:45:59.330+05:30 DEBUG 45196 --- [auction_application] [           main] o.h.b.m.internal.CollectionSecondPass    : Second pass for collection: com.example.auction_application.AuctionListing.entity.AuctionListing.bids
2025-08-06T20:45:59.331+05:30 DEBUG 45196 --- [auction_application] [           main] o.h.b.model.internal.CollectionBinder    : Binding a OneToMany: com.example.auction_application.AuctionListing.entity.AuctionListing.bids through a foreign key
2025-08-06T20:45:59.333+05:30 DEBUG 45196 --- [auction_application] [           main] o.h.b.model.internal.CollectionBinder    : Mapping collection: com.example.auction_application.AuctionListing.entity.AuctionListing.bids -> bid
2025-08-06T20:45:59.334+05:30 DEBUG 45196 --- [auction_application] [           main] o.h.boot.model.internal.TableBinder      : Retrieving property com.example.auction_application.Bid.entity.Bid.auctionListing
2025-08-06T20:45:59.335+05:30 DEBUG 45196 --- [auction_application] [           main] o.h.b.m.internal.CollectionSecondPass    : Mapped collection key: auction_listing_id, one-to-many: com.example.auction_application.Bid.entity.Bid
2025-08-06T20:45:59.335+05:30 DEBUG 45196 --- [auction_application] [           main] o.h.b.m.internal.CollectionSecondPass    : Second pass for collection: com.example.auction_application.UserModule.entity.WebUser.biddingAuctions
2025-08-06T20:45:59.335+05:30 DEBUG 45196 --- [auction_application] [           main] o.h.b.model.internal.CollectionBinder    : Binding a OneToMany: com.example.auction_application.UserModule.entity.WebUser.biddingAuctions through a foreign key
2025-08-06T20:45:59.335+05:30 DEBUG 45196 --- [auction_application] [           main] o.h.b.model.internal.CollectionBinder    : Mapping collection: com.example.auction_application.UserModule.entity.WebUser.biddingAuctions -> auction_listing
2025-08-06T20:45:59.335+05:30 DEBUG 45196 --- [auction_application] [           main] o.h.boot.model.internal.TableBinder      : Retrieving property com.example.auction_application.AuctionListing.entity.AuctionListing.currentHighestBidder
2025-08-06T20:45:59.335+05:30 DEBUG 45196 --- [auction_application] [           main] o.h.b.m.internal.CollectionSecondPass    : Mapped collection key: current_highest_bidder_id, one-to-many: com.example.auction_application.AuctionListing.entity.AuctionListing
2025-08-06T20:45:59.335+05:30 DEBUG 45196 --- [auction_application] [           main] o.h.b.m.internal.CollectionSecondPass    : Second pass for collection: com.example.auction_application.UserModule.entity.WebUser.bids
2025-08-06T20:45:59.335+05:30 DEBUG 45196 --- [auction_application] [           main] o.h.b.model.internal.CollectionBinder    : Binding a OneToMany: com.example.auction_application.UserModule.entity.WebUser.bids through a foreign key
2025-08-06T20:45:59.335+05:30 DEBUG 45196 --- [auction_application] [           main] o.h.b.model.internal.CollectionBinder    : Mapping collection: com.example.auction_application.UserModule.entity.WebUser.bids -> bid
2025-08-06T20:45:59.335+05:30 DEBUG 45196 --- [auction_application] [           main] o.h.boot.model.internal.TableBinder      : Retrieving property com.example.auction_application.Bid.entity.Bid.bidder
2025-08-06T20:45:59.335+05:30 DEBUG 45196 --- [auction_application] [           main] o.h.b.m.internal.CollectionSecondPass    : Mapped collection key: bidder_id, one-to-many: com.example.auction_application.Bid.entity.Bid
2025-08-06T20:45:59.335+05:30 DEBUG 45196 --- [auction_application] [           main] o.h.b.m.internal.CollectionSecondPass    : Second pass for collection: com.example.auction_application.UserModule.entity.WebUser.sellingAuctions
2025-08-06T20:45:59.335+05:30 DEBUG 45196 --- [auction_application] [           main] o.h.b.model.internal.CollectionBinder    : Binding a OneToMany: com.example.auction_application.UserModule.entity.WebUser.sellingAuctions through a foreign key
2025-08-06T20:45:59.335+05:30 DEBUG 45196 --- [auction_application] [           main] o.h.b.model.internal.CollectionBinder    : Mapping collection: com.example.auction_application.UserModule.entity.WebUser.sellingAuctions -> auction_listing
2025-08-06T20:45:59.335+05:30 DEBUG 45196 --- [auction_application] [           main] o.h.boot.model.internal.TableBinder      : Retrieving property com.example.auction_application.AuctionListing.entity.AuctionListing.seller
2025-08-06T20:45:59.335+05:30 DEBUG 45196 --- [auction_application] [           main] o.h.b.m.internal.CollectionSecondPass    : Mapped collection key: seller_id, one-to-many: com.example.auction_application.AuctionListing.entity.AuctionListing
2025-08-06T20:45:59.425+05:30 DEBUG 45196 --- [auction_application] [onnection adder] com.zaxxer.hikari.pool.HikariPool        : HikariPool-1 - Added connection org.postgresql.jdbc.PgConnection@1e69e285
2025-08-06T20:45:59.466+05:30 DEBUG 45196 --- [auction_application] [onnection adder] com.zaxxer.hikari.pool.HikariPool        : HikariPool-1 - After adding stats (total=7, active=1, idle=6, waiting=0)
2025-08-06T20:45:59.466+05:30 DEBUG 45196 --- [auction_application] [onnection adder] org.postgresql.Driver                    : Connecting with URL: jdbc:postgresql://dpg-d285g8re5dus73f8aun0-a.singapore-postgres.render.com/auction_database_47cx?currentSchema=auction_schema
2025-08-06T20:45:59.466+05:30 DEBUG 45196 --- [auction_application] [onnection adder] org.postgresql.jdbc.PgConnection         : PostgreSQL JDBC Driver 42.7.4
2025-08-06T20:45:59.466+05:30 DEBUG 45196 --- [auction_application] [onnection adder] org.postgresql.jdbc.PgConnection         :   setDefaultFetchSize = 0
2025-08-06T20:45:59.466+05:30 DEBUG 45196 --- [auction_application] [onnection adder] org.postgresql.jdbc.PgConnection         :   setPrepareThreshold = 5
2025-08-06T20:45:59.466+05:30 DEBUG 45196 --- [auction_application] [onnection adder] o.p.core.v3.ConnectionFactoryImpl        : Trying to establish a protocol version 3 connection to dpg-d285g8re5dus73f8aun0-a.singapore-postgres.render.com:5432
2025-08-06T20:45:59.591+05:30 DEBUG 45196 --- [auction_application] [           main] o.hibernate.internal.SessionFactoryImpl  : Building session factory
2025-08-06T20:45:59.627+05:30 DEBUG 45196 --- [auction_application] [onnection adder] o.p.core.v3.ConnectionFactoryImpl        : Receive Buffer Size is 65,536
2025-08-06T20:45:59.628+05:30 DEBUG 45196 --- [auction_application] [onnection adder] o.p.core.v3.ConnectionFactoryImpl        : Send Buffer Size is 65,536
2025-08-06T20:45:59.646+05:30 DEBUG 45196 --- [auction_application] [           main] .h.s.i.SessionFactoryServiceRegistryImpl : EventListenerRegistry access via ServiceRegistry is deprecated.  Use `sessionFactory.getEventEngine().getListenerRegistry()` instead
2025-08-06T20:45:59.646+05:30 DEBUG 45196 --- [auction_application] [           main] o.hibernate.internal.SessionFactoryImpl  : Instantiating SessionFactory with settings: {java.specification.version=17, sun.cpu.isalist=amd64, hibernate.resource.beans.container=org.springframework.orm.hibernate5.SpringBeanContainer@2b409174, hibernate.connection.handling_mode=DELAYED_ACQUISITION_AND_HOLD, sun.jnu.encoding=Cp1252, hibernate.implicit_naming_strategy=org.springframework.boot.orm.jpa.hibernate.SpringImplicitNamingStrategy, java.class.path=D:\spring_projects\Auction_Application_Monilith\auction_application\target\test-classes;D:\spring_projects\Auction_Application_Monilith\auction_application\target\classes;C:\Users\prathamesh mane\.m2\repository\org\springframework\boot\spring-boot-starter-data-jpa\3.4.1\spring-boot-starter-data-jpa-3.4.1.jar;C:\Users\prathamesh mane\.m2\repository\org\springframework\boot\spring-boot-starter\3.4.1\spring-boot-starter-3.4.1.jar;C:\Users\prathamesh mane\.m2\repository\org\springframework\boot\spring-boot-starter-logging\3.4.1\spring-boot-starter-logging-3.4.1.jar;C:\Users\prathamesh mane\.m2\repository\ch\qos\logback\logback-classic\1.5.12\logback-classic-1.5.12.jar;C:\Users\prathamesh mane\.m2\repository\ch\qos\logback\logback-core\1.5.12\logback-core-1.5.12.jar;C:\Users\prathamesh mane\.m2\repository\org\apache\logging\log4j\log4j-to-slf4j\2.24.3\log4j-to-slf4j-2.24.3.jar;C:\Users\prathamesh mane\.m2\repository\org\apache\logging\log4j\log4j-api\2.24.3\log4j-api-2.24.3.jar;C:\Users\prathamesh mane\.m2\repository\org\slf4j\jul-to-slf4j\2.0.16\jul-to-slf4j-2.0.16.jar;C:\Users\prathamesh mane\.m2\repository\jakarta\annotation\jakarta.annotation-api\2.1.1\jakarta.annotation-api-2.1.1.jar;C:\Users\prathamesh mane\.m2\repository\org\yaml\snakeyaml\2.3\snakeyaml-2.3.jar;C:\Users\prathamesh mane\.m2\repository\org\springframework\boot\spring-boot-starter-jdbc\3.4.1\spring-boot-starter-jdbc-3.4.1.jar;C:\Users\prathamesh mane\.m2\repository\com\zaxxer\HikariCP\5.1.0\HikariCP-5.1.0.jar;C:\Users\prathamesh mane\.m2\repository\org\springframework\spring-jdbc\6.2.1\spring-jdbc-6.2.1.jar;C:\Users\prathamesh mane\.m2\repository\org\hibernate\orm\hibernate-core\6.6.4.Final\hibernate-core-6.6.4.Final.jar;C:\Users\prathamesh mane\.m2\repository\jakarta\persistence\jakarta.persistence-api\3.1.0\jakarta.persistence-api-3.1.0.jar;C:\Users\prathamesh mane\.m2\repository\jakarta\transaction\jakarta.transaction-api\2.0.1\jakarta.transaction-api-2.0.1.jar;C:\Users\prathamesh mane\.m2\repository\org\jboss\logging\jboss-logging\3.6.1.Final\jboss-logging-3.6.1.Final.jar;C:\Users\prathamesh mane\.m2\repository\org\hibernate\common\hibernate-commons-annotations\7.0.3.Final\hibernate-commons-annotations-7.0.3.Final.jar;C:\Users\prathamesh mane\.m2\repository\io\smallrye\jandex\3.2.0\jandex-3.2.0.jar;C:\Users\prathamesh mane\.m2\repository\com\fasterxml\classmate\1.7.0\classmate-1.7.0.jar;C:\Users\prathamesh mane\.m2\repository\net\bytebuddy\byte-buddy\1.15.11\byte-buddy-1.15.11.jar;C:\Users\prathamesh mane\.m2\repository\org\glassfish\jaxb\jaxb-runtime\4.0.5\jaxb-runtime-4.0.5.jar;C:\Users\prathamesh mane\.m2\repository\org\glassfish\jaxb\jaxb-core\4.0.5\jaxb-core-4.0.5.jar;C:\Users\prathamesh mane\.m2\repository\org\eclipse\angus\angus-activation\2.0.2\angus-activation-2.0.2.jar;C:\Users\prathamesh mane\.m2\repository\org\glassfish\jaxb\txw2\4.0.5\txw2-4.0.5.jar;C:\Users\prathamesh mane\.m2\repository\com\sun\istack\istack-commons-runtime\4.1.2\istack-commons-runtime-4.1.2.jar;C:\Users\prathamesh mane\.m2\repository\jakarta\inject\jakarta.inject-api\2.0.1\jakarta.inject-api-2.0.1.jar;C:\Users\prathamesh mane\.m2\repository\org\antlr\antlr4-runtime\4.13.0\antlr4-runtime-4.13.0.jar;C:\Users\prathamesh mane\.m2\repository\org\springframework\data\spring-data-jpa\3.4.1\spring-data-jpa-3.4.1.jar;C:\Users\prathamesh mane\.m2\repository\org\springframework\data\spring-data-commons\3.4.1\spring-data-commons-3.4.1.jar;C:\Users\prathamesh mane\.m2\repository\org\springframework\spring-orm\6.2.1\spring-orm-6.2.1.jar;C:\Users\prathamesh mane\.m2\repository\org\springframework\spring-context\6.2.1\spring-context-6.2.1.jar;C:\Users\prathamesh mane\.m2\repository\org\springframework\spring-beans\6.2.1\spring-beans-6.2.1.jar;C:\Users\prathamesh mane\.m2\repository\org\springframework\spring-aspects\6.2.1\spring-aspects-6.2.1.jar;C:\Users\prathamesh mane\.m2\repository\org\aspectj\aspectjweaver\1.9.22.1\aspectjweaver-1.9.22.1.jar;C:\Users\prathamesh mane\.m2\repository\com\fasterxml\jackson\datatype\jackson-datatype-jsr310\2.15.2\jackson-datatype-jsr310-2.15.2.jar;C:\Users\prathamesh mane\.m2\repository\com\fasterxml\jackson\core\jackson-annotations\2.18.2\jackson-annotations-2.18.2.jar;C:\Users\prathamesh mane\.m2\repository\com\fasterxml\jackson\core\jackson-core\2.18.2\jackson-core-2.18.2.jar;C:\Users\prathamesh mane\.m2\repository\com\fasterxml\jackson\core\jackson-databind\2.18.2\jackson-databind-2.18.2.jar;C:\Users\prathamesh mane\.m2\repository\org\springframework\boot\spring-boot-devtools\3.4.1\spring-boot-devtools-3.4.1.jar;C:\Users\prathamesh mane\.m2\repository\org\springframework\boot\spring-boot\3.4.1\spring-boot-3.4.1.jar;C:\Users\prathamesh mane\.m2\repository\org\springframework\boot\spring-boot-autoconfigure\3.4.1\spring-boot-autoconfigure-3.4.1.jar;C:\Users\prathamesh mane\.m2\repository\org\springframework\boot\spring-boot-starter-websocket\3.4.1\spring-boot-starter-websocket-3.4.1.jar;C:\Users\prathamesh mane\.m2\repository\org\springframework\spring-messaging\6.2.1\spring-messaging-6.2.1.jar;C:\Users\prathamesh mane\.m2\repository\org\springframework\spring-websocket\6.2.1\spring-websocket-6.2.1.jar;C:\Users\prathamesh mane\.m2\repository\org\springframework\boot\spring-boot-starter-web\3.4.1\spring-boot-starter-web-3.4.1.jar;C:\Users\prathamesh mane\.m2\repository\org\springframework\boot\spring-boot-starter-json\3.4.1\spring-boot-starter-json-3.4.1.jar;C:\Users\prathamesh mane\.m2\repository\com\fasterxml\jackson\datatype\jackson-datatype-jdk8\2.18.2\jackson-datatype-jdk8-2.18.2.jar;C:\Users\prathamesh mane\.m2\repository\com\fasterxml\jackson\module\jackson-module-parameter-names\2.18.2\jackson-module-parameter-names-2.18.2.jar;C:\Users\prathamesh mane\.m2\repository\org\springframework\boot\spring-boot-starter-tomcat\3.4.1\spring-boot-starter-tomcat-3.4.1.jar;C:\Users\prathamesh mane\.m2\repository\org\apache\tomcat\embed\tomcat-embed-core\10.1.34\tomcat-embed-core-10.1.34.jar;C:\Users\prathamesh mane\.m2\repository\org\apache\tomcat\embed\tomcat-embed-el\10.1.34\tomcat-embed-el-10.1.34.jar;C:\Users\prathamesh mane\.m2\repository\org\apache\tomcat\embed\tomcat-embed-websocket\10.1.34\tomcat-embed-websocket-10.1.34.jar;C:\Users\prathamesh mane\.m2\repository\org\springframework\spring-web\6.2.1\spring-web-6.2.1.jar;C:\Users\prathamesh mane\.m2\repository\io\micrometer\micrometer-observation\1.14.2\micrometer-observation-1.14.2.jar;C:\Users\prathamesh mane\.m2\repository\io\micrometer\micrometer-commons\1.14.2\micrometer-commons-1.14.2.jar;C:\Users\prathamesh mane\.m2\repository\org\springframework\spring-webmvc\6.2.1\spring-webmvc-6.2.1.jar;C:\Users\prathamesh mane\.m2\repository\org\springframework\spring-expression\6.2.1\spring-expression-6.2.1.jar;C:\Users\prathamesh mane\.m2\repository\org\springframework\boot\spring-boot-starter-quartz\3.4.1\spring-boot-starter-quartz-3.4.1.jar;C:\Users\prathamesh mane\.m2\repository\org\springframework\spring-context-support\6.2.1\spring-context-support-6.2.1.jar;C:\Users\prathamesh mane\.m2\repository\org\springframework\spring-tx\6.2.1\spring-tx-6.2.1.jar;C:\Users\prathamesh mane\.m2\repository\org\quartz-scheduler\quartz\2.3.2\quartz-2.3.2.jar;C:\Users\prathamesh mane\.m2\repository\com\mchange\mchange-commons-java\0.2.15\mchange-commons-java-0.2.15.jar;C:\Users\prathamesh mane\.m2\repository\org\slf4j\slf4j-api\2.0.16\slf4j-api-2.0.16.jar;C:\Users\prathamesh mane\.m2\repository\org\postgresql\postgresql\42.7.4\postgresql-42.7.4.jar;C:\Users\prathamesh mane\.m2\repository\org\checkerframework\checker-qual\3.42.0\checker-qual-3.42.0.jar;C:\Users\prathamesh mane\.m2\repository\org\springframework\boot\spring-boot-starter-test\3.4.1\spring-boot-starter-test-3.4.1.jar;C:\Users\prathamesh mane\.m2\repository\org\springframework\boot\spring-boot-test\3.4.1\spring-boot-test-3.4.1.jar;C:\Users\prathamesh mane\.m2\repository\org\springframework\boot\spring-boot-test-autoconfigure\3.4.1\spring-boot-test-autoconfigure-3.4.1.jar;C:\Users\prathamesh mane\.m2\repository\com\jayway\jsonpath\json-path\2.9.0\json-path-2.9.0.jar;C:\Users\prathamesh mane\.m2\repository\jakarta\xml\bind\jakarta.xml.bind-api\4.0.2\jakarta.xml.bind-api-4.0.2.jar;C:\Users\prathamesh mane\.m2\repository\jakarta\activation\jakarta.activation-api\2.1.3\jakarta.activation-api-2.1.3.jar;C:\Users\prathamesh mane\.m2\repository\net\minidev\json-smart\2.5.1\json-smart-2.5.1.jar;C:\Users\prathamesh mane\.m2\repository\net\minidev\accessors-smart\2.5.1\accessors-smart-2.5.1.jar;C:\Users\prathamesh mane\.m2\repository\org\ow2\asm\asm\9.6\asm-9.6.jar;C:\Users\prathamesh mane\.m2\repository\org\assertj\assertj-core\3.26.3\assertj-core-3.26.3.jar;C:\Users\prathamesh mane\.m2\repository\org\awaitility\awaitility\4.2.2\awaitility-4.2.2.jar;C:\Users\prathamesh mane\.m2\repository\org\hamcrest\hamcrest\2.2\hamcrest-2.2.jar;C:\Users\prathamesh mane\.m2\repository\org\junit\jupiter\junit-jupiter\5.11.4\junit-jupiter-5.11.4.jar;C:\Users\prathamesh mane\.m2\repository\org\junit\jupiter\junit-jupiter-api\5.11.4\junit-jupiter-api-5.11.4.jar;C:\Users\prathamesh mane\.m2\repository\org\opentest4j\opentest4j\1.3.0\opentest4j-1.3.0.jar;C:\Users\prathamesh mane\.m2\repository\org\junit\platform\junit-platform-commons\1.11.4\junit-platform-commons-1.11.4.jar;C:\Users\prathamesh mane\.m2\repository\org\apiguardian\apiguardian-api\1.1.2\apiguardian-api-1.1.2.jar;C:\Users\prathamesh mane\.m2\repository\org\junit\jupiter\junit-jupiter-params\5.11.4\junit-jupiter-params-5.11.4.jar;C:\Users\prathamesh mane\.m2\repository\org\junit\jupiter\junit-jupiter-engine\5.11.4\junit-jupiter-engine-5.11.4.jar;C:\Users\prathamesh mane\.m2\repository\org\junit\platform\junit-platform-engine\1.11.4\junit-platform-engine-1.11.4.jar;C:\Users\prathamesh mane\.m2\repository\org\mockito\mockito-core\5.14.2\mockito-core-5.14.2.jar;C:\Users\prathamesh mane\.m2\repository\net\bytebuddy\byte-buddy-agent\1.15.11\byte-buddy-agent-1.15.11.jar;C:\Users\prathamesh mane\.m2\repository\org\objenesis\objenesis\3.3\objenesis-3.3.jar;C:\Users\prathamesh mane\.m2\repository\org\mockito\mockito-junit-jupiter\5.14.2\mockito-junit-jupiter-5.14.2.jar;C:\Users\prathamesh mane\.m2\repository\org\skyscreamer\jsonassert\1.5.3\jsonassert-1.5.3.jar;C:\Users\prathamesh mane\.m2\repository\com\vaadin\external\google\android-json\0.0.20131108.vaadin1\android-json-0.0.20131108.vaadin1.jar;C:\Users\prathamesh mane\.m2\repository\org\springframework\spring-core\6.2.1\spring-core-6.2.1.jar;C:\Users\prathamesh mane\.m2\repository\org\springframework\spring-jcl\6.2.1\spring-jcl-6.2.1.jar;C:\Users\prathamesh mane\.m2\repository\org\springframework\spring-test\6.2.1\spring-test-6.2.1.jar;C:\Users\prathamesh mane\.m2\repository\org\xmlunit\xmlunit-core\2.10.0\xmlunit-core-2.10.0.jar;C:\Users\prathamesh mane\.m2\repository\com\mchange\c3p0\0.9.5.5\c3p0-0.9.5.5.jar;C:\Users\prathamesh mane\.m2\repository\org\springframework\boot\spring-boot-starter-oauth2-client\3.4.1\spring-boot-starter-oauth2-client-3.4.1.jar;C:\Users\prathamesh mane\.m2\repository\org\springframework\security\spring-security-config\6.4.2\spring-security-config-6.4.2.jar;C:\Users\prathamesh mane\.m2\repository\org\springframework\security\spring-security-core\6.4.2\spring-security-core-6.4.2.jar;C:\Users\prathamesh mane\.m2\repository\org\springframework\security\spring-security-crypto\6.4.2\spring-security-crypto-6.4.2.jar;C:\Users\prathamesh mane\.m2\repository\org\springframework\security\spring-security-oauth2-client\6.4.2\spring-security-oauth2-client-6.4.2.jar;C:\Users\prathamesh mane\.m2\repository\org\springframework\security\spring-security-oauth2-core\6.4.2\spring-security-oauth2-core-6.4.2.jar;C:\Users\prathamesh mane\.m2\repository\com\nimbusds\oauth2-oidc-sdk\9.43.4\oauth2-oidc-sdk-9.43.4.jar;C:\Users\prathamesh mane\.m2\repository\com\github\stephenc\jcip\jcip-annotations\1.0-1\jcip-annotations-1.0-1.jar;C:\Users\prathamesh mane\.m2\repository\com\nimbusds\content-type\2.2\content-type-2.2.jar;C:\Users\prathamesh mane\.m2\repository\com\nimbusds\lang-tag\1.7\lang-tag-1.7.jar;C:\Users\prathamesh mane\.m2\repository\org\springframework\security\spring-security-oauth2-jose\6.4.2\spring-security-oauth2-jose-6.4.2.jar;C:\Users\prathamesh mane\.m2\repository\com\nimbusds\nimbus-jose-jwt\9.37.3\nimbus-jose-jwt-9.37.3.jar;C:\Users\prathamesh mane\.m2\repository\org\springframework\boot\spring-boot-starter-security\3.4.1\spring-boot-starter-security-3.4.1.jar;C:\Users\prathamesh mane\.m2\repository\org\springframework\spring-aop\6.2.1\spring-aop-6.2.1.jar;C:\Users\prathamesh mane\.m2\repository\org\springframework\security\spring-security-web\6.4.2\spring-security-web-6.4.2.jar;C:\Users\prathamesh mane\.m2\repository\io\jsonwebtoken\jjwt-api\0.11.5\jjwt-api-0.11.5.jar;C:\Users\prathamesh mane\.m2\repository\io\github\cdimascio\dotenv-java\3.0.0\dotenv-java-3.0.0.jar;C:\Users\prathamesh mane\.m2\repository\io\jsonwebtoken\jjwt-impl\0.11.5\jjwt-impl-0.11.5.jar;C:\Users\prathamesh mane\.m2\repository\org\springframework\boot\spring-boot-starter-data-redis\3.4.1\spring-boot-starter-data-redis-3.4.1.jar;C:\Users\prathamesh mane\.m2\repository\io\lettuce\lettuce-core\6.4.1.RELEASE\lettuce-core-6.4.1.RELEASE.jar;C:\Users\prathamesh mane\.m2\repository\io\netty\netty-common\4.1.116.Final\netty-common-4.1.116.Final.jar;C:\Users\prathamesh mane\.m2\repository\io\netty\netty-handler\4.1.116.Final\netty-handler-4.1.116.Final.jar;C:\Users\prathamesh mane\.m2\repository\io\netty\netty-resolver\4.1.116.Final\netty-resolver-4.1.116.Final.jar;C:\Users\prathamesh mane\.m2\repository\io\netty\netty-buffer\4.1.116.Final\netty-buffer-4.1.116.Final.jar;C:\Users\prathamesh mane\.m2\repository\io\netty\netty-transport-native-unix-common\4.1.116.Final\netty-transport-native-unix-common-4.1.116.Final.jar;C:\Users\prathamesh mane\.m2\repository\io\netty\netty-codec\4.1.116.Final\netty-codec-4.1.116.Final.jar;C:\Users\prathamesh mane\.m2\repository\io\netty\netty-transport\4.1.116.Final\netty-transport-4.1.116.Final.jar;C:\Users\prathamesh mane\.m2\repository\io\projectreactor\reactor-core\3.7.1\reactor-core-3.7.1.jar;C:\Users\prathamesh mane\.m2\repository\org\reactivestreams\reactive-streams\1.0.4\reactive-streams-1.0.4.jar;C:\Users\prathamesh mane\.m2\repository\org\springframework\data\spring-data-redis\3.4.1\spring-data-redis-3.4.1.jar;C:\Users\prathamesh mane\.m2\repository\org\springframework\data\spring-data-keyvalue\3.4.1\spring-data-keyvalue-3.4.1.jar;C:\Users\prathamesh mane\.m2\repository\org\springframework\spring-oxm\6.2.1\spring-oxm-6.2.1.jar;C:\Users\prathamesh mane\.m2\repository\io\jsonwebtoken\jjwt-jackson\0.11.5\jjwt-jackson-0.11.5.jar;C:\Users\prathamesh mane\.m2\repository\com\google\cloud\sql\postgres-socket-factory\1.15.0\postgres-socket-factory-1.15.0.jar;C:\Users\prathamesh mane\.m2\repository\com\google\cloud\sql\jdbc-socket-factory-core\1.15.0\jdbc-socket-factory-core-1.15.0.jar;C:\Users\prathamesh mane\.m2\repository\com\github\jnr\jnr-unixsocket\0.38.21\jnr-unixsocket-0.38.21.jar;C:\Users\prathamesh mane\.m2\repository\com\github\jnr\jnr-ffi\2.2.15\jnr-ffi-2.2.15.jar;C:\Users\prathamesh mane\.m2\repository\com\github\jnr\jffi\1.3.12\jffi-1.3.12.jar;C:\Users\prathamesh mane\.m2\repository\com\github\jnr\jffi\1.3.12\jffi-1.3.12-native.jar;C:\Users\prathamesh mane\.m2\repository\org\ow2\asm\asm-commons\9.2\asm-commons-9.2.jar;C:\Users\prathamesh mane\.m2\repository\com\github\jnr\jnr-a64asm\1.0.0\jnr-a64asm-1.0.0.jar;C:\Users\prathamesh mane\.m2\repository\com\github\jnr\jnr-x86asm\1.0.2\jnr-x86asm-1.0.2.jar;C:\Users\prathamesh mane\.m2\repository\com\github\jnr\jnr-constants\0.10.4\jnr-constants-0.10.4.jar;C:\Users\prathamesh mane\.m2\repository\com\github\jnr\jnr-enxio\0.32.16\jnr-enxio-0.32.16.jar;C:\Users\prathamesh mane\.m2\repository\com\github\jnr\jnr-posix\3.1.18\jnr-posix-3.1.18.jar;C:\Users\prathamesh mane\.m2\repository\org\ow2\asm\asm-util\9.6\asm-util-9.6.jar;C:\Users\prathamesh mane\.m2\repository\org\ow2\asm\asm-tree\9.6\asm-tree-9.6.jar;C:\Users\prathamesh mane\.m2\repository\org\ow2\asm\asm-analysis\9.6\asm-analysis-9.6.jar;C:\Users\prathamesh mane\.m2\repository\com\google\errorprone\error_prone_annotations\2.23.0\error_prone_annotations-2.23.0.jar;C:\Users\prathamesh mane\.m2\repository\com\google\apis\google-api-services-sqladmin\v1beta4-rev20231108-2.0.0\google-api-services-sqladmin-v1beta4-rev20231108-2.0.0.jar;C:\Users\prathamesh mane\.m2\repository\com\google\auth\google-auth-library-credentials\1.20.0\google-auth-library-credentials-1.20.0.jar;C:\Users\prathamesh mane\.m2\repository\com\google\auth\google-auth-library-oauth2-http\1.20.0\google-auth-library-oauth2-http-1.20.0.jar;C:\Users\prathamesh mane\.m2\repository\com\google\auto\value\auto-value-annotations\1.10.4\auto-value-annotations-1.10.4.jar;C:\Users\prathamesh mane\.m2\repository\com\google\api\gax\2.37.0\gax-2.37.0.jar;C:\Users\prathamesh mane\.m2\repository\com\google\guava\guava\33.3.1-jre\guava-33.3.1-jre.jar;C:\Users\prathamesh mane\.m2\repository\com\google\guava\failureaccess\1.0.2\failureaccess-1.0.2.jar;C:\Users\prathamesh mane\.m2\repository\com\google\guava\listenablefuture\9999.0-empty-to-avoid-conflict-with-guava\listenablefuture-9999.0-empty-to-avoid-conflict-with-guava.jar;C:\Users\prathamesh mane\.m2\repository\com\google\code\findbugs\jsr305\3.0.2\jsr305-3.0.2.jar;C:\Users\prathamesh mane\.m2\repository\com\google\j2objc\j2objc-annotations\3.0.0\j2objc-annotations-3.0.0.jar;C:\Users\prathamesh mane\.m2\repository\com\google\api-client\google-api-client\2.2.0\google-api-client-2.2.0.jar;C:\Users\prathamesh mane\.m2\repository\commons-codec\commons-codec\1.17.1\commons-codec-1.17.1.jar;C:\Users\prathamesh mane\.m2\repository\com\google\oauth-client\google-oauth-client\1.34.1\google-oauth-client-1.34.1.jar;C:\Users\prathamesh mane\.m2\repository\com\google\http-client\google-http-client-gson\1.42.3\google-http-client-gson-1.42.3.jar;C:\Users\prathamesh mane\.m2\repository\com\google\code\gson\gson\2.11.0\gson-2.11.0.jar;C:\Users\prathamesh mane\.m2\repository\com\google\http-client\google-http-client-apache-v2\1.42.3\google-http-client-apache-v2-1.42.3.jar;C:\Users\prathamesh mane\.m2\repository\org\apache\httpcomponents\httpcore\4.4.16\httpcore-4.4.16.jar;C:\Users\prathamesh mane\.m2\repository\org\apache\httpcomponents\httpclient\4.5.14\httpclient-4.5.14.jar;C:\Users\prathamesh mane\.m2\repository\commons-logging\commons-logging\1.2\commons-logging-1.2.jar;C:\Users\prathamesh mane\.m2\repository\com\google\http-client\google-http-client\1.42.3\google-http-client-1.42.3.jar;C:\Users\prathamesh mane\.m2\repository\io\opencensus\opencensus-api\0.31.1\opencensus-api-0.31.1.jar;C:\Users\prathamesh mane\.m2\repository\io\grpc\grpc-context\1.27.2\grpc-context-1.27.2.jar;C:\Users\prathamesh mane\.m2\repository\io\opencensus\opencensus-contrib-http-util\0.31.1\opencensus-contrib-http-util-0.31.1.jar;, java.vm.vendor=Oracle Corporation, sun.arch.data.model=64, user.variant=, java.vendor.url=https://java.oracle.com/, user.timezone=Asia/Calcutta, jakarta.persistence.sharedCache.mode=UNSPECIFIED, org.jboss.logging.provider=slf4j, java.vm.specification.version=17, os.name=Windows 11, APPLICATION_NAME=auction_application, jakarta.persistence.nonJtaDataSource=HikariDataSource (HikariPool-1), sun.java.launcher=SUN_STANDARD, user.country=US, sun.boot.library.path=C:\Program Files\Java\jdk-17\bin, sun.java.command=C:\Users\prathamesh mane\AppData\Local\Temp\surefire1451054159750729544\surefirebooter-20250806204543968_3.jar C:\Users\prathamesh mane\AppData\Local\Temp\surefire1451054159750729544 2025-08-06T20-45-43_732-jvmRun1 surefire-20250806204543968_1tmp surefire_0-20250806204543968_2tmp, javax.persistence.nonJtaDataSource=HikariDataSource (HikariPool-1), hibernate.transaction.jta.platform=org.hibernate.engine.transaction.jta.platform.internal.NoJtaPlatform@11939a9f, jdk.debug=release, surefire.test.class.path=D:\spring_projects\Auction_Application_Monilith\auction_application\target\test-classes;D:\spring_projects\Auction_Application_Monilith\auction_application\target\classes;C:\Users\prathamesh mane\.m2\repository\org\springframework\boot\spring-boot-starter-data-jpa\3.4.1\spring-boot-starter-data-jpa-3.4.1.jar;C:\Users\prathamesh mane\.m2\repository\org\springframework\boot\spring-boot-starter\3.4.1\spring-boot-starter-3.4.1.jar;C:\Users\prathamesh mane\.m2\repository\org\springframework\boot\spring-boot-starter-logging\3.4.1\spring-boot-starter-logging-3.4.1.jar;C:\Users\prathamesh mane\.m2\repository\ch\qos\logback\logback-classic\1.5.12\logback-classic-1.5.12.jar;C:\Users\prathamesh mane\.m2\repository\ch\qos\logback\logback-core\1.5.12\logback-core-1.5.12.jar;C:\Users\prathamesh mane\.m2\repository\org\apache\logging\log4j\log4j-to-slf4j\2.24.3\log4j-to-slf4j-2.24.3.jar;C:\Users\prathamesh mane\.m2\repository\org\apache\logging\log4j\log4j-api\2.24.3\log4j-api-2.24.3.jar;C:\Users\prathamesh mane\.m2\repository\org\slf4j\jul-to-slf4j\2.0.16\jul-to-slf4j-2.0.16.jar;C:\Users\prathamesh mane\.m2\repository\jakarta\annotation\jakarta.annotation-api\2.1.1\jakarta.annotation-api-2.1.1.jar;C:\Users\prathamesh mane\.m2\repository\org\yaml\snakeyaml\2.3\snakeyaml-2.3.jar;C:\Users\prathamesh mane\.m2\repository\org\springframework\boot\spring-boot-starter-jdbc\3.4.1\spring-boot-starter-jdbc-3.4.1.jar;C:\Users\prathamesh mane\.m2\repository\com\zaxxer\HikariCP\5.1.0\HikariCP-5.1.0.jar;C:\Users\prathamesh mane\.m2\repository\org\springframework\spring-jdbc\6.2.1\spring-jdbc-6.2.1.jar;C:\Users\prathamesh mane\.m2\repository\org\hibernate\orm\hibernate-core\6.6.4.Final\hibernate-core-6.6.4.Final.jar;C:\Users\prathamesh mane\.m2\repository\jakarta\persistence\jakarta.persistence-api\3.1.0\jakarta.persistence-api-3.1.0.jar;C:\Users\prathamesh mane\.m2\repository\jakarta\transaction\jakarta.transaction-api\2.0.1\jakarta.transaction-api-2.0.1.jar;C:\Users\prathamesh mane\.m2\repository\org\jboss\logging\jboss-logging\3.6.1.Final\jboss-logging-3.6.1.Final.jar;C:\Users\prathamesh mane\.m2\repository\org\hibernate\common\hibernate-commons-annotations\7.0.3.Final\hibernate-commons-annotations-7.0.3.Final.jar;C:\Users\prathamesh mane\.m2\repository\io\smallrye\jandex\3.2.0\jandex-3.2.0.jar;C:\Users\prathamesh mane\.m2\repository\com\fasterxml\classmate\1.7.0\classmate-1.7.0.jar;C:\Users\prathamesh mane\.m2\repository\net\bytebuddy\byte-buddy\1.15.11\byte-buddy-1.15.11.jar;C:\Users\prathamesh mane\.m2\repository\org\glassfish\jaxb\jaxb-runtime\4.0.5\jaxb-runtime-4.0.5.jar;C:\Users\prathamesh mane\.m2\repository\org\glassfish\jaxb\jaxb-core\4.0.5\jaxb-core-4.0.5.jar;C:\Users\prathamesh mane\.m2\repository\org\eclipse\angus\angus-activation\2.0.2\angus-activation-2.0.2.jar;C:\Users\prathamesh mane\.m2\repository\org\glassfish\jaxb\txw2\4.0.5\txw2-4.0.5.jar;C:\Users\prathamesh mane\.m2\repository\com\sun\istack\istack-commons-runtime\4.1.2\istack-commons-runtime-4.1.2.jar;C:\Users\prathamesh mane\.m2\repository\jakarta\inject\jakarta.inject-api\2.0.1\jakarta.inject-api-2.0.1.jar;C:\Users\prathamesh mane\.m2\repository\org\antlr\antlr4-runtime\4.13.0\antlr4-runtime-4.13.0.jar;C:\Users\prathamesh mane\.m2\repository\org\springframework\data\spring-data-jpa\3.4.1\spring-data-jpa-3.4.1.jar;C:\Users\prathamesh mane\.m2\repository\org\springframework\data\spring-data-commons\3.4.1\spring-data-commons-3.4.1.jar;C:\Users\prathamesh mane\.m2\repository\org\springframework\spring-orm\6.2.1\spring-orm-6.2.1.jar;C:\Users\prathamesh mane\.m2\repository\org\springframework\spring-context\6.2.1\spring-context-6.2.1.jar;C:\Users\prathamesh mane\.m2\repository\org\springframework\spring-beans\6.2.1\spring-beans-6.2.1.jar;C:\Users\prathamesh mane\.m2\repository\org\springframework\spring-aspects\6.2.1\spring-aspects-6.2.1.jar;C:\Users\prathamesh mane\.m2\repository\org\aspectj\aspectjweaver\1.9.22.1\aspectjweaver-1.9.22.1.jar;C:\Users\prathamesh mane\.m2\repository\com\fasterxml\jackson\datatype\jackson-datatype-jsr310\2.15.2\jackson-datatype-jsr310-2.15.2.jar;C:\Users\prathamesh mane\.m2\repository\com\fasterxml\jackson\core\jackson-annotations\2.18.2\jackson-annotations-2.18.2.jar;C:\Users\prathamesh mane\.m2\repository\com\fasterxml\jackson\core\jackson-core\2.18.2\jackson-core-2.18.2.jar;C:\Users\prathamesh mane\.m2\repository\com\fasterxml\jackson\core\jackson-databind\2.18.2\jackson-databind-2.18.2.jar;C:\Users\prathamesh mane\.m2\repository\org\springframework\boot\spring-boot-devtools\3.4.1\spring-boot-devtools-3.4.1.jar;C:\Users\prathamesh mane\.m2\repository\org\springframework\boot\spring-boot\3.4.1\spring-boot-3.4.1.jar;C:\Users\prathamesh mane\.m2\repository\org\springframework\boot\spring-boot-autoconfigure\3.4.1\spring-boot-autoconfigure-3.4.1.jar;C:\Users\prathamesh mane\.m2\repository\org\springframework\boot\spring-boot-starter-websocket\3.4.1\spring-boot-starter-websocket-3.4.1.jar;C:\Users\prathamesh mane\.m2\repository\org\springframework\spring-messaging\6.2.1\spring-messaging-6.2.1.jar;C:\Users\prathamesh mane\.m2\repository\org\springframework\spring-websocket\6.2.1\spring-websocket-6.2.1.jar;C:\Users\prathamesh mane\.m2\repository\org\springframework\boot\spring-boot-starter-web\3.4.1\spring-boot-starter-web-3.4.1.jar;C:\Users\prathamesh mane\.m2\repository\org\springframework\boot\spring-boot-starter-json\3.4.1\spring-boot-starter-json-3.4.1.jar;C:\Users\prathamesh mane\.m2\repository\com\fasterxml\jackson\datatype\jackson-datatype-jdk8\2.18.2\jackson-datatype-jdk8-2.18.2.jar;C:\Users\prathamesh mane\.m2\repository\com\fasterxml\jackson\module\jackson-module-parameter-names\2.18.2\jackson-module-parameter-names-2.18.2.jar;C:\Users\prathamesh mane\.m2\repository\org\springframework\boot\spring-boot-starter-tomcat\3.4.1\spring-boot-starter-tomcat-3.4.1.jar;C:\Users\prathamesh mane\.m2\repository\org\apache\tomcat\embed\tomcat-embed-core\10.1.34\tomcat-embed-core-10.1.34.jar;C:\Users\prathamesh mane\.m2\repository\org\apache\tomcat\embed\tomcat-embed-el\10.1.34\tomcat-embed-el-10.1.34.jar;C:\Users\prathamesh mane\.m2\repository\org\apache\tomcat\embed\tomcat-embed-websocket\10.1.34\tomcat-embed-websocket-10.1.34.jar;C:\Users\prathamesh mane\.m2\repository\org\springframework\spring-web\6.2.1\spring-web-6.2.1.jar;C:\Users\prathamesh mane\.m2\repository\io\micrometer\micrometer-observation\1.14.2\micrometer-observation-1.14.2.jar;C:\Users\prathamesh mane\.m2\repository\io\micrometer\micrometer-commons\1.14.2\micrometer-commons-1.14.2.jar;C:\Users\prathamesh mane\.m2\repository\org\springframework\spring-webmvc\6.2.1\spring-webmvc-6.2.1.jar;C:\Users\prathamesh mane\.m2\repository\org\springframework\spring-expression\6.2.1\spring-expression-6.2.1.jar;C:\Users\prathamesh mane\.m2\repository\org\springframework\boot\spring-boot-starter-quartz\3.4.1\spring-boot-starter-quartz-3.4.1.jar;C:\Users\prathamesh mane\.m2\repository\org\springframework\spring-context-support\6.2.1\spring-context-support-6.2.1.jar;C:\Users\prathamesh mane\.m2\repository\org\springframework\spring-tx\6.2.1\spring-tx-6.2.1.jar;C:\Users\prathamesh mane\.m2\repository\org\quartz-scheduler\quartz\2.3.2\quartz-2.3.2.jar;C:\Users\prathamesh mane\.m2\repository\com\mchange\mchange-commons-java\0.2.15\mchange-commons-java-0.2.15.jar;C:\Users\prathamesh mane\.m2\repository\org\slf4j\slf4j-api\2.0.16\slf4j-api-2.0.16.jar;C:\Users\prathamesh mane\.m2\repository\org\postgresql\postgresql\42.7.4\postgresql-42.7.4.jar;C:\Users\prathamesh mane\.m2\repository\org\checkerframework\checker-qual\3.42.0\checker-qual-3.42.0.jar;C:\Users\prathamesh mane\.m2\repository\org\springframework\boot\spring-boot-starter-test\3.4.1\spring-boot-starter-test-3.4.1.jar;C:\Users\prathamesh mane\.m2\repository\org\springframework\boot\spring-boot-test\3.4.1\spring-boot-test-3.4.1.jar;C:\Users\prathamesh mane\.m2\repository\org\springframework\boot\spring-boot-test-autoconfigure\3.4.1\spring-boot-test-autoconfigure-3.4.1.jar;C:\Users\prathamesh mane\.m2\repository\com\jayway\jsonpath\json-path\2.9.0\json-path-2.9.0.jar;C:\Users\prathamesh mane\.m2\repository\jakarta\xml\bind\jakarta.xml.bind-api\4.0.2\jakarta.xml.bind-api-4.0.2.jar;C:\Users\prathamesh mane\.m2\repository\jakarta\activation\jakarta.activation-api\2.1.3\jakarta.activation-api-2.1.3.jar;C:\Users\prathamesh mane\.m2\repository\net\minidev\json-smart\2.5.1\json-smart-2.5.1.jar;C:\Users\prathamesh mane\.m2\repository\net\minidev\accessors-smart\2.5.1\accessors-smart-2.5.1.jar;C:\Users\prathamesh mane\.m2\repository\org\ow2\asm\asm\9.6\asm-9.6.jar;C:\Users\prathamesh mane\.m2\repository\org\assertj\assertj-core\3.26.3\assertj-core-3.26.3.jar;C:\Users\prathamesh mane\.m2\repository\org\awaitility\awaitility\4.2.2\awaitility-4.2.2.jar;C:\Users\prathamesh mane\.m2\repository\org\hamcrest\hamcrest\2.2\hamcrest-2.2.jar;C:\Users\prathamesh mane\.m2\repository\org\junit\jupiter\junit-jupiter\5.11.4\junit-jupiter-5.11.4.jar;C:\Users\prathamesh mane\.m2\repository\org\junit\jupiter\junit-jupiter-api\5.11.4\junit-jupiter-api-5.11.4.jar;C:\Users\prathamesh mane\.m2\repository\org\opentest4j\opentest4j\1.3.0\opentest4j-1.3.0.jar;C:\Users\prathamesh mane\.m2\repository\org\junit\platform\junit-platform-commons\1.11.4\junit-platform-commons-1.11.4.jar;C:\Users\prathamesh mane\.m2\repository\org\apiguardian\apiguardian-api\1.1.2\apiguardian-api-1.1.2.jar;C:\Users\prathamesh mane\.m2\repository\org\junit\jupiter\junit-jupiter-params\5.11.4\junit-jupiter-params-5.11.4.jar;C:\Users\prathamesh mane\.m2\repository\org\junit\jupiter\junit-jupiter-engine\5.11.4\junit-jupiter-engine-5.11.4.jar;C:\Users\prathamesh mane\.m2\repository\org\junit\platform\junit-platform-engine\1.11.4\junit-platform-engine-1.11.4.jar;C:\Users\prathamesh mane\.m2\repository\org\mockito\mockito-core\5.14.2\mockito-core-5.14.2.jar;C:\Users\prathamesh mane\.m2\repository\net\bytebuddy\byte-buddy-agent\1.15.11\byte-buddy-agent-1.15.11.jar;C:\Users\prathamesh mane\.m2\repository\org\objenesis\objenesis\3.3\objenesis-3.3.jar;C:\Users\prathamesh mane\.m2\repository\org\mockito\mockito-junit-jupiter\5.14.2\mockito-junit-jupiter-5.14.2.jar;C:\Users\prathamesh mane\.m2\repository\org\skyscreamer\jsonassert\1.5.3\jsonassert-1.5.3.jar;C:\Users\prathamesh mane\.m2\repository\com\vaadin\external\google\android-json\0.0.20131108.vaadin1\android-json-0.0.20131108.vaadin1.jar;C:\Users\prathamesh mane\.m2\repository\org\springframework\spring-core\6.2.1\spring-core-6.2.1.jar;C:\Users\prathamesh mane\.m2\repository\org\springframework\spring-jcl\6.2.1\spring-jcl-6.2.1.jar;C:\Users\prathamesh mane\.m2\repository\org\springframework\spring-test\6.2.1\spring-test-6.2.1.jar;C:\Users\prathamesh mane\.m2\repository\org\xmlunit\xmlunit-core\2.10.0\xmlunit-core-2.10.0.jar;C:\Users\prathamesh mane\.m2\repository\com\mchange\c3p0\0.9.5.5\c3p0-0.9.5.5.jar;C:\Users\prathamesh mane\.m2\repository\org\springframework\boot\spring-boot-starter-oauth2-client\3.4.1\spring-boot-starter-oauth2-client-3.4.1.jar;C:\Users\prathamesh mane\.m2\repository\org\springframework\security\spring-security-config\6.4.2\spring-security-config-6.4.2.jar;C:\Users\prathamesh mane\.m2\repository\org\springframework\security\spring-security-core\6.4.2\spring-security-core-6.4.2.jar;C:\Users\prathamesh mane\.m2\repository\org\springframework\security\spring-security-crypto\6.4.2\spring-security-crypto-6.4.2.jar;C:\Users\prathamesh mane\.m2\repository\org\springframework\security\spring-security-oauth2-client\6.4.2\spring-security-oauth2-client-6.4.2.jar;C:\Users\prathamesh mane\.m2\repository\org\springframework\security\spring-security-oauth2-core\6.4.2\spring-security-oauth2-core-6.4.2.jar;C:\Users\prathamesh mane\.m2\repository\com\nimbusds\oauth2-oidc-sdk\9.43.4\oauth2-oidc-sdk-9.43.4.jar;C:\Users\prathamesh mane\.m2\repository\com\github\stephenc\jcip\jcip-annotations\1.0-1\jcip-annotations-1.0-1.jar;C:\Users\prathamesh mane\.m2\repository\com\nimbusds\content-type\2.2\content-type-2.2.jar;C:\Users\prathamesh mane\.m2\repository\com\nimbusds\lang-tag\1.7\lang-tag-1.7.jar;C:\Users\prathamesh mane\.m2\repository\org\springframework\security\spring-security-oauth2-jose\6.4.2\spring-security-oauth2-jose-6.4.2.jar;C:\Users\prathamesh mane\.m2\repository\com\nimbusds\nimbus-jose-jwt\9.37.3\nimbus-jose-jwt-9.37.3.jar;C:\Users\prathamesh mane\.m2\repository\org\springframework\boot\spring-boot-starter-security\3.4.1\spring-boot-starter-security-3.4.1.jar;C:\Users\prathamesh mane\.m2\repository\org\springframework\spring-aop\6.2.1\spring-aop-6.2.1.jar;C:\Users\prathamesh mane\.m2\repository\org\springframework\security\spring-security-web\6.4.2\spring-security-web-6.4.2.jar;C:\Users\prathamesh mane\.m2\repository\io\jsonwebtoken\jjwt-api\0.11.5\jjwt-api-0.11.5.jar;C:\Users\prathamesh mane\.m2\repository\io\github\cdimascio\dotenv-java\3.0.0\dotenv-java-3.0.0.jar;C:\Users\prathamesh mane\.m2\repository\io\jsonwebtoken\jjwt-impl\0.11.5\jjwt-impl-0.11.5.jar;C:\Users\prathamesh mane\.m2\repository\org\springframework\boot\spring-boot-starter-data-redis\3.4.1\spring-boot-starter-data-redis-3.4.1.jar;C:\Users\prathamesh mane\.m2\repository\io\lettuce\lettuce-core\6.4.1.RELEASE\lettuce-core-6.4.1.RELEASE.jar;C:\Users\prathamesh mane\.m2\repository\io\netty\netty-common\4.1.116.Final\netty-common-4.1.116.Final.jar;C:\Users\prathamesh mane\.m2\repository\io\netty\netty-handler\4.1.116.Final\netty-handler-4.1.116.Final.jar;C:\Users\prathamesh mane\.m2\repository\io\netty\netty-resolver\4.1.116.Final\netty-resolver-4.1.116.Final.jar;C:\Users\prathamesh mane\.m2\repository\io\netty\netty-buffer\4.1.116.Final\netty-buffer-4.1.116.Final.jar;C:\Users\prathamesh mane\.m2\repository\io\netty\netty-transport-native-unix-common\4.1.116.Final\netty-transport-native-unix-common-4.1.116.Final.jar;C:\Users\prathamesh mane\.m2\repository\io\netty\netty-codec\4.1.116.Final\netty-codec-4.1.116.Final.jar;C:\Users\prathamesh mane\.m2\repository\io\netty\netty-transport\4.1.116.Final\netty-transport-4.1.116.Final.jar;C:\Users\prathamesh mane\.m2\repository\io\projectreactor\reactor-core\3.7.1\reactor-core-3.7.1.jar;C:\Users\prathamesh mane\.m2\repository\org\reactivestreams\reactive-streams\1.0.4\reactive-streams-1.0.4.jar;C:\Users\prathamesh mane\.m2\repository\org\springframework\data\spring-data-redis\3.4.1\spring-data-redis-3.4.1.jar;C:\Users\prathamesh mane\.m2\repository\org\springframework\data\spring-data-keyvalue\3.4.1\spring-data-keyvalue-3.4.1.jar;C:\Users\prathamesh mane\.m2\repository\org\springframework\spring-oxm\6.2.1\spring-oxm-6.2.1.jar;C:\Users\prathamesh mane\.m2\repository\io\jsonwebtoken\jjwt-jackson\0.11.5\jjwt-jackson-0.11.5.jar;C:\Users\prathamesh mane\.m2\repository\com\google\cloud\sql\postgres-socket-factory\1.15.0\postgres-socket-factory-1.15.0.jar;C:\Users\prathamesh mane\.m2\repository\com\google\cloud\sql\jdbc-socket-factory-core\1.15.0\jdbc-socket-factory-core-1.15.0.jar;C:\Users\prathamesh mane\.m2\repository\com\github\jnr\jnr-unixsocket\0.38.21\jnr-unixsocket-0.38.21.jar;C:\Users\prathamesh mane\.m2\repository\com\github\jnr\jnr-ffi\2.2.15\jnr-ffi-2.2.15.jar;C:\Users\prathamesh mane\.m2\repository\com\github\jnr\jffi\1.3.12\jffi-1.3.12.jar;C:\Users\prathamesh mane\.m2\repository\com\github\jnr\jffi\1.3.12\jffi-1.3.12-native.jar;C:\Users\prathamesh mane\.m2\repository\org\ow2\asm\asm-commons\9.2\asm-commons-9.2.jar;C:\Users\prathamesh mane\.m2\repository\com\github\jnr\jnr-a64asm\1.0.0\jnr-a64asm-1.0.0.jar;C:\Users\prathamesh mane\.m2\repository\com\github\jnr\jnr-x86asm\1.0.2\jnr-x86asm-1.0.2.jar;C:\Users\prathamesh mane\.m2\repository\com\github\jnr\jnr-constants\0.10.4\jnr-constants-0.10.4.jar;C:\Users\prathamesh mane\.m2\repository\com\github\jnr\jnr-enxio\0.32.16\jnr-enxio-0.32.16.jar;C:\Users\prathamesh mane\.m2\repository\com\github\jnr\jnr-posix\3.1.18\jnr-posix-3.1.18.jar;C:\Users\prathamesh mane\.m2\repository\org\ow2\asm\asm-util\9.6\asm-util-9.6.jar;C:\Users\prathamesh mane\.m2\repository\org\ow2\asm\asm-tree\9.6\asm-tree-9.6.jar;C:\Users\prathamesh mane\.m2\repository\org\ow2\asm\asm-analysis\9.6\asm-analysis-9.6.jar;C:\Users\prathamesh mane\.m2\repository\com\google\errorprone\error_prone_annotations\2.23.0\error_prone_annotations-2.23.0.jar;C:\Users\prathamesh mane\.m2\repository\com\google\apis\google-api-services-sqladmin\v1beta4-rev20231108-2.0.0\google-api-services-sqladmin-v1beta4-rev20231108-2.0.0.jar;C:\Users\prathamesh mane\.m2\repository\com\google\auth\google-auth-library-credentials\1.20.0\google-auth-library-credentials-1.20.0.jar;C:\Users\prathamesh mane\.m2\repository\com\google\auth\google-auth-library-oauth2-http\1.20.0\google-auth-library-oauth2-http-1.20.0.jar;C:\Users\prathamesh mane\.m2\repository\com\google\auto\value\auto-value-annotations\1.10.4\auto-value-annotations-1.10.4.jar;C:\Users\prathamesh mane\.m2\repository\com\google\api\gax\2.37.0\gax-2.37.0.jar;C:\Users\prathamesh mane\.m2\repository\com\google\guava\guava\33.3.1-jre\guava-33.3.1-jre.jar;C:\Users\prathamesh mane\.m2\repository\com\google\guava\failureaccess\1.0.2\failureaccess-1.0.2.jar;C:\Users\prathamesh mane\.m2\repository\com\google\guava\listenablefuture\9999.0-empty-to-avoid-conflict-with-guava\listenablefuture-9999.0-empty-to-avoid-conflict-with-guava.jar;C:\Users\prathamesh mane\.m2\repository\com\google\code\findbugs\jsr305\3.0.2\jsr305-3.0.2.jar;C:\Users\prathamesh mane\.m2\repository\com\google\j2objc\j2objc-annotations\3.0.0\j2objc-annotations-3.0.0.jar;C:\Users\prathamesh mane\.m2\repository\com\google\api-client\google-api-client\2.2.0\google-api-client-2.2.0.jar;C:\Users\prathamesh mane\.m2\repository\commons-codec\commons-codec\1.17.1\commons-codec-1.17.1.jar;C:\Users\prathamesh mane\.m2\repository\com\google\oauth-client\google-oauth-client\1.34.1\google-oauth-client-1.34.1.jar;C:\Users\prathamesh mane\.m2\repository\com\google\http-client\google-http-client-gson\1.42.3\google-http-client-gson-1.42.3.jar;C:\Users\prathamesh mane\.m2\repository\com\google\code\gson\gson\2.11.0\gson-2.11.0.jar;C:\Users\prathamesh mane\.m2\repository\com\google\http-client\google-http-client-apache-v2\1.42.3\google-http-client-apache-v2-1.42.3.jar;C:\Users\prathamesh mane\.m2\repository\org\apache\httpcomponents\httpcore\4.4.16\httpcore-4.4.16.jar;C:\Users\prathamesh mane\.m2\repository\org\apache\httpcomponents\httpclient\4.5.14\httpclient-4.5.14.jar;C:\Users\prathamesh mane\.m2\repository\commons-logging\commons-logging\1.2\commons-logging-1.2.jar;C:\Users\prathamesh mane\.m2\repository\com\google\http-client\google-http-client\1.42.3\google-http-client-1.42.3.jar;C:\Users\prathamesh mane\.m2\repository\io\opencensus\opencensus-api\0.31.1\opencensus-api-0.31.1.jar;C:\Users\prathamesh mane\.m2\repository\io\grpc\grpc-context\1.27.2\grpc-context-1.27.2.jar;C:\Users\prathamesh mane\.m2\repository\io\opencensus\opencensus-contrib-http-util\0.31.1\opencensus-contrib-http-util-0.31.1.jar;, sun.cpu.endian=little, hibernate.cdi.extensions=true, user.home=C:\Users\prathamesh mane, user.language=en, java.specification.vendor=Oracle Corporation, java.version.date=2023-10-17, java.home=C:\Program Files\Java\jdk-17, file.separator=\, basedir=D:\spring_projects\Auction_Application_Monilith\auction_application, java.vm.compressedOopsMode=Zero based, line.separator=
, hibernate.persistenceUnitName=default, java.vm.specification.vendor=Oracle Corporation, java.specification.name=Java Platform API Specification, FILE_LOG_CHARSET=windows-1252, hibernate.transaction.coordinator_class=class org.hibernate.resource.transaction.backend.jdbc.internal.JdbcResourceLocalTransactionCoordinatorBuilderImpl, java.awt.headless=true, surefire.real.class.path=C:\Users\prathamesh mane\AppData\Local\Temp\surefire1451054159750729544\surefirebooter-20250806204543968_3.jar, jakarta.persistence.validation.mode=AUTO, hibernate.hbm2ddl.auto=update, user.script=, sun.management.compiler=HotSpot 64-Bit Tiered Compilers, java.runtime.version=17.0.9+11-LTS-201, user.name=prathamesh mane, path.separator=;, os.version=10.0, java.runtime.name=Java(TM) SE Runtime Environment, file.encoding=Cp1252, java.vm.name=Java HotSpot(TM) 64-Bit Server VM, hibernate.show_sql=true, localRepository=C:\Users\prathamesh mane\.m2\repository, java.vendor.url.bug=https://bugreport.java.com/bugreport/, java.io.tmpdir=C:\Users\PRATHA~1\AppData\Local\Temp\, com.zaxxer.hikari.pool_number=1, java.version=17.0.9, hibernate.physical_naming_strategy=org.hibernate.boot.model.naming.CamelCaseToUnderscoresNamingStrategy, user.dir=D:\spring_projects\Auction_Application_Monilith\auction_application, os.arch=amd64, java.vm.specification.name=Java Virtual Machine Specification, PID=45196, sun.os.patch.level=, CONSOLE_LOG_CHARSET=windows-1252, hibernate.boot.CfgXmlAccessService.key=org.hibernate.boot.registry.StandardServiceRegistryBuilder$1@229d508c, native.encoding=Cp1252, java.library.path=C:\Program Files\Java\jdk-17\bin;C:\WINDOWS\Sun\Java\bin;C:\WINDOWS\system32;C:\WINDOWS;C:\src\flutter\bin\cache\dart-sdk\bin\;D:\vmware\bin\;D:\ORACLE19C_HOME\bin;D:\OracleDatabase\bin;C:\Program Files\Python311\;C:\src\flutter\bin;C:\Windows\System32;C:\Program Files\Git\cmd;C:\Users\prathamesh mane\AppData\Local\nvm;C:\nvm4w\nodejs;C:\Windows\System32\OpenSSH;C:\Program Files\Docker\Docker\resources\bin;C:\Program Files\Python311\Scripts;C:\Program Files\curl-8.14.1_2-win64-mingw\bin;C:\Program Files\MySQL\MySQL Shell 8.0\bin\;C:\Users\prathamesh mane\AppData\Local\Programs\Eclipse Adoptium\jdk-17.0.8.7-hotspot\bin;C:\Users\prathamesh mane\AppData\Local\Microsoft\WindowsApps;C:\MinGW\bin;C:\Users\prathamesh mane\AppData\Local\Programs\Microsoft VS Code\bin;C:\Program Files\JetBrains\PyCharm Community Edition 2022.3.3\bin;C:\Program Files\JetBrains\IntelliJ IDEA Educational Edition 2022.2.2\bin;C:\Users\prathamesh mane\AppData\Roaming\npm;C:\Users\prathamesh mane\AppData\Local\GitHubDesktop\bin;C:\flutter_windows_3.16.8-stable\flutter\bin;C:\Users\prathamesh mane\AppData\Local\JetBrains\Toolbox\scripts;C:\Users\prathamesh mane\AppData\Local\Programs\Ollama;C:\MINGW64\mingw64\x86_64-w64-mingw32\bin;C:\Users\prathamesh mane\AppData\Local\Pub\Cache\bin;D:\apache-maven-3.9.8-bin\apache-maven-3.9.8\bin;C:\Program Files\Java\jdk-17\bin;C:\Program Files\Docker\Docker\resources\bin;D:\src\flutter\bin;C:\Program Files\JetBrains\IntelliJ IDEA Community Edition 2024.2.3\bin;;C:\Users\prathamesh mane\AppData\Local\nvm;C:\nvm4w\nodejs;C:\Users\prathamesh mane\AppData\Local\Google\Cloud SDK\google-cloud-sdk\bin;c:\Users\prathamesh mane\AppData\Roaming\Code\User\globalStorage\github.copilot-chat\debugCommand;., java.vendor=Oracle Corporation, java.vm.info=mixed mode, sharing, java.vm.version=17.0.9+11-LTS-201, sun.io.unicode.encoding=UnicodeLittle, hibernate.archive.scanner=org.hibernate.boot.archive.scan.internal.DisabledScanner, hibernate.connection.datasource=HikariDataSource (HikariPool-1), java.class.version=61.0, LOGGED_APPLICATION_NAME=[auction_application] }
2025-08-06T20:45:59.649+05:30 DEBUG 45196 --- [auction_application] [           main] o.hibernate.internal.SessionFactoryImpl  : Session factory constructed with filter configurations : {}
2025-08-06T20:45:59.688+05:30 DEBUG 45196 --- [auction_application] [           main] o.h.q.sqm.function.SqmFunctionRegistry   : Registered SqmFunctionTemplate [NamedSqmFunctionTemplate(max)] under max; prior registration was null
2025-08-06T20:45:59.688+05:30 DEBUG 45196 --- [auction_application] [           main] o.h.q.sqm.function.SqmFunctionRegistry   : Registered SqmFunctionTemplate [NamedSqmFunctionTemplate(min)] under min; prior registration was null
2025-08-06T20:45:59.689+05:30 DEBUG 45196 --- [auction_application] [           main] o.h.q.sqm.function.SqmFunctionRegistry   : Registered SqmFunctionTemplate [NamedSqmFunctionTemplate(sum)] under sum; prior registration was null
2025-08-06T20:45:59.689+05:30 DEBUG 45196 --- [auction_application] [           main] o.h.q.sqm.function.SqmFunctionRegistry   : Registered SqmFunctionTemplate [NamedSqmFunctionTemplate(avg)] under avg; prior registration was null
2025-08-06T20:45:59.691+05:30 DEBUG 45196 --- [auction_application] [           main] o.h.q.sqm.function.SqmFunctionRegistry   : Registered SqmFunctionTemplate [org.hibernate.dialect.function.CountFunction@18301763] under count; prior registration was null
2025-08-06T20:45:59.691+05:30 DEBUG 45196 --- [auction_application] [           main] o.h.q.sqm.function.SqmFunctionRegistry   : Registered SqmFunctionTemplate [org.hibernate.dialect.function.EveryAnyEmulation@45c28c49] under every; prior registration was null
2025-08-06T20:45:59.691+05:30 DEBUG 45196 --- [auction_application] [           main] o.h.q.sqm.function.SqmFunctionRegistry   : Registered SqmFunctionTemplate [org.hibernate.dialect.function.EveryAnyEmulation@7c6fc278] under any; prior registration was null
2025-08-06T20:45:59.692+05:30 DEBUG 45196 --- [auction_application] [           main] o.h.q.sqm.function.SqmFunctionRegistry   : Registered SqmFunctionTemplate [NamedSqmFunctionTemplate(floor)] under floor; prior registration was null
2025-08-06T20:45:59.692+05:30 DEBUG 45196 --- [auction_application] [           main] o.h.q.sqm.function.SqmFunctionRegistry   : Registered SqmFunctionTemplate [NamedSqmFunctionTemplate(ceiling)] under ceiling; prior registration was null
2025-08-06T20:45:59.692+05:30 DEBUG 45196 --- [auction_application] [           main] o.h.q.sqm.function.SqmFunctionRegistry   : Registered SqmFunctionTemplate [NamedSqmFunctionTemplate(mod)] under mod; prior registration was null
2025-08-06T20:45:59.692+05:30 DEBUG 45196 --- [auction_application] [           main] o.h.q.sqm.function.SqmFunctionRegistry   : Registered SqmFunctionTemplate [NamedSqmFunctionTemplate(abs)] under abs; prior registration was null
2025-08-06T20:45:59.692+05:30 DEBUG 45196 --- [auction_application] [           main] o.h.q.sqm.function.SqmFunctionRegistry   : Registered SqmFunctionTemplate [NamedSqmFunctionTemplate(sign)] under sign; prior registration was null
2025-08-06T20:45:59.692+05:30 DEBUG 45196 --- [auction_application] [           main] o.h.q.sqm.function.SqmFunctionRegistry   : Registered SqmFunctionTemplate [NamedSqmFunctionTemplate(sqrt)] under sqrt; prior registration was null
2025-08-06T20:45:59.692+05:30 DEBUG 45196 --- [auction_application] [           main] o.h.q.sqm.function.SqmFunctionRegistry   : Registered SqmFunctionTemplate [NamedSqmFunctionTemplate(ln)] under ln; prior registration was null
2025-08-06T20:45:59.692+05:30 DEBUG 45196 --- [auction_application] [           main] o.h.q.sqm.function.SqmFunctionRegistry   : Registered SqmFunctionTemplate [NamedSqmFunctionTemplate(exp)] under exp; prior registration was null
2025-08-06T20:45:59.692+05:30 DEBUG 45196 --- [auction_application] [           main] o.h.q.sqm.function.SqmFunctionRegistry   : Registered SqmFunctionTemplate [NamedSqmFunctionTemplate(power)] under power; prior registration was null
2025-08-06T20:45:59.692+05:30 DEBUG 45196 --- [auction_application] [           main] o.h.q.sqm.function.SqmFunctionRegistry   : Registered SqmFunctionTemplate [NamedSqmFunctionTemplate(round)] under round; prior registration was null
2025-08-06T20:45:59.692+05:30 DEBUG 45196 --- [auction_application] [           main] o.h.q.sqm.function.SqmFunctionRegistry   : Registered SqmFunctionTemplate [NamedSqmFunctionTemplate(sin)] under sin; prior registration was null
2025-08-06T20:45:59.692+05:30 DEBUG 45196 --- [auction_application] [           main] o.h.q.sqm.function.SqmFunctionRegistry   : Registered SqmFunctionTemplate [NamedSqmFunctionTemplate(cos)] under cos; prior registration was null
2025-08-06T20:45:59.692+05:30 DEBUG 45196 --- [auction_application] [           main] o.h.q.sqm.function.SqmFunctionRegistry   : Registered SqmFunctionTemplate [NamedSqmFunctionTemplate(tan)] under tan; prior registration was null
2025-08-06T20:45:59.692+05:30 DEBUG 45196 --- [auction_application] [           main] o.h.q.sqm.function.SqmFunctionRegistry   : Registered SqmFunctionTemplate [NamedSqmFunctionTemplate(asin)] under asin; prior registration was null
2025-08-06T20:45:59.692+05:30 DEBUG 45196 --- [auction_application] [           main] o.h.q.sqm.function.SqmFunctionRegistry   : Registered SqmFunctionTemplate [NamedSqmFunctionTemplate(acos)] under acos; prior registration was null
2025-08-06T20:45:59.692+05:30 DEBUG 45196 --- [auction_application] [           main] o.h.q.sqm.function.SqmFunctionRegistry   : Registered SqmFunctionTemplate [NamedSqmFunctionTemplate(atan)] under atan; prior registration was null
2025-08-06T20:45:59.692+05:30 DEBUG 45196 --- [auction_application] [           main] o.h.q.sqm.function.SqmFunctionRegistry   : Registered SqmFunctionTemplate [NamedSqmFunctionTemplate(atan2)] under atan2; prior registration was null
2025-08-06T20:45:59.693+05:30 DEBUG 45196 --- [auction_application] [           main] o.h.q.sqm.function.SqmFunctionRegistry   : Registered SqmFunctionTemplate [org.hibernate.query.sqm.function.PatternBasedSqmFunctionDescriptor@61f08aa9] under sinh; prior registration was null
2025-08-06T20:45:59.693+05:30 DEBUG 45196 --- [auction_application] [           main] o.h.q.sqm.function.SqmFunctionRegistry   : Registered SqmFunctionTemplate [org.hibernate.query.sqm.function.PatternBasedSqmFunctionDescriptor@1a1f22f2] under cosh; prior registration was null
2025-08-06T20:45:59.693+05:30 DEBUG 45196 --- [auction_application] [           main] o.h.q.sqm.function.SqmFunctionRegistry   : Registered SqmFunctionTemplate [org.hibernate.query.sqm.function.PatternBasedSqmFunctionDescriptor@37b5a51c] under tanh; prior registration was null
2025-08-06T20:45:59.693+05:30 DEBUG 45196 --- [auction_application] [           main] o.h.q.sqm.function.SqmFunctionRegistry   : Registered SqmFunctionTemplate [org.hibernate.query.sqm.function.PatternBasedSqmFunctionDescriptor@4e782401] under pi; prior registration was null
2025-08-06T20:45:59.693+05:30 DEBUG 45196 --- [auction_application] [           main] o.h.q.sqm.function.SqmFunctionRegistry   : Registered SqmFunctionTemplate [org.hibernate.query.sqm.function.PatternBasedSqmFunctionDescriptor@2bb84aa5] under log; prior registration was null
2025-08-06T20:45:59.694+05:30 DEBUG 45196 --- [auction_application] [           main] o.h.q.sqm.function.SqmFunctionRegistry   : Registered SqmFunctionTemplate [NamedSqmFunctionTemplate(coalesce)] under coalesce; prior registration was null
2025-08-06T20:45:59.694+05:30 DEBUG 45196 --- [auction_application] [           main] o.h.q.sqm.function.SqmFunctionRegistry   : Registered SqmFunctionTemplate [NamedSqmFunctionTemplate(nullif)] under nullif; prior registration was null
2025-08-06T20:45:59.694+05:30 DEBUG 45196 --- [auction_application] [           main] o.h.q.sqm.function.SqmFunctionRegistry   : Registered SqmFunctionTemplate [NamedSqmFunctionTemplate(left)] under left; prior registration was null
2025-08-06T20:45:59.694+05:30 DEBUG 45196 --- [auction_application] [           main] o.h.q.sqm.function.SqmFunctionRegistry   : Registered SqmFunctionTemplate [NamedSqmFunctionTemplate(right)] under right; prior registration was null
2025-08-06T20:45:59.694+05:30 DEBUG 45196 --- [auction_application] [           main] o.h.q.sqm.function.SqmFunctionRegistry   : Registered SqmFunctionTemplate [NamedSqmFunctionTemplate(replace)] under replace; prior registration was null
2025-08-06T20:45:59.694+05:30 DEBUG 45196 --- [auction_application] [           main] o.h.q.sqm.function.SqmFunctionRegistry   : Registered SqmFunctionTemplate [NamedSqmFunctionTemplate(concat)] under concat; prior registration was null
2025-08-06T20:45:59.694+05:30 DEBUG 45196 --- [auction_application] [           main] o.h.q.sqm.function.SqmFunctionRegistry   : Registered SqmFunctionTemplate [NamedSqmFunctionTemplate(lower)] under lower; prior registration was null
2025-08-06T20:45:59.694+05:30 DEBUG 45196 --- [auction_application] [           main] o.h.q.sqm.function.SqmFunctionRegistry   : Registered SqmFunctionTemplate [NamedSqmFunctionTemplate(upper)] under upper; prior registration was null
2025-08-06T20:45:59.694+05:30 DEBUG 45196 --- [auction_application] [           main] o.h.q.sqm.function.SqmFunctionRegistry   : Registered SqmFunctionTemplate [NamedSqmFunctionTemplate(substring)] under substring; prior registration was null
2025-08-06T20:45:59.694+05:30 DEBUG 45196 --- [auction_application] [           main] o.h.q.sqm.function.SqmFunctionRegistry   : Registered SqmFunctionTemplate [NamedSqmFunctionTemplate(locate)] under locate; prior registration was null
2025-08-06T20:45:59.694+05:30 DEBUG 45196 --- [auction_application] [           main] o.h.q.sqm.function.SqmFunctionRegistry   : Registered SqmFunctionTemplate [NamedSqmFunctionTemplate(character_length)] under character_length; prior registration was null
2025-08-06T20:45:59.694+05:30 DEBUG 45196 --- [auction_application] [           main] o.h.q.sqm.function.SqmFunctionRegistry   : Registering alternate key : length -> character_length
2025-08-06T20:45:59.694+05:30 DEBUG 45196 --- [auction_application] [           main] o.h.q.sqm.function.SqmFunctionRegistry   : Registered SqmFunctionTemplate [org.hibernate.dialect.function.LocatePositionEmulation@24a807a9] under position; prior registration was null
2025-08-06T20:45:59.695+05:30 DEBUG 45196 --- [auction_application] [           main] o.h.q.sqm.function.SqmFunctionRegistry   : Registered SqmFunctionTemplate [org.hibernate.dialect.function.InsertSubstringOverlayEmulation@180fb796] under overlay; prior registration was null
2025-08-06T20:45:59.696+05:30 DEBUG 45196 --- [auction_application] [           main] o.h.q.sqm.function.SqmFunctionRegistry   : Registered SqmFunctionTemplate [org.hibernate.dialect.function.TrimFunction@2175d53f] under trim; prior registration was null
2025-08-06T20:45:59.697+05:30 DEBUG 45196 --- [auction_application] [           main] o.h.q.sqm.function.SqmFunctionRegistry   : Registered SqmFunctionTemplate [org.hibernate.dialect.function.CastFunction@76219fe] under cast; prior registration was null
2025-08-06T20:45:59.698+05:30 DEBUG 45196 --- [auction_application] [           main] o.h.q.sqm.function.SqmFunctionRegistry   : Registered SqmFunctionTemplate [org.hibernate.query.sqm.function.PatternBasedSqmFunctionDescriptor@5eff5e4c] under collate; prior registration was null
2025-08-06T20:45:59.698+05:30 DEBUG 45196 --- [auction_application] [           main] o.h.q.sqm.function.SqmFunctionRegistry   : Registered SqmFunctionTemplate [org.hibernate.dialect.function.ExtractFunction@5a010eec] under extract; prior registration was null
2025-08-06T20:45:59.698+05:30 DEBUG 45196 --- [auction_application] [           main] o.h.q.sqm.function.SqmFunctionRegistry   : Registered SqmFunctionTemplate [NamedSqmFunctionTemplate(least)] under least; prior registration was null
2025-08-06T20:45:59.698+05:30 DEBUG 45196 --- [auction_application] [           main] o.h.q.sqm.function.SqmFunctionRegistry   : Registered SqmFunctionTemplate [NamedSqmFunctionTemplate(greatest)] under greatest; prior registration was null
2025-08-06T20:45:59.698+05:30 DEBUG 45196 --- [auction_application] [           main] o.h.q.sqm.function.SqmFunctionRegistry   : Registered SqmFunctionTemplate [org.hibernate.dialect.function.CoalesceIfnullEmulation@752ffce3] under ifnull; prior registration was null
2025-08-06T20:45:59.698+05:30 DEBUG 45196 --- [auction_application] [           main] o.h.q.sqm.function.SqmFunctionRegistry   : Registered SqmFunctionTemplate [NamedSqmFunctionTemplate(lpad)] under lpad; prior registration was null
2025-08-06T20:45:59.698+05:30 DEBUG 45196 --- [auction_application] [           main] o.h.q.sqm.function.SqmFunctionRegistry   : Registered SqmFunctionTemplate [NamedSqmFunctionTemplate(rpad)] under rpad; prior registration was null
2025-08-06T20:45:59.699+05:30 DEBUG 45196 --- [auction_application] [           main] o.h.q.sqm.function.SqmFunctionRegistry   : Registered SqmFunctionTemplate [org.hibernate.dialect.function.LpadRpadPadEmulation@633cad4d] under pad; prior registration was null
2025-08-06T20:45:59.699+05:30 DEBUG 45196 --- [auction_application] [           main] o.h.q.sqm.function.SqmFunctionRegistry   : Registered SqmFunctionTemplate [org.hibernate.dialect.function.CastStrEmulation@4056cdb2] under str; prior registration was null
2025-08-06T20:45:59.702+05:30 DEBUG 45196 --- [auction_application] [           main] o.h.q.sqm.function.SqmFunctionRegistry   : Registered SqmFunctionTemplate [org.hibernate.dialect.function.FormatFunction@347f8029] under format; prior registration was null
2025-08-06T20:45:59.702+05:30 DEBUG 45196 --- [auction_application] [           main] o.h.q.sqm.function.SqmFunctionRegistry   : Registered SqmFunctionTemplate [org.hibernate.dialect.function.TimestampaddFunction@58835bba] under timestampadd; prior registration was null
2025-08-06T20:45:59.703+05:30 DEBUG 45196 --- [auction_application] [           main] o.h.q.sqm.function.SqmFunctionRegistry   : Registered SqmFunctionTemplate [org.hibernate.dialect.function.TimestampdiffFunction@23cfdfa2] under timestampdiff; prior registration was null
2025-08-06T20:45:59.703+05:30 DEBUG 45196 --- [auction_application] [           main] o.h.q.sqm.function.SqmFunctionRegistry   : Registering alternate key : dateadd -> timestampadd
2025-08-06T20:45:59.703+05:30 DEBUG 45196 --- [auction_application] [           main] o.h.q.sqm.function.SqmFunctionRegistry   : Registering alternate key : datediff -> timestampdiff
2025-08-06T20:45:59.703+05:30 DEBUG 45196 --- [auction_application] [           main] o.h.q.sqm.function.SqmFunctionRegistry   : Registered SqmFunctionTemplate [org.hibernate.dialect.function.CurrentFunction@151d216e] under current_date; prior registration was null
2025-08-06T20:45:59.704+05:30 DEBUG 45196 --- [auction_application] [           main] o.h.q.sqm.function.SqmFunctionRegistry   : Registered SqmFunctionTemplate [org.hibernate.dialect.function.CurrentFunction@1018f702] under current_time; prior registration was null
2025-08-06T20:45:59.704+05:30 DEBUG 45196 --- [auction_application] [           main] o.h.q.sqm.function.SqmFunctionRegistry   : Registered SqmFunctionTemplate [org.hibernate.dialect.function.CurrentFunction@5400db7e] under current_timestamp; prior registration was null
2025-08-06T20:45:59.704+05:30 DEBUG 45196 --- [auction_application] [           main] o.h.q.sqm.function.SqmFunctionRegistry   : Registering alternate key : current date -> current_date
2025-08-06T20:45:59.704+05:30 DEBUG 45196 --- [auction_application] [           main] o.h.q.sqm.function.SqmFunctionRegistry   : Registering alternate key : current time -> current_time
2025-08-06T20:45:59.704+05:30 DEBUG 45196 --- [auction_application] [           main] o.h.q.sqm.function.SqmFunctionRegistry   : Registering alternate key : current timestamp -> current_timestamp
2025-08-06T20:45:59.704+05:30 DEBUG 45196 --- [auction_application] [           main] o.h.q.sqm.function.SqmFunctionRegistry   : Registered SqmFunctionTemplate [org.hibernate.dialect.function.CurrentFunction@a84b6de] under local_date; prior registration was null
2025-08-06T20:45:59.704+05:30 DEBUG 45196 --- [auction_application] [           main] o.h.q.sqm.function.SqmFunctionRegistry   : Registered SqmFunctionTemplate [org.hibernate.dialect.function.CurrentFunction@76eee0b1] under local_time; prior registration was null
2025-08-06T20:45:59.704+05:30 DEBUG 45196 --- [auction_application] [           main] o.h.q.sqm.function.SqmFunctionRegistry   : Registered SqmFunctionTemplate [org.hibernate.dialect.function.CurrentFunction@2119b989] under local_datetime; prior registration was null
2025-08-06T20:45:59.704+05:30 DEBUG 45196 --- [auction_application] [           main] o.h.q.sqm.function.SqmFunctionRegistry   : Registered SqmFunctionTemplate [org.hibernate.dialect.function.CurrentFunction@73905dff] under offset_datetime; prior registration was null
2025-08-06T20:45:59.704+05:30 DEBUG 45196 --- [auction_application] [           main] o.h.q.sqm.function.SqmFunctionRegistry   : Registering alternate key : local date -> local_date
2025-08-06T20:45:59.704+05:30 DEBUG 45196 --- [auction_application] [           main] o.h.q.sqm.function.SqmFunctionRegistry   : Registering alternate key : local time -> local_time
2025-08-06T20:45:59.704+05:30 DEBUG 45196 --- [auction_application] [           main] o.h.q.sqm.function.SqmFunctionRegistry   : Registering alternate key : local datetime -> local_datetime
2025-08-06T20:45:59.704+05:30 DEBUG 45196 --- [auction_application] [           main] o.h.q.sqm.function.SqmFunctionRegistry   : Registering alternate key : offset datetime -> offset_datetime
2025-08-06T20:45:59.704+05:30 DEBUG 45196 --- [auction_application] [           main] o.h.q.sqm.function.SqmFunctionRegistry   : Registered SqmFunctionTemplate [org.hibernate.dialect.function.CurrentFunction@5c0d3715] under instant; prior registration was null
2025-08-06T20:45:59.704+05:30 DEBUG 45196 --- [auction_application] [           main] o.h.q.sqm.function.SqmFunctionRegistry   : Registering alternate key : current_instant -> instant
2025-08-06T20:45:59.704+05:30 DEBUG 45196 --- [auction_application] [           main] o.h.q.sqm.function.SqmFunctionRegistry   : Registered SqmFunctionTemplate [org.hibernate.dialect.function.SqlFunction@75507e68] under sql; prior registration was null
2025-08-06T20:45:59.704+05:30 DEBUG 45196 --- [auction_application] [           main] o.h.q.sqm.function.SqmFunctionRegistry   : Registered SqmFunctionTemplate [NamedSqmFunctionTemplate(cot)] under cot; prior registration was null
2025-08-06T20:45:59.704+05:30 DEBUG 45196 --- [auction_application] [           main] o.h.q.sqm.function.SqmFunctionRegistry   : Registered SqmFunctionTemplate [NamedSqmFunctionTemplate(radians)] under radians; prior registration was null
2025-08-06T20:45:59.704+05:30 DEBUG 45196 --- [auction_application] [           main] o.h.q.sqm.function.SqmFunctionRegistry   : Registered SqmFunctionTemplate [NamedSqmFunctionTemplate(degrees)] under degrees; prior registration was null
2025-08-06T20:45:59.705+05:30 DEBUG 45196 --- [auction_application] [           main] o.h.q.sqm.function.SqmFunctionRegistry   : Registered SqmFunctionTemplate [NamedSqmFunctionTemplate(log)] under log; prior registration was org.hibernate.query.sqm.function.PatternBasedSqmFunctionDescriptor@2bb84aa5
2025-08-06T20:45:59.705+05:30 DEBUG 45196 --- [auction_application] [           main] o.h.q.sqm.function.SqmFunctionRegistry   : Registered SqmFunctionTemplate [org.hibernate.query.sqm.function.PatternBasedSqmFunctionDescriptor@152d2a58] under mod; prior registration was NamedSqmFunctionTemplate(mod)
2025-08-06T20:45:59.705+05:30 DEBUG 45196 --- [auction_application] [           main] o.h.q.sqm.function.SqmFunctionRegistry   : Registered SqmFunctionTemplate [NamedSqmFunctionTemplate(log10)] under log10; prior registration was null
2025-08-06T20:45:59.705+05:30 DEBUG 45196 --- [auction_application] [           main] o.h.q.sqm.function.SqmFunctionRegistry   : Registered SqmFunctionTemplate [NamedSqmFunctionTemplate(tanh)] under tanh; prior registration was org.hibernate.query.sqm.function.PatternBasedSqmFunctionDescriptor@37b5a51c
2025-08-06T20:45:59.705+05:30 DEBUG 45196 --- [auction_application] [           main] o.h.q.sqm.function.SqmFunctionRegistry   : Registered SqmFunctionTemplate [NamedSqmFunctionTemplate(sinh)] under sinh; prior registration was org.hibernate.query.sqm.function.PatternBasedSqmFunctionDescriptor@61f08aa9
2025-08-06T20:45:59.705+05:30 DEBUG 45196 --- [auction_application] [           main] o.h.q.sqm.function.SqmFunctionRegistry   : Registered SqmFunctionTemplate [NamedSqmFunctionTemplate(cosh)] under cosh; prior registration was org.hibernate.query.sqm.function.PatternBasedSqmFunctionDescriptor@1a1f22f2
2025-08-06T20:45:59.705+05:30 DEBUG 45196 --- [auction_application] [           main] o.h.q.sqm.function.SqmFunctionRegistry   : Registered SqmFunctionTemplate [NamedSqmFunctionTemplate(acosh)] under acosh; prior registration was null
2025-08-06T20:45:59.705+05:30 DEBUG 45196 --- [auction_application] [           main] o.h.q.sqm.function.SqmFunctionRegistry   : Registered SqmFunctionTemplate [NamedSqmFunctionTemplate(asinh)] under asinh; prior registration was null
2025-08-06T20:45:59.705+05:30 DEBUG 45196 --- [auction_application] [           main] o.h.q.sqm.function.SqmFunctionRegistry   : Registered SqmFunctionTemplate [NamedSqmFunctionTemplate(atanh)] under atanh; prior registration was null
2025-08-06T20:45:59.705+05:30 DEBUG 45196 --- [auction_application] [           main] o.h.q.sqm.function.SqmFunctionRegistry   : Registered SqmFunctionTemplate [NamedSqmFunctionTemplate(cbrt)] under cbrt; prior registration was null
2025-08-06T20:45:59.705+05:30 DEBUG 45196 --- [auction_application] [           main] o.h.q.sqm.function.SqmFunctionRegistry   : Registered SqmFunctionTemplate [NamedSqmFunctionTemplate(pi)] under pi; prior registration was org.hibernate.query.sqm.function.PatternBasedSqmFunctionDescriptor@4e782401
2025-08-06T20:45:59.705+05:30 DEBUG 45196 --- [auction_application] [           main] o.h.q.sqm.function.SqmFunctionRegistry   : Registered SqmFunctionTemplate [NamedSqmFunctionTemplate(ltrim)] under ltrim; prior registration was null
2025-08-06T20:45:59.705+05:30 DEBUG 45196 --- [auction_application] [           main] o.h.q.sqm.function.SqmFunctionRegistry   : Registered SqmFunctionTemplate [NamedSqmFunctionTemplate(rtrim)] under rtrim; prior registration was null
2025-08-06T20:45:59.705+05:30 DEBUG 45196 --- [auction_application] [           main] o.h.q.sqm.function.SqmFunctionRegistry   : Registered SqmFunctionTemplate [NamedSqmFunctionTemplate(repeat)] under repeat; prior registration was null
2025-08-06T20:45:59.705+05:30 DEBUG 45196 --- [auction_application] [           main] o.h.q.sqm.function.SqmFunctionRegistry   : Registered SqmFunctionTemplate [NamedSqmFunctionTemplate(md5)] under md5; prior registration was null
2025-08-06T20:45:59.705+05:30 DEBUG 45196 --- [auction_application] [           main] o.h.q.sqm.function.SqmFunctionRegistry   : Registered SqmFunctionTemplate [NamedSqmFunctionTemplate(initcap)] under initcap; prior registration was null
2025-08-06T20:45:59.705+05:30 DEBUG 45196 --- [auction_application] [           main] o.h.q.sqm.function.SqmFunctionRegistry   : Registered SqmFunctionTemplate [NamedSqmFunctionTemplate(substr)] under substr; prior registration was null
2025-08-06T20:45:59.705+05:30 DEBUG 45196 --- [auction_application] [           main] o.h.q.sqm.function.SqmFunctionRegistry   : Registered SqmFunctionTemplate [NamedSqmFunctionTemplate(substr)] under substring; prior registration was NamedSqmFunctionTemplate(substring)
2025-08-06T20:45:59.705+05:30 DEBUG 45196 --- [auction_application] [           main] o.h.q.sqm.function.SqmFunctionRegistry   : Registered SqmFunctionTemplate [NamedSqmFunctionTemplate(translate)] under translate; prior registration was null
2025-08-06T20:45:59.705+05:30 DEBUG 45196 --- [auction_application] [           main] o.h.q.sqm.function.SqmFunctionRegistry   : Registered SqmFunctionTemplate [NamedSqmFunctionTemplate(to_number)] under to_number; prior registration was null
2025-08-06T20:45:59.705+05:30 DEBUG 45196 --- [auction_application] [           main] o.h.q.sqm.function.SqmFunctionRegistry   : Registered SqmFunctionTemplate [NamedSqmFunctionTemplate(to_char)] under to_char; prior registration was null
2025-08-06T20:45:59.705+05:30 DEBUG 45196 --- [auction_application] [           main] o.h.q.sqm.function.SqmFunctionRegistry   : Registered SqmFunctionTemplate [NamedSqmFunctionTemplate(to_date)] under to_date; prior registration was null
2025-08-06T20:45:59.705+05:30 DEBUG 45196 --- [auction_application] [           main] o.h.q.sqm.function.SqmFunctionRegistry   : Registered SqmFunctionTemplate [NamedSqmFunctionTemplate(to_timestamp)] under to_timestamp; prior registration was null
2025-08-06T20:45:59.706+05:30 DEBUG 45196 --- [auction_application] [           main] o.h.q.sqm.function.SqmFunctionRegistry   : Registered SqmFunctionTemplate [org.hibernate.dialect.function.ConcatPipeFunction@18918d70] under concat; prior registration was NamedSqmFunctionTemplate(concat)
2025-08-06T20:45:59.706+05:30 DEBUG 45196 --- [auction_application] [           main] o.h.q.sqm.function.SqmFunctionRegistry   : Registered SqmFunctionTemplate [NamedSqmFunctionTemplate(localtime)] under localtime; prior registration was null
2025-08-06T20:45:59.706+05:30 DEBUG 45196 --- [auction_application] [           main] o.h.q.sqm.function.SqmFunctionRegistry   : Registered SqmFunctionTemplate [NamedSqmFunctionTemplate(localtimestamp)] under localtimestamp; prior registration was null
2025-08-06T20:45:59.706+05:30 DEBUG 45196 --- [auction_application] [           main] o.h.q.sqm.function.SqmFunctionRegistry   : Registered SqmFunctionTemplate [NamedSqmFunctionTemplate(localtime)] under local_time; prior registration was org.hibernate.dialect.function.CurrentFunction@76eee0b1
2025-08-06T20:45:59.706+05:30 DEBUG 45196 --- [auction_application] [           main] o.h.q.sqm.function.SqmFunctionRegistry   : Registered SqmFunctionTemplate [NamedSqmFunctionTemplate(localtimestamp)] under local_datetime; prior registration was org.hibernate.dialect.function.CurrentFunction@2119b989
2025-08-06T20:45:59.707+05:30 DEBUG 45196 --- [auction_application] [           main] o.h.q.sqm.function.SqmFunctionRegistry   : Registered SqmFunctionTemplate [org.hibernate.dialect.function.LengthFunction@13ae87a6] under character_length; prior registration was NamedSqmFunctionTemplate(character_length)
2025-08-06T20:45:59.707+05:30 DEBUG 45196 --- [auction_application] [           main] o.h.q.sqm.function.SqmFunctionRegistry   : Registering alternate key : length -> character_length
2025-08-06T20:45:59.707+05:30 DEBUG 45196 --- [auction_application] [           main] o.h.q.sqm.function.SqmFunctionRegistry   : Registered SqmFunctionTemplate [org.hibernate.dialect.function.LengthFunction@774189d0] under bit_length; prior registration was null
2025-08-06T20:45:59.707+05:30 DEBUG 45196 --- [auction_application] [           main] o.h.q.sqm.function.SqmFunctionRegistry   : Registered SqmFunctionTemplate [org.hibernate.dialect.function.LengthFunction@22c4354d] under octet_length; prior registration was null
2025-08-06T20:45:59.707+05:30 DEBUG 45196 --- [auction_application] [           main] o.h.q.sqm.function.SqmFunctionRegistry   : Registered SqmFunctionTemplate [NamedSqmFunctionTemplate(ascii)] under ascii; prior registration was null
2025-08-06T20:45:59.707+05:30 DEBUG 45196 --- [auction_application] [           main] o.h.q.sqm.function.SqmFunctionRegistry   : Registered SqmFunctionTemplate [NamedSqmFunctionTemplate(chr)] under chr; prior registration was null
2025-08-06T20:45:59.707+05:30 DEBUG 45196 --- [auction_application] [           main] o.h.q.sqm.function.SqmFunctionRegistry   : Registering alternate key : char -> chr
2025-08-06T20:45:59.707+05:30 DEBUG 45196 --- [auction_application] [           main] o.h.q.sqm.function.SqmFunctionRegistry   : Registered SqmFunctionTemplate [org.hibernate.query.sqm.function.PatternBasedSqmFunctionDescriptor@2681185e] under position; prior registration was org.hibernate.dialect.function.LocatePositionEmulation@24a807a9
2025-08-06T20:45:59.707+05:30 DEBUG 45196 --- [auction_application] [           main] o.h.q.sqm.function.SqmFunctionRegistry   : Registered SqmFunctionTemplate [org.hibernate.query.sqm.function.PatternBasedSqmFunctionDescriptor@41f5389f] under bitand; prior registration was null
2025-08-06T20:45:59.707+05:30 DEBUG 45196 --- [auction_application] [           main] o.h.q.sqm.function.SqmFunctionRegistry   : Registered SqmFunctionTemplate [org.hibernate.query.sqm.function.PatternBasedSqmFunctionDescriptor@3a012678] under bitor; prior registration was null
2025-08-06T20:45:59.707+05:30 DEBUG 45196 --- [auction_application] [           main] o.h.q.sqm.function.SqmFunctionRegistry   : Registered SqmFunctionTemplate [org.hibernate.query.sqm.function.PatternBasedSqmFunctionDescriptor@396c1228] under bitxor; prior registration was null
2025-08-06T20:45:59.707+05:30 DEBUG 45196 --- [auction_application] [           main] o.h.q.sqm.function.SqmFunctionRegistry   : Registered SqmFunctionTemplate [org.hibernate.query.sqm.function.PatternBasedSqmFunctionDescriptor@1701beb3] under bitnot; prior registration was null
2025-08-06T20:45:59.707+05:30 DEBUG 45196 --- [auction_application] [           main] o.h.q.sqm.function.SqmFunctionRegistry   : Registered SqmFunctionTemplate [NamedSqmFunctionTemplate(bit_and)] under bit_and; prior registration was null
2025-08-06T20:45:59.707+05:30 DEBUG 45196 --- [auction_application] [           main] o.h.q.sqm.function.SqmFunctionRegistry   : Registered SqmFunctionTemplate [NamedSqmFunctionTemplate(bit_or)] under bit_or; prior registration was null
2025-08-06T20:45:59.707+05:30 DEBUG 45196 --- [auction_application] [           main] o.h.q.sqm.function.SqmFunctionRegistry   : Registered SqmFunctionTemplate [NamedSqmFunctionTemplate(bool_and)] under bool_and; prior registration was null
2025-08-06T20:45:59.707+05:30 DEBUG 45196 --- [auction_application] [           main] o.h.q.sqm.function.SqmFunctionRegistry   : Registering alternate key : every -> bool_and
2025-08-06T20:45:59.707+05:30 DEBUG 45196 --- [auction_application] [           main] o.h.q.sqm.function.SqmFunctionRegistry   : Registered SqmFunctionTemplate [NamedSqmFunctionTemplate(bool_or)] under bool_or; prior registration was null
2025-08-06T20:45:59.707+05:30 DEBUG 45196 --- [auction_application] [           main] o.h.q.sqm.function.SqmFunctionRegistry   : Registering alternate key : any -> bool_or
2025-08-06T20:45:59.708+05:30 DEBUG 45196 --- [auction_application] [           main] o.h.q.sqm.function.SqmFunctionRegistry   : Registered SqmFunctionTemplate [org.hibernate.query.sqm.function.PatternBasedSqmFunctionDescriptor@7f584d0c] under median; prior registration was null
2025-08-06T20:45:59.708+05:30 DEBUG 45196 --- [auction_application] [           main] o.h.q.sqm.function.SqmFunctionRegistry   : Registered SqmFunctionTemplate [NamedSqmFunctionTemplate(stddev)] under stddev; prior registration was null
2025-08-06T20:45:59.708+05:30 DEBUG 45196 --- [auction_application] [           main] o.h.q.sqm.function.SqmFunctionRegistry   : Registered SqmFunctionTemplate [NamedSqmFunctionTemplate(stddev_pop)] under stddev_pop; prior registration was null
2025-08-06T20:45:59.708+05:30 DEBUG 45196 --- [auction_application] [           main] o.h.q.sqm.function.SqmFunctionRegistry   : Registered SqmFunctionTemplate [NamedSqmFunctionTemplate(stddev_samp)] under stddev_samp; prior registration was null
2025-08-06T20:45:59.708+05:30 DEBUG 45196 --- [auction_application] [           main] o.h.q.sqm.function.SqmFunctionRegistry   : Registered SqmFunctionTemplate [NamedSqmFunctionTemplate(variance)] under variance; prior registration was null
2025-08-06T20:45:59.708+05:30 DEBUG 45196 --- [auction_application] [           main] o.h.q.sqm.function.SqmFunctionRegistry   : Registered SqmFunctionTemplate [NamedSqmFunctionTemplate(var_pop)] under var_pop; prior registration was null
2025-08-06T20:45:59.708+05:30 DEBUG 45196 --- [auction_application] [           main] o.h.q.sqm.function.SqmFunctionRegistry   : Registered SqmFunctionTemplate [NamedSqmFunctionTemplate(var_samp)] under var_samp; prior registration was null
2025-08-06T20:45:59.708+05:30 DEBUG 45196 --- [auction_application] [           main] o.h.q.sqm.function.SqmFunctionRegistry   : Registered SqmFunctionTemplate [NamedSqmFunctionTemplate(covar_pop)] under covar_pop; prior registration was null
2025-08-06T20:45:59.708+05:30 DEBUG 45196 --- [auction_application] [           main] o.h.q.sqm.function.SqmFunctionRegistry   : Registered SqmFunctionTemplate [NamedSqmFunctionTemplate(covar_samp)] under covar_samp; prior registration was null
2025-08-06T20:45:59.708+05:30 DEBUG 45196 --- [auction_application] [           main] o.h.q.sqm.function.SqmFunctionRegistry   : Registered SqmFunctionTemplate [NamedSqmFunctionTemplate(corr)] under corr; prior registration was null
2025-08-06T20:45:59.708+05:30 DEBUG 45196 --- [auction_application] [           main] o.h.q.sqm.function.SqmFunctionRegistry   : Registered SqmFunctionTemplate [NamedSqmFunctionTemplate(regr_avgx)] under regr_avgx; prior registration was null
2025-08-06T20:45:59.708+05:30 DEBUG 45196 --- [auction_application] [           main] o.h.q.sqm.function.SqmFunctionRegistry   : Registered SqmFunctionTemplate [NamedSqmFunctionTemplate(regr_avgy)] under regr_avgy; prior registration was null
2025-08-06T20:45:59.708+05:30 DEBUG 45196 --- [auction_application] [           main] o.h.q.sqm.function.SqmFunctionRegistry   : Registered SqmFunctionTemplate [NamedSqmFunctionTemplate(regr_count)] under regr_count; prior registration was null
2025-08-06T20:45:59.708+05:30 DEBUG 45196 --- [auction_application] [           main] o.h.q.sqm.function.SqmFunctionRegistry   : Registered SqmFunctionTemplate [NamedSqmFunctionTemplate(regr_intercept)] under regr_intercept; prior registration was null
2025-08-06T20:45:59.708+05:30 DEBUG 45196 --- [auction_application] [           main] o.h.q.sqm.function.SqmFunctionRegistry   : Registered SqmFunctionTemplate [NamedSqmFunctionTemplate(regr_r2)] under regr_r2; prior registration was null
2025-08-06T20:45:59.708+05:30 DEBUG 45196 --- [auction_application] [           main] o.h.q.sqm.function.SqmFunctionRegistry   : Registered SqmFunctionTemplate [NamedSqmFunctionTemplate(regr_slope)] under regr_slope; prior registration was null
2025-08-06T20:45:59.708+05:30 DEBUG 45196 --- [auction_application] [           main] o.h.q.sqm.function.SqmFunctionRegistry   : Registered SqmFunctionTemplate [NamedSqmFunctionTemplate(regr_sxx)] under regr_sxx; prior registration was null
2025-08-06T20:45:59.708+05:30 DEBUG 45196 --- [auction_application] [           main] o.h.q.sqm.function.SqmFunctionRegistry   : Registered SqmFunctionTemplate [NamedSqmFunctionTemplate(regr_sxy)] under regr_sxy; prior registration was null
2025-08-06T20:45:59.708+05:30 DEBUG 45196 --- [auction_application] [           main] o.h.q.sqm.function.SqmFunctionRegistry   : Registered SqmFunctionTemplate [NamedSqmFunctionTemplate(regr_syy)] under regr_syy; prior registration was null
2025-08-06T20:45:59.708+05:30 DEBUG 45196 --- [auction_application] [           main] o.h.q.sqm.function.SqmFunctionRegistry   : Registered SqmFunctionTemplate [org.hibernate.query.sqm.function.PatternBasedSqmFunctionDescriptor@15fd3088] under insert; prior registration was null
2025-08-06T20:45:59.709+05:30 DEBUG 45196 --- [auction_application] [           main] o.h.q.sqm.function.SqmFunctionRegistry   : Registered SqmFunctionTemplate [org.hibernate.query.sqm.function.MultipatternSqmFunctionDescriptor@4e7151b3] under overlay; prior registration was org.hibernate.dialect.function.InsertSubstringOverlayEmulation@180fb796
2025-08-06T20:45:59.709+05:30 DEBUG 45196 --- [auction_application] [           main] o.h.q.sqm.function.SqmFunctionRegistry   : Registered SqmFunctionTemplate [NamedSqmFunctionTemplate(soundex)] under soundex; prior registration was null
2025-08-06T20:45:59.709+05:30 DEBUG 45196 --- [auction_application] [           main] o.h.q.sqm.function.SqmFunctionRegistry   : Registered SqmFunctionTemplate [org.hibernate.query.sqm.function.MultipatternSqmFunctionDescriptor@5ef7ae2f] under locate; prior registration was NamedSqmFunctionTemplate(locate)
2025-08-06T20:45:59.709+05:30 DEBUG 45196 --- [auction_application] [           main] o.h.q.sqm.function.SqmFunctionRegistry   : Registered SqmFunctionTemplate [NamedSqmFunctionTemplate(row_number)] under row_number; prior registration was null
2025-08-06T20:45:59.710+05:30 DEBUG 45196 --- [auction_application] [           main] o.h.q.sqm.function.SqmFunctionRegistry   : Registered SqmFunctionTemplate [NamedSqmFunctionTemplate(lag)] under lag; prior registration was null
2025-08-06T20:45:59.710+05:30 DEBUG 45196 --- [auction_application] [           main] o.h.q.sqm.function.SqmFunctionRegistry   : Registered SqmFunctionTemplate [NamedSqmFunctionTemplate(lead)] under lead; prior registration was null
2025-08-06T20:45:59.710+05:30 DEBUG 45196 --- [auction_application] [           main] o.h.q.sqm.function.SqmFunctionRegistry   : Registered SqmFunctionTemplate [NamedSqmFunctionTemplate(first_value)] under first_value; prior registration was null
2025-08-06T20:45:59.710+05:30 DEBUG 45196 --- [auction_application] [           main] o.h.q.sqm.function.SqmFunctionRegistry   : Registered SqmFunctionTemplate [NamedSqmFunctionTemplate(last_value)] under last_value; prior registration was null
2025-08-06T20:45:59.710+05:30 DEBUG 45196 --- [auction_application] [           main] o.h.q.sqm.function.SqmFunctionRegistry   : Registered SqmFunctionTemplate [NamedSqmFunctionTemplate(nth_value)] under nth_value; prior registration was null
2025-08-06T20:45:59.711+05:30 DEBUG 45196 --- [auction_application] [           main] o.h.q.sqm.function.SqmFunctionRegistry   : Registered SqmFunctionTemplate [org.hibernate.dialect.function.ListaggStringAggEmulation@4b552b13] under listagg; prior registration was null
2025-08-06T20:45:59.713+05:30 DEBUG 45196 --- [auction_application] [           main] o.h.q.sqm.function.SqmFunctionRegistry   : Registered SqmFunctionTemplate [org.hibernate.dialect.function.array.PostgreSQLArrayConstructorFunction@48da5106] under array; prior registration was null
2025-08-06T20:45:59.713+05:30 DEBUG 45196 --- [auction_application] [           main] o.h.q.sqm.function.SqmFunctionRegistry   : Registered SqmFunctionTemplate [org.hibernate.dialect.function.array.PostgreSQLArrayConstructorFunction@31cddb11] under array_list; prior registration was null
2025-08-06T20:45:59.714+05:30 DEBUG 45196 --- [auction_application] [           main] o.h.q.sqm.function.SqmFunctionRegistry   : Registered SqmFunctionTemplate [org.hibernate.dialect.function.array.ArrayAggFunction@78a34c47] under array_agg; prior registration was null
2025-08-06T20:45:59.716+05:30 DEBUG 45196 --- [auction_application] [           main] o.h.q.sqm.function.SqmFunctionRegistry   : Registered SqmFunctionTemplate [org.hibernate.dialect.function.array.PostgreSQLArrayPositionFunction@4feaa4b8] under array_position; prior registration was null
2025-08-06T20:45:59.720+05:30 DEBUG 45196 --- [auction_application] [           main] o.h.q.sqm.function.SqmFunctionRegistry   : Registered SqmFunctionTemplate [org.hibernate.dialect.function.array.PostgreSQLArrayPositionsFunction@25e24908] under array_positions; prior registration was null
2025-08-06T20:45:59.722+05:30 DEBUG 45196 --- [auction_application] [           main] o.h.q.sqm.function.SqmFunctionRegistry   : Registered SqmFunctionTemplate [org.hibernate.dialect.function.array.PostgreSQLArrayPositionsFunction@71634e64] under array_positions_list; prior registration was null
2025-08-06T20:45:59.722+05:30 DEBUG 45196 --- [auction_application] [           main] o.h.q.sqm.function.SqmFunctionRegistry   : Registered SqmFunctionTemplate [org.hibernate.query.sqm.function.PatternBasedSqmFunctionDescriptor@65cc3902] under array_length; prior registration was null
2025-08-06T20:45:59.722+05:30 DEBUG 45196 --- [auction_application] [           main] o.h.q.sqm.function.SqmFunctionRegistry   : Registered SqmFunctionTemplate [org.hibernate.dialect.function.DynamicDispatchFunction@e08d871] under length; prior registration was null
2025-08-06T20:45:59.724+05:30 DEBUG 45196 --- [auction_application] [           main] o.h.q.sqm.function.SqmFunctionRegistry   : Registered SqmFunctionTemplate [org.hibernate.dialect.function.array.PostgreSQLArrayConcatFunction@5169db2f] under array_concat; prior registration was null
2025-08-06T20:45:59.724+05:30 DEBUG 45196 --- [auction_application] [           main] o.h.q.sqm.function.SqmFunctionRegistry   : Registered SqmFunctionTemplate [org.hibernate.dialect.function.array.PostgreSQLArrayConcatElementFunction@575cfec1] under array_prepend; prior registration was null
2025-08-06T20:45:59.724+05:30 DEBUG 45196 --- [auction_application] [           main] o.h.q.sqm.function.SqmFunctionRegistry   : Registered SqmFunctionTemplate [org.hibernate.dialect.function.array.PostgreSQLArrayConcatElementFunction@32068aef] under array_append; prior registration was null
2025-08-06T20:45:59.727+05:30 DEBUG 45196 --- [auction_application] [           main] o.h.q.sqm.function.SqmFunctionRegistry   : Registered SqmFunctionTemplate [org.hibernate.dialect.function.array.ArrayContainsOperatorFunction@7d4e424e] under array_contains; prior registration was null
2025-08-06T20:45:59.727+05:30 DEBUG 45196 --- [auction_application] [           main] o.h.q.sqm.function.SqmFunctionRegistry   : Registered SqmFunctionTemplate [org.hibernate.dialect.function.array.ArrayContainsOperatorFunction@799206ad] under array_contains_nullable; prior registration was null
2025-08-06T20:45:59.729+05:30 DEBUG 45196 --- [auction_application] [           main] o.h.q.sqm.function.SqmFunctionRegistry   : Registered SqmFunctionTemplate [org.hibernate.dialect.function.array.ArrayIncludesOperatorFunction@26c2f767] under array_includes; prior registration was null
2025-08-06T20:45:59.729+05:30 DEBUG 45196 --- [auction_application] [           main] o.h.q.sqm.function.SqmFunctionRegistry   : Registered SqmFunctionTemplate [org.hibernate.dialect.function.array.ArrayIncludesOperatorFunction@6a7ab205] under array_includes_nullable; prior registration was null
2025-08-06T20:45:59.730+05:30 DEBUG 45196 --- [auction_application] [           main] o.h.q.sqm.function.SqmFunctionRegistry   : Registered SqmFunctionTemplate [org.hibernate.dialect.function.array.ArrayIntersectsOperatorFunction@6c96346b] under array_intersects; prior registration was null
2025-08-06T20:45:59.730+05:30 DEBUG 45196 --- [auction_application] [           main] o.h.q.sqm.function.SqmFunctionRegistry   : Registered SqmFunctionTemplate [org.hibernate.dialect.function.array.ArrayIntersectsOperatorFunction@9734cae] under array_intersects_nullable; prior registration was null
2025-08-06T20:45:59.730+05:30 DEBUG 45196 --- [auction_application] [           main] o.h.q.sqm.function.SqmFunctionRegistry   : Registering alternate key : array_overlaps -> array_intersects
2025-08-06T20:45:59.730+05:30 DEBUG 45196 --- [auction_application] [           main] o.h.q.sqm.function.SqmFunctionRegistry   : Registering alternate key : array_overlaps_nullable -> array_intersects_nullable
2025-08-06T20:45:59.732+05:30 DEBUG 45196 --- [auction_application] [           main] o.h.q.sqm.function.SqmFunctionRegistry   : Registered SqmFunctionTemplate [org.hibernate.query.sqm.function.PatternBasedSqmFunctionDescriptor@4fd00e10] under array_get; prior registration was null
2025-08-06T20:45:59.732+05:30 DEBUG 45196 --- [auction_application] [           main] o.h.q.sqm.function.SqmFunctionRegistry   : Registered SqmFunctionTemplate [org.hibernate.dialect.function.array.ArraySetUnnestFunction@5fa9971f] under array_set; prior registration was null
2025-08-06T20:45:59.733+05:30 DEBUG 45196 --- [auction_application] [           main] o.h.q.sqm.function.SqmFunctionRegistry   : Registered SqmFunctionTemplate [NamedSqmFunctionTemplate(array_remove)] under array_remove; prior registration was null
2025-08-06T20:45:59.733+05:30 DEBUG 45196 --- [auction_application] [           main] o.h.q.sqm.function.SqmFunctionRegistry   : Registered SqmFunctionTemplate [org.hibernate.dialect.function.array.ArrayRemoveIndexUnnestFunction@556944cd] under array_remove_index; prior registration was null
2025-08-06T20:45:59.733+05:30 DEBUG 45196 --- [auction_application] [           main] o.h.q.sqm.function.SqmFunctionRegistry   : Registered SqmFunctionTemplate [org.hibernate.query.sqm.function.PatternBasedSqmFunctionDescriptor@370a935f] under array_slice; prior registration was null
2025-08-06T20:45:59.733+05:30 DEBUG 45196 --- [auction_application] [           main] o.h.q.sqm.function.SqmFunctionRegistry   : Registered SqmFunctionTemplate [NamedSqmFunctionTemplate(array_replace)] under array_replace; prior registration was null
2025-08-06T20:45:59.733+05:30 DEBUG 45196 --- [auction_application] [           main] o.h.q.sqm.function.SqmFunctionRegistry   : Registered SqmFunctionTemplate [org.hibernate.query.sqm.function.PatternBasedSqmFunctionDescriptor@7e017f47] under array_trim; prior registration was null
2025-08-06T20:45:59.734+05:30 DEBUG 45196 --- [auction_application] [           main] o.h.q.sqm.function.SqmFunctionRegistry   : Registered SqmFunctionTemplate [org.hibernate.dialect.function.array.PostgreSQLArrayFillFunction@c4455b4] under array_fill; prior registration was null
2025-08-06T20:45:59.734+05:30 DEBUG 45196 --- [auction_application] [           main] o.h.q.sqm.function.SqmFunctionRegistry   : Registered SqmFunctionTemplate [org.hibernate.dialect.function.array.PostgreSQLArrayFillFunction@747f0f34] under array_fill_list; prior registration was null
2025-08-06T20:45:59.734+05:30 DEBUG 45196 --- [auction_application] [           main] o.h.q.sqm.function.SqmFunctionRegistry   : Registered SqmFunctionTemplate [org.hibernate.dialect.function.array.ArrayToStringFunction@4440750] under array_to_string; prior registration was null
2025-08-06T20:45:59.734+05:30 DEBUG 45196 --- [auction_application] [           main] o.h.q.sqm.function.SqmFunctionRegistry   : Registered SqmFunctionTemplate [NamedSqmFunctionTemplate(make_date)] under make_date; prior registration was null
2025-08-06T20:45:59.734+05:30 DEBUG 45196 --- [auction_application] [           main] o.h.q.sqm.function.SqmFunctionRegistry   : Registered SqmFunctionTemplate [NamedSqmFunctionTemplate(make_time)] under make_time; prior registration was null
2025-08-06T20:45:59.734+05:30 DEBUG 45196 --- [auction_application] [           main] o.h.q.sqm.function.SqmFunctionRegistry   : Registered SqmFunctionTemplate [NamedSqmFunctionTemplate(make_timestamp)] under make_timestamp; prior registration was null
2025-08-06T20:45:59.734+05:30 DEBUG 45196 --- [auction_application] [           main] o.h.q.sqm.function.SqmFunctionRegistry   : Registered SqmFunctionTemplate [NamedSqmFunctionTemplate(make_timestamptz)] under make_timestamptz; prior registration was null
2025-08-06T20:45:59.735+05:30 DEBUG 45196 --- [auction_application] [           main] o.h.q.sqm.function.SqmFunctionRegistry   : Registered SqmFunctionTemplate [org.hibernate.dialect.function.InverseDistributionFunction@1f2497d9] under mode; prior registration was null
2025-08-06T20:45:59.735+05:30 DEBUG 45196 --- [auction_application] [           main] o.h.q.sqm.function.SqmFunctionRegistry   : Registered SqmFunctionTemplate [org.hibernate.dialect.function.InverseDistributionFunction@4f1f2f84] under percentile_cont; prior registration was null
2025-08-06T20:45:59.735+05:30 DEBUG 45196 --- [auction_application] [           main] o.h.q.sqm.function.SqmFunctionRegistry   : Registered SqmFunctionTemplate [org.hibernate.dialect.function.InverseDistributionFunction@6c537267] under percentile_disc; prior registration was null
2025-08-06T20:45:59.736+05:30 DEBUG 45196 --- [auction_application] [           main] o.h.q.sqm.function.SqmFunctionRegistry   : Registered SqmFunctionTemplate [org.hibernate.dialect.function.HypotheticalSetFunction@638341b0] under rank; prior registration was null
2025-08-06T20:45:59.736+05:30 DEBUG 45196 --- [auction_application] [           main] o.h.q.sqm.function.SqmFunctionRegistry   : Registered SqmFunctionTemplate [org.hibernate.dialect.function.HypotheticalSetFunction@7962c1d5] under dense_rank; prior registration was null
2025-08-06T20:45:59.736+05:30 DEBUG 45196 --- [auction_application] [           main] o.h.q.sqm.function.SqmFunctionRegistry   : Registered SqmFunctionTemplate [org.hibernate.dialect.function.HypotheticalSetFunction@56226064] under percent_rank; prior registration was null
2025-08-06T20:45:59.736+05:30 DEBUG 45196 --- [auction_application] [           main] o.h.q.sqm.function.SqmFunctionRegistry   : Registered SqmFunctionTemplate [org.hibernate.dialect.function.HypotheticalSetFunction@646c872a] under cume_dist; prior registration was null
2025-08-06T20:45:59.736+05:30 DEBUG 45196 --- [auction_application] [           main] o.h.q.sqm.function.SqmFunctionRegistry   : Registered SqmFunctionTemplate [org.hibernate.dialect.function.PostgreSQLMinMaxFunction@37a939bc] under min; prior registration was NamedSqmFunctionTemplate(min)
2025-08-06T20:45:59.736+05:30 DEBUG 45196 --- [auction_application] [           main] o.h.q.sqm.function.SqmFunctionRegistry   : Registered SqmFunctionTemplate [org.hibernate.dialect.function.PostgreSQLMinMaxFunction@74d776fb] under max; prior registration was NamedSqmFunctionTemplate(max)
2025-08-06T20:45:59.736+05:30 DEBUG 45196 --- [auction_application] [           main] o.h.q.sqm.function.SqmFunctionRegistry   : Registered SqmFunctionTemplate [org.hibernate.query.sqm.function.PatternBasedSqmFunctionDescriptor@406decb2] under bitxor; prior registration was org.hibernate.query.sqm.function.PatternBasedSqmFunctionDescriptor@396c1228
2025-08-06T20:45:59.736+05:30 DEBUG 45196 --- [auction_application] [           main] o.h.q.sqm.function.SqmFunctionRegistry   : Registered SqmFunctionTemplate [org.hibernate.dialect.function.PostgreSQLTruncRoundFunction@c3ca482] under round; prior registration was NamedSqmFunctionTemplate(round)
2025-08-06T20:45:59.737+05:30 DEBUG 45196 --- [auction_application] [           main] o.h.q.sqm.function.SqmFunctionRegistry   : Registered SqmFunctionTemplate [org.hibernate.dialect.function.PostgreSQLTruncFunction@786cc1df] under trunc; prior registration was null
2025-08-06T20:45:59.737+05:30 DEBUG 45196 --- [auction_application] [           main] o.h.q.sqm.function.SqmFunctionRegistry   : Registering alternate key : truncate -> trunc
2025-08-06T20:45:59.737+05:30 DEBUG 45196 --- [auction_application] [           main] o.h.q.sqm.function.SqmFunctionRegistry   : Registered SqmFunctionTemplate [org.hibernate.query.sqm.function.PatternBasedSqmFunctionDescriptor@1ddb6abb] under date_trunc; prior registration was null
2025-08-06T20:45:59.739+05:30 DEBUG 45196 --- [auction_application] [           main] org.hibernate.HQL_FUNCTIONS              : abs(NUMERIC arg)
2025-08-06T20:45:59.740+05:30 DEBUG 45196 --- [auction_application] [           main] org.hibernate.HQL_FUNCTIONS              : Double acos(NUMERIC arg)
2025-08-06T20:45:59.740+05:30 DEBUG 45196 --- [auction_application] [           main] org.hibernate.HQL_FUNCTIONS              : Double acosh(NUMERIC arg)
2025-08-06T20:45:59.740+05:30 DEBUG 45196 --- [auction_application] [           main] org.hibernate.HQL_FUNCTIONS              : Boolean any(BOOLEAN predicate)
2025-08-06T20:45:59.740+05:30 DEBUG 45196 --- [auction_application] [           main] org.hibernate.HQL_FUNCTIONS              : array( ... )
2025-08-06T20:45:59.740+05:30 DEBUG 45196 --- [auction_application] [           main] org.hibernate.HQL_FUNCTIONS              : array_agg(arg)
2025-08-06T20:45:59.740+05:30 DEBUG 45196 --- [auction_application] [           main] org.hibernate.HQL_FUNCTIONS              : array_append( ... )
2025-08-06T20:45:59.740+05:30 DEBUG 45196 --- [auction_application] [           main] org.hibernate.HQL_FUNCTIONS              : array_concat( ... )
2025-08-06T20:45:59.740+05:30 DEBUG 45196 --- [auction_application] [           main] org.hibernate.HQL_FUNCTIONS              : Boolean array_contains(ARRAY haystackArray, OBJECT needleElementOrArray)
2025-08-06T20:45:59.740+05:30 DEBUG 45196 --- [auction_application] [           main] org.hibernate.HQL_FUNCTIONS              : Boolean array_contains_nullable(ARRAY haystackArray, OBJECT needleElementOrArray)
2025-08-06T20:45:59.740+05:30 DEBUG 45196 --- [auction_application] [           main] org.hibernate.HQL_FUNCTIONS              : array_fill(OBJECT element, INTEGER elementCount)
2025-08-06T20:45:59.740+05:30 DEBUG 45196 --- [auction_application] [           main] org.hibernate.HQL_FUNCTIONS              : array_fill_list(OBJECT element, INTEGER elementCount)
2025-08-06T20:45:59.740+05:30 DEBUG 45196 --- [auction_application] [           main] org.hibernate.HQL_FUNCTIONS              : array_get(ARRAY array, INTEGER index)
2025-08-06T20:45:59.740+05:30 DEBUG 45196 --- [auction_application] [           main] org.hibernate.HQL_FUNCTIONS              : Boolean array_includes(ARRAY haystackArray, OBJECT needleArray)
2025-08-06T20:45:59.740+05:30 DEBUG 45196 --- [auction_application] [           main] org.hibernate.HQL_FUNCTIONS              : Boolean array_includes_nullable(ARRAY haystackArray, OBJECT needleArray)
2025-08-06T20:45:59.740+05:30 DEBUG 45196 --- [auction_application] [           main] org.hibernate.HQL_FUNCTIONS              : Boolean array_intersects(ARRAY array0, OBJECT array1)
2025-08-06T20:45:59.740+05:30 DEBUG 45196 --- [auction_application] [           main] org.hibernate.HQL_FUNCTIONS              : Boolean array_intersects_nullable(ARRAY array0, OBJECT array1)
2025-08-06T20:45:59.740+05:30 DEBUG 45196 --- [auction_application] [           main] org.hibernate.HQL_FUNCTIONS              : Integer array_length(ARRAY array)
2025-08-06T20:45:59.740+05:30 DEBUG 45196 --- [auction_application] [           main] org.hibernate.HQL_FUNCTIONS              : array_list( ... )
2025-08-06T20:45:59.740+05:30 DEBUG 45196 --- [auction_application] [           main] org.hibernate.HQL_FUNCTIONS              : Boolean array_overlaps(ARRAY array0, OBJECT array1)
2025-08-06T20:45:59.740+05:30 DEBUG 45196 --- [auction_application] [           main] org.hibernate.HQL_FUNCTIONS              : Boolean array_overlaps_nullable(ARRAY array0, OBJECT array1)
2025-08-06T20:45:59.740+05:30 DEBUG 45196 --- [auction_application] [           main] org.hibernate.HQL_FUNCTIONS              : Integer array_position(ARRAY array, OBJECT element[, INTEGER startPosition])
2025-08-06T20:45:59.740+05:30 DEBUG 45196 --- [auction_application] [           main] org.hibernate.HQL_FUNCTIONS              : int[] array_positions(ARRAY array, OBJECT element)
2025-08-06T20:45:59.740+05:30 DEBUG 45196 --- [auction_application] [           main] org.hibernate.HQL_FUNCTIONS              : List array_positions_list(ARRAY array, OBJECT element)
2025-08-06T20:45:59.740+05:30 DEBUG 45196 --- [auction_application] [           main] org.hibernate.HQL_FUNCTIONS              : array_prepend( ... )
2025-08-06T20:45:59.740+05:30 DEBUG 45196 --- [auction_application] [           main] org.hibernate.HQL_FUNCTIONS              : array_remove( ... )
2025-08-06T20:45:59.740+05:30 DEBUG 45196 --- [auction_application] [           main] org.hibernate.HQL_FUNCTIONS              : array_remove_index( ... )
2025-08-06T20:45:59.740+05:30 DEBUG 45196 --- [auction_application] [           main] org.hibernate.HQL_FUNCTIONS              : array_replace(ARRAY array, OBJECT old, OBJECT new)
2025-08-06T20:45:59.740+05:30 DEBUG 45196 --- [auction_application] [           main] org.hibernate.HQL_FUNCTIONS              : array_set( ... )
2025-08-06T20:45:59.740+05:30 DEBUG 45196 --- [auction_application] [           main] org.hibernate.HQL_FUNCTIONS              : array_slice(ARRAY array, INTEGER start, INTEGER end)
2025-08-06T20:45:59.740+05:30 DEBUG 45196 --- [auction_application] [           main] org.hibernate.HQL_FUNCTIONS              : String array_to_string( ... )
2025-08-06T20:45:59.740+05:30 DEBUG 45196 --- [auction_application] [           main] org.hibernate.HQL_FUNCTIONS              : array_trim(ARRAY array, INTEGER elementsToRemove)
2025-08-06T20:45:59.740+05:30 DEBUG 45196 --- [auction_application] [           main] org.hibernate.HQL_FUNCTIONS              : Integer ascii(STRING arg)
2025-08-06T20:45:59.740+05:30 DEBUG 45196 --- [auction_application] [           main] org.hibernate.HQL_FUNCTIONS              : Double asin(NUMERIC arg)
2025-08-06T20:45:59.740+05:30 DEBUG 45196 --- [auction_application] [           main] org.hibernate.HQL_FUNCTIONS              : Double asinh(NUMERIC arg)
2025-08-06T20:45:59.740+05:30 DEBUG 45196 --- [auction_application] [           main] org.hibernate.HQL_FUNCTIONS              : Double atan(NUMERIC arg)
2025-08-06T20:45:59.740+05:30 DEBUG 45196 --- [auction_application] [           main] org.hibernate.HQL_FUNCTIONS              : Double atan2(NUMERIC arg0, NUMERIC arg1)
2025-08-06T20:45:59.740+05:30 DEBUG 45196 --- [auction_application] [           main] org.hibernate.HQL_FUNCTIONS              : Double atanh(NUMERIC arg)
2025-08-06T20:45:59.741+05:30 DEBUG 45196 --- [auction_application] [           main] org.hibernate.HQL_FUNCTIONS              : avg(arg)
2025-08-06T20:45:59.741+05:30 DEBUG 45196 --- [auction_application] [           main] org.hibernate.HQL_FUNCTIONS              : bit_and(arg)
2025-08-06T20:45:59.741+05:30 DEBUG 45196 --- [auction_application] [           main] org.hibernate.HQL_FUNCTIONS              : Integer bit_length(STRING_OR_CLOB arg)
2025-08-06T20:45:59.741+05:30 DEBUG 45196 --- [auction_application] [           main] org.hibernate.HQL_FUNCTIONS              : bit_or(arg)
2025-08-06T20:45:59.741+05:30 DEBUG 45196 --- [auction_application] [           main] org.hibernate.HQL_FUNCTIONS              : bitand(arg0, arg1)
2025-08-06T20:45:59.741+05:30 DEBUG 45196 --- [auction_application] [           main] org.hibernate.HQL_FUNCTIONS              : bitnot(arg)
2025-08-06T20:45:59.741+05:30 DEBUG 45196 --- [auction_application] [           main] org.hibernate.HQL_FUNCTIONS              : bitor(arg0, arg1)
2025-08-06T20:45:59.741+05:30 DEBUG 45196 --- [auction_application] [           main] org.hibernate.HQL_FUNCTIONS              : bitxor(arg0, arg1)
2025-08-06T20:45:59.741+05:30 DEBUG 45196 --- [auction_application] [           main] org.hibernate.HQL_FUNCTIONS              : Boolean bool_and(BOOLEAN predicate)
2025-08-06T20:45:59.741+05:30 DEBUG 45196 --- [auction_application] [           main] org.hibernate.HQL_FUNCTIONS              : Boolean bool_or(BOOLEAN predicate)
2025-08-06T20:45:59.741+05:30 DEBUG 45196 --- [auction_application] [           main] org.hibernate.HQL_FUNCTIONS              : cast(arg as Type)
2025-08-06T20:45:59.741+05:30 DEBUG 45196 --- [auction_application] [           main] org.hibernate.HQL_FUNCTIONS              : Double cbrt(NUMERIC arg)
2025-08-06T20:45:59.741+05:30 DEBUG 45196 --- [auction_application] [           main] org.hibernate.HQL_FUNCTIONS              : ceiling(NUMERIC arg)
2025-08-06T20:45:59.741+05:30 DEBUG 45196 --- [auction_application] [           main] org.hibernate.HQL_FUNCTIONS              : Character char(INTEGER arg)
2025-08-06T20:45:59.741+05:30 DEBUG 45196 --- [auction_application] [           main] org.hibernate.HQL_FUNCTIONS              : Integer character_length(STRING_OR_CLOB arg)
2025-08-06T20:45:59.741+05:30 DEBUG 45196 --- [auction_application] [           main] org.hibernate.HQL_FUNCTIONS              : Character chr(INTEGER arg)
2025-08-06T20:45:59.741+05:30 DEBUG 45196 --- [auction_application] [           main] org.hibernate.HQL_FUNCTIONS              : coalesce(arg0[, arg1[, ...]])
2025-08-06T20:45:59.741+05:30 DEBUG 45196 --- [auction_application] [           main] org.hibernate.HQL_FUNCTIONS              : String collate(STRING string as COLLATION collation)
2025-08-06T20:45:59.741+05:30 DEBUG 45196 --- [auction_application] [           main] org.hibernate.HQL_FUNCTIONS              : (STRING string0[, STRING string1[, ...]])
2025-08-06T20:45:59.741+05:30 DEBUG 45196 --- [auction_application] [           main] org.hibernate.HQL_FUNCTIONS              : Double corr(NUMERIC arg0, NUMERIC arg1)
2025-08-06T20:45:59.741+05:30 DEBUG 45196 --- [auction_application] [           main] org.hibernate.HQL_FUNCTIONS              : Double cos(NUMERIC arg)
2025-08-06T20:45:59.741+05:30 DEBUG 45196 --- [auction_application] [           main] org.hibernate.HQL_FUNCTIONS              : Double cosh(NUMERIC arg)
2025-08-06T20:45:59.741+05:30 DEBUG 45196 --- [auction_application] [           main] org.hibernate.HQL_FUNCTIONS              : Double cot(NUMERIC arg)
2025-08-06T20:45:59.741+05:30 DEBUG 45196 --- [auction_application] [           main] org.hibernate.HQL_FUNCTIONS              : Long count([distinct ]{arg|*})
2025-08-06T20:45:59.741+05:30 DEBUG 45196 --- [auction_application] [           main] org.hibernate.HQL_FUNCTIONS              : Double covar_pop(NUMERIC arg0, NUMERIC arg1)
2025-08-06T20:45:59.741+05:30 DEBUG 45196 --- [auction_application] [           main] org.hibernate.HQL_FUNCTIONS              : Double covar_samp(NUMERIC arg0, NUMERIC arg1)
2025-08-06T20:45:59.741+05:30 DEBUG 45196 --- [auction_application] [           main] org.hibernate.HQL_FUNCTIONS              : Double cume_dist([arg0[, ...]])
2025-08-06T20:45:59.741+05:30 DEBUG 45196 --- [auction_application] [           main] org.hibernate.HQL_FUNCTIONS              : Date current date
2025-08-06T20:45:59.741+05:30 DEBUG 45196 --- [auction_application] [           main] org.hibernate.HQL_FUNCTIONS              : Time current time
2025-08-06T20:45:59.741+05:30 DEBUG 45196 --- [auction_application] [           main] org.hibernate.HQL_FUNCTIONS              : Timestamp current timestamp
2025-08-06T20:45:59.741+05:30 DEBUG 45196 --- [auction_application] [           main] org.hibernate.HQL_FUNCTIONS              : Date current_date
2025-08-06T20:45:59.741+05:30 DEBUG 45196 --- [auction_application] [           main] org.hibernate.HQL_FUNCTIONS              : Instant current_instant
2025-08-06T20:45:59.741+05:30 DEBUG 45196 --- [auction_application] [           main] org.hibernate.HQL_FUNCTIONS              : Time current_time
2025-08-06T20:45:59.741+05:30 DEBUG 45196 --- [auction_application] [           main] org.hibernate.HQL_FUNCTIONS              : Timestamp current_timestamp
2025-08-06T20:45:59.741+05:30 DEBUG 45196 --- [auction_application] [           main] org.hibernate.HQL_FUNCTIONS              : date_trunc(STRING field, TEMPORAL datetime)
2025-08-06T20:45:59.741+05:30 DEBUG 45196 --- [auction_application] [           main] org.hibernate.HQL_FUNCTIONS              : dateadd(TEMPORAL_UNIT field, INTEGER magnitude, TEMPORAL datetime)
2025-08-06T20:45:59.743+05:30 DEBUG 45196 --- [auction_application] [           main] org.hibernate.HQL_FUNCTIONS              : Long|Double datediff(TEMPORAL_UNIT field, TEMPORAL start, TEMPORAL end)
2025-08-06T20:45:59.743+05:30 DEBUG 45196 --- [auction_application] [           main] org.hibernate.HQL_FUNCTIONS              : Double degrees(NUMERIC arg)
2025-08-06T20:45:59.743+05:30 DEBUG 45196 --- [auction_application] [           main] org.hibernate.HQL_FUNCTIONS              : Long dense_rank([arg0[, ...]])
2025-08-06T20:45:59.743+05:30 DEBUG 45196 --- [auction_application] [           main] org.hibernate.HQL_FUNCTIONS              : Boolean every(BOOLEAN predicate)
2025-08-06T20:45:59.743+05:30 DEBUG 45196 --- [auction_application] [           main] org.hibernate.HQL_FUNCTIONS              : Double exp(NUMERIC arg)
2025-08-06T20:45:59.743+05:30 DEBUG 45196 --- [auction_application] [           main] org.hibernate.HQL_FUNCTIONS              : extract(TEMPORAL_UNIT field from TEMPORAL arg)
2025-08-06T20:45:59.743+05:30 DEBUG 45196 --- [auction_application] [           main] org.hibernate.HQL_FUNCTIONS              : first_valueANY value
2025-08-06T20:45:59.743+05:30 DEBUG 45196 --- [auction_application] [           main] org.hibernate.HQL_FUNCTIONS              : floor(NUMERIC arg)
2025-08-06T20:45:59.743+05:30 DEBUG 45196 --- [auction_application] [           main] org.hibernate.HQL_FUNCTIONS              : String format(TEMPORAL datetime as STRING pattern)
2025-08-06T20:45:59.743+05:30 DEBUG 45196 --- [auction_application] [           main] org.hibernate.HQL_FUNCTIONS              : greatest(COMPARABLE arg0, COMPARABLE arg1[, arg2[, ...]])
2025-08-06T20:45:59.743+05:30 DEBUG 45196 --- [auction_application] [           main] org.hibernate.HQL_FUNCTIONS              : ifnull(arg0, arg1)
2025-08-06T20:45:59.743+05:30 DEBUG 45196 --- [auction_application] [           main] org.hibernate.HQL_FUNCTIONS              : String initcap(arg)
2025-08-06T20:45:59.743+05:30 DEBUG 45196 --- [auction_application] [           main] org.hibernate.HQL_FUNCTIONS              : String insert(STRING string, INTEGER start, INTEGER length, STRING replacement)
2025-08-06T20:45:59.743+05:30 DEBUG 45196 --- [auction_application] [           main] org.hibernate.HQL_FUNCTIONS              : Instant instant
2025-08-06T20:45:59.743+05:30 DEBUG 45196 --- [auction_application] [           main] org.hibernate.HQL_FUNCTIONS              : lagANY value[, INTEGER offset[, ANY default]]
2025-08-06T20:45:59.743+05:30 DEBUG 45196 --- [auction_application] [           main] org.hibernate.HQL_FUNCTIONS              : last_valueANY value
2025-08-06T20:45:59.743+05:30 DEBUG 45196 --- [auction_application] [           main] org.hibernate.HQL_FUNCTIONS              : leadANY value[, INTEGER offset[, ANY default]]
2025-08-06T20:45:59.744+05:30 DEBUG 45196 --- [auction_application] [           main] org.hibernate.HQL_FUNCTIONS              : least(COMPARABLE arg0, COMPARABLE arg1[, arg2[, ...]])
2025-08-06T20:45:59.744+05:30 DEBUG 45196 --- [auction_application] [           main] org.hibernate.HQL_FUNCTIONS              : String left(STRING string, INTEGER length)
2025-08-06T20:45:59.744+05:30 DEBUG 45196 --- [auction_application] [           main] org.hibernate.HQL_FUNCTIONS              : length
2025-08-06T20:45:59.744+05:30 DEBUG 45196 --- [auction_application] [           main] org.hibernate.HQL_FUNCTIONS              : String listagg(STRING arg0, STRING arg1)
2025-08-06T20:45:59.744+05:30 DEBUG 45196 --- [auction_application] [           main] org.hibernate.HQL_FUNCTIONS              : Double ln(NUMERIC arg)
2025-08-06T20:45:59.744+05:30 DEBUG 45196 --- [auction_application] [           main] org.hibernate.HQL_FUNCTIONS              : LocalDate local date
2025-08-06T20:45:59.744+05:30 DEBUG 45196 --- [auction_application] [           main] org.hibernate.HQL_FUNCTIONS              : LocalDateTime local datetime
2025-08-06T20:45:59.744+05:30 DEBUG 45196 --- [auction_application] [           main] org.hibernate.HQL_FUNCTIONS              : LocalTime local time
2025-08-06T20:45:59.744+05:30 DEBUG 45196 --- [auction_application] [           main] org.hibernate.HQL_FUNCTIONS              : LocalDate local_date
2025-08-06T20:45:59.744+05:30 DEBUG 45196 --- [auction_application] [           main] org.hibernate.HQL_FUNCTIONS              : LocalDateTime local_datetime
2025-08-06T20:45:59.744+05:30 DEBUG 45196 --- [auction_application] [           main] org.hibernate.HQL_FUNCTIONS              : LocalTime local_time
2025-08-06T20:45:59.744+05:30 DEBUG 45196 --- [auction_application] [           main] org.hibernate.HQL_FUNCTIONS              : Time localtime
2025-08-06T20:45:59.744+05:30 DEBUG 45196 --- [auction_application] [           main] org.hibernate.HQL_FUNCTIONS              : Timestamp localtimestamp
2025-08-06T20:45:59.744+05:30 DEBUG 45196 --- [auction_application] [           main] org.hibernate.HQL_FUNCTIONS              : Integer locate(STRING pattern, STRING string[, INTEGER start])
2025-08-06T20:45:59.744+05:30 DEBUG 45196 --- [auction_application] [           main] org.hibernate.HQL_FUNCTIONS              : Double log(NUMERIC arg0[, NUMERIC arg1])
2025-08-06T20:45:59.744+05:30 DEBUG 45196 --- [auction_application] [           main] org.hibernate.HQL_FUNCTIONS              : Double log10(NUMERIC arg)
2025-08-06T20:45:59.744+05:30 DEBUG 45196 --- [auction_application] [           main] org.hibernate.HQL_FUNCTIONS              : String lower(STRING string)
2025-08-06T20:45:59.744+05:30 DEBUG 45196 --- [auction_application] [           main] org.hibernate.HQL_FUNCTIONS              : String lpad(STRING string, INTEGER length[, STRING padding])
2025-08-06T20:45:59.744+05:30 DEBUG 45196 --- [auction_application] [           main] org.hibernate.HQL_FUNCTIONS              : String ltrim(STRING string[, STRING characters])
2025-08-06T20:45:59.744+05:30 DEBUG 45196 --- [auction_application] [           main] org.hibernate.HQL_FUNCTIONS              : Date make_date(INTEGER arg0, INTEGER arg1, INTEGER arg2)
2025-08-06T20:45:59.744+05:30 DEBUG 45196 --- [auction_application] [           main] org.hibernate.HQL_FUNCTIONS              : Time make_time(INTEGER arg0, INTEGER arg1, INTEGER arg2)
2025-08-06T20:45:59.744+05:30 DEBUG 45196 --- [auction_application] [           main] org.hibernate.HQL_FUNCTIONS              : Timestamp make_timestamp(INTEGER arg0, INTEGER arg1, INTEGER arg2, INTEGER arg3, INTEGER arg4, INTEGER arg5)
2025-08-06T20:45:59.744+05:30 DEBUG 45196 --- [auction_application] [           main] org.hibernate.HQL_FUNCTIONS              : Timestamp make_timestamptz(INTEGER arg0, INTEGER arg1, INTEGER arg2, INTEGER arg3, INTEGER arg4, INTEGER arg5[, INTEGER arg6])
2025-08-06T20:45:59.744+05:30 DEBUG 45196 --- [auction_application] [           main] org.hibernate.HQL_FUNCTIONS              : max(COMPARABLE arg)
2025-08-06T20:45:59.744+05:30 DEBUG 45196 --- [auction_application] [           main] org.hibernate.HQL_FUNCTIONS              : String md5(arg)
2025-08-06T20:45:59.744+05:30 DEBUG 45196 --- [auction_application] [           main] org.hibernate.HQL_FUNCTIONS              : Double median(NUMERIC arg)
2025-08-06T20:45:59.744+05:30 DEBUG 45196 --- [auction_application] [           main] org.hibernate.HQL_FUNCTIONS              : min(COMPARABLE arg)
2025-08-06T20:45:59.744+05:30 DEBUG 45196 --- [auction_application] [           main] org.hibernate.HQL_FUNCTIONS              : Integer mod(INTEGER arg0, INTEGER arg1)
2025-08-06T20:45:59.744+05:30 DEBUG 45196 --- [auction_application] [           main] org.hibernate.HQL_FUNCTIONS              : mode()
2025-08-06T20:45:59.745+05:30 DEBUG 45196 --- [auction_application] [           main] org.hibernate.HQL_FUNCTIONS              : nth_valueANY value, INTEGER nth
2025-08-06T20:45:59.745+05:30 DEBUG 45196 --- [auction_application] [           main] org.hibernate.HQL_FUNCTIONS              : nullif(arg0, arg1)
2025-08-06T20:45:59.745+05:30 DEBUG 45196 --- [auction_application] [           main] org.hibernate.HQL_FUNCTIONS              : Integer octet_length(STRING_OR_CLOB arg)
2025-08-06T20:45:59.745+05:30 DEBUG 45196 --- [auction_application] [           main] org.hibernate.HQL_FUNCTIONS              : OffsetDateTime offset datetime
2025-08-06T20:45:59.745+05:30 DEBUG 45196 --- [auction_application] [           main] org.hibernate.HQL_FUNCTIONS              : OffsetDateTime offset_datetime
2025-08-06T20:45:59.745+05:30 DEBUG 45196 --- [auction_application] [           main] org.hibernate.HQL_FUNCTIONS              : String overlay(string placing replacement from start[ for length])
2025-08-06T20:45:59.745+05:30 DEBUG 45196 --- [auction_application] [           main] org.hibernate.HQL_FUNCTIONS              : String pad(STRING string with INTEGER length {leading|trailing}[ STRING character])
2025-08-06T20:45:59.745+05:30 DEBUG 45196 --- [auction_application] [           main] org.hibernate.HQL_FUNCTIONS              : Double percent_rank([arg0[, ...]])
2025-08-06T20:45:59.745+05:30 DEBUG 45196 --- [auction_application] [           main] org.hibernate.HQL_FUNCTIONS              : percentile_cont(NUMERIC arg)
2025-08-06T20:45:59.745+05:30 DEBUG 45196 --- [auction_application] [           main] org.hibernate.HQL_FUNCTIONS              : percentile_disc(NUMERIC arg)
2025-08-06T20:45:59.745+05:30 DEBUG 45196 --- [auction_application] [           main] org.hibernate.HQL_FUNCTIONS              : Double pi
2025-08-06T20:45:59.745+05:30 DEBUG 45196 --- [auction_application] [           main] org.hibernate.HQL_FUNCTIONS              : Integer position(STRING pattern in STRING string)
2025-08-06T20:45:59.745+05:30 DEBUG 45196 --- [auction_application] [           main] org.hibernate.HQL_FUNCTIONS              : Double power(NUMERIC arg0, NUMERIC arg1)
2025-08-06T20:45:59.745+05:30 DEBUG 45196 --- [auction_application] [           main] org.hibernate.HQL_FUNCTIONS              : Double radians(NUMERIC arg)
2025-08-06T20:45:59.745+05:30 DEBUG 45196 --- [auction_application] [           main] org.hibernate.HQL_FUNCTIONS              : Long rank([arg0[, ...]])
2025-08-06T20:45:59.745+05:30 DEBUG 45196 --- [auction_application] [           main] org.hibernate.HQL_FUNCTIONS              : Double regr_avgx(NUMERIC arg0, NUMERIC arg1)
2025-08-06T20:45:59.745+05:30 DEBUG 45196 --- [auction_application] [           main] org.hibernate.HQL_FUNCTIONS              : Double regr_avgy(NUMERIC arg0, NUMERIC arg1)
2025-08-06T20:45:59.745+05:30 DEBUG 45196 --- [auction_application] [           main] org.hibernate.HQL_FUNCTIONS              : Double regr_count(NUMERIC arg0, NUMERIC arg1)
2025-08-06T20:45:59.745+05:30 DEBUG 45196 --- [auction_application] [           main] org.hibernate.HQL_FUNCTIONS              : Double regr_intercept(NUMERIC arg0, NUMERIC arg1)
2025-08-06T20:45:59.745+05:30 DEBUG 45196 --- [auction_application] [           main] org.hibernate.HQL_FUNCTIONS              : Double regr_r2(NUMERIC arg0, NUMERIC arg1)
2025-08-06T20:45:59.745+05:30 DEBUG 45196 --- [auction_application] [           main] org.hibernate.HQL_FUNCTIONS              : Double regr_slope(NUMERIC arg0, NUMERIC arg1)
2025-08-06T20:45:59.745+05:30 DEBUG 45196 --- [auction_application] [           main] org.hibernate.HQL_FUNCTIONS              : Double regr_sxx(NUMERIC arg0, NUMERIC arg1)
2025-08-06T20:45:59.745+05:30 DEBUG 45196 --- [auction_application] [           main] org.hibernate.HQL_FUNCTIONS              : Double regr_sxy(NUMERIC arg0, NUMERIC arg1)
2025-08-06T20:45:59.745+05:30 DEBUG 45196 --- [auction_application] [           main] org.hibernate.HQL_FUNCTIONS              : Double regr_syy(NUMERIC arg0, NUMERIC arg1)
2025-08-06T20:45:59.745+05:30 DEBUG 45196 --- [auction_application] [           main] org.hibernate.HQL_FUNCTIONS              : String repeat(STRING string, INTEGER times)
2025-08-06T20:45:59.745+05:30 DEBUG 45196 --- [auction_application] [           main] org.hibernate.HQL_FUNCTIONS              : String replace(STRING string, STRING pattern, STRING replacement)
2025-08-06T20:45:59.745+05:30 DEBUG 45196 --- [auction_application] [           main] org.hibernate.HQL_FUNCTIONS              : String right(STRING string, INTEGER length)
2025-08-06T20:45:59.745+05:30 DEBUG 45196 --- [auction_application] [           main] org.hibernate.HQL_FUNCTIONS              : round(NUMERIC number[, INTEGER places])
2025-08-06T20:45:59.745+05:30 DEBUG 45196 --- [auction_application] [           main] org.hibernate.HQL_FUNCTIONS              : Long row_number()
2025-08-06T20:45:59.745+05:30 DEBUG 45196 --- [auction_application] [           main] org.hibernate.HQL_FUNCTIONS              : String rpad(STRING string, INTEGER length[, STRING padding])
2025-08-06T20:45:59.745+05:30 DEBUG 45196 --- [auction_application] [           main] org.hibernate.HQL_FUNCTIONS              : String rtrim(STRING string[, STRING characters])
2025-08-06T20:45:59.746+05:30 DEBUG 45196 --- [auction_application] [           main] org.hibernate.HQL_FUNCTIONS              : Integer sign(NUMERIC arg)
2025-08-06T20:45:59.746+05:30 DEBUG 45196 --- [auction_application] [           main] org.hibernate.HQL_FUNCTIONS              : Double sin(NUMERIC arg)
2025-08-06T20:45:59.746+05:30 DEBUG 45196 --- [auction_application] [           main] org.hibernate.HQL_FUNCTIONS              : Double sinh(NUMERIC arg)
2025-08-06T20:45:59.746+05:30 DEBUG 45196 --- [auction_application] [           main] org.hibernate.HQL_FUNCTIONS              : String soundex(arg)
2025-08-06T20:45:59.746+05:30 DEBUG 45196 --- [auction_application] [           main] org.hibernate.HQL_FUNCTIONS              : Object sql
2025-08-06T20:45:59.746+05:30 DEBUG 45196 --- [auction_application] [           main] org.hibernate.HQL_FUNCTIONS              : Double sqrt(NUMERIC arg)
2025-08-06T20:45:59.746+05:30 DEBUG 45196 --- [auction_application] [           main] org.hibernate.HQL_FUNCTIONS              : Double stddev(NUMERIC arg)
2025-08-06T20:45:59.746+05:30 DEBUG 45196 --- [auction_application] [           main] org.hibernate.HQL_FUNCTIONS              : Double stddev_pop(NUMERIC arg)
2025-08-06T20:45:59.746+05:30 DEBUG 45196 --- [auction_application] [           main] org.hibernate.HQL_FUNCTIONS              : Double stddev_samp(NUMERIC arg)
2025-08-06T20:45:59.746+05:30 DEBUG 45196 --- [auction_application] [           main] org.hibernate.HQL_FUNCTIONS              : String str(arg)
2025-08-06T20:45:59.746+05:30 DEBUG 45196 --- [auction_application] [           main] org.hibernate.HQL_FUNCTIONS              : String substr(STRING string, INTEGER start[, INTEGER length])
2025-08-06T20:45:59.746+05:30 DEBUG 45196 --- [auction_application] [           main] org.hibernate.HQL_FUNCTIONS              : String substring(STRING string{ from|,} INTEGER start[{ for|,} INTEGER length])
2025-08-06T20:45:59.746+05:30 DEBUG 45196 --- [auction_application] [           main] org.hibernate.HQL_FUNCTIONS              : sum(arg)
2025-08-06T20:45:59.746+05:30 DEBUG 45196 --- [auction_application] [           main] org.hibernate.HQL_FUNCTIONS              : Double tan(NUMERIC arg)
2025-08-06T20:45:59.746+05:30 DEBUG 45196 --- [auction_application] [           main] org.hibernate.HQL_FUNCTIONS              : Double tanh(NUMERIC arg)
2025-08-06T20:45:59.746+05:30 DEBUG 45196 --- [auction_application] [           main] org.hibernate.HQL_FUNCTIONS              : timestampadd(TEMPORAL_UNIT field, INTEGER magnitude, TEMPORAL datetime)
2025-08-06T20:45:59.746+05:30 DEBUG 45196 --- [auction_application] [           main] org.hibernate.HQL_FUNCTIONS              : Long|Double timestampdiff(TEMPORAL_UNIT field, TEMPORAL start, TEMPORAL end)
2025-08-06T20:45:59.746+05:30 DEBUG 45196 --- [auction_application] [           main] org.hibernate.HQL_FUNCTIONS              : String to_char(ANY arg0[, STRING arg1, STRING arg2])
2025-08-06T20:45:59.746+05:30 DEBUG 45196 --- [auction_application] [           main] org.hibernate.HQL_FUNCTIONS              : Date to_date(STRING arg0[, STRING arg1, STRING arg2])
2025-08-06T20:45:59.746+05:30 DEBUG 45196 --- [auction_application] [           main] org.hibernate.HQL_FUNCTIONS              : Double to_number(STRING arg0[, STRING arg1, STRING arg2])
2025-08-06T20:45:59.746+05:30 DEBUG 45196 --- [auction_application] [           main] org.hibernate.HQL_FUNCTIONS              : Timestamp to_timestamp(STRING arg0[, STRING arg1, STRING arg2])
2025-08-06T20:45:59.746+05:30 DEBUG 45196 --- [auction_application] [           main] org.hibernate.HQL_FUNCTIONS              : String translate(STRING arg0, STRING arg1, STRING arg2)
2025-08-06T20:45:59.746+05:30 DEBUG 45196 --- [auction_application] [           main] org.hibernate.HQL_FUNCTIONS              : String trim([[{leading|trailing|both} ][STRING arg0 ]from] STRING arg1)
2025-08-06T20:45:59.746+05:30 DEBUG 45196 --- [auction_application] [           main] org.hibernate.HQL_FUNCTIONS              : trunc( ... )
2025-08-06T20:45:59.746+05:30 DEBUG 45196 --- [auction_application] [           main] org.hibernate.HQL_FUNCTIONS              : truncate( ... )
2025-08-06T20:45:59.746+05:30 DEBUG 45196 --- [auction_application] [           main] org.hibernate.HQL_FUNCTIONS              : String upper(STRING string)
2025-08-06T20:45:59.746+05:30 DEBUG 45196 --- [auction_application] [           main] org.hibernate.HQL_FUNCTIONS              : Double var_pop(NUMERIC arg)
2025-08-06T20:45:59.746+05:30 DEBUG 45196 --- [auction_application] [           main] org.hibernate.HQL_FUNCTIONS              : Double var_samp(NUMERIC arg)
2025-08-06T20:45:59.746+05:30 DEBUG 45196 --- [auction_application] [           main] org.hibernate.HQL_FUNCTIONS              : Double variance(NUMERIC arg)
2025-08-06T20:45:59.753+05:30 DEBUG 45196 --- [auction_application] [           main] org.hibernate.orm.query.plan.cache       : Starting QueryInterpretationCache(2048)
2025-08-06T20:45:59.778+05:30 DEBUG 45196 --- [auction_application] [onnection adder] org.postgresql.ssl.MakeSSL               : converting regular socket connection to ssl
2025-08-06T20:45:59.840+05:30 DEBUG 45196 --- [auction_application] [           main] .h.s.i.SessionFactoryServiceRegistryImpl : EventListenerRegistry access via ServiceRegistry is deprecated.  Use `sessionFactory.getEventEngine().getListenerRegistry()` instead
2025-08-06T20:45:59.842+05:30 DEBUG 45196 --- [auction_application] [           main] h.e.i.EntityCopyObserverFactoryInitiator : Configured EntityCopyObserver strategy: disallow
2025-08-06T20:45:59.965+05:30 DEBUG 45196 --- [auction_application] [onnection adder] jdk.event.security                       : X509Certificate: Alg:SHA256withRSA, Serial:69d81483263975d5a17a8242c2840d1d3fe, Subject:CN=aws-ap-southeast-1-1-postgres.render.com, Issuer:CN=R11, O=Let's Encrypt, C=US, Key type:RSA, Length:2048, Cert Id:1642598958, Valid from:7/13/25, 1:15 AM, Valid until:10/11/25, 1:15 AM
2025-08-06T20:45:59.965+05:30 DEBUG 45196 --- [auction_application] [onnection adder] jdk.event.security                       : X509Certificate: Alg:SHA256withRSA, Serial:8a7d3e13d62f30ef2386bd29076b34f8, Subject:CN=R11, O=Let's Encrypt, C=US, Issuer:CN=ISRG Root X1, O=Internet Security Research Group, C=US, Key type:RSA, Length:2048, Cert Id:-1875479740, Valid from:3/13/24, 5:30 AM, Valid until:3/13/27, 5:29 AM
2025-08-06T20:45:59.967+05:30 DEBUG 45196 --- [auction_application] [onnection adder] jdk.event.security                       :  TLSHandshake: dpg-d285g8re5dus73f8aun0-a.singapore-postgres.render.com:5432, TLSv1.3, TLS_AES_128_GCM_SHA256, 1642598958
2025-08-06T20:45:59.981+05:30 DEBUG 45196 --- [auction_application] [           main] org.hibernate.ormbytecode.interceptor    : To-one property `com.example.auction_application.Bid.entity.Bid#auctionListing` was mapped with LAZY + NO_PROXY but the class was not enhanced
2025-08-06T20:45:59.981+05:30 DEBUG 45196 --- [auction_application] [           main] org.hibernate.ormbytecode.interceptor    : To-one property `com.example.auction_application.Bid.entity.Bid#auctionListing` was mapped with LAZY + NO_PROXY but the class was not enhanced
2025-08-06T20:45:59.981+05:30 DEBUG 45196 --- [auction_application] [           main] org.hibernate.ormbytecode.interceptor    : To-one property `com.example.auction_application.Bid.entity.Bid#bidder` was mapped with LAZY + NO_PROXY but the class was not enhanced
2025-08-06T20:45:59.981+05:30 DEBUG 45196 --- [auction_application] [           main] org.hibernate.ormbytecode.interceptor    : To-one property `com.example.auction_application.Bid.entity.Bid#bidder` was mapped with LAZY + NO_PROXY but the class was not enhanced
2025-08-06T20:45:59.981+05:30 DEBUG 45196 --- [auction_application] [           main] o.h.boot.internal.ClassLoaderAccessImpl  : Not known whether passed class name [com.example.auction_application.Bid.entity.Bid] is safe
2025-08-06T20:45:59.981+05:30 DEBUG 45196 --- [auction_application] [           main] o.h.boot.internal.ClassLoaderAccessImpl  : No temp ClassLoader provided; using live ClassLoader for loading potentially unsafe class : com.example.auction_application.Bid.entity.Bid
2025-08-06T20:46:00.141+05:30 DEBUG 45196 --- [auction_application] [           main] o.h.b.i.bytebuddy.BytecodeProviderImpl   : HHH000513: Unable to create the ReflectionOptimizer for [com.example.auction_application.Bid.entity.Bid]: private accessor [amount]
2025-08-06T20:46:00.148+05:30 DEBUG 45196 --- [auction_application] [           main] org.hibernate.ormbytecode.interceptor    : To-one property `com.example.auction_application.Bid.entity.Bid#auctionListing` was mapped with LAZY + NO_PROXY but the class was not enhanced
2025-08-06T20:46:00.148+05:30 DEBUG 45196 --- [auction_application] [           main] org.hibernate.ormbytecode.interceptor    : To-one property `com.example.auction_application.Bid.entity.Bid#bidder` was mapped with LAZY + NO_PROXY but the class was not enhanced
2025-08-06T20:46:00.176+05:30 DEBUG 45196 --- [auction_application] [           main] org.hibernate.ormbytecode.interceptor    : To-one property `com.example.auction_application.AuctionListing.entity.AuctionListing#currentHighestBidder` was mapped with LAZY + NO_PROXY but the class was not enhanced
2025-08-06T20:46:00.176+05:30 DEBUG 45196 --- [auction_application] [           main] org.hibernate.ormbytecode.interceptor    : To-one property `com.example.auction_application.AuctionListing.entity.AuctionListing#currentHighestBidder` was mapped with LAZY + NO_PROXY but the class was not enhanced
2025-08-06T20:46:00.176+05:30 DEBUG 45196 --- [auction_application] [           main] org.hibernate.ormbytecode.interceptor    : To-one property `com.example.auction_application.AuctionListing.entity.AuctionListing#seller` was mapped with LAZY + NO_PROXY but the class was not enhanced
2025-08-06T20:46:00.176+05:30 DEBUG 45196 --- [auction_application] [           main] org.hibernate.ormbytecode.interceptor    : To-one property `com.example.auction_application.AuctionListing.entity.AuctionListing#seller` was mapped with LAZY + NO_PROXY but the class was not enhanced
2025-08-06T20:46:00.176+05:30 DEBUG 45196 --- [auction_application] [           main] o.h.boot.internal.ClassLoaderAccessImpl  : Not known whether passed class name [com.example.auction_application.AuctionListing.entity.AuctionListing] is safe
2025-08-06T20:46:00.176+05:30 DEBUG 45196 --- [auction_application] [           main] o.h.boot.internal.ClassLoaderAccessImpl  : No temp ClassLoader provided; using live ClassLoader for loading potentially unsafe class : com.example.auction_application.AuctionListing.entity.AuctionListing
2025-08-06T20:46:00.212+05:30 DEBUG 45196 --- [auction_application] [           main] o.h.b.i.bytebuddy.BytecodeProviderImpl   : HHH000513: Unable to create the ReflectionOptimizer for [com.example.auction_application.AuctionListing.entity.AuctionListing]: private accessor [auctionStatus]
2025-08-06T20:46:00.212+05:30 DEBUG 45196 --- [auction_application] [           main] org.hibernate.ormbytecode.interceptor    : To-one property `com.example.auction_application.AuctionListing.entity.AuctionListing#currentHighestBidder` was mapped with LAZY + NO_PROXY but the class was not enhanced
2025-08-06T20:46:00.212+05:30 DEBUG 45196 --- [auction_application] [           main] org.hibernate.ormbytecode.interceptor    : To-one property `com.example.auction_application.AuctionListing.entity.AuctionListing#seller` was mapped with LAZY + NO_PROXY but the class was not enhanced
2025-08-06T20:46:00.213+05:30 DEBUG 45196 --- [auction_application] [           main] o.h.boot.internal.ClassLoaderAccessImpl  : Not known whether passed class name [com.example.auction_application.UserModule.entity.WebUser] is safe
2025-08-06T20:46:00.213+05:30 DEBUG 45196 --- [auction_application] [           main] o.h.boot.internal.ClassLoaderAccessImpl  : No temp ClassLoader provided; using live ClassLoader for loading potentially unsafe class : com.example.auction_application.UserModule.entity.WebUser
2025-08-06T20:46:00.226+05:30 DEBUG 45196 --- [auction_application] [           main] o.h.b.i.bytebuddy.BytecodeProviderImpl   : HHH000513: Unable to create the ReflectionOptimizer for [com.example.auction_application.UserModule.entity.WebUser]: private accessor [authProvider]
2025-08-06T20:46:00.271+05:30 DEBUG 45196 --- [auction_application] [           main] org.hibernate.orm.jdbc.mutation          : Skipping collection (re)creation - com.example.auction_application.UserModule.entity.WebUser.sellingAuctions
2025-08-06T20:46:00.280+05:30 DEBUG 45196 --- [auction_application] [           main] org.hibernate.orm.jdbc.mutation          : Skipping collection row deletions - com.example.auction_application.UserModule.entity.WebUser.sellingAuctions
2025-08-06T20:46:00.281+05:30 DEBUG 45196 --- [auction_application] [           main] org.hibernate.orm.jdbc.mutation          : Skipping collection removals - com.example.auction_application.UserModule.entity.WebUser.sellingAuctions
2025-08-06T20:46:00.282+05:30 DEBUG 45196 --- [auction_application] [           main] org.hibernate.orm.jdbc.mutation          : Skipping collection (re)creation - com.example.auction_application.AuctionListing.entity.AuctionListing.bids
2025-08-06T20:46:00.282+05:30 DEBUG 45196 --- [auction_application] [           main] org.hibernate.orm.jdbc.mutation          : Skipping collection row deletions - com.example.auction_application.AuctionListing.entity.AuctionListing.bids
2025-08-06T20:46:00.282+05:30 DEBUG 45196 --- [auction_application] [           main] org.hibernate.orm.jdbc.mutation          : Skipping collection removals - com.example.auction_application.AuctionListing.entity.AuctionListing.bids
2025-08-06T20:46:00.282+05:30 DEBUG 45196 --- [auction_application] [           main] org.hibernate.orm.jdbc.mutation          : Skipping collection (re)creation - com.example.auction_application.UserModule.entity.WebUser.biddingAuctions
2025-08-06T20:46:00.282+05:30 DEBUG 45196 --- [auction_application] [           main] org.hibernate.orm.jdbc.mutation          : Skipping collection row deletions - com.example.auction_application.UserModule.entity.WebUser.biddingAuctions
2025-08-06T20:46:00.282+05:30 DEBUG 45196 --- [auction_application] [           main] org.hibernate.orm.jdbc.mutation          : Skipping collection removals - com.example.auction_application.UserModule.entity.WebUser.biddingAuctions
2025-08-06T20:46:00.282+05:30 DEBUG 45196 --- [auction_application] [           main] org.hibernate.orm.jdbc.mutation          : Skipping collection (re)creation - com.example.auction_application.UserModule.entity.WebUser.bids
2025-08-06T20:46:00.282+05:30 DEBUG 45196 --- [auction_application] [           main] org.hibernate.orm.jdbc.mutation          : Skipping collection row deletions - com.example.auction_application.UserModule.entity.WebUser.bids
2025-08-06T20:46:00.282+05:30 DEBUG 45196 --- [auction_application] [           main] org.hibernate.orm.jdbc.mutation          : Skipping collection removals - com.example.auction_application.UserModule.entity.WebUser.bids
2025-08-06T20:46:00.321+05:30 DEBUG 45196 --- [auction_application] [           main] o.hibernate.orm.model.mapping.creation   : Starting post-init callbacks
2025-08-06T20:46:00.321+05:30 DEBUG 45196 --- [auction_application] [           main] o.hibernate.orm.model.mapping.creation   : Starting PostInitCallbackEntry : To-one key - NavigableRole[com.example.auction_application.Bid.entity.Bid.auctionListing]
2025-08-06T20:46:00.326+05:30 DEBUG 45196 --- [auction_application] [           main] o.hibernate.orm.model.mapping.creation   : Starting PostInitCallbackEntry : To-one key - NavigableRole[com.example.auction_application.Bid.entity.Bid.bidder]
2025-08-06T20:46:00.326+05:30 DEBUG 45196 --- [auction_application] [           main] o.hibernate.orm.model.mapping.creation   : Starting PostInitCallbackEntry : Entity(com.example.auction_application.Bid.entity.Bid) `staticFetchableList` generator
2025-08-06T20:46:00.327+05:30 DEBUG 45196 --- [auction_application] [           main] o.hibernate.orm.model.mapping.creation   : Starting PostInitCallbackEntry : Entity(com.example.auction_application.Bid.entity.Bid) `sqmMultiTableInsertStrategy` interpretation
2025-08-06T20:46:00.331+05:30 DEBUG 45196 --- [auction_application] [           main] o.hibernate.orm.model.mapping.creation   : Starting PostInitCallbackEntry : PluralAttributeMapping( NavigableRole[com.example.auction_application.AuctionListing.entity.AuctionListing.bids#{element}]) - element descriptor
2025-08-06T20:46:00.332+05:30 DEBUG 45196 --- [auction_application] [           main] o.hibernate.orm.model.mapping.creation   : Starting PostInitCallbackEntry : PluralAttributeMapping(com.example.auction_application.AuctionListing.entity.AuctionListing.bids)#finishInitialization
2025-08-06T20:46:00.332+05:30 DEBUG 45196 --- [auction_application] [           main] o.hibernate.orm.model.mapping.creation   : Starting PostInitCallbackEntry : PluralAttributeMapping(com.example.auction_application.AuctionListing.entity.AuctionListing.bids) - key descriptor
2025-08-06T20:46:00.332+05:30 DEBUG 45196 --- [auction_application] [           main] o.hibernate.orm.model.mapping.creation   : Starting PostInitCallbackEntry : To-one key - NavigableRole[com.example.auction_application.AuctionListing.entity.AuctionListing.currentHighestBidder]
2025-08-06T20:46:00.332+05:30 DEBUG 45196 --- [auction_application] [           main] o.hibernate.orm.model.mapping.creation   : Starting PostInitCallbackEntry : To-one key - NavigableRole[com.example.auction_application.AuctionListing.entity.AuctionListing.seller]
2025-08-06T20:46:00.332+05:30 DEBUG 45196 --- [auction_application] [           main] o.hibernate.orm.model.mapping.creation   : Starting PostInitCallbackEntry : Entity(com.example.auction_application.AuctionListing.entity.AuctionListing) `staticFetchableList` generator
2025-08-06T20:46:00.332+05:30 DEBUG 45196 --- [auction_application] [           main] o.hibernate.orm.model.mapping.creation   : Starting PostInitCallbackEntry : PluralAttributeMapping( NavigableRole[com.example.auction_application.UserModule.entity.WebUser.biddingAuctions#{element}]) - element descriptor
2025-08-06T20:46:00.332+05:30 DEBUG 45196 --- [auction_application] [           main] o.hibernate.orm.model.mapping.creation   : Starting PostInitCallbackEntry : PluralAttributeMapping(com.example.auction_application.UserModule.entity.WebUser.biddingAuctions)#finishInitialization
2025-08-06T20:46:00.332+05:30 DEBUG 45196 --- [auction_application] [           main] o.hibernate.orm.model.mapping.creation   : Starting PostInitCallbackEntry : PluralAttributeMapping(com.example.auction_application.UserModule.entity.WebUser.biddingAuctions) - key descriptor
2025-08-06T20:46:00.332+05:30 DEBUG 45196 --- [auction_application] [           main] o.hibernate.orm.model.mapping.creation   : Starting PostInitCallbackEntry : PluralAttributeMapping( NavigableRole[com.example.auction_application.UserModule.entity.WebUser.bids#{element}]) - element descriptor
2025-08-06T20:46:00.332+05:30 DEBUG 45196 --- [auction_application] [           main] o.hibernate.orm.model.mapping.creation   : Starting PostInitCallbackEntry : PluralAttributeMapping(com.example.auction_application.UserModule.entity.WebUser.bids)#finishInitialization
2025-08-06T20:46:00.332+05:30 DEBUG 45196 --- [auction_application] [           main] o.hibernate.orm.model.mapping.creation   : Starting PostInitCallbackEntry : PluralAttributeMapping(com.example.auction_application.UserModule.entity.WebUser.bids) - key descriptor
2025-08-06T20:46:00.332+05:30 DEBUG 45196 --- [auction_application] [           main] o.hibernate.orm.model.mapping.creation   : Starting PostInitCallbackEntry : PluralAttributeMapping( NavigableRole[com.example.auction_application.UserModule.entity.WebUser.sellingAuctions#{element}]) - element descriptor
2025-08-06T20:46:00.332+05:30 DEBUG 45196 --- [auction_application] [           main] o.hibernate.orm.model.mapping.creation   : Starting PostInitCallbackEntry : PluralAttributeMapping(com.example.auction_application.UserModule.entity.WebUser.sellingAuctions)#finishInitialization
2025-08-06T20:46:00.332+05:30 DEBUG 45196 --- [auction_application] [           main] o.hibernate.orm.model.mapping.creation   : Starting PostInitCallbackEntry : PluralAttributeMapping(com.example.auction_application.UserModule.entity.WebUser.sellingAuctions) - key descriptor
2025-08-06T20:46:00.332+05:30 DEBUG 45196 --- [auction_application] [           main] o.hibernate.orm.model.mapping.creation   : Starting PostInitCallbackEntry : Entity(com.example.auction_application.UserModule.entity.WebUser) `staticFetchableList` generator
2025-08-06T20:46:00.332+05:30 DEBUG 45196 --- [auction_application] [           main] o.hibernate.orm.model.mapping.creation   : Starting PostInitCallbackEntry : PluralAttributeMapping( NavigableRole[com.example.auction_application.AuctionListing.entity.AuctionListing.bids#{element}]) - element descriptor
2025-08-06T20:46:00.332+05:30 DEBUG 45196 --- [auction_application] [           main] o.hibernate.orm.model.mapping.creation   : Starting PostInitCallbackEntry : PluralAttributeMapping( NavigableRole[com.example.auction_application.UserModule.entity.WebUser.biddingAuctions#{element}]) - element descriptor
2025-08-06T20:46:00.332+05:30 DEBUG 45196 --- [auction_application] [           main] o.hibernate.orm.model.mapping.creation   : Starting PostInitCallbackEntry : PluralAttributeMapping( NavigableRole[com.example.auction_application.UserModule.entity.WebUser.bids#{element}]) - element descriptor
2025-08-06T20:46:00.332+05:30 DEBUG 45196 --- [auction_application] [           main] o.hibernate.orm.model.mapping.creation   : Starting PostInitCallbackEntry : PluralAttributeMapping( NavigableRole[com.example.auction_application.UserModule.entity.WebUser.sellingAuctions#{element}]) - element descriptor
2025-08-06T20:46:00.450+05:30 DEBUG 45196 --- [auction_application] [           main] org.hibernate.orm.sql.ast.create         : Created new SQL alias : b1_0
2025-08-06T20:46:00.451+05:30 DEBUG 45196 --- [auction_application] [           main] org.hibernate.orm.sql.ast.create         : Registration of TableGroup [StandardTableGroup(com.example.auction_application.Bid.entity.Bid)] with identifierForTableGroup [com.example.auction_application.Bid.entity.Bid] for NavigablePath [com.example.auction_application.Bid.entity.Bid] 
2025-08-06T20:46:00.467+05:30 DEBUG 45196 --- [auction_application] [           main] org.hibernate.orm.sql.ast.create         : Registration of TableGroup [org.hibernate.sql.ast.tree.from.LazyTableGroup@3749c6ac] with identifierForTableGroup [com.example.auction_application.Bid.entity.Bid.auctionListing] for NavigablePath [com.example.auction_application.Bid.entity.Bid.auctionListing] 
2025-08-06T20:46:00.469+05:30 DEBUG 45196 --- [auction_application] [           main] org.hibernate.orm.sql.ast.create         : Created new SQL alias : al1_0
2025-08-06T20:46:00.471+05:30 DEBUG 45196 --- [auction_application] [           main] org.hibernate.orm.sql.ast.create         : Registration of TableGroup [org.hibernate.sql.ast.tree.from.LazyTableGroup@7f33ad20] with identifierForTableGroup [com.example.auction_application.Bid.entity.Bid.auctionListing.currentHighestBidder] for NavigablePath [com.example.auction_application.Bid.entity.Bid.auctionListing.currentHighestBidder] 
2025-08-06T20:46:00.471+05:30 DEBUG 45196 --- [auction_application] [           main] org.hibernate.orm.sql.ast.create         : Created new SQL alias : chb1_0
2025-08-06T20:46:00.474+05:30 DEBUG 45196 --- [auction_application] [           main] org.hibernate.orm.sql.ast.create         : Registration of TableGroup [org.hibernate.sql.ast.tree.from.LazyTableGroup@5cb4ba80] with identifierForTableGroup [com.example.auction_application.Bid.entity.Bid.auctionListing.seller] for NavigablePath [com.example.auction_application.Bid.entity.Bid.auctionListing.seller] 
2025-08-06T20:46:00.474+05:30 DEBUG 45196 --- [auction_application] [           main] org.hibernate.orm.sql.ast.create         : Created new SQL alias : s1_0
2025-08-06T20:46:00.475+05:30 DEBUG 45196 --- [auction_application] [           main] org.hibernate.orm.sql.ast.create         : Registration of TableGroup [org.hibernate.sql.ast.tree.from.LazyTableGroup@2220c5f7] with identifierForTableGroup [com.example.auction_application.Bid.entity.Bid.bidder] for NavigablePath [com.example.auction_application.Bid.entity.Bid.bidder] 
2025-08-06T20:46:00.476+05:30 DEBUG 45196 --- [auction_application] [           main] org.hibernate.orm.sql.ast.create         : Created new SQL alias : b2_0
2025-08-06T20:46:00.480+05:30 DEBUG 45196 --- [auction_application] [           main] org.hibernate.orm.results.graph.AST      : DomainResult Graph:
 \-EntityResultImpl [com.example.auction_application.Bid.entity.Bid]
 |  +-BasicFetch [com.example.auction_application.Bid.entity.Bid.amount]
 |  +-EntityFetchJoinedImpl [com.example.auction_application.Bid.entity.Bid.auctionListing]
 |  |  +-BasicFetch [com.example.auction_application.Bid.entity.Bid.auctionListing.auctionStatus]
 |  |  +-DelayedCollectionFetch [com.example.auction_application.Bid.entity.Bid.auctionListing.bids]
 |  |  +-BasicFetch [com.example.auction_application.Bid.entity.Bid.auctionListing.category]
 |  |  +-BasicFetch [com.example.auction_application.Bid.entity.Bid.auctionListing.currentHighestBid]
 |  |  +-EntityFetchJoinedImpl [com.example.auction_application.Bid.entity.Bid.auctionListing.currentHighestBidder]
 |  |  |  +-BasicFetch [com.example.auction_application.Bid.entity.Bid.auctionListing.currentHighestBidder.authProvider]
 |  |  |  +-DelayedCollectionFetch [com.example.auction_application.Bid.entity.Bid.auctionListing.currentHighestBidder.biddingAuctions]
 |  |  |  +-DelayedCollectionFetch [com.example.auction_application.Bid.entity.Bid.auctionListing.currentHighestBidder.bids]
 |  |  |  +-BasicFetch [com.example.auction_application.Bid.entity.Bid.auctionListing.currentHighestBidder.password]
 |  |  |  +-BasicFetch [com.example.auction_application.Bid.entity.Bid.auctionListing.currentHighestBidder.picture]
 |  |  |  +-BasicFetch [com.example.auction_application.Bid.entity.Bid.auctionListing.currentHighestBidder.role]
 |  |  |  +-DelayedCollectionFetch [com.example.auction_application.Bid.entity.Bid.auctionListing.currentHighestBidder.sellingAuctions]
 |  |  |  +-BasicFetch [com.example.auction_application.Bid.entity.Bid.auctionListing.currentHighestBidder.userEmail]
 |  |  |  \-BasicFetch [com.example.auction_application.Bid.entity.Bid.auctionListing.currentHighestBidder.userName]
 |  |  +-BasicFetch [com.example.auction_application.Bid.entity.Bid.auctionListing.description]
 |  |  +-BasicFetch [com.example.auction_application.Bid.entity.Bid.auctionListing.endTime]
 |  |  +-BasicFetch [com.example.auction_application.Bid.entity.Bid.auctionListing.itemName]
 |  |  +-BasicFetch [com.example.auction_application.Bid.entity.Bid.auctionListing.picture]
 |  |  +-EntityFetchJoinedImpl [com.example.auction_application.Bid.entity.Bid.auctionListing.seller]
 |  |  |  +-BasicFetch [com.example.auction_application.Bid.entity.Bid.auctionListing.seller.authProvider]
 |  |  |  +-DelayedCollectionFetch [com.example.auction_application.Bid.entity.Bid.auctionListing.seller.biddingAuctions]
 |  |  |  +-DelayedCollectionFetch [com.example.auction_application.Bid.entity.Bid.auctionListing.seller.bids]
 |  |  |  +-BasicFetch [com.example.auction_application.Bid.entity.Bid.auctionListing.seller.password]
 |  |  |  +-BasicFetch [com.example.auction_application.Bid.entity.Bid.auctionListing.seller.picture]
 |  |  |  +-BasicFetch [com.example.auction_application.Bid.entity.Bid.auctionListing.seller.role]
 |  |  |  +-DelayedCollectionFetch [com.example.auction_application.Bid.entity.Bid.auctionListing.seller.sellingAuctions]
 |  |  |  +-BasicFetch [com.example.auction_application.Bid.entity.Bid.auctionListing.seller.userEmail]
 |  |  |  \-BasicFetch [com.example.auction_application.Bid.entity.Bid.auctionListing.seller.userName]
 |  |  +-BasicFetch [com.example.auction_application.Bid.entity.Bid.auctionListing.startTime]
 |  |  \-BasicFetch [com.example.auction_application.Bid.entity.Bid.auctionListing.startingPrice]
 |  +-EntityFetchJoinedImpl [com.example.auction_application.Bid.entity.Bid.bidder]
 |  |  +-BasicFetch [com.example.auction_application.Bid.entity.Bid.bidder.authProvider]
 |  |  +-DelayedCollectionFetch [com.example.auction_application.Bid.entity.Bid.bidder.biddingAuctions]
 |  |  +-DelayedCollectionFetch [com.example.auction_application.Bid.entity.Bid.bidder.bids]
 |  |  +-BasicFetch [com.example.auction_application.Bid.entity.Bid.bidder.password]
 |  |  +-BasicFetch [com.example.auction_application.Bid.entity.Bid.bidder.picture]
 |  |  +-BasicFetch [com.example.auction_application.Bid.entity.Bid.bidder.role]
 |  |  +-DelayedCollectionFetch [com.example.auction_application.Bid.entity.Bid.bidder.sellingAuctions]
 |  |  +-BasicFetch [com.example.auction_application.Bid.entity.Bid.bidder.userEmail]
 |  |  \-BasicFetch [com.example.auction_application.Bid.entity.Bid.bidder.userName]
 |  \-BasicFetch [com.example.auction_application.Bid.entity.Bid.timeStamp]

2025-08-06T20:46:00.482+05:30 DEBUG 45196 --- [auction_application] [           main] org.hibernate.orm.sql.ast.tree           : SQL AST Tree:
    SelectStatement {
      FromClause {
        StandardTableGroup (b1 : com.example.auction_application.Bid.entity.Bid) {
          primaryTableReference : bid as b1_0
          TableGroupJoins {
            left  join LazyTableGroup (al1 : com.example.auction_application.Bid.entity.Bid.auctionListing) {
              primaryTableReference : auction_listing as al1_0
              TableGroupJoins {
                left  join LazyTableGroup (chb1 : com.example.auction_application.Bid.entity.Bid.auctionListing.currentHighestBidder) {
                  primaryTableReference : web_user as chb1_0
                }
                left  join LazyTableGroup (s1 : com.example.auction_application.Bid.entity.Bid.auctionListing.seller) {
                  primaryTableReference : web_user as s1_0
                }
              }
            }
            left  join LazyTableGroup (b2 : com.example.auction_application.Bid.entity.Bid.bidder) {
              primaryTableReference : web_user as b2_0
            }
          }
        }
      }
    }

2025-08-06T20:46:00.493+05:30 DEBUG 45196 --- [auction_application] [           main] o.h.p.entity.AbstractEntityPersister     : Static SQL for entity: com.example.auction_application.Bid.entity.Bid
2025-08-06T20:46:00.493+05:30 DEBUG 45196 --- [auction_application] [           main] o.h.p.entity.AbstractEntityPersister     :  Version select: select id from bid where id=?
2025-08-06T20:46:00.493+05:30 DEBUG 45196 --- [auction_application] [           main] o.h.p.entity.AbstractEntityPersister     :  Insert (0): insert into bid (amount,auction_listing_id,bidder_id,time_stamp,id) values (?,?,?,?,?)
2025-08-06T20:46:00.493+05:30 DEBUG 45196 --- [auction_application] [           main] o.h.p.entity.AbstractEntityPersister     :  Update (0): update bid set amount=?,auction_listing_id=?,bidder_id=?,time_stamp=? where id=?
2025-08-06T20:46:00.493+05:30 DEBUG 45196 --- [auction_application] [           main] o.h.p.entity.AbstractEntityPersister     :  Delete (0): delete from bid where id=?
2025-08-06T20:46:00.493+05:30 DEBUG 45196 --- [auction_application] [           main] org.hibernate.orm.sql.ast.create         : Created new SQL alias : al1_0
2025-08-06T20:46:00.493+05:30 DEBUG 45196 --- [auction_application] [           main] org.hibernate.orm.sql.ast.create         : Registration of TableGroup [StandardTableGroup(com.example.auction_application.AuctionListing.entity.AuctionListing)] with identifierForTableGroup [com.example.auction_application.AuctionListing.entity.AuctionListing] for NavigablePath [com.example.auction_application.AuctionListing.entity.AuctionListing] 
2025-08-06T20:46:00.493+05:30 DEBUG 45196 --- [auction_application] [           main] org.hibernate.orm.sql.ast.create         : Registration of TableGroup [org.hibernate.sql.ast.tree.from.LazyTableGroup@3816efab] with identifierForTableGroup [com.example.auction_application.AuctionListing.entity.AuctionListing.currentHighestBidder] for NavigablePath [com.example.auction_application.AuctionListing.entity.AuctionListing.currentHighestBidder] 
2025-08-06T20:46:00.493+05:30 DEBUG 45196 --- [auction_application] [           main] org.hibernate.orm.sql.ast.create         : Created new SQL alias : chb1_0
2025-08-06T20:46:00.494+05:30 DEBUG 45196 --- [auction_application] [           main] org.hibernate.orm.sql.ast.create         : Registration of TableGroup [org.hibernate.sql.ast.tree.from.LazyTableGroup@2d6e09f0] with identifierForTableGroup [com.example.auction_application.AuctionListing.entity.AuctionListing.seller] for NavigablePath [com.example.auction_application.AuctionListing.entity.AuctionListing.seller] 
2025-08-06T20:46:00.494+05:30 DEBUG 45196 --- [auction_application] [           main] org.hibernate.orm.sql.ast.create         : Created new SQL alias : s1_0
2025-08-06T20:46:00.494+05:30 DEBUG 45196 --- [auction_application] [           main] org.hibernate.orm.results.graph.AST      : DomainResult Graph:
 \-EntityResultImpl [com.example.auction_application.AuctionListing.entity.AuctionListing]
 |  +-BasicFetch [com.example.auction_application.AuctionListing.entity.AuctionListing.auctionStatus]
 |  +-DelayedCollectionFetch [com.example.auction_application.AuctionListing.entity.AuctionListing.bids]
 |  +-BasicFetch [com.example.auction_application.AuctionListing.entity.AuctionListing.category]
 |  +-BasicFetch [com.example.auction_application.AuctionListing.entity.AuctionListing.currentHighestBid]
 |  +-EntityFetchJoinedImpl [com.example.auction_application.AuctionListing.entity.AuctionListing.currentHighestBidder]
 |  |  +-BasicFetch [com.example.auction_application.AuctionListing.entity.AuctionListing.currentHighestBidder.authProvider]
 |  |  +-DelayedCollectionFetch [com.example.auction_application.AuctionListing.entity.AuctionListing.currentHighestBidder.biddingAuctions]
 |  |  +-DelayedCollectionFetch [com.example.auction_application.AuctionListing.entity.AuctionListing.currentHighestBidder.bids]
 |  |  +-BasicFetch [com.example.auction_application.AuctionListing.entity.AuctionListing.currentHighestBidder.password]
 |  |  +-BasicFetch [com.example.auction_application.AuctionListing.entity.AuctionListing.currentHighestBidder.picture]
 |  |  +-BasicFetch [com.example.auction_application.AuctionListing.entity.AuctionListing.currentHighestBidder.role]
 |  |  +-DelayedCollectionFetch [com.example.auction_application.AuctionListing.entity.AuctionListing.currentHighestBidder.sellingAuctions]
 |  |  +-BasicFetch [com.example.auction_application.AuctionListing.entity.AuctionListing.currentHighestBidder.userEmail]
 |  |  \-BasicFetch [com.example.auction_application.AuctionListing.entity.AuctionListing.currentHighestBidder.userName]
 |  +-BasicFetch [com.example.auction_application.AuctionListing.entity.AuctionListing.description]
 |  +-BasicFetch [com.example.auction_application.AuctionListing.entity.AuctionListing.endTime]
 |  +-BasicFetch [com.example.auction_application.AuctionListing.entity.AuctionListing.itemName]
 |  +-BasicFetch [com.example.auction_application.AuctionListing.entity.AuctionListing.picture]
 |  +-EntityFetchJoinedImpl [com.example.auction_application.AuctionListing.entity.AuctionListing.seller]
 |  |  +-BasicFetch [com.example.auction_application.AuctionListing.entity.AuctionListing.seller.authProvider]
 |  |  +-DelayedCollectionFetch [com.example.auction_application.AuctionListing.entity.AuctionListing.seller.biddingAuctions]
 |  |  +-DelayedCollectionFetch [com.example.auction_application.AuctionListing.entity.AuctionListing.seller.bids]
 |  |  +-BasicFetch [com.example.auction_application.AuctionListing.entity.AuctionListing.seller.password]
 |  |  +-BasicFetch [com.example.auction_application.AuctionListing.entity.AuctionListing.seller.picture]
 |  |  +-BasicFetch [com.example.auction_application.AuctionListing.entity.AuctionListing.seller.role]
 |  |  +-DelayedCollectionFetch [com.example.auction_application.AuctionListing.entity.AuctionListing.seller.sellingAuctions]
 |  |  +-BasicFetch [com.example.auction_application.AuctionListing.entity.AuctionListing.seller.userEmail]
 |  |  \-BasicFetch [com.example.auction_application.AuctionListing.entity.AuctionListing.seller.userName]
 |  +-BasicFetch [com.example.auction_application.AuctionListing.entity.AuctionListing.startTime]
 |  \-BasicFetch [com.example.auction_application.AuctionListing.entity.AuctionListing.startingPrice]

2025-08-06T20:46:00.494+05:30 DEBUG 45196 --- [auction_application] [           main] org.hibernate.orm.sql.ast.tree           : SQL AST Tree:
    SelectStatement {
      FromClause {
        StandardTableGroup (al1 : com.example.auction_application.AuctionListing.entity.AuctionListing) {
          primaryTableReference : auction_listing as al1_0
          TableGroupJoins {
            left  join LazyTableGroup (chb1 : com.example.auction_application.AuctionListing.entity.AuctionListing.currentHighestBidder) {
              primaryTableReference : web_user as chb1_0
            }
            left  join LazyTableGroup (s1 : com.example.auction_application.AuctionListing.entity.AuctionListing.seller) {
              primaryTableReference : web_user as s1_0
            }
          }
        }
      }
    }

2025-08-06T20:46:00.495+05:30 DEBUG 45196 --- [auction_application] [           main] o.h.p.entity.AbstractEntityPersister     : Static SQL for entity: com.example.auction_application.AuctionListing.entity.AuctionListing
2025-08-06T20:46:00.495+05:30 DEBUG 45196 --- [auction_application] [           main] o.h.p.entity.AbstractEntityPersister     :  Version select: select id from auction_listing where id=?
2025-08-06T20:46:00.495+05:30 DEBUG 45196 --- [auction_application] [           main] o.h.p.entity.AbstractEntityPersister     :  Insert (0): insert into auction_listing (auction_status,category,current_highest_bid,current_highest_bidder_id,description,end_time,item_name,picture,seller_id,start_time,starting_price) values (?,?,?,?,?,?,?,?,?,?,?)
2025-08-06T20:46:00.495+05:30 DEBUG 45196 --- [auction_application] [           main] o.h.p.entity.AbstractEntityPersister     :  Update (0): update auction_listing set auction_status=?,category=?,current_highest_bid=?,current_highest_bidder_id=?,description=?,end_time=?,item_name=?,picture=?,seller_id=?,start_time=?,starting_price=? where id=?
2025-08-06T20:46:00.495+05:30 DEBUG 45196 --- [auction_application] [           main] o.h.p.entity.AbstractEntityPersister     :  Delete (0): delete from auction_listing where id=?
2025-08-06T20:46:00.495+05:30 DEBUG 45196 --- [auction_application] [           main] org.hibernate.orm.sql.ast.create         : Created new SQL alias : wu1_0
2025-08-06T20:46:00.495+05:30 DEBUG 45196 --- [auction_application] [           main] org.hibernate.orm.sql.ast.create         : Registration of TableGroup [StandardTableGroup(com.example.auction_application.UserModule.entity.WebUser)] with identifierForTableGroup [com.example.auction_application.UserModule.entity.WebUser] for NavigablePath [com.example.auction_application.UserModule.entity.WebUser] 
2025-08-06T20:46:00.495+05:30 DEBUG 45196 --- [auction_application] [           main] org.hibernate.orm.results.graph.AST      : DomainResult Graph:
 \-EntityResultImpl [com.example.auction_application.UserModule.entity.WebUser]
 |  +-BasicFetch [com.example.auction_application.UserModule.entity.WebUser.authProvider]
 |  +-DelayedCollectionFetch [com.example.auction_application.UserModule.entity.WebUser.biddingAuctions]
 |  +-DelayedCollectionFetch [com.example.auction_application.UserModule.entity.WebUser.bids]
 |  +-BasicFetch [com.example.auction_application.UserModule.entity.WebUser.password]
 |  +-BasicFetch [com.example.auction_application.UserModule.entity.WebUser.picture]
 |  +-BasicFetch [com.example.auction_application.UserModule.entity.WebUser.role]
 |  +-DelayedCollectionFetch [com.example.auction_application.UserModule.entity.WebUser.sellingAuctions]
 |  +-BasicFetch [com.example.auction_application.UserModule.entity.WebUser.userEmail]
 |  \-BasicFetch [com.example.auction_application.UserModule.entity.WebUser.userName]

2025-08-06T20:46:00.495+05:30 DEBUG 45196 --- [auction_application] [           main] org.hibernate.orm.sql.ast.tree           : SQL AST Tree:
    SelectStatement {
      FromClause {
        StandardTableGroup (wu1 : com.example.auction_application.UserModule.entity.WebUser) {
          primaryTableReference : web_user as wu1_0
        }
      }
    }

2025-08-06T20:46:00.495+05:30 DEBUG 45196 --- [auction_application] [           main] o.h.p.entity.AbstractEntityPersister     : Static SQL for entity: com.example.auction_application.UserModule.entity.WebUser
2025-08-06T20:46:00.495+05:30 DEBUG 45196 --- [auction_application] [           main] o.h.p.entity.AbstractEntityPersister     :  Version select: select id from web_user where id=?
2025-08-06T20:46:00.495+05:30 DEBUG 45196 --- [auction_application] [           main] o.h.p.entity.AbstractEntityPersister     :  Insert (0): insert into web_user (auth_provider,password,picture,role,user_email,user_name) values (?,?,?,?,?,?)
2025-08-06T20:46:00.495+05:30 DEBUG 45196 --- [auction_application] [           main] o.h.p.entity.AbstractEntityPersister     :  Update (0): update web_user set auth_provider=?,password=?,picture=?,role=?,user_email=?,user_name=? where id=?
2025-08-06T20:46:00.495+05:30 DEBUG 45196 --- [auction_application] [           main] o.h.p.entity.AbstractEntityPersister     :  Delete (0): delete from web_user where id=?
2025-08-06T20:46:00.498+05:30 DEBUG 45196 --- [auction_application] [           main] org.hibernate.orm.sql.ast.create         : Created new SQL alias : sa1_0
2025-08-06T20:46:00.499+05:30 DEBUG 45196 --- [auction_application] [           main] org.hibernate.orm.sql.ast.create         : Registration of TableGroup [org.hibernate.sql.ast.tree.from.OneToManyTableGroup@2e7dd504] with identifierForTableGroup [com.example.auction_application.UserModule.entity.WebUser.sellingAuctions] for NavigablePath [com.example.auction_application.UserModule.entity.WebUser.sellingAuctions] 
2025-08-06T20:46:00.499+05:30 DEBUG 45196 --- [auction_application] [           main] org.hibernate.orm.sql.ast.create         : Registration of TableGroup [StandardTableGroup(com.example.auction_application.UserModule.entity.WebUser.sellingAuctions.{element})] with identifierForTableGroup [com.example.auction_application.UserModule.entity.WebUser.sellingAuctions.{element}] for NavigablePath [com.example.auction_application.UserModule.entity.WebUser.sellingAuctions.{element}] 
2025-08-06T20:46:00.501+05:30 DEBUG 45196 --- [auction_application] [           main] org.hibernate.orm.sql.ast.create         : Registration of TableGroup [org.hibernate.sql.ast.tree.from.LazyTableGroup@277dddcf] with identifierForTableGroup [com.example.auction_application.UserModule.entity.WebUser.sellingAuctions.{element}.currentHighestBidder] for NavigablePath [com.example.auction_application.UserModule.entity.WebUser.sellingAuctions.{element}.currentHighestBidder] 
2025-08-06T20:46:00.501+05:30 DEBUG 45196 --- [auction_application] [           main] org.hibernate.orm.sql.ast.create         : Created new SQL alias : chb1_0
2025-08-06T20:46:00.505+05:30 DEBUG 45196 --- [auction_application] [           main] org.hibernate.orm.sql.ast.create         : Registration of TableGroup [org.hibernate.sql.ast.tree.from.LazyTableGroup@edf4973] with identifierForTableGroup [com.example.auction_application.UserModule.entity.WebUser.sellingAuctions.{element}.seller] for NavigablePath [com.example.auction_application.UserModule.entity.WebUser.sellingAuctions.{element}.seller] 
2025-08-06T20:46:00.507+05:30 DEBUG 45196 --- [auction_application] [           main] org.hibernate.orm.results.graph.AST      : DomainResult Graph:
 \-CollectionDomainResult [com.example.auction_application.UserModule.entity.WebUser.sellingAuctions]

2025-08-06T20:46:00.507+05:30 DEBUG 45196 --- [auction_application] [           main] org.hibernate.orm.sql.ast.tree           : SQL AST Tree:
    SelectStatement {
      FromClause {
        OneToManyTableGroup (sa1 : com.example.auction_application.UserModule.entity.WebUser.sellingAuctions) {
          primaryTableReference : auction_listing as sa1_0
          TableGroupJoins {
            left  join LazyTableGroup (chb1 : com.example.auction_application.UserModule.entity.WebUser.sellingAuctions.{element}.currentHighestBidder) {
              primaryTableReference : web_user as chb1_0
            }
            left  join LazyTableGroup (s1 : com.example.auction_application.UserModule.entity.WebUser.sellingAuctions.{element}.seller) {
            }
          }
        }
      }
    }

2025-08-06T20:46:00.508+05:30 DEBUG 45196 --- [auction_application] [           main] org.hibernate.orm.jdbc.mutation          : Static SQL for collection: com.example.auction_application.UserModule.entity.WebUser.sellingAuctions
2025-08-06T20:46:00.508+05:30 DEBUG 45196 --- [auction_application] [           main] org.hibernate.orm.sql.ast.create         : Created new SQL alias : b1_0
2025-08-06T20:46:00.508+05:30 DEBUG 45196 --- [auction_application] [           main] org.hibernate.orm.sql.ast.create         : Registration of TableGroup [org.hibernate.sql.ast.tree.from.OneToManyTableGroup@3b8c15de] with identifierForTableGroup [com.example.auction_application.AuctionListing.entity.AuctionListing.bids] for NavigablePath [com.example.auction_application.AuctionListing.entity.AuctionListing.bids] 
2025-08-06T20:46:00.508+05:30 DEBUG 45196 --- [auction_application] [           main] org.hibernate.orm.sql.ast.create         : Registration of TableGroup [StandardTableGroup(com.example.auction_application.AuctionListing.entity.AuctionListing.bids.{element})] with identifierForTableGroup [com.example.auction_application.AuctionListing.entity.AuctionListing.bids.{element}] for NavigablePath [com.example.auction_application.AuctionListing.entity.AuctionListing.bids.{element}] 
2025-08-06T20:46:00.508+05:30 DEBUG 45196 --- [auction_application] [           main] org.hibernate.orm.sql.ast.create         : Registration of TableGroup [org.hibernate.sql.ast.tree.from.LazyTableGroup@26398f67] with identifierForTableGroup [com.example.auction_application.AuctionListing.entity.AuctionListing.bids.{element}.auctionListing] for NavigablePath [com.example.auction_application.AuctionListing.entity.AuctionListing.bids.{element}.auctionListing] 
2025-08-06T20:46:00.508+05:30 DEBUG 45196 --- [auction_application] [           main] org.hibernate.orm.sql.ast.create         : Registration of TableGroup [org.hibernate.sql.ast.tree.from.LazyTableGroup@64ff0eaa] with identifierForTableGroup [com.example.auction_application.AuctionListing.entity.AuctionListing.bids.{element}.bidder] for NavigablePath [com.example.auction_application.AuctionListing.entity.AuctionListing.bids.{element}.bidder] 
2025-08-06T20:46:00.508+05:30 DEBUG 45196 --- [auction_application] [           main] org.hibernate.orm.sql.ast.create         : Created new SQL alias : b2_0
2025-08-06T20:46:00.508+05:30 DEBUG 45196 --- [auction_application] [           main] org.hibernate.orm.results.graph.AST      : DomainResult Graph:
 \-CollectionDomainResult [com.example.auction_application.AuctionListing.entity.AuctionListing.bids]

2025-08-06T20:46:00.508+05:30 DEBUG 45196 --- [auction_application] [           main] org.hibernate.orm.sql.ast.tree           : SQL AST Tree:
    SelectStatement {
      FromClause {
        OneToManyTableGroup (b1 : com.example.auction_application.AuctionListing.entity.AuctionListing.bids) {
          primaryTableReference : bid as b1_0
          TableGroupJoins {
            left  join LazyTableGroup (al1 : com.example.auction_application.AuctionListing.entity.AuctionListing.bids.{element}.auctionListing) {
            }
            left  join LazyTableGroup (b2 : com.example.auction_application.AuctionListing.entity.AuctionListing.bids.{element}.bidder) {
              primaryTableReference : web_user as b2_0
            }
          }
        }
      }
    }

2025-08-06T20:46:00.508+05:30 DEBUG 45196 --- [auction_application] [           main] org.hibernate.orm.jdbc.mutation          : Static SQL for collection: com.example.auction_application.AuctionListing.entity.AuctionListing.bids
2025-08-06T20:46:00.508+05:30 DEBUG 45196 --- [auction_application] [           main] org.hibernate.orm.sql.ast.create         : Created new SQL alias : ba1_0
2025-08-06T20:46:00.508+05:30 DEBUG 45196 --- [auction_application] [           main] org.hibernate.orm.sql.ast.create         : Registration of TableGroup [org.hibernate.sql.ast.tree.from.OneToManyTableGroup@1b62ad1e] with identifierForTableGroup [com.example.auction_application.UserModule.entity.WebUser.biddingAuctions] for NavigablePath [com.example.auction_application.UserModule.entity.WebUser.biddingAuctions] 
2025-08-06T20:46:00.508+05:30 DEBUG 45196 --- [auction_application] [           main] org.hibernate.orm.sql.ast.create         : Registration of TableGroup [StandardTableGroup(com.example.auction_application.UserModule.entity.WebUser.biddingAuctions.{element})] with identifierForTableGroup [com.example.auction_application.UserModule.entity.WebUser.biddingAuctions.{element}] for NavigablePath [com.example.auction_application.UserModule.entity.WebUser.biddingAuctions.{element}] 
2025-08-06T20:46:00.509+05:30 DEBUG 45196 --- [auction_application] [           main] org.hibernate.orm.sql.ast.create         : Registration of TableGroup [org.hibernate.sql.ast.tree.from.LazyTableGroup@714a4ba2] with identifierForTableGroup [com.example.auction_application.UserModule.entity.WebUser.biddingAuctions.{element}.currentHighestBidder] for NavigablePath [com.example.auction_application.UserModule.entity.WebUser.biddingAuctions.{element}.currentHighestBidder] 
2025-08-06T20:46:00.509+05:30 DEBUG 45196 --- [auction_application] [           main] org.hibernate.orm.sql.ast.create         : Registration of TableGroup [org.hibernate.sql.ast.tree.from.LazyTableGroup@6ddc817f] with identifierForTableGroup [com.example.auction_application.UserModule.entity.WebUser.biddingAuctions.{element}.seller] for NavigablePath [com.example.auction_application.UserModule.entity.WebUser.biddingAuctions.{element}.seller] 
2025-08-06T20:46:00.509+05:30 DEBUG 45196 --- [auction_application] [           main] org.hibernate.orm.sql.ast.create         : Created new SQL alias : s1_0
2025-08-06T20:46:00.509+05:30 DEBUG 45196 --- [auction_application] [           main] org.hibernate.orm.results.graph.AST      : DomainResult Graph:
 \-CollectionDomainResult [com.example.auction_application.UserModule.entity.WebUser.biddingAuctions]

2025-08-06T20:46:00.509+05:30 DEBUG 45196 --- [auction_application] [           main] org.hibernate.orm.sql.ast.tree           : SQL AST Tree:
    SelectStatement {
      FromClause {
        OneToManyTableGroup (ba1 : com.example.auction_application.UserModule.entity.WebUser.biddingAuctions) {
          primaryTableReference : auction_listing as ba1_0
          TableGroupJoins {
            left  join LazyTableGroup (chb1 : com.example.auction_application.UserModule.entity.WebUser.biddingAuctions.{element}.currentHighestBidder) {
            }
            left  join LazyTableGroup (s1 : com.example.auction_application.UserModule.entity.WebUser.biddingAuctions.{element}.seller) {
              primaryTableReference : web_user as s1_0
            }
          }
        }
      }
    }

2025-08-06T20:46:00.509+05:30 DEBUG 45196 --- [auction_application] [           main] org.hibernate.orm.jdbc.mutation          : Static SQL for collection: com.example.auction_application.UserModule.entity.WebUser.biddingAuctions
2025-08-06T20:46:00.509+05:30 DEBUG 45196 --- [auction_application] [           main] org.hibernate.orm.sql.ast.create         : Created new SQL alias : b1_0
2025-08-06T20:46:00.509+05:30 DEBUG 45196 --- [auction_application] [           main] org.hibernate.orm.sql.ast.create         : Registration of TableGroup [org.hibernate.sql.ast.tree.from.OneToManyTableGroup@78c91d2a] with identifierForTableGroup [com.example.auction_application.UserModule.entity.WebUser.bids] for NavigablePath [com.example.auction_application.UserModule.entity.WebUser.bids] 
2025-08-06T20:46:00.509+05:30 DEBUG 45196 --- [auction_application] [           main] org.hibernate.orm.sql.ast.create         : Registration of TableGroup [StandardTableGroup(com.example.auction_application.UserModule.entity.WebUser.bids.{element})] with identifierForTableGroup [com.example.auction_application.UserModule.entity.WebUser.bids.{element}] for NavigablePath [com.example.auction_application.UserModule.entity.WebUser.bids.{element}] 
2025-08-06T20:46:00.509+05:30 DEBUG 45196 --- [auction_application] [           main] org.hibernate.orm.sql.ast.create         : Registration of TableGroup [org.hibernate.sql.ast.tree.from.LazyTableGroup@5b7d5eca] with identifierForTableGroup [com.example.auction_application.UserModule.entity.WebUser.bids.{element}.auctionListing] for NavigablePath [com.example.auction_application.UserModule.entity.WebUser.bids.{element}.auctionListing] 
2025-08-06T20:46:00.509+05:30 DEBUG 45196 --- [auction_application] [           main] org.hibernate.orm.sql.ast.create         : Created new SQL alias : al1_0
2025-08-06T20:46:00.509+05:30 DEBUG 45196 --- [auction_application] [           main] org.hibernate.orm.sql.ast.create         : Registration of TableGroup [org.hibernate.sql.ast.tree.from.LazyTableGroup@52a3eba3] with identifierForTableGroup [com.example.auction_application.UserModule.entity.WebUser.bids.{element}.auctionListing.currentHighestBidder] for NavigablePath [com.example.auction_application.UserModule.entity.WebUser.bids.{element}.auctionListing.currentHighestBidder] 
2025-08-06T20:46:00.509+05:30 DEBUG 45196 --- [auction_application] [           main] org.hibernate.orm.sql.ast.create         : Created new SQL alias : chb1_0
2025-08-06T20:46:00.510+05:30 DEBUG 45196 --- [auction_application] [           main] org.hibernate.orm.sql.ast.create         : Registration of TableGroup [org.hibernate.sql.ast.tree.from.LazyTableGroup@4ed74d03] with identifierForTableGroup [com.example.auction_application.UserModule.entity.WebUser.bids.{element}.auctionListing.seller] for NavigablePath [com.example.auction_application.UserModule.entity.WebUser.bids.{element}.auctionListing.seller] 
2025-08-06T20:46:00.510+05:30 DEBUG 45196 --- [auction_application] [           main] org.hibernate.orm.sql.ast.create         : Created new SQL alias : s1_0
2025-08-06T20:46:00.510+05:30 DEBUG 45196 --- [auction_application] [           main] org.hibernate.orm.sql.ast.create         : Registration of TableGroup [org.hibernate.sql.ast.tree.from.LazyTableGroup@7ec729be] with identifierForTableGroup [com.example.auction_application.UserModule.entity.WebUser.bids.{element}.bidder] for NavigablePath [com.example.auction_application.UserModule.entity.WebUser.bids.{element}.bidder] 
2025-08-06T20:46:00.510+05:30 DEBUG 45196 --- [auction_application] [           main] org.hibernate.orm.results.graph.AST      : DomainResult Graph:
 \-CollectionDomainResult [com.example.auction_application.UserModule.entity.WebUser.bids]

2025-08-06T20:46:00.510+05:30 DEBUG 45196 --- [auction_application] [           main] org.hibernate.orm.sql.ast.tree           : SQL AST Tree:
    SelectStatement {
      FromClause {
        OneToManyTableGroup (b1 : com.example.auction_application.UserModule.entity.WebUser.bids) {
          primaryTableReference : bid as b1_0
          TableGroupJoins {
            left  join LazyTableGroup (al1 : com.example.auction_application.UserModule.entity.WebUser.bids.{element}.auctionListing) {
              primaryTableReference : auction_listing as al1_0
              TableGroupJoins {
                left  join LazyTableGroup (chb1 : com.example.auction_application.UserModule.entity.WebUser.bids.{element}.auctionListing.currentHighestBidder) {
                  primaryTableReference : web_user as chb1_0
                }
                left  join LazyTableGroup (s1 : com.example.auction_application.UserModule.entity.WebUser.bids.{element}.auctionListing.seller) {
                  primaryTableReference : web_user as s1_0
                }
              }
            }
            left  join LazyTableGroup (b2 : com.example.auction_application.UserModule.entity.WebUser.bids.{element}.bidder) {
            }
          }
        }
      }
    }

2025-08-06T20:46:00.510+05:30 DEBUG 45196 --- [auction_application] [           main] org.hibernate.orm.jdbc.mutation          : Static SQL for collection: com.example.auction_application.UserModule.entity.WebUser.bids
2025-08-06T20:46:00.540+05:30  INFO 45196 --- [auction_application] [           main] o.h.e.t.j.p.i.JtaPlatformInitiator       : HHH000489: No JTA platform available (set 'hibernate.transaction.jta.platform' to enable JTA platform integration)
2025-08-06T20:46:00.540+05:30 DEBUG 45196 --- [auction_application] [           main] o.h.type.spi.TypeConfiguration$Scope     : Scoping TypeConfiguration [org.hibernate.type.spi.TypeConfiguration@42474b18] to SessionFactoryImplementor [org.hibernate.internal.SessionFactoryImpl@106c73ed]
2025-08-06T20:46:00.541+05:30 DEBUG 45196 --- [auction_application] [           main] o.h.query.named.NamedObjectRepository    : Checking 0 named HQL queries
2025-08-06T20:46:00.541+05:30 DEBUG 45196 --- [auction_application] [           main] o.h.query.named.NamedObjectRepository    : Checking 0 named SQL queries
2025-08-06T20:46:00.723+05:30 DEBUG 45196 --- [auction_application] [onnection adder] com.zaxxer.hikari.pool.HikariPool        : HikariPool-1 - Added connection org.postgresql.jdbc.PgConnection@3a7b9367
2025-08-06T20:46:00.766+05:30 DEBUG 45196 --- [auction_application] [onnection adder] com.zaxxer.hikari.pool.HikariPool        : HikariPool-1 - After adding stats (total=8, active=1, idle=7, waiting=0)
2025-08-06T20:46:00.766+05:30 DEBUG 45196 --- [auction_application] [onnection adder] org.postgresql.Driver                    : Connecting with URL: jdbc:postgresql://dpg-d285g8re5dus73f8aun0-a.singapore-postgres.render.com/auction_database_47cx?currentSchema=auction_schema
2025-08-06T20:46:00.766+05:30 DEBUG 45196 --- [auction_application] [onnection adder] org.postgresql.jdbc.PgConnection         : PostgreSQL JDBC Driver 42.7.4
2025-08-06T20:46:00.766+05:30 DEBUG 45196 --- [auction_application] [onnection adder] org.postgresql.jdbc.PgConnection         :   setDefaultFetchSize = 0
2025-08-06T20:46:00.766+05:30 DEBUG 45196 --- [auction_application] [onnection adder] org.postgresql.jdbc.PgConnection         :   setPrepareThreshold = 5
2025-08-06T20:46:00.766+05:30 DEBUG 45196 --- [auction_application] [onnection adder] o.p.core.v3.ConnectionFactoryImpl        : Trying to establish a protocol version 3 connection to dpg-d285g8re5dus73f8aun0-a.singapore-postgres.render.com:5432
2025-08-06T20:46:00.941+05:30 DEBUG 45196 --- [auction_application] [onnection adder] o.p.core.v3.ConnectionFactoryImpl        : Receive Buffer Size is 65,536
2025-08-06T20:46:00.941+05:30 DEBUG 45196 --- [auction_application] [onnection adder] o.p.core.v3.ConnectionFactoryImpl        : Send Buffer Size is 65,536
2025-08-06T20:46:01.097+05:30 DEBUG 45196 --- [auction_application] [onnection adder] org.postgresql.ssl.MakeSSL               : converting regular socket connection to ssl
2025-08-06T20:46:01.277+05:30 DEBUG 45196 --- [auction_application] [onnection adder] jdk.event.security                       : X509Certificate: Alg:SHA256withRSA, Serial:69d81483263975d5a17a8242c2840d1d3fe, Subject:CN=aws-ap-southeast-1-1-postgres.render.com, Issuer:CN=R11, O=Let's Encrypt, C=US, Key type:RSA, Length:2048, Cert Id:1642598958, Valid from:7/13/25, 1:15 AM, Valid until:10/11/25, 1:15 AM
2025-08-06T20:46:01.277+05:30 DEBUG 45196 --- [auction_application] [onnection adder] jdk.event.security                       : X509Certificate: Alg:SHA256withRSA, Serial:8a7d3e13d62f30ef2386bd29076b34f8, Subject:CN=R11, O=Let's Encrypt, C=US, Issuer:CN=ISRG Root X1, O=Internet Security Research Group, C=US, Key type:RSA, Length:2048, Cert Id:-1875479740, Valid from:3/13/24, 5:30 AM, Valid until:3/13/27, 5:29 AM
2025-08-06T20:46:01.279+05:30 DEBUG 45196 --- [auction_application] [onnection adder] jdk.event.security                       :  TLSHandshake: dpg-d285g8re5dus73f8aun0-a.singapore-postgres.render.com:5432, TLSv1.3, TLS_AES_128_GCM_SHA256, 1642598958
2025-08-06T20:46:01.415+05:30 DEBUG 45196 --- [auction_application] [           main] org.hibernate.mapping.Table              : No alter strings for table : auction_listing
2025-08-06T20:46:01.415+05:30 DEBUG 45196 --- [auction_application] [           main] org.hibernate.mapping.Table              : No alter strings for table : bid
2025-08-06T20:46:01.415+05:30 DEBUG 45196 --- [auction_application] [           main] org.hibernate.mapping.Table              : No alter strings for table : web_user
2025-08-06T20:46:02.851+05:30 DEBUG 45196 --- [auction_application] [onnection adder] com.zaxxer.hikari.pool.HikariPool        : HikariPool-1 - Added connection org.postgresql.jdbc.PgConnection@6344d81d
2025-08-06T20:46:02.884+05:30 DEBUG 45196 --- [auction_application] [onnection adder] com.zaxxer.hikari.pool.HikariPool        : HikariPool-1 - After adding stats (total=9, active=1, idle=8, waiting=0)
2025-08-06T20:46:02.885+05:30 DEBUG 45196 --- [auction_application] [onnection adder] org.postgresql.Driver                    : Connecting with URL: jdbc:postgresql://dpg-d285g8re5dus73f8aun0-a.singapore-postgres.render.com/auction_database_47cx?currentSchema=auction_schema
2025-08-06T20:46:02.885+05:30 DEBUG 45196 --- [auction_application] [onnection adder] org.postgresql.jdbc.PgConnection         : PostgreSQL JDBC Driver 42.7.4
2025-08-06T20:46:02.885+05:30 DEBUG 45196 --- [auction_application] [onnection adder] org.postgresql.jdbc.PgConnection         :   setDefaultFetchSize = 0
2025-08-06T20:46:02.885+05:30 DEBUG 45196 --- [auction_application] [onnection adder] org.postgresql.jdbc.PgConnection         :   setPrepareThreshold = 5
2025-08-06T20:46:02.885+05:30 DEBUG 45196 --- [auction_application] [onnection adder] o.p.core.v3.ConnectionFactoryImpl        : Trying to establish a protocol version 3 connection to dpg-d285g8re5dus73f8aun0-a.singapore-postgres.render.com:5432
2025-08-06T20:46:02.992+05:30 DEBUG 45196 --- [auction_application] [onnection adder] o.p.core.v3.ConnectionFactoryImpl        : Receive Buffer Size is 65,536
2025-08-06T20:46:02.992+05:30 DEBUG 45196 --- [auction_application] [onnection adder] o.p.core.v3.ConnectionFactoryImpl        : Send Buffer Size is 65,536
2025-08-06T20:46:03.143+05:30 DEBUG 45196 --- [auction_application] [onnection adder] org.postgresql.ssl.MakeSSL               : converting regular socket connection to ssl
2025-08-06T20:46:03.312+05:30 DEBUG 45196 --- [auction_application] [onnection adder] jdk.event.security                       : X509Certificate: Alg:SHA256withRSA, Serial:69d81483263975d5a17a8242c2840d1d3fe, Subject:CN=aws-ap-southeast-1-1-postgres.render.com, Issuer:CN=R11, O=Let's Encrypt, C=US, Key type:RSA, Length:2048, Cert Id:1642598958, Valid from:7/13/25, 1:15 AM, Valid until:10/11/25, 1:15 AM
2025-08-06T20:46:03.313+05:30 DEBUG 45196 --- [auction_application] [onnection adder] jdk.event.security                       : X509Certificate: Alg:SHA256withRSA, Serial:8a7d3e13d62f30ef2386bd29076b34f8, Subject:CN=R11, O=Let's Encrypt, C=US, Issuer:CN=ISRG Root X1, O=Internet Security Research Group, C=US, Key type:RSA, Length:2048, Cert Id:-1875479740, Valid from:3/13/24, 5:30 AM, Valid until:3/13/27, 5:29 AM
2025-08-06T20:46:03.315+05:30 DEBUG 45196 --- [auction_application] [onnection adder] jdk.event.security                       :  TLSHandshake: dpg-d285g8re5dus73f8aun0-a.singapore-postgres.render.com:5432, TLSv1.3, TLS_AES_128_GCM_SHA256, 1642598958
2025-08-06T20:46:03.769+05:30 DEBUG 45196 --- [auction_application] [           main] o.h.internal.SessionFactoryRegistry      : Initializing SessionFactoryRegistry : org.hibernate.internal.SessionFactoryRegistry@7053a864
2025-08-06T20:46:03.769+05:30 DEBUG 45196 --- [auction_application] [           main] o.h.internal.SessionFactoryRegistry      : Registering SessionFactory: ff7ef97f-63c9-429c-816e-899b703c88af (<unnamed>)
2025-08-06T20:46:03.769+05:30 DEBUG 45196 --- [auction_application] [           main] o.h.internal.SessionFactoryRegistry      : Not binding SessionFactory to JNDI, no JNDI name configured
2025-08-06T20:46:03.769+05:30 DEBUG 45196 --- [auction_application] [           main] o.hibernate.internal.SessionFactoryImpl  : Instantiated SessionFactory
2025-08-06T20:46:03.769+05:30  INFO 45196 --- [auction_application] [           main] j.LocalContainerEntityManagerFactoryBean : Initialized JPA EntityManagerFactory for persistence unit 'default'
2025-08-06T20:46:03.775+05:30 DEBUG 45196 --- [auction_application] [           main] o.s.b.f.s.DefaultListableBeanFactory     : Creating shared instance of singleton bean 'auctionApplication'
2025-08-06T20:46:03.777+05:30 DEBUG 45196 --- [auction_application] [           main] o.s.b.f.s.DefaultListableBeanFactory     : Creating shared instance of singleton bean 'auctionCatalogController'
2025-08-06T20:46:03.782+05:30 DEBUG 45196 --- [auction_application] [           main] o.s.b.f.s.DefaultListableBeanFactory     : Creating shared instance of singleton bean 'auctionCatalogService'
2025-08-06T20:46:03.783+05:30 DEBUG 45196 --- [auction_application] [           main] o.s.b.f.s.DefaultListableBeanFactory     : Creating shared instance of singleton bean 'auctionListingRepository'
2025-08-06T20:46:03.794+05:30 DEBUG 45196 --- [auction_application] [           main] o.s.b.f.s.DefaultListableBeanFactory     : Creating shared instance of singleton bean 'jpa.named-queries#2'
2025-08-06T20:46:03.798+05:30 DEBUG 45196 --- [auction_application] [           main] o.s.b.f.s.DefaultListableBeanFactory     : Creating shared instance of singleton bean 'jpa.AuctionListingRepository.fragments#0'
2025-08-06T20:46:03.805+05:30 DEBUG 45196 --- [auction_application] [           main] o.s.b.f.s.DefaultListableBeanFactory     : Creating shared instance of singleton bean 'jpaSharedEM_entityManagerFactory'
2025-08-06T20:46:03.850+05:30 DEBUG 45196 --- [auction_application] [           main] o.s.b.f.s.DefaultListableBeanFactory     : Creating shared instance of singleton bean 'jpaMappingContext'
2025-08-06T20:46:03.851+05:30 DEBUG 45196 --- [auction_application] [           main] .c.JpaMetamodelMappingContextFactoryBean : Initializing JpaMetamodelMappingContext…
2025-08-06T20:46:03.870+05:30 DEBUG 45196 --- [auction_application] [           main] .c.JpaMetamodelMappingContextFactoryBean : Finished initializing JpaMetamodelMappingContext
2025-08-06T20:46:03.907+05:30 DEBUG 45196 --- [auction_application] [           main] tor$SharedEntityManagerInvocationHandler : Creating new EntityManager for shared EntityManager invocation
2025-08-06T20:46:03.951+05:30 DEBUG 45196 --- [auction_application] [           main] o.h.stat.internal.StatisticsInitiator    : Statistics initialized [enabled=false]
2025-08-06T20:46:03.959+05:30 DEBUG 45196 --- [auction_application] [           main] tor$SharedEntityManagerInvocationHandler : Creating new EntityManager for shared EntityManager invocation
2025-08-06T20:46:03.978+05:30 DEBUG 45196 --- [auction_application] [onnection adder] com.zaxxer.hikari.pool.HikariPool        : HikariPool-1 - Added connection org.postgresql.jdbc.PgConnection@4b0b3673
2025-08-06T20:46:04.014+05:30 DEBUG 45196 --- [auction_application] [onnection adder] com.zaxxer.hikari.pool.HikariPool        : HikariPool-1 - After adding stats (total=10, active=0, idle=10, waiting=0)
2025-08-06T20:46:04.014+05:30 DEBUG 45196 --- [auction_application] [onnection adder] com.zaxxer.hikari.pool.HikariPool        : HikariPool-1 - Connection not added, stats (total=10, active=0, idle=10, waiting=0)
2025-08-06T20:46:04.059+05:30 DEBUG 45196 --- [auction_application] [           main] o.s.d.r.c.s.RepositoryFactorySupport     : Initializing repository instance for com.example.auction_application.AuctionListing.repository.AuctionListingRepository…
2025-08-06T20:46:04.077+05:30 DEBUG 45196 --- [auction_application] [           main] tor$SharedEntityManagerInvocationHandler : Creating new EntityManager for shared EntityManager invocation
2025-08-06T20:46:04.171+05:30 DEBUG 45196 --- [auction_application] [           main] o.s.d.jpa.repository.query.NamedQuery    : Looking up named query 'AuctionListing.findByAuctionStatus'
2025-08-06T20:46:04.179+05:30 DEBUG 45196 --- [auction_application] [           main] cResourceLocalTransactionCoordinatorImpl : JDBC transaction marked for rollback-only (exception provided for stack trace)

java.lang.Exception: exception just for purpose of providing stack trace
	at org.hibernate.resource.transaction.backend.jdbc.internal.JdbcResourceLocalTransactionCoordinatorImpl$TransactionDriverControlImpl.markRollbackOnly(JdbcResourceLocalTransactionCoordinatorImpl.java:309) ~[hibernate-core-6.6.4.Final.jar:6.6.4.Final]
	at org.hibernate.internal.AbstractSharedSessionContract.buildNamedQuery(AbstractSharedSessionContract.java:1141) ~[hibernate-core-6.6.4.Final.jar:6.6.4.Final]
	at org.hibernate.internal.AbstractSharedSessionContract.createNamedQuery(AbstractSharedSessionContract.java:1019) ~[hibernate-core-6.6.4.Final.jar:6.6.4.Final]
	at org.hibernate.internal.AbstractSharedSessionContract.createNamedQuery(AbstractSharedSessionContract.java:143) ~[hibernate-core-6.6.4.Final.jar:6.6.4.Final]
	at java.base/jdk.internal.reflect.NativeMethodAccessorImpl.invoke0(Native Method) ~[na:na]
	at java.base/jdk.internal.reflect.NativeMethodAccessorImpl.invoke(NativeMethodAccessorImpl.java:77) ~[na:na]
	at java.base/jdk.internal.reflect.DelegatingMethodAccessorImpl.invoke(DelegatingMethodAccessorImpl.java:43) ~[na:na]
	at java.base/java.lang.reflect.Method.invoke(Method.java:568) ~[na:na]
	at org.springframework.orm.jpa.ExtendedEntityManagerCreator$ExtendedEntityManagerInvocationHandler.invoke(ExtendedEntityManagerCreator.java:364) ~[spring-orm-6.2.1.jar:6.2.1]
	at jdk.proxy2/jdk.proxy2.$Proxy131.createNamedQuery(Unknown Source) ~[na:na]
	at org.springframework.data.jpa.repository.query.NamedQuery.hasNamedQuery(NamedQuery.java:114) ~[spring-data-jpa-3.4.1.jar:3.4.1]
	at org.springframework.data.jpa.repository.query.NamedQuery.lookupFrom(NamedQuery.java:140) ~[spring-data-jpa-3.4.1.jar:3.4.1]
	at org.springframework.data.jpa.repository.query.JpaQueryLookupStrategy$DeclaredQueryLookupStrategy.resolveQuery(JpaQueryLookupStrategy.java:184) ~[spring-data-jpa-3.4.1.jar:3.4.1]
	at org.springframework.data.jpa.repository.query.JpaQueryLookupStrategy$CreateIfNotFoundQueryLookupStrategy.resolveQuery(JpaQueryLookupStrategy.java:256) ~[spring-data-jpa-3.4.1.jar:3.4.1]
	at org.springframework.data.jpa.repository.query.JpaQueryLookupStrategy$AbstractQueryLookupStrategy.resolveQuery(JpaQueryLookupStrategy.java:99) ~[spring-data-jpa-3.4.1.jar:3.4.1]
	at org.springframework.data.repository.core.support.QueryExecutorMethodInterceptor.lookupQuery(QueryExecutorMethodInterceptor.java:116) ~[spring-data-commons-3.4.1.jar:3.4.1]
	at org.springframework.data.repository.core.support.QueryExecutorMethodInterceptor.mapMethodsToQuery(QueryExecutorMethodInterceptor.java:104) ~[spring-data-commons-3.4.1.jar:3.4.1]
	at org.springframework.data.repository.core.support.QueryExecutorMethodInterceptor.lambda$new$0(QueryExecutorMethodInterceptor.java:92) ~[spring-data-commons-3.4.1.jar:3.4.1]
	at java.base/java.util.Optional.map(Optional.java:260) ~[na:na]
	at org.springframework.data.repository.core.support.QueryExecutorMethodInterceptor.<init>(QueryExecutorMethodInterceptor.java:92) ~[spring-data-commons-3.4.1.jar:3.4.1]
	at org.springframework.data.repository.core.support.RepositoryFactorySupport.getRepository(RepositoryFactorySupport.java:440) ~[spring-data-commons-3.4.1.jar:3.4.1]
	at org.springframework.data.repository.core.support.RepositoryFactoryBeanSupport.lambda$afterPropertiesSet$4(RepositoryFactoryBeanSupport.java:350) ~[spring-data-commons-3.4.1.jar:3.4.1]
	at org.springframework.data.util.Lazy.getNullable(Lazy.java:135) ~[spring-data-commons-3.4.1.jar:3.4.1]
	at org.springframework.data.util.Lazy.get(Lazy.java:113) ~[spring-data-commons-3.4.1.jar:3.4.1]
	at org.springframework.data.repository.core.support.RepositoryFactoryBeanSupport.afterPropertiesSet(RepositoryFactoryBeanSupport.java:356) ~[spring-data-commons-3.4.1.jar:3.4.1]
	at org.springframework.data.jpa.repository.support.JpaRepositoryFactoryBean.afterPropertiesSet(JpaRepositoryFactoryBean.java:132) ~[spring-data-jpa-3.4.1.jar:3.4.1]
	at org.springframework.beans.factory.support.AbstractAutowireCapableBeanFactory.invokeInitMethods(AbstractAutowireCapableBeanFactory.java:1855) ~[spring-beans-6.2.1.jar:6.2.1]
	at org.springframework.beans.factory.support.AbstractAutowireCapableBeanFactory.initializeBean(AbstractAutowireCapableBeanFactory.java:1804) ~[spring-beans-6.2.1.jar:6.2.1]
	at org.springframework.beans.factory.support.AbstractAutowireCapableBeanFactory.doCreateBean(AbstractAutowireCapableBeanFactory.java:601) ~[spring-beans-6.2.1.jar:6.2.1]
	at org.springframework.beans.factory.support.AbstractAutowireCapableBeanFactory.createBean(AbstractAutowireCapableBeanFactory.java:523) ~[spring-beans-6.2.1.jar:6.2.1]
	at org.springframework.beans.factory.support.AbstractBeanFactory.lambda$doGetBean$0(AbstractBeanFactory.java:336) ~[spring-beans-6.2.1.jar:6.2.1]
	at org.springframework.beans.factory.support.DefaultSingletonBeanRegistry.getSingleton(DefaultSingletonBeanRegistry.java:289) ~[spring-beans-6.2.1.jar:6.2.1]
	at org.springframework.beans.factory.support.AbstractBeanFactory.doGetBean(AbstractBeanFactory.java:334) ~[spring-beans-6.2.1.jar:6.2.1]
	at org.springframework.beans.factory.support.AbstractBeanFactory.getBean(AbstractBeanFactory.java:199) ~[spring-beans-6.2.1.jar:6.2.1]
	at org.springframework.beans.factory.support.DefaultListableBeanFactory.doResolveDependency(DefaultListableBeanFactory.java:1573) ~[spring-beans-6.2.1.jar:6.2.1]
	at org.springframework.beans.factory.support.DefaultListableBeanFactory.resolveDependency(DefaultListableBeanFactory.java:1519) ~[spring-beans-6.2.1.jar:6.2.1]
	at org.springframework.beans.factory.annotation.AutowiredAnnotationBeanPostProcessor$AutowiredFieldElement.resolveFieldValue(AutowiredAnnotationBeanPostProcessor.java:785) ~[spring-beans-6.2.1.jar:6.2.1]
	at org.springframework.beans.factory.annotation.AutowiredAnnotationBeanPostProcessor$AutowiredFieldElement.inject(AutowiredAnnotationBeanPostProcessor.java:768) ~[spring-beans-6.2.1.jar:6.2.1]
	at org.springframework.beans.factory.annotation.InjectionMetadata.inject(InjectionMetadata.java:146) ~[spring-beans-6.2.1.jar:6.2.1]
	at org.springframework.beans.factory.annotation.AutowiredAnnotationBeanPostProcessor.postProcessProperties(AutowiredAnnotationBeanPostProcessor.java:509) ~[spring-beans-6.2.1.jar:6.2.1]
	at org.springframework.beans.factory.support.AbstractAutowireCapableBeanFactory.populateBean(AbstractAutowireCapableBeanFactory.java:1441) ~[spring-beans-6.2.1.jar:6.2.1]
	at org.springframework.beans.factory.support.AbstractAutowireCapableBeanFactory.doCreateBean(AbstractAutowireCapableBeanFactory.java:600) ~[spring-beans-6.2.1.jar:6.2.1]
	at org.springframework.beans.factory.support.AbstractAutowireCapableBeanFactory.createBean(AbstractAutowireCapableBeanFactory.java:523) ~[spring-beans-6.2.1.jar:6.2.1]
	at org.springframework.beans.factory.support.AbstractBeanFactory.lambda$doGetBean$0(AbstractBeanFactory.java:336) ~[spring-beans-6.2.1.jar:6.2.1]
	at org.springframework.beans.factory.support.DefaultSingletonBeanRegistry.getSingleton(DefaultSingletonBeanRegistry.java:289) ~[spring-beans-6.2.1.jar:6.2.1]
	at org.springframework.beans.factory.support.AbstractBeanFactory.doGetBean(AbstractBeanFactory.java:334) ~[spring-beans-6.2.1.jar:6.2.1]
	at org.springframework.beans.factory.support.AbstractBeanFactory.getBean(AbstractBeanFactory.java:199) ~[spring-beans-6.2.1.jar:6.2.1]
	at org.springframework.beans.factory.support.DefaultListableBeanFactory.doResolveDependency(DefaultListableBeanFactory.java:1573) ~[spring-beans-6.2.1.jar:6.2.1]
	at org.springframework.beans.factory.support.DefaultListableBeanFactory.resolveDependency(DefaultListableBeanFactory.java:1519) ~[spring-beans-6.2.1.jar:6.2.1]
	at org.springframework.beans.factory.annotation.AutowiredAnnotationBeanPostProcessor$AutowiredFieldElement.resolveFieldValue(AutowiredAnnotationBeanPostProcessor.java:785) ~[spring-beans-6.2.1.jar:6.2.1]
	at org.springframework.beans.factory.annotation.AutowiredAnnotationBeanPostProcessor$AutowiredFieldElement.inject(AutowiredAnnotationBeanPostProcessor.java:768) ~[spring-beans-6.2.1.jar:6.2.1]
	at org.springframework.beans.factory.annotation.InjectionMetadata.inject(InjectionMetadata.java:146) ~[spring-beans-6.2.1.jar:6.2.1]
	at org.springframework.beans.factory.annotation.AutowiredAnnotationBeanPostProcessor.postProcessProperties(AutowiredAnnotationBeanPostProcessor.java:509) ~[spring-beans-6.2.1.jar:6.2.1]
	at org.springframework.beans.factory.support.AbstractAutowireCapableBeanFactory.populateBean(AbstractAutowireCapableBeanFactory.java:1441) ~[spring-beans-6.2.1.jar:6.2.1]
	at org.springframework.beans.factory.support.AbstractAutowireCapableBeanFactory.doCreateBean(AbstractAutowireCapableBeanFactory.java:600) ~[spring-beans-6.2.1.jar:6.2.1]
	at org.springframework.beans.factory.support.AbstractAutowireCapableBeanFactory.createBean(AbstractAutowireCapableBeanFactory.java:523) ~[spring-beans-6.2.1.jar:6.2.1]
	at org.springframework.beans.factory.support.AbstractBeanFactory.lambda$doGetBean$0(AbstractBeanFactory.java:336) ~[spring-beans-6.2.1.jar:6.2.1]
	at org.springframework.beans.factory.support.DefaultSingletonBeanRegistry.getSingleton(DefaultSingletonBeanRegistry.java:289) ~[spring-beans-6.2.1.jar:6.2.1]
	at org.springframework.beans.factory.support.AbstractBeanFactory.doGetBean(AbstractBeanFactory.java:334) ~[spring-beans-6.2.1.jar:6.2.1]
	at org.springframework.beans.factory.support.AbstractBeanFactory.getBean(AbstractBeanFactory.java:199) ~[spring-beans-6.2.1.jar:6.2.1]
	at org.springframework.beans.factory.support.DefaultListableBeanFactory.instantiateSingleton(DefaultListableBeanFactory.java:1122) ~[spring-beans-6.2.1.jar:6.2.1]
	at org.springframework.beans.factory.support.DefaultListableBeanFactory.preInstantiateSingleton(DefaultListableBeanFactory.java:1093) ~[spring-beans-6.2.1.jar:6.2.1]
	at org.springframework.beans.factory.support.DefaultListableBeanFactory.preInstantiateSingletons(DefaultListableBeanFactory.java:1030) ~[spring-beans-6.2.1.jar:6.2.1]
	at org.springframework.context.support.AbstractApplicationContext.finishBeanFactoryInitialization(AbstractApplicationContext.java:987) ~[spring-context-6.2.1.jar:6.2.1]
	at org.springframework.context.support.AbstractApplicationContext.refresh(AbstractApplicationContext.java:627) ~[spring-context-6.2.1.jar:6.2.1]
	at org.springframework.boot.SpringApplication.refresh(SpringApplication.java:752) ~[spring-boot-3.4.1.jar:3.4.1]
	at org.springframework.boot.SpringApplication.refreshContext(SpringApplication.java:439) ~[spring-boot-3.4.1.jar:3.4.1]
	at org.springframework.boot.SpringApplication.run(SpringApplication.java:318) ~[spring-boot-3.4.1.jar:3.4.1]
	at org.springframework.boot.test.context.SpringBootContextLoader.lambda$loadContext$3(SpringBootContextLoader.java:137) ~[spring-boot-test-3.4.1.jar:3.4.1]
	at org.springframework.util.function.ThrowingSupplier.get(ThrowingSupplier.java:58) ~[spring-core-6.2.1.jar:6.2.1]
	at org.springframework.util.function.ThrowingSupplier.get(ThrowingSupplier.java:46) ~[spring-core-6.2.1.jar:6.2.1]
	at org.springframework.boot.SpringApplication.withHook(SpringApplication.java:1461) ~[spring-boot-3.4.1.jar:3.4.1]
	at org.springframework.boot.test.context.SpringBootContextLoader$ContextLoaderHook.run(SpringBootContextLoader.java:553) ~[spring-boot-test-3.4.1.jar:3.4.1]
	at org.springframework.boot.test.context.SpringBootContextLoader.loadContext(SpringBootContextLoader.java:137) ~[spring-boot-test-3.4.1.jar:3.4.1]
	at org.springframework.boot.test.context.SpringBootContextLoader.loadContext(SpringBootContextLoader.java:108) ~[spring-boot-test-3.4.1.jar:3.4.1]
	at org.springframework.test.context.cache.DefaultCacheAwareContextLoaderDelegate.loadContextInternal(DefaultCacheAwareContextLoaderDelegate.java:225) ~[spring-test-6.2.1.jar:6.2.1]
	at org.springframework.test.context.cache.DefaultCacheAwareContextLoaderDelegate.loadContext(DefaultCacheAwareContextLoaderDelegate.java:152) ~[spring-test-6.2.1.jar:6.2.1]
	at org.springframework.test.context.support.DefaultTestContext.getApplicationContext(DefaultTestContext.java:130) ~[spring-test-6.2.1.jar:6.2.1]
	at org.springframework.test.context.web.ServletTestExecutionListener.setUpRequestContextIfNecessary(ServletTestExecutionListener.java:191) ~[spring-test-6.2.1.jar:6.2.1]
	at org.springframework.test.context.web.ServletTestExecutionListener.prepareTestInstance(ServletTestExecutionListener.java:130) ~[spring-test-6.2.1.jar:6.2.1]
	at org.springframework.test.context.TestContextManager.prepareTestInstance(TestContextManager.java:260) ~[spring-test-6.2.1.jar:6.2.1]
	at org.springframework.test.context.junit.jupiter.SpringExtension.postProcessTestInstance(SpringExtension.java:160) ~[spring-test-6.2.1.jar:6.2.1]
	at org.junit.jupiter.engine.descriptor.ClassBasedTestDescriptor.lambda$invokeTestInstancePostProcessors$11(ClassBasedTestDescriptor.java:378) ~[junit-jupiter-engine-5.11.4.jar:5.11.4]
	at org.junit.jupiter.engine.descriptor.ClassBasedTestDescriptor.executeAndMaskThrowable(ClassBasedTestDescriptor.java:383) ~[junit-jupiter-engine-5.11.4.jar:5.11.4]
	at org.junit.jupiter.engine.descriptor.ClassBasedTestDescriptor.lambda$invokeTestInstancePostProcessors$12(ClassBasedTestDescriptor.java:378) ~[junit-jupiter-engine-5.11.4.jar:5.11.4]
	at java.base/java.util.stream.ForEachOps$ForEachOp$OfRef.accept(ForEachOps.java:183) ~[na:na]
	at java.base/java.util.stream.ReferencePipeline$3$1.accept(ReferencePipeline.java:197) ~[na:na]
	at java.base/java.util.stream.ReferencePipeline$2$1.accept(ReferencePipeline.java:179) ~[na:na]
	at java.base/java.util.stream.ReferencePipeline$3$1.accept(ReferencePipeline.java:197) ~[na:na]
	at java.base/java.util.ArrayList$ArrayListSpliterator.forEachRemaining(ArrayList.java:1625) ~[na:na]
	at java.base/java.util.stream.AbstractPipeline.copyInto(AbstractPipeline.java:509) ~[na:na]
	at java.base/java.util.stream.AbstractPipeline.wrapAndCopyInto(AbstractPipeline.java:499) ~[na:na]
	at java.base/java.util.stream.ForEachOps$ForEachOp.evaluateSequential(ForEachOps.java:150) ~[na:na]
	at java.base/java.util.stream.ForEachOps$ForEachOp$OfRef.evaluateSequential(ForEachOps.java:173) ~[na:na]
	at java.base/java.util.stream.AbstractPipeline.evaluate(AbstractPipeline.java:234) ~[na:na]
	at java.base/java.util.stream.ReferencePipeline.forEach(ReferencePipeline.java:596) ~[na:na]
	at org.junit.jupiter.engine.descriptor.ClassBasedTestDescriptor.invokeTestInstancePostProcessors(ClassBasedTestDescriptor.java:377) ~[junit-jupiter-engine-5.11.4.jar:5.11.4]
	at org.junit.jupiter.engine.descriptor.ClassBasedTestDescriptor.lambda$instantiateAndPostProcessTestInstance$7(ClassBasedTestDescriptor.java:290) ~[junit-jupiter-engine-5.11.4.jar:5.11.4]
	at org.junit.platform.engine.support.hierarchical.ThrowableCollector.execute(ThrowableCollector.java:73) ~[junit-platform-engine-1.11.4.jar:1.11.4]
	at org.junit.jupiter.engine.descriptor.ClassBasedTestDescriptor.instantiateAndPostProcessTestInstance(ClassBasedTestDescriptor.java:289) ~[junit-jupiter-engine-5.11.4.jar:5.11.4]
	at org.junit.jupiter.engine.descriptor.ClassBasedTestDescriptor.lambda$testInstancesProvider$5(ClassBasedTestDescriptor.java:279) ~[junit-jupiter-engine-5.11.4.jar:5.11.4]
	at java.base/java.util.Optional.orElseGet(Optional.java:364) ~[na:na]
	at org.junit.jupiter.engine.descriptor.ClassBasedTestDescriptor.lambda$testInstancesProvider$6(ClassBasedTestDescriptor.java:278) ~[junit-jupiter-engine-5.11.4.jar:5.11.4]
	at org.junit.jupiter.engine.execution.TestInstancesProvider.getTestInstances(TestInstancesProvider.java:31) ~[junit-jupiter-engine-5.11.4.jar:5.11.4]
	at org.junit.jupiter.engine.descriptor.TestMethodTestDescriptor.lambda$prepare$1(TestMethodTestDescriptor.java:105) ~[junit-jupiter-engine-5.11.4.jar:5.11.4]
	at org.junit.platform.engine.support.hierarchical.ThrowableCollector.execute(ThrowableCollector.java:73) ~[junit-platform-engine-1.11.4.jar:1.11.4]
	at org.junit.jupiter.engine.descriptor.TestMethodTestDescriptor.prepare(TestMethodTestDescriptor.java:104) ~[junit-jupiter-engine-5.11.4.jar:5.11.4]
	at org.junit.jupiter.engine.descriptor.TestMethodTestDescriptor.prepare(TestMethodTestDescriptor.java:68) ~[junit-jupiter-engine-5.11.4.jar:5.11.4]
	at org.junit.platform.engine.support.hierarchical.NodeTestTask.lambda$prepare$2(NodeTestTask.java:128) ~[junit-platform-engine-1.11.4.jar:1.11.4]
	at org.junit.platform.engine.support.hierarchical.ThrowableCollector.execute(ThrowableCollector.java:73) ~[junit-platform-engine-1.11.4.jar:1.11.4]
	at org.junit.platform.engine.support.hierarchical.NodeTestTask.prepare(NodeTestTask.java:128) ~[junit-platform-engine-1.11.4.jar:1.11.4]
	at org.junit.platform.engine.support.hierarchical.NodeTestTask.execute(NodeTestTask.java:95) ~[junit-platform-engine-1.11.4.jar:1.11.4]
	at java.base/java.util.ArrayList.forEach(ArrayList.java:1511) ~[na:na]
	at org.junit.platform.engine.support.hierarchical.SameThreadHierarchicalTestExecutorService.invokeAll(SameThreadHierarchicalTestExecutorService.java:41) ~[junit-platform-engine-1.11.4.jar:1.11.4]
	at org.junit.platform.engine.support.hierarchical.NodeTestTask.lambda$executeRecursively$6(NodeTestTask.java:160) ~[junit-platform-engine-1.11.4.jar:1.11.4]
	at org.junit.platform.engine.support.hierarchical.ThrowableCollector.execute(ThrowableCollector.java:73) ~[junit-platform-engine-1.11.4.jar:1.11.4]
	at org.junit.platform.engine.support.hierarchical.NodeTestTask.lambda$executeRecursively$8(NodeTestTask.java:146) ~[junit-platform-engine-1.11.4.jar:1.11.4]
	at org.junit.platform.engine.support.hierarchical.Node.around(Node.java:137) ~[junit-platform-engine-1.11.4.jar:1.11.4]
	at org.junit.platform.engine.support.hierarchical.NodeTestTask.lambda$executeRecursively$9(NodeTestTask.java:144) ~[junit-platform-engine-1.11.4.jar:1.11.4]
	at org.junit.platform.engine.support.hierarchical.ThrowableCollector.execute(ThrowableCollector.java:73) ~[junit-platform-engine-1.11.4.jar:1.11.4]
	at org.junit.platform.engine.support.hierarchical.NodeTestTask.executeRecursively(NodeTestTask.java:143) ~[junit-platform-engine-1.11.4.jar:1.11.4]
	at org.junit.platform.engine.support.hierarchical.NodeTestTask.execute(NodeTestTask.java:100) ~[junit-platform-engine-1.11.4.jar:1.11.4]
	at java.base/java.util.ArrayList.forEach(ArrayList.java:1511) ~[na:na]
	at org.junit.platform.engine.support.hierarchical.SameThreadHierarchicalTestExecutorService.invokeAll(SameThreadHierarchicalTestExecutorService.java:41) ~[junit-platform-engine-1.11.4.jar:1.11.4]
	at org.junit.platform.engine.support.hierarchical.NodeTestTask.lambda$executeRecursively$6(NodeTestTask.java:160) ~[junit-platform-engine-1.11.4.jar:1.11.4]
	at org.junit.platform.engine.support.hierarchical.ThrowableCollector.execute(ThrowableCollector.java:73) ~[junit-platform-engine-1.11.4.jar:1.11.4]
	at org.junit.platform.engine.support.hierarchical.NodeTestTask.lambda$executeRecursively$8(NodeTestTask.java:146) ~[junit-platform-engine-1.11.4.jar:1.11.4]
	at org.junit.platform.engine.support.hierarchical.Node.around(Node.java:137) ~[junit-platform-engine-1.11.4.jar:1.11.4]
	at org.junit.platform.engine.support.hierarchical.NodeTestTask.lambda$executeRecursively$9(NodeTestTask.java:144) ~[junit-platform-engine-1.11.4.jar:1.11.4]
	at org.junit.platform.engine.support.hierarchical.ThrowableCollector.execute(ThrowableCollector.java:73) ~[junit-platform-engine-1.11.4.jar:1.11.4]
	at org.junit.platform.engine.support.hierarchical.NodeTestTask.executeRecursively(NodeTestTask.java:143) ~[junit-platform-engine-1.11.4.jar:1.11.4]
	at org.junit.platform.engine.support.hierarchical.NodeTestTask.execute(NodeTestTask.java:100) ~[junit-platform-engine-1.11.4.jar:1.11.4]
	at org.junit.platform.engine.support.hierarchical.SameThreadHierarchicalTestExecutorService.submit(SameThreadHierarchicalTestExecutorService.java:35) ~[junit-platform-engine-1.11.4.jar:1.11.4]
	at org.junit.platform.engine.support.hierarchical.HierarchicalTestExecutor.execute(HierarchicalTestExecutor.java:57) ~[junit-platform-engine-1.11.4.jar:1.11.4]
	at org.junit.platform.engine.support.hierarchical.HierarchicalTestEngine.execute(HierarchicalTestEngine.java:54) ~[junit-platform-engine-1.11.4.jar:1.11.4]
	at org.junit.platform.launcher.core.EngineExecutionOrchestrator.execute(EngineExecutionOrchestrator.java:198) ~[junit-platform-launcher-1.11.4.jar:1.11.4]
	at org.junit.platform.launcher.core.EngineExecutionOrchestrator.execute(EngineExecutionOrchestrator.java:169) ~[junit-platform-launcher-1.11.4.jar:1.11.4]
	at org.junit.platform.launcher.core.EngineExecutionOrchestrator.execute(EngineExecutionOrchestrator.java:93) ~[junit-platform-launcher-1.11.4.jar:1.11.4]
	at org.junit.platform.launcher.core.EngineExecutionOrchestrator.lambda$execute$0(EngineExecutionOrchestrator.java:58) ~[junit-platform-launcher-1.11.4.jar:1.11.4]
	at org.junit.platform.launcher.core.EngineExecutionOrchestrator.withInterceptedStreams(EngineExecutionOrchestrator.java:141) ~[junit-platform-launcher-1.11.4.jar:1.11.4]
	at org.junit.platform.launcher.core.EngineExecutionOrchestrator.execute(EngineExecutionOrchestrator.java:57) ~[junit-platform-launcher-1.11.4.jar:1.11.4]
	at org.junit.platform.launcher.core.DefaultLauncher.execute(DefaultLauncher.java:103) ~[junit-platform-launcher-1.11.4.jar:1.11.4]
	at org.junit.platform.launcher.core.DefaultLauncher.execute(DefaultLauncher.java:85) ~[junit-platform-launcher-1.11.4.jar:1.11.4]
	at org.junit.platform.launcher.core.DelegatingLauncher.execute(DelegatingLauncher.java:47) ~[junit-platform-launcher-1.11.4.jar:1.11.4]
	at org.apache.maven.surefire.junitplatform.LazyLauncher.execute(LazyLauncher.java:56) ~[surefire-junit-platform-3.5.2.jar:3.5.2]
	at org.apache.maven.surefire.junitplatform.JUnitPlatformProvider.execute(JUnitPlatformProvider.java:184) ~[surefire-junit-platform-3.5.2.jar:3.5.2]
	at org.apache.maven.surefire.junitplatform.JUnitPlatformProvider.invokeAllTests(JUnitPlatformProvider.java:148) ~[surefire-junit-platform-3.5.2.jar:3.5.2]
	at org.apache.maven.surefire.junitplatform.JUnitPlatformProvider.invoke(JUnitPlatformProvider.java:122) ~[surefire-junit-platform-3.5.2.jar:3.5.2]
	at org.apache.maven.surefire.booter.ForkedBooter.runSuitesInProcess(ForkedBooter.java:385) ~[surefire-booter-3.5.2.jar:3.5.2]
	at org.apache.maven.surefire.booter.ForkedBooter.execute(ForkedBooter.java:162) ~[surefire-booter-3.5.2.jar:3.5.2]
	at org.apache.maven.surefire.booter.ForkedBooter.run(ForkedBooter.java:507) ~[surefire-booter-3.5.2.jar:3.5.2]
	at org.apache.maven.surefire.booter.ForkedBooter.main(ForkedBooter.java:495) ~[surefire-booter-3.5.2.jar:3.5.2]

2025-08-06T20:46:04.186+05:30 DEBUG 45196 --- [auction_application] [           main] o.s.d.jpa.repository.query.NamedQuery    : Did not find named query AuctionListing.findByAuctionStatus
2025-08-06T20:46:04.196+05:30 DEBUG 45196 --- [auction_application] [           main] tor$SharedEntityManagerInvocationHandler : Creating new EntityManager for shared EntityManager invocation
2025-08-06T20:46:04.232+05:30 DEBUG 45196 --- [auction_application] [           main] o.s.d.jpa.repository.query.NamedQuery    : Looking up named query 'AuctionListing.findByCategory'
2025-08-06T20:46:04.233+05:30 DEBUG 45196 --- [auction_application] [           main] cResourceLocalTransactionCoordinatorImpl : JDBC transaction marked for rollback-only (exception provided for stack trace)

java.lang.Exception: exception just for purpose of providing stack trace
	at org.hibernate.resource.transaction.backend.jdbc.internal.JdbcResourceLocalTransactionCoordinatorImpl$TransactionDriverControlImpl.markRollbackOnly(JdbcResourceLocalTransactionCoordinatorImpl.java:309) ~[hibernate-core-6.6.4.Final.jar:6.6.4.Final]
	at org.hibernate.internal.AbstractSharedSessionContract.buildNamedQuery(AbstractSharedSessionContract.java:1141) ~[hibernate-core-6.6.4.Final.jar:6.6.4.Final]
	at org.hibernate.internal.AbstractSharedSessionContract.createNamedQuery(AbstractSharedSessionContract.java:1019) ~[hibernate-core-6.6.4.Final.jar:6.6.4.Final]
	at org.hibernate.internal.AbstractSharedSessionContract.createNamedQuery(AbstractSharedSessionContract.java:143) ~[hibernate-core-6.6.4.Final.jar:6.6.4.Final]
	at java.base/jdk.internal.reflect.NativeMethodAccessorImpl.invoke0(Native Method) ~[na:na]
	at java.base/jdk.internal.reflect.NativeMethodAccessorImpl.invoke(NativeMethodAccessorImpl.java:77) ~[na:na]
	at java.base/jdk.internal.reflect.DelegatingMethodAccessorImpl.invoke(DelegatingMethodAccessorImpl.java:43) ~[na:na]
	at java.base/java.lang.reflect.Method.invoke(Method.java:568) ~[na:na]
	at org.springframework.orm.jpa.ExtendedEntityManagerCreator$ExtendedEntityManagerInvocationHandler.invoke(ExtendedEntityManagerCreator.java:364) ~[spring-orm-6.2.1.jar:6.2.1]
	at jdk.proxy2/jdk.proxy2.$Proxy131.createNamedQuery(Unknown Source) ~[na:na]
	at org.springframework.data.jpa.repository.query.NamedQuery.hasNamedQuery(NamedQuery.java:114) ~[spring-data-jpa-3.4.1.jar:3.4.1]
	at org.springframework.data.jpa.repository.query.NamedQuery.lookupFrom(NamedQuery.java:140) ~[spring-data-jpa-3.4.1.jar:3.4.1]
	at org.springframework.data.jpa.repository.query.JpaQueryLookupStrategy$DeclaredQueryLookupStrategy.resolveQuery(JpaQueryLookupStrategy.java:184) ~[spring-data-jpa-3.4.1.jar:3.4.1]
	at org.springframework.data.jpa.repository.query.JpaQueryLookupStrategy$CreateIfNotFoundQueryLookupStrategy.resolveQuery(JpaQueryLookupStrategy.java:256) ~[spring-data-jpa-3.4.1.jar:3.4.1]
	at org.springframework.data.jpa.repository.query.JpaQueryLookupStrategy$AbstractQueryLookupStrategy.resolveQuery(JpaQueryLookupStrategy.java:99) ~[spring-data-jpa-3.4.1.jar:3.4.1]
	at org.springframework.data.repository.core.support.QueryExecutorMethodInterceptor.lookupQuery(QueryExecutorMethodInterceptor.java:116) ~[spring-data-commons-3.4.1.jar:3.4.1]
	at org.springframework.data.repository.core.support.QueryExecutorMethodInterceptor.mapMethodsToQuery(QueryExecutorMethodInterceptor.java:104) ~[spring-data-commons-3.4.1.jar:3.4.1]
	at org.springframework.data.repository.core.support.QueryExecutorMethodInterceptor.lambda$new$0(QueryExecutorMethodInterceptor.java:92) ~[spring-data-commons-3.4.1.jar:3.4.1]
	at java.base/java.util.Optional.map(Optional.java:260) ~[na:na]
	at org.springframework.data.repository.core.support.QueryExecutorMethodInterceptor.<init>(QueryExecutorMethodInterceptor.java:92) ~[spring-data-commons-3.4.1.jar:3.4.1]
	at org.springframework.data.repository.core.support.RepositoryFactorySupport.getRepository(RepositoryFactorySupport.java:440) ~[spring-data-commons-3.4.1.jar:3.4.1]
	at org.springframework.data.repository.core.support.RepositoryFactoryBeanSupport.lambda$afterPropertiesSet$4(RepositoryFactoryBeanSupport.java:350) ~[spring-data-commons-3.4.1.jar:3.4.1]
	at org.springframework.data.util.Lazy.getNullable(Lazy.java:135) ~[spring-data-commons-3.4.1.jar:3.4.1]
	at org.springframework.data.util.Lazy.get(Lazy.java:113) ~[spring-data-commons-3.4.1.jar:3.4.1]
	at org.springframework.data.repository.core.support.RepositoryFactoryBeanSupport.afterPropertiesSet(RepositoryFactoryBeanSupport.java:356) ~[spring-data-commons-3.4.1.jar:3.4.1]
	at org.springframework.data.jpa.repository.support.JpaRepositoryFactoryBean.afterPropertiesSet(JpaRepositoryFactoryBean.java:132) ~[spring-data-jpa-3.4.1.jar:3.4.1]
	at org.springframework.beans.factory.support.AbstractAutowireCapableBeanFactory.invokeInitMethods(AbstractAutowireCapableBeanFactory.java:1855) ~[spring-beans-6.2.1.jar:6.2.1]
	at org.springframework.beans.factory.support.AbstractAutowireCapableBeanFactory.initializeBean(AbstractAutowireCapableBeanFactory.java:1804) ~[spring-beans-6.2.1.jar:6.2.1]
	at org.springframework.beans.factory.support.AbstractAutowireCapableBeanFactory.doCreateBean(AbstractAutowireCapableBeanFactory.java:601) ~[spring-beans-6.2.1.jar:6.2.1]
	at org.springframework.beans.factory.support.AbstractAutowireCapableBeanFactory.createBean(AbstractAutowireCapableBeanFactory.java:523) ~[spring-beans-6.2.1.jar:6.2.1]
	at org.springframework.beans.factory.support.AbstractBeanFactory.lambda$doGetBean$0(AbstractBeanFactory.java:336) ~[spring-beans-6.2.1.jar:6.2.1]
	at org.springframework.beans.factory.support.DefaultSingletonBeanRegistry.getSingleton(DefaultSingletonBeanRegistry.java:289) ~[spring-beans-6.2.1.jar:6.2.1]
	at org.springframework.beans.factory.support.AbstractBeanFactory.doGetBean(AbstractBeanFactory.java:334) ~[spring-beans-6.2.1.jar:6.2.1]
	at org.springframework.beans.factory.support.AbstractBeanFactory.getBean(AbstractBeanFactory.java:199) ~[spring-beans-6.2.1.jar:6.2.1]
	at org.springframework.beans.factory.support.DefaultListableBeanFactory.doResolveDependency(DefaultListableBeanFactory.java:1573) ~[spring-beans-6.2.1.jar:6.2.1]
	at org.springframework.beans.factory.support.DefaultListableBeanFactory.resolveDependency(DefaultListableBeanFactory.java:1519) ~[spring-beans-6.2.1.jar:6.2.1]
	at org.springframework.beans.factory.annotation.AutowiredAnnotationBeanPostProcessor$AutowiredFieldElement.resolveFieldValue(AutowiredAnnotationBeanPostProcessor.java:785) ~[spring-beans-6.2.1.jar:6.2.1]
	at org.springframework.beans.factory.annotation.AutowiredAnnotationBeanPostProcessor$AutowiredFieldElement.inject(AutowiredAnnotationBeanPostProcessor.java:768) ~[spring-beans-6.2.1.jar:6.2.1]
	at org.springframework.beans.factory.annotation.InjectionMetadata.inject(InjectionMetadata.java:146) ~[spring-beans-6.2.1.jar:6.2.1]
	at org.springframework.beans.factory.annotation.AutowiredAnnotationBeanPostProcessor.postProcessProperties(AutowiredAnnotationBeanPostProcessor.java:509) ~[spring-beans-6.2.1.jar:6.2.1]
	at org.springframework.beans.factory.support.AbstractAutowireCapableBeanFactory.populateBean(AbstractAutowireCapableBeanFactory.java:1441) ~[spring-beans-6.2.1.jar:6.2.1]
	at org.springframework.beans.factory.support.AbstractAutowireCapableBeanFactory.doCreateBean(AbstractAutowireCapableBeanFactory.java:600) ~[spring-beans-6.2.1.jar:6.2.1]
	at org.springframework.beans.factory.support.AbstractAutowireCapableBeanFactory.createBean(AbstractAutowireCapableBeanFactory.java:523) ~[spring-beans-6.2.1.jar:6.2.1]
	at org.springframework.beans.factory.support.AbstractBeanFactory.lambda$doGetBean$0(AbstractBeanFactory.java:336) ~[spring-beans-6.2.1.jar:6.2.1]
	at org.springframework.beans.factory.support.DefaultSingletonBeanRegistry.getSingleton(DefaultSingletonBeanRegistry.java:289) ~[spring-beans-6.2.1.jar:6.2.1]
	at org.springframework.beans.factory.support.AbstractBeanFactory.doGetBean(AbstractBeanFactory.java:334) ~[spring-beans-6.2.1.jar:6.2.1]
	at org.springframework.beans.factory.support.AbstractBeanFactory.getBean(AbstractBeanFactory.java:199) ~[spring-beans-6.2.1.jar:6.2.1]
	at org.springframework.beans.factory.support.DefaultListableBeanFactory.doResolveDependency(DefaultListableBeanFactory.java:1573) ~[spring-beans-6.2.1.jar:6.2.1]
	at org.springframework.beans.factory.support.DefaultListableBeanFactory.resolveDependency(DefaultListableBeanFactory.java:1519) ~[spring-beans-6.2.1.jar:6.2.1]
	at org.springframework.beans.factory.annotation.AutowiredAnnotationBeanPostProcessor$AutowiredFieldElement.resolveFieldValue(AutowiredAnnotationBeanPostProcessor.java:785) ~[spring-beans-6.2.1.jar:6.2.1]
	at org.springframework.beans.factory.annotation.AutowiredAnnotationBeanPostProcessor$AutowiredFieldElement.inject(AutowiredAnnotationBeanPostProcessor.java:768) ~[spring-beans-6.2.1.jar:6.2.1]
	at org.springframework.beans.factory.annotation.InjectionMetadata.inject(InjectionMetadata.java:146) ~[spring-beans-6.2.1.jar:6.2.1]
	at org.springframework.beans.factory.annotation.AutowiredAnnotationBeanPostProcessor.postProcessProperties(AutowiredAnnotationBeanPostProcessor.java:509) ~[spring-beans-6.2.1.jar:6.2.1]
	at org.springframework.beans.factory.support.AbstractAutowireCapableBeanFactory.populateBean(AbstractAutowireCapableBeanFactory.java:1441) ~[spring-beans-6.2.1.jar:6.2.1]
	at org.springframework.beans.factory.support.AbstractAutowireCapableBeanFactory.doCreateBean(AbstractAutowireCapableBeanFactory.java:600) ~[spring-beans-6.2.1.jar:6.2.1]
	at org.springframework.beans.factory.support.AbstractAutowireCapableBeanFactory.createBean(AbstractAutowireCapableBeanFactory.java:523) ~[spring-beans-6.2.1.jar:6.2.1]
	at org.springframework.beans.factory.support.AbstractBeanFactory.lambda$doGetBean$0(AbstractBeanFactory.java:336) ~[spring-beans-6.2.1.jar:6.2.1]
	at org.springframework.beans.factory.support.DefaultSingletonBeanRegistry.getSingleton(DefaultSingletonBeanRegistry.java:289) ~[spring-beans-6.2.1.jar:6.2.1]
	at org.springframework.beans.factory.support.AbstractBeanFactory.doGetBean(AbstractBeanFactory.java:334) ~[spring-beans-6.2.1.jar:6.2.1]
	at org.springframework.beans.factory.support.AbstractBeanFactory.getBean(AbstractBeanFactory.java:199) ~[spring-beans-6.2.1.jar:6.2.1]
	at org.springframework.beans.factory.support.DefaultListableBeanFactory.instantiateSingleton(DefaultListableBeanFactory.java:1122) ~[spring-beans-6.2.1.jar:6.2.1]
	at org.springframework.beans.factory.support.DefaultListableBeanFactory.preInstantiateSingleton(DefaultListableBeanFactory.java:1093) ~[spring-beans-6.2.1.jar:6.2.1]
	at org.springframework.beans.factory.support.DefaultListableBeanFactory.preInstantiateSingletons(DefaultListableBeanFactory.java:1030) ~[spring-beans-6.2.1.jar:6.2.1]
	at org.springframework.context.support.AbstractApplicationContext.finishBeanFactoryInitialization(AbstractApplicationContext.java:987) ~[spring-context-6.2.1.jar:6.2.1]
	at org.springframework.context.support.AbstractApplicationContext.refresh(AbstractApplicationContext.java:627) ~[spring-context-6.2.1.jar:6.2.1]
	at org.springframework.boot.SpringApplication.refresh(SpringApplication.java:752) ~[spring-boot-3.4.1.jar:3.4.1]
	at org.springframework.boot.SpringApplication.refreshContext(SpringApplication.java:439) ~[spring-boot-3.4.1.jar:3.4.1]
	at org.springframework.boot.SpringApplication.run(SpringApplication.java:318) ~[spring-boot-3.4.1.jar:3.4.1]
	at org.springframework.boot.test.context.SpringBootContextLoader.lambda$loadContext$3(SpringBootContextLoader.java:137) ~[spring-boot-test-3.4.1.jar:3.4.1]
	at org.springframework.util.function.ThrowingSupplier.get(ThrowingSupplier.java:58) ~[spring-core-6.2.1.jar:6.2.1]
	at org.springframework.util.function.ThrowingSupplier.get(ThrowingSupplier.java:46) ~[spring-core-6.2.1.jar:6.2.1]
	at org.springframework.boot.SpringApplication.withHook(SpringApplication.java:1461) ~[spring-boot-3.4.1.jar:3.4.1]
	at org.springframework.boot.test.context.SpringBootContextLoader$ContextLoaderHook.run(SpringBootContextLoader.java:553) ~[spring-boot-test-3.4.1.jar:3.4.1]
	at org.springframework.boot.test.context.SpringBootContextLoader.loadContext(SpringBootContextLoader.java:137) ~[spring-boot-test-3.4.1.jar:3.4.1]
	at org.springframework.boot.test.context.SpringBootContextLoader.loadContext(SpringBootContextLoader.java:108) ~[spring-boot-test-3.4.1.jar:3.4.1]
	at org.springframework.test.context.cache.DefaultCacheAwareContextLoaderDelegate.loadContextInternal(DefaultCacheAwareContextLoaderDelegate.java:225) ~[spring-test-6.2.1.jar:6.2.1]
	at org.springframework.test.context.cache.DefaultCacheAwareContextLoaderDelegate.loadContext(DefaultCacheAwareContextLoaderDelegate.java:152) ~[spring-test-6.2.1.jar:6.2.1]
	at org.springframework.test.context.support.DefaultTestContext.getApplicationContext(DefaultTestContext.java:130) ~[spring-test-6.2.1.jar:6.2.1]
	at org.springframework.test.context.web.ServletTestExecutionListener.setUpRequestContextIfNecessary(ServletTestExecutionListener.java:191) ~[spring-test-6.2.1.jar:6.2.1]
	at org.springframework.test.context.web.ServletTestExecutionListener.prepareTestInstance(ServletTestExecutionListener.java:130) ~[spring-test-6.2.1.jar:6.2.1]
	at org.springframework.test.context.TestContextManager.prepareTestInstance(TestContextManager.java:260) ~[spring-test-6.2.1.jar:6.2.1]
	at org.springframework.test.context.junit.jupiter.SpringExtension.postProcessTestInstance(SpringExtension.java:160) ~[spring-test-6.2.1.jar:6.2.1]
	at org.junit.jupiter.engine.descriptor.ClassBasedTestDescriptor.lambda$invokeTestInstancePostProcessors$11(ClassBasedTestDescriptor.java:378) ~[junit-jupiter-engine-5.11.4.jar:5.11.4]
	at org.junit.jupiter.engine.descriptor.ClassBasedTestDescriptor.executeAndMaskThrowable(ClassBasedTestDescriptor.java:383) ~[junit-jupiter-engine-5.11.4.jar:5.11.4]
	at org.junit.jupiter.engine.descriptor.ClassBasedTestDescriptor.lambda$invokeTestInstancePostProcessors$12(ClassBasedTestDescriptor.java:378) ~[junit-jupiter-engine-5.11.4.jar:5.11.4]
	at java.base/java.util.stream.ForEachOps$ForEachOp$OfRef.accept(ForEachOps.java:183) ~[na:na]
	at java.base/java.util.stream.ReferencePipeline$3$1.accept(ReferencePipeline.java:197) ~[na:na]
	at java.base/java.util.stream.ReferencePipeline$2$1.accept(ReferencePipeline.java:179) ~[na:na]
	at java.base/java.util.stream.ReferencePipeline$3$1.accept(ReferencePipeline.java:197) ~[na:na]
	at java.base/java.util.ArrayList$ArrayListSpliterator.forEachRemaining(ArrayList.java:1625) ~[na:na]
	at java.base/java.util.stream.AbstractPipeline.copyInto(AbstractPipeline.java:509) ~[na:na]
	at java.base/java.util.stream.AbstractPipeline.wrapAndCopyInto(AbstractPipeline.java:499) ~[na:na]
	at java.base/java.util.stream.ForEachOps$ForEachOp.evaluateSequential(ForEachOps.java:150) ~[na:na]
	at java.base/java.util.stream.ForEachOps$ForEachOp$OfRef.evaluateSequential(ForEachOps.java:173) ~[na:na]
	at java.base/java.util.stream.AbstractPipeline.evaluate(AbstractPipeline.java:234) ~[na:na]
	at java.base/java.util.stream.ReferencePipeline.forEach(ReferencePipeline.java:596) ~[na:na]
	at org.junit.jupiter.engine.descriptor.ClassBasedTestDescriptor.invokeTestInstancePostProcessors(ClassBasedTestDescriptor.java:377) ~[junit-jupiter-engine-5.11.4.jar:5.11.4]
	at org.junit.jupiter.engine.descriptor.ClassBasedTestDescriptor.lambda$instantiateAndPostProcessTestInstance$7(ClassBasedTestDescriptor.java:290) ~[junit-jupiter-engine-5.11.4.jar:5.11.4]
	at org.junit.platform.engine.support.hierarchical.ThrowableCollector.execute(ThrowableCollector.java:73) ~[junit-platform-engine-1.11.4.jar:1.11.4]
	at org.junit.jupiter.engine.descriptor.ClassBasedTestDescriptor.instantiateAndPostProcessTestInstance(ClassBasedTestDescriptor.java:289) ~[junit-jupiter-engine-5.11.4.jar:5.11.4]
	at org.junit.jupiter.engine.descriptor.ClassBasedTestDescriptor.lambda$testInstancesProvider$5(ClassBasedTestDescriptor.java:279) ~[junit-jupiter-engine-5.11.4.jar:5.11.4]
	at java.base/java.util.Optional.orElseGet(Optional.java:364) ~[na:na]
	at org.junit.jupiter.engine.descriptor.ClassBasedTestDescriptor.lambda$testInstancesProvider$6(ClassBasedTestDescriptor.java:278) ~[junit-jupiter-engine-5.11.4.jar:5.11.4]
	at org.junit.jupiter.engine.execution.TestInstancesProvider.getTestInstances(TestInstancesProvider.java:31) ~[junit-jupiter-engine-5.11.4.jar:5.11.4]
	at org.junit.jupiter.engine.descriptor.TestMethodTestDescriptor.lambda$prepare$1(TestMethodTestDescriptor.java:105) ~[junit-jupiter-engine-5.11.4.jar:5.11.4]
	at org.junit.platform.engine.support.hierarchical.ThrowableCollector.execute(ThrowableCollector.java:73) ~[junit-platform-engine-1.11.4.jar:1.11.4]
	at org.junit.jupiter.engine.descriptor.TestMethodTestDescriptor.prepare(TestMethodTestDescriptor.java:104) ~[junit-jupiter-engine-5.11.4.jar:5.11.4]
	at org.junit.jupiter.engine.descriptor.TestMethodTestDescriptor.prepare(TestMethodTestDescriptor.java:68) ~[junit-jupiter-engine-5.11.4.jar:5.11.4]
	at org.junit.platform.engine.support.hierarchical.NodeTestTask.lambda$prepare$2(NodeTestTask.java:128) ~[junit-platform-engine-1.11.4.jar:1.11.4]
	at org.junit.platform.engine.support.hierarchical.ThrowableCollector.execute(ThrowableCollector.java:73) ~[junit-platform-engine-1.11.4.jar:1.11.4]
	at org.junit.platform.engine.support.hierarchical.NodeTestTask.prepare(NodeTestTask.java:128) ~[junit-platform-engine-1.11.4.jar:1.11.4]
	at org.junit.platform.engine.support.hierarchical.NodeTestTask.execute(NodeTestTask.java:95) ~[junit-platform-engine-1.11.4.jar:1.11.4]
	at java.base/java.util.ArrayList.forEach(ArrayList.java:1511) ~[na:na]
	at org.junit.platform.engine.support.hierarchical.SameThreadHierarchicalTestExecutorService.invokeAll(SameThreadHierarchicalTestExecutorService.java:41) ~[junit-platform-engine-1.11.4.jar:1.11.4]
	at org.junit.platform.engine.support.hierarchical.NodeTestTask.lambda$executeRecursively$6(NodeTestTask.java:160) ~[junit-platform-engine-1.11.4.jar:1.11.4]
	at org.junit.platform.engine.support.hierarchical.ThrowableCollector.execute(ThrowableCollector.java:73) ~[junit-platform-engine-1.11.4.jar:1.11.4]
	at org.junit.platform.engine.support.hierarchical.NodeTestTask.lambda$executeRecursively$8(NodeTestTask.java:146) ~[junit-platform-engine-1.11.4.jar:1.11.4]
	at org.junit.platform.engine.support.hierarchical.Node.around(Node.java:137) ~[junit-platform-engine-1.11.4.jar:1.11.4]
	at org.junit.platform.engine.support.hierarchical.NodeTestTask.lambda$executeRecursively$9(NodeTestTask.java:144) ~[junit-platform-engine-1.11.4.jar:1.11.4]
	at org.junit.platform.engine.support.hierarchical.ThrowableCollector.execute(ThrowableCollector.java:73) ~[junit-platform-engine-1.11.4.jar:1.11.4]
	at org.junit.platform.engine.support.hierarchical.NodeTestTask.executeRecursively(NodeTestTask.java:143) ~[junit-platform-engine-1.11.4.jar:1.11.4]
	at org.junit.platform.engine.support.hierarchical.NodeTestTask.execute(NodeTestTask.java:100) ~[junit-platform-engine-1.11.4.jar:1.11.4]
	at java.base/java.util.ArrayList.forEach(ArrayList.java:1511) ~[na:na]
	at org.junit.platform.engine.support.hierarchical.SameThreadHierarchicalTestExecutorService.invokeAll(SameThreadHierarchicalTestExecutorService.java:41) ~[junit-platform-engine-1.11.4.jar:1.11.4]
	at org.junit.platform.engine.support.hierarchical.NodeTestTask.lambda$executeRecursively$6(NodeTestTask.java:160) ~[junit-platform-engine-1.11.4.jar:1.11.4]
	at org.junit.platform.engine.support.hierarchical.ThrowableCollector.execute(ThrowableCollector.java:73) ~[junit-platform-engine-1.11.4.jar:1.11.4]
	at org.junit.platform.engine.support.hierarchical.NodeTestTask.lambda$executeRecursively$8(NodeTestTask.java:146) ~[junit-platform-engine-1.11.4.jar:1.11.4]
	at org.junit.platform.engine.support.hierarchical.Node.around(Node.java:137) ~[junit-platform-engine-1.11.4.jar:1.11.4]
	at org.junit.platform.engine.support.hierarchical.NodeTestTask.lambda$executeRecursively$9(NodeTestTask.java:144) ~[junit-platform-engine-1.11.4.jar:1.11.4]
	at org.junit.platform.engine.support.hierarchical.ThrowableCollector.execute(ThrowableCollector.java:73) ~[junit-platform-engine-1.11.4.jar:1.11.4]
	at org.junit.platform.engine.support.hierarchical.NodeTestTask.executeRecursively(NodeTestTask.java:143) ~[junit-platform-engine-1.11.4.jar:1.11.4]
	at org.junit.platform.engine.support.hierarchical.NodeTestTask.execute(NodeTestTask.java:100) ~[junit-platform-engine-1.11.4.jar:1.11.4]
	at org.junit.platform.engine.support.hierarchical.SameThreadHierarchicalTestExecutorService.submit(SameThreadHierarchicalTestExecutorService.java:35) ~[junit-platform-engine-1.11.4.jar:1.11.4]
	at org.junit.platform.engine.support.hierarchical.HierarchicalTestExecutor.execute(HierarchicalTestExecutor.java:57) ~[junit-platform-engine-1.11.4.jar:1.11.4]
	at org.junit.platform.engine.support.hierarchical.HierarchicalTestEngine.execute(HierarchicalTestEngine.java:54) ~[junit-platform-engine-1.11.4.jar:1.11.4]
	at org.junit.platform.launcher.core.EngineExecutionOrchestrator.execute(EngineExecutionOrchestrator.java:198) ~[junit-platform-launcher-1.11.4.jar:1.11.4]
	at org.junit.platform.launcher.core.EngineExecutionOrchestrator.execute(EngineExecutionOrchestrator.java:169) ~[junit-platform-launcher-1.11.4.jar:1.11.4]
	at org.junit.platform.launcher.core.EngineExecutionOrchestrator.execute(EngineExecutionOrchestrator.java:93) ~[junit-platform-launcher-1.11.4.jar:1.11.4]
	at org.junit.platform.launcher.core.EngineExecutionOrchestrator.lambda$execute$0(EngineExecutionOrchestrator.java:58) ~[junit-platform-launcher-1.11.4.jar:1.11.4]
	at org.junit.platform.launcher.core.EngineExecutionOrchestrator.withInterceptedStreams(EngineExecutionOrchestrator.java:141) ~[junit-platform-launcher-1.11.4.jar:1.11.4]
	at org.junit.platform.launcher.core.EngineExecutionOrchestrator.execute(EngineExecutionOrchestrator.java:57) ~[junit-platform-launcher-1.11.4.jar:1.11.4]
	at org.junit.platform.launcher.core.DefaultLauncher.execute(DefaultLauncher.java:103) ~[junit-platform-launcher-1.11.4.jar:1.11.4]
	at org.junit.platform.launcher.core.DefaultLauncher.execute(DefaultLauncher.java:85) ~[junit-platform-launcher-1.11.4.jar:1.11.4]
	at org.junit.platform.launcher.core.DelegatingLauncher.execute(DelegatingLauncher.java:47) ~[junit-platform-launcher-1.11.4.jar:1.11.4]
	at org.apache.maven.surefire.junitplatform.LazyLauncher.execute(LazyLauncher.java:56) ~[surefire-junit-platform-3.5.2.jar:3.5.2]
	at org.apache.maven.surefire.junitplatform.JUnitPlatformProvider.execute(JUnitPlatformProvider.java:184) ~[surefire-junit-platform-3.5.2.jar:3.5.2]
	at org.apache.maven.surefire.junitplatform.JUnitPlatformProvider.invokeAllTests(JUnitPlatformProvider.java:148) ~[surefire-junit-platform-3.5.2.jar:3.5.2]
	at org.apache.maven.surefire.junitplatform.JUnitPlatformProvider.invoke(JUnitPlatformProvider.java:122) ~[surefire-junit-platform-3.5.2.jar:3.5.2]
	at org.apache.maven.surefire.booter.ForkedBooter.runSuitesInProcess(ForkedBooter.java:385) ~[surefire-booter-3.5.2.jar:3.5.2]
	at org.apache.maven.surefire.booter.ForkedBooter.execute(ForkedBooter.java:162) ~[surefire-booter-3.5.2.jar:3.5.2]
	at org.apache.maven.surefire.booter.ForkedBooter.run(ForkedBooter.java:507) ~[surefire-booter-3.5.2.jar:3.5.2]
	at org.apache.maven.surefire.booter.ForkedBooter.main(ForkedBooter.java:495) ~[surefire-booter-3.5.2.jar:3.5.2]

2025-08-06T20:46:04.235+05:30 DEBUG 45196 --- [auction_application] [           main] o.s.d.jpa.repository.query.NamedQuery    : Did not find named query AuctionListing.findByCategory
2025-08-06T20:46:04.235+05:30 DEBUG 45196 --- [auction_application] [           main] tor$SharedEntityManagerInvocationHandler : Creating new EntityManager for shared EntityManager invocation
2025-08-06T20:46:04.277+05:30 DEBUG 45196 --- [auction_application] [           main] o.s.d.jpa.repository.query.NamedQuery    : Looking up named query 'AuctionListing.findByCategory'
2025-08-06T20:46:04.278+05:30 DEBUG 45196 --- [auction_application] [           main] cResourceLocalTransactionCoordinatorImpl : JDBC transaction marked for rollback-only (exception provided for stack trace)

java.lang.Exception: exception just for purpose of providing stack trace
	at org.hibernate.resource.transaction.backend.jdbc.internal.JdbcResourceLocalTransactionCoordinatorImpl$TransactionDriverControlImpl.markRollbackOnly(JdbcResourceLocalTransactionCoordinatorImpl.java:309) ~[hibernate-core-6.6.4.Final.jar:6.6.4.Final]
	at org.hibernate.internal.AbstractSharedSessionContract.buildNamedQuery(AbstractSharedSessionContract.java:1141) ~[hibernate-core-6.6.4.Final.jar:6.6.4.Final]
	at org.hibernate.internal.AbstractSharedSessionContract.createNamedQuery(AbstractSharedSessionContract.java:1019) ~[hibernate-core-6.6.4.Final.jar:6.6.4.Final]
	at org.hibernate.internal.AbstractSharedSessionContract.createNamedQuery(AbstractSharedSessionContract.java:143) ~[hibernate-core-6.6.4.Final.jar:6.6.4.Final]
	at java.base/jdk.internal.reflect.NativeMethodAccessorImpl.invoke0(Native Method) ~[na:na]
	at java.base/jdk.internal.reflect.NativeMethodAccessorImpl.invoke(NativeMethodAccessorImpl.java:77) ~[na:na]
	at java.base/jdk.internal.reflect.DelegatingMethodAccessorImpl.invoke(DelegatingMethodAccessorImpl.java:43) ~[na:na]
	at java.base/java.lang.reflect.Method.invoke(Method.java:568) ~[na:na]
	at org.springframework.orm.jpa.ExtendedEntityManagerCreator$ExtendedEntityManagerInvocationHandler.invoke(ExtendedEntityManagerCreator.java:364) ~[spring-orm-6.2.1.jar:6.2.1]
	at jdk.proxy2/jdk.proxy2.$Proxy131.createNamedQuery(Unknown Source) ~[na:na]
	at org.springframework.data.jpa.repository.query.NamedQuery.hasNamedQuery(NamedQuery.java:114) ~[spring-data-jpa-3.4.1.jar:3.4.1]
	at org.springframework.data.jpa.repository.query.NamedQuery.lookupFrom(NamedQuery.java:140) ~[spring-data-jpa-3.4.1.jar:3.4.1]
	at org.springframework.data.jpa.repository.query.JpaQueryLookupStrategy$DeclaredQueryLookupStrategy.resolveQuery(JpaQueryLookupStrategy.java:184) ~[spring-data-jpa-3.4.1.jar:3.4.1]
	at org.springframework.data.jpa.repository.query.JpaQueryLookupStrategy$CreateIfNotFoundQueryLookupStrategy.resolveQuery(JpaQueryLookupStrategy.java:256) ~[spring-data-jpa-3.4.1.jar:3.4.1]
	at org.springframework.data.jpa.repository.query.JpaQueryLookupStrategy$AbstractQueryLookupStrategy.resolveQuery(JpaQueryLookupStrategy.java:99) ~[spring-data-jpa-3.4.1.jar:3.4.1]
	at org.springframework.data.repository.core.support.QueryExecutorMethodInterceptor.lookupQuery(QueryExecutorMethodInterceptor.java:116) ~[spring-data-commons-3.4.1.jar:3.4.1]
	at org.springframework.data.repository.core.support.QueryExecutorMethodInterceptor.mapMethodsToQuery(QueryExecutorMethodInterceptor.java:104) ~[spring-data-commons-3.4.1.jar:3.4.1]
	at org.springframework.data.repository.core.support.QueryExecutorMethodInterceptor.lambda$new$0(QueryExecutorMethodInterceptor.java:92) ~[spring-data-commons-3.4.1.jar:3.4.1]
	at java.base/java.util.Optional.map(Optional.java:260) ~[na:na]
	at org.springframework.data.repository.core.support.QueryExecutorMethodInterceptor.<init>(QueryExecutorMethodInterceptor.java:92) ~[spring-data-commons-3.4.1.jar:3.4.1]
	at org.springframework.data.repository.core.support.RepositoryFactorySupport.getRepository(RepositoryFactorySupport.java:440) ~[spring-data-commons-3.4.1.jar:3.4.1]
	at org.springframework.data.repository.core.support.RepositoryFactoryBeanSupport.lambda$afterPropertiesSet$4(RepositoryFactoryBeanSupport.java:350) ~[spring-data-commons-3.4.1.jar:3.4.1]
	at org.springframework.data.util.Lazy.getNullable(Lazy.java:135) ~[spring-data-commons-3.4.1.jar:3.4.1]
	at org.springframework.data.util.Lazy.get(Lazy.java:113) ~[spring-data-commons-3.4.1.jar:3.4.1]
	at org.springframework.data.repository.core.support.RepositoryFactoryBeanSupport.afterPropertiesSet(RepositoryFactoryBeanSupport.java:356) ~[spring-data-commons-3.4.1.jar:3.4.1]
	at org.springframework.data.jpa.repository.support.JpaRepositoryFactoryBean.afterPropertiesSet(JpaRepositoryFactoryBean.java:132) ~[spring-data-jpa-3.4.1.jar:3.4.1]
	at org.springframework.beans.factory.support.AbstractAutowireCapableBeanFactory.invokeInitMethods(AbstractAutowireCapableBeanFactory.java:1855) ~[spring-beans-6.2.1.jar:6.2.1]
	at org.springframework.beans.factory.support.AbstractAutowireCapableBeanFactory.initializeBean(AbstractAutowireCapableBeanFactory.java:1804) ~[spring-beans-6.2.1.jar:6.2.1]
	at org.springframework.beans.factory.support.AbstractAutowireCapableBeanFactory.doCreateBean(AbstractAutowireCapableBeanFactory.java:601) ~[spring-beans-6.2.1.jar:6.2.1]
	at org.springframework.beans.factory.support.AbstractAutowireCapableBeanFactory.createBean(AbstractAutowireCapableBeanFactory.java:523) ~[spring-beans-6.2.1.jar:6.2.1]
	at org.springframework.beans.factory.support.AbstractBeanFactory.lambda$doGetBean$0(AbstractBeanFactory.java:336) ~[spring-beans-6.2.1.jar:6.2.1]
	at org.springframework.beans.factory.support.DefaultSingletonBeanRegistry.getSingleton(DefaultSingletonBeanRegistry.java:289) ~[spring-beans-6.2.1.jar:6.2.1]
	at org.springframework.beans.factory.support.AbstractBeanFactory.doGetBean(AbstractBeanFactory.java:334) ~[spring-beans-6.2.1.jar:6.2.1]
	at org.springframework.beans.factory.support.AbstractBeanFactory.getBean(AbstractBeanFactory.java:199) ~[spring-beans-6.2.1.jar:6.2.1]
	at org.springframework.beans.factory.support.DefaultListableBeanFactory.doResolveDependency(DefaultListableBeanFactory.java:1573) ~[spring-beans-6.2.1.jar:6.2.1]
	at org.springframework.beans.factory.support.DefaultListableBeanFactory.resolveDependency(DefaultListableBeanFactory.java:1519) ~[spring-beans-6.2.1.jar:6.2.1]
	at org.springframework.beans.factory.annotation.AutowiredAnnotationBeanPostProcessor$AutowiredFieldElement.resolveFieldValue(AutowiredAnnotationBeanPostProcessor.java:785) ~[spring-beans-6.2.1.jar:6.2.1]
	at org.springframework.beans.factory.annotation.AutowiredAnnotationBeanPostProcessor$AutowiredFieldElement.inject(AutowiredAnnotationBeanPostProcessor.java:768) ~[spring-beans-6.2.1.jar:6.2.1]
	at org.springframework.beans.factory.annotation.InjectionMetadata.inject(InjectionMetadata.java:146) ~[spring-beans-6.2.1.jar:6.2.1]
	at org.springframework.beans.factory.annotation.AutowiredAnnotationBeanPostProcessor.postProcessProperties(AutowiredAnnotationBeanPostProcessor.java:509) ~[spring-beans-6.2.1.jar:6.2.1]
	at org.springframework.beans.factory.support.AbstractAutowireCapableBeanFactory.populateBean(AbstractAutowireCapableBeanFactory.java:1441) ~[spring-beans-6.2.1.jar:6.2.1]
	at org.springframework.beans.factory.support.AbstractAutowireCapableBeanFactory.doCreateBean(AbstractAutowireCapableBeanFactory.java:600) ~[spring-beans-6.2.1.jar:6.2.1]
	at org.springframework.beans.factory.support.AbstractAutowireCapableBeanFactory.createBean(AbstractAutowireCapableBeanFactory.java:523) ~[spring-beans-6.2.1.jar:6.2.1]
	at org.springframework.beans.factory.support.AbstractBeanFactory.lambda$doGetBean$0(AbstractBeanFactory.java:336) ~[spring-beans-6.2.1.jar:6.2.1]
	at org.springframework.beans.factory.support.DefaultSingletonBeanRegistry.getSingleton(DefaultSingletonBeanRegistry.java:289) ~[spring-beans-6.2.1.jar:6.2.1]
	at org.springframework.beans.factory.support.AbstractBeanFactory.doGetBean(AbstractBeanFactory.java:334) ~[spring-beans-6.2.1.jar:6.2.1]
	at org.springframework.beans.factory.support.AbstractBeanFactory.getBean(AbstractBeanFactory.java:199) ~[spring-beans-6.2.1.jar:6.2.1]
	at org.springframework.beans.factory.support.DefaultListableBeanFactory.doResolveDependency(DefaultListableBeanFactory.java:1573) ~[spring-beans-6.2.1.jar:6.2.1]
	at org.springframework.beans.factory.support.DefaultListableBeanFactory.resolveDependency(DefaultListableBeanFactory.java:1519) ~[spring-beans-6.2.1.jar:6.2.1]
	at org.springframework.beans.factory.annotation.AutowiredAnnotationBeanPostProcessor$AutowiredFieldElement.resolveFieldValue(AutowiredAnnotationBeanPostProcessor.java:785) ~[spring-beans-6.2.1.jar:6.2.1]
	at org.springframework.beans.factory.annotation.AutowiredAnnotationBeanPostProcessor$AutowiredFieldElement.inject(AutowiredAnnotationBeanPostProcessor.java:768) ~[spring-beans-6.2.1.jar:6.2.1]
	at org.springframework.beans.factory.annotation.InjectionMetadata.inject(InjectionMetadata.java:146) ~[spring-beans-6.2.1.jar:6.2.1]
	at org.springframework.beans.factory.annotation.AutowiredAnnotationBeanPostProcessor.postProcessProperties(AutowiredAnnotationBeanPostProcessor.java:509) ~[spring-beans-6.2.1.jar:6.2.1]
	at org.springframework.beans.factory.support.AbstractAutowireCapableBeanFactory.populateBean(AbstractAutowireCapableBeanFactory.java:1441) ~[spring-beans-6.2.1.jar:6.2.1]
	at org.springframework.beans.factory.support.AbstractAutowireCapableBeanFactory.doCreateBean(AbstractAutowireCapableBeanFactory.java:600) ~[spring-beans-6.2.1.jar:6.2.1]
	at org.springframework.beans.factory.support.AbstractAutowireCapableBeanFactory.createBean(AbstractAutowireCapableBeanFactory.java:523) ~[spring-beans-6.2.1.jar:6.2.1]
	at org.springframework.beans.factory.support.AbstractBeanFactory.lambda$doGetBean$0(AbstractBeanFactory.java:336) ~[spring-beans-6.2.1.jar:6.2.1]
	at org.springframework.beans.factory.support.DefaultSingletonBeanRegistry.getSingleton(DefaultSingletonBeanRegistry.java:289) ~[spring-beans-6.2.1.jar:6.2.1]
	at org.springframework.beans.factory.support.AbstractBeanFactory.doGetBean(AbstractBeanFactory.java:334) ~[spring-beans-6.2.1.jar:6.2.1]
	at org.springframework.beans.factory.support.AbstractBeanFactory.getBean(AbstractBeanFactory.java:199) ~[spring-beans-6.2.1.jar:6.2.1]
	at org.springframework.beans.factory.support.DefaultListableBeanFactory.instantiateSingleton(DefaultListableBeanFactory.java:1122) ~[spring-beans-6.2.1.jar:6.2.1]
	at org.springframework.beans.factory.support.DefaultListableBeanFactory.preInstantiateSingleton(DefaultListableBeanFactory.java:1093) ~[spring-beans-6.2.1.jar:6.2.1]
	at org.springframework.beans.factory.support.DefaultListableBeanFactory.preInstantiateSingletons(DefaultListableBeanFactory.java:1030) ~[spring-beans-6.2.1.jar:6.2.1]
	at org.springframework.context.support.AbstractApplicationContext.finishBeanFactoryInitialization(AbstractApplicationContext.java:987) ~[spring-context-6.2.1.jar:6.2.1]
	at org.springframework.context.support.AbstractApplicationContext.refresh(AbstractApplicationContext.java:627) ~[spring-context-6.2.1.jar:6.2.1]
	at org.springframework.boot.SpringApplication.refresh(SpringApplication.java:752) ~[spring-boot-3.4.1.jar:3.4.1]
	at org.springframework.boot.SpringApplication.refreshContext(SpringApplication.java:439) ~[spring-boot-3.4.1.jar:3.4.1]
	at org.springframework.boot.SpringApplication.run(SpringApplication.java:318) ~[spring-boot-3.4.1.jar:3.4.1]
	at org.springframework.boot.test.context.SpringBootContextLoader.lambda$loadContext$3(SpringBootContextLoader.java:137) ~[spring-boot-test-3.4.1.jar:3.4.1]
	at org.springframework.util.function.ThrowingSupplier.get(ThrowingSupplier.java:58) ~[spring-core-6.2.1.jar:6.2.1]
	at org.springframework.util.function.ThrowingSupplier.get(ThrowingSupplier.java:46) ~[spring-core-6.2.1.jar:6.2.1]
	at org.springframework.boot.SpringApplication.withHook(SpringApplication.java:1461) ~[spring-boot-3.4.1.jar:3.4.1]
	at org.springframework.boot.test.context.SpringBootContextLoader$ContextLoaderHook.run(SpringBootContextLoader.java:553) ~[spring-boot-test-3.4.1.jar:3.4.1]
	at org.springframework.boot.test.context.SpringBootContextLoader.loadContext(SpringBootContextLoader.java:137) ~[spring-boot-test-3.4.1.jar:3.4.1]
	at org.springframework.boot.test.context.SpringBootContextLoader.loadContext(SpringBootContextLoader.java:108) ~[spring-boot-test-3.4.1.jar:3.4.1]
	at org.springframework.test.context.cache.DefaultCacheAwareContextLoaderDelegate.loadContextInternal(DefaultCacheAwareContextLoaderDelegate.java:225) ~[spring-test-6.2.1.jar:6.2.1]
	at org.springframework.test.context.cache.DefaultCacheAwareContextLoaderDelegate.loadContext(DefaultCacheAwareContextLoaderDelegate.java:152) ~[spring-test-6.2.1.jar:6.2.1]
	at org.springframework.test.context.support.DefaultTestContext.getApplicationContext(DefaultTestContext.java:130) ~[spring-test-6.2.1.jar:6.2.1]
	at org.springframework.test.context.web.ServletTestExecutionListener.setUpRequestContextIfNecessary(ServletTestExecutionListener.java:191) ~[spring-test-6.2.1.jar:6.2.1]
	at org.springframework.test.context.web.ServletTestExecutionListener.prepareTestInstance(ServletTestExecutionListener.java:130) ~[spring-test-6.2.1.jar:6.2.1]
	at org.springframework.test.context.TestContextManager.prepareTestInstance(TestContextManager.java:260) ~[spring-test-6.2.1.jar:6.2.1]
	at org.springframework.test.context.junit.jupiter.SpringExtension.postProcessTestInstance(SpringExtension.java:160) ~[spring-test-6.2.1.jar:6.2.1]
	at org.junit.jupiter.engine.descriptor.ClassBasedTestDescriptor.lambda$invokeTestInstancePostProcessors$11(ClassBasedTestDescriptor.java:378) ~[junit-jupiter-engine-5.11.4.jar:5.11.4]
	at org.junit.jupiter.engine.descriptor.ClassBasedTestDescriptor.executeAndMaskThrowable(ClassBasedTestDescriptor.java:383) ~[junit-jupiter-engine-5.11.4.jar:5.11.4]
	at org.junit.jupiter.engine.descriptor.ClassBasedTestDescriptor.lambda$invokeTestInstancePostProcessors$12(ClassBasedTestDescriptor.java:378) ~[junit-jupiter-engine-5.11.4.jar:5.11.4]
	at java.base/java.util.stream.ForEachOps$ForEachOp$OfRef.accept(ForEachOps.java:183) ~[na:na]
	at java.base/java.util.stream.ReferencePipeline$3$1.accept(ReferencePipeline.java:197) ~[na:na]
	at java.base/java.util.stream.ReferencePipeline$2$1.accept(ReferencePipeline.java:179) ~[na:na]
	at java.base/java.util.stream.ReferencePipeline$3$1.accept(ReferencePipeline.java:197) ~[na:na]
	at java.base/java.util.ArrayList$ArrayListSpliterator.forEachRemaining(ArrayList.java:1625) ~[na:na]
	at java.base/java.util.stream.AbstractPipeline.copyInto(AbstractPipeline.java:509) ~[na:na]
	at java.base/java.util.stream.AbstractPipeline.wrapAndCopyInto(AbstractPipeline.java:499) ~[na:na]
	at java.base/java.util.stream.ForEachOps$ForEachOp.evaluateSequential(ForEachOps.java:150) ~[na:na]
	at java.base/java.util.stream.ForEachOps$ForEachOp$OfRef.evaluateSequential(ForEachOps.java:173) ~[na:na]
	at java.base/java.util.stream.AbstractPipeline.evaluate(AbstractPipeline.java:234) ~[na:na]
	at java.base/java.util.stream.ReferencePipeline.forEach(ReferencePipeline.java:596) ~[na:na]
	at org.junit.jupiter.engine.descriptor.ClassBasedTestDescriptor.invokeTestInstancePostProcessors(ClassBasedTestDescriptor.java:377) ~[junit-jupiter-engine-5.11.4.jar:5.11.4]
	at org.junit.jupiter.engine.descriptor.ClassBasedTestDescriptor.lambda$instantiateAndPostProcessTestInstance$7(ClassBasedTestDescriptor.java:290) ~[junit-jupiter-engine-5.11.4.jar:5.11.4]
	at org.junit.platform.engine.support.hierarchical.ThrowableCollector.execute(ThrowableCollector.java:73) ~[junit-platform-engine-1.11.4.jar:1.11.4]
	at org.junit.jupiter.engine.descriptor.ClassBasedTestDescriptor.instantiateAndPostProcessTestInstance(ClassBasedTestDescriptor.java:289) ~[junit-jupiter-engine-5.11.4.jar:5.11.4]
	at org.junit.jupiter.engine.descriptor.ClassBasedTestDescriptor.lambda$testInstancesProvider$5(ClassBasedTestDescriptor.java:279) ~[junit-jupiter-engine-5.11.4.jar:5.11.4]
	at java.base/java.util.Optional.orElseGet(Optional.java:364) ~[na:na]
	at org.junit.jupiter.engine.descriptor.ClassBasedTestDescriptor.lambda$testInstancesProvider$6(ClassBasedTestDescriptor.java:278) ~[junit-jupiter-engine-5.11.4.jar:5.11.4]
	at org.junit.jupiter.engine.execution.TestInstancesProvider.getTestInstances(TestInstancesProvider.java:31) ~[junit-jupiter-engine-5.11.4.jar:5.11.4]
	at org.junit.jupiter.engine.descriptor.TestMethodTestDescriptor.lambda$prepare$1(TestMethodTestDescriptor.java:105) ~[junit-jupiter-engine-5.11.4.jar:5.11.4]
	at org.junit.platform.engine.support.hierarchical.ThrowableCollector.execute(ThrowableCollector.java:73) ~[junit-platform-engine-1.11.4.jar:1.11.4]
	at org.junit.jupiter.engine.descriptor.TestMethodTestDescriptor.prepare(TestMethodTestDescriptor.java:104) ~[junit-jupiter-engine-5.11.4.jar:5.11.4]
	at org.junit.jupiter.engine.descriptor.TestMethodTestDescriptor.prepare(TestMethodTestDescriptor.java:68) ~[junit-jupiter-engine-5.11.4.jar:5.11.4]
	at org.junit.platform.engine.support.hierarchical.NodeTestTask.lambda$prepare$2(NodeTestTask.java:128) ~[junit-platform-engine-1.11.4.jar:1.11.4]
	at org.junit.platform.engine.support.hierarchical.ThrowableCollector.execute(ThrowableCollector.java:73) ~[junit-platform-engine-1.11.4.jar:1.11.4]
	at org.junit.platform.engine.support.hierarchical.NodeTestTask.prepare(NodeTestTask.java:128) ~[junit-platform-engine-1.11.4.jar:1.11.4]
	at org.junit.platform.engine.support.hierarchical.NodeTestTask.execute(NodeTestTask.java:95) ~[junit-platform-engine-1.11.4.jar:1.11.4]
	at java.base/java.util.ArrayList.forEach(ArrayList.java:1511) ~[na:na]
	at org.junit.platform.engine.support.hierarchical.SameThreadHierarchicalTestExecutorService.invokeAll(SameThreadHierarchicalTestExecutorService.java:41) ~[junit-platform-engine-1.11.4.jar:1.11.4]
	at org.junit.platform.engine.support.hierarchical.NodeTestTask.lambda$executeRecursively$6(NodeTestTask.java:160) ~[junit-platform-engine-1.11.4.jar:1.11.4]
	at org.junit.platform.engine.support.hierarchical.ThrowableCollector.execute(ThrowableCollector.java:73) ~[junit-platform-engine-1.11.4.jar:1.11.4]
	at org.junit.platform.engine.support.hierarchical.NodeTestTask.lambda$executeRecursively$8(NodeTestTask.java:146) ~[junit-platform-engine-1.11.4.jar:1.11.4]
	at org.junit.platform.engine.support.hierarchical.Node.around(Node.java:137) ~[junit-platform-engine-1.11.4.jar:1.11.4]
	at org.junit.platform.engine.support.hierarchical.NodeTestTask.lambda$executeRecursively$9(NodeTestTask.java:144) ~[junit-platform-engine-1.11.4.jar:1.11.4]
	at org.junit.platform.engine.support.hierarchical.ThrowableCollector.execute(ThrowableCollector.java:73) ~[junit-platform-engine-1.11.4.jar:1.11.4]
	at org.junit.platform.engine.support.hierarchical.NodeTestTask.executeRecursively(NodeTestTask.java:143) ~[junit-platform-engine-1.11.4.jar:1.11.4]
	at org.junit.platform.engine.support.hierarchical.NodeTestTask.execute(NodeTestTask.java:100) ~[junit-platform-engine-1.11.4.jar:1.11.4]
	at java.base/java.util.ArrayList.forEach(ArrayList.java:1511) ~[na:na]
	at org.junit.platform.engine.support.hierarchical.SameThreadHierarchicalTestExecutorService.invokeAll(SameThreadHierarchicalTestExecutorService.java:41) ~[junit-platform-engine-1.11.4.jar:1.11.4]
	at org.junit.platform.engine.support.hierarchical.NodeTestTask.lambda$executeRecursively$6(NodeTestTask.java:160) ~[junit-platform-engine-1.11.4.jar:1.11.4]
	at org.junit.platform.engine.support.hierarchical.ThrowableCollector.execute(ThrowableCollector.java:73) ~[junit-platform-engine-1.11.4.jar:1.11.4]
	at org.junit.platform.engine.support.hierarchical.NodeTestTask.lambda$executeRecursively$8(NodeTestTask.java:146) ~[junit-platform-engine-1.11.4.jar:1.11.4]
	at org.junit.platform.engine.support.hierarchical.Node.around(Node.java:137) ~[junit-platform-engine-1.11.4.jar:1.11.4]
	at org.junit.platform.engine.support.hierarchical.NodeTestTask.lambda$executeRecursively$9(NodeTestTask.java:144) ~[junit-platform-engine-1.11.4.jar:1.11.4]
	at org.junit.platform.engine.support.hierarchical.ThrowableCollector.execute(ThrowableCollector.java:73) ~[junit-platform-engine-1.11.4.jar:1.11.4]
	at org.junit.platform.engine.support.hierarchical.NodeTestTask.executeRecursively(NodeTestTask.java:143) ~[junit-platform-engine-1.11.4.jar:1.11.4]
	at org.junit.platform.engine.support.hierarchical.NodeTestTask.execute(NodeTestTask.java:100) ~[junit-platform-engine-1.11.4.jar:1.11.4]
	at org.junit.platform.engine.support.hierarchical.SameThreadHierarchicalTestExecutorService.submit(SameThreadHierarchicalTestExecutorService.java:35) ~[junit-platform-engine-1.11.4.jar:1.11.4]
	at org.junit.platform.engine.support.hierarchical.HierarchicalTestExecutor.execute(HierarchicalTestExecutor.java:57) ~[junit-platform-engine-1.11.4.jar:1.11.4]
	at org.junit.platform.engine.support.hierarchical.HierarchicalTestEngine.execute(HierarchicalTestEngine.java:54) ~[junit-platform-engine-1.11.4.jar:1.11.4]
	at org.junit.platform.launcher.core.EngineExecutionOrchestrator.execute(EngineExecutionOrchestrator.java:198) ~[junit-platform-launcher-1.11.4.jar:1.11.4]
	at org.junit.platform.launcher.core.EngineExecutionOrchestrator.execute(EngineExecutionOrchestrator.java:169) ~[junit-platform-launcher-1.11.4.jar:1.11.4]
	at org.junit.platform.launcher.core.EngineExecutionOrchestrator.execute(EngineExecutionOrchestrator.java:93) ~[junit-platform-launcher-1.11.4.jar:1.11.4]
	at org.junit.platform.launcher.core.EngineExecutionOrchestrator.lambda$execute$0(EngineExecutionOrchestrator.java:58) ~[junit-platform-launcher-1.11.4.jar:1.11.4]
	at org.junit.platform.launcher.core.EngineExecutionOrchestrator.withInterceptedStreams(EngineExecutionOrchestrator.java:141) ~[junit-platform-launcher-1.11.4.jar:1.11.4]
	at org.junit.platform.launcher.core.EngineExecutionOrchestrator.execute(EngineExecutionOrchestrator.java:57) ~[junit-platform-launcher-1.11.4.jar:1.11.4]
	at org.junit.platform.launcher.core.DefaultLauncher.execute(DefaultLauncher.java:103) ~[junit-platform-launcher-1.11.4.jar:1.11.4]
	at org.junit.platform.launcher.core.DefaultLauncher.execute(DefaultLauncher.java:85) ~[junit-platform-launcher-1.11.4.jar:1.11.4]
	at org.junit.platform.launcher.core.DelegatingLauncher.execute(DelegatingLauncher.java:47) ~[junit-platform-launcher-1.11.4.jar:1.11.4]
	at org.apache.maven.surefire.junitplatform.LazyLauncher.execute(LazyLauncher.java:56) ~[surefire-junit-platform-3.5.2.jar:3.5.2]
	at org.apache.maven.surefire.junitplatform.JUnitPlatformProvider.execute(JUnitPlatformProvider.java:184) ~[surefire-junit-platform-3.5.2.jar:3.5.2]
	at org.apache.maven.surefire.junitplatform.JUnitPlatformProvider.invokeAllTests(JUnitPlatformProvider.java:148) ~[surefire-junit-platform-3.5.2.jar:3.5.2]
	at org.apache.maven.surefire.junitplatform.JUnitPlatformProvider.invoke(JUnitPlatformProvider.java:122) ~[surefire-junit-platform-3.5.2.jar:3.5.2]
	at org.apache.maven.surefire.booter.ForkedBooter.runSuitesInProcess(ForkedBooter.java:385) ~[surefire-booter-3.5.2.jar:3.5.2]
	at org.apache.maven.surefire.booter.ForkedBooter.execute(ForkedBooter.java:162) ~[surefire-booter-3.5.2.jar:3.5.2]
	at org.apache.maven.surefire.booter.ForkedBooter.run(ForkedBooter.java:507) ~[surefire-booter-3.5.2.jar:3.5.2]
	at org.apache.maven.surefire.booter.ForkedBooter.main(ForkedBooter.java:495) ~[surefire-booter-3.5.2.jar:3.5.2]

2025-08-06T20:46:04.280+05:30 DEBUG 45196 --- [auction_application] [           main] o.s.d.jpa.repository.query.NamedQuery    : Did not find named query AuctionListing.findByCategory
2025-08-06T20:46:04.280+05:30 DEBUG 45196 --- [auction_application] [           main] tor$SharedEntityManagerInvocationHandler : Creating new EntityManager for shared EntityManager invocation
2025-08-06T20:46:04.281+05:30 DEBUG 45196 --- [auction_application] [           main] o.s.d.jpa.repository.query.NamedQuery    : Looking up named query 'AuctionListing.findBySellerId'
2025-08-06T20:46:04.281+05:30 DEBUG 45196 --- [auction_application] [           main] cResourceLocalTransactionCoordinatorImpl : JDBC transaction marked for rollback-only (exception provided for stack trace)

java.lang.Exception: exception just for purpose of providing stack trace
	at org.hibernate.resource.transaction.backend.jdbc.internal.JdbcResourceLocalTransactionCoordinatorImpl$TransactionDriverControlImpl.markRollbackOnly(JdbcResourceLocalTransactionCoordinatorImpl.java:309) ~[hibernate-core-6.6.4.Final.jar:6.6.4.Final]
	at org.hibernate.internal.AbstractSharedSessionContract.buildNamedQuery(AbstractSharedSessionContract.java:1141) ~[hibernate-core-6.6.4.Final.jar:6.6.4.Final]
	at org.hibernate.internal.AbstractSharedSessionContract.createNamedQuery(AbstractSharedSessionContract.java:1019) ~[hibernate-core-6.6.4.Final.jar:6.6.4.Final]
	at org.hibernate.internal.AbstractSharedSessionContract.createNamedQuery(AbstractSharedSessionContract.java:143) ~[hibernate-core-6.6.4.Final.jar:6.6.4.Final]
	at java.base/jdk.internal.reflect.NativeMethodAccessorImpl.invoke0(Native Method) ~[na:na]
	at java.base/jdk.internal.reflect.NativeMethodAccessorImpl.invoke(NativeMethodAccessorImpl.java:77) ~[na:na]
	at java.base/jdk.internal.reflect.DelegatingMethodAccessorImpl.invoke(DelegatingMethodAccessorImpl.java:43) ~[na:na]
	at java.base/java.lang.reflect.Method.invoke(Method.java:568) ~[na:na]
	at org.springframework.orm.jpa.ExtendedEntityManagerCreator$ExtendedEntityManagerInvocationHandler.invoke(ExtendedEntityManagerCreator.java:364) ~[spring-orm-6.2.1.jar:6.2.1]
	at jdk.proxy2/jdk.proxy2.$Proxy131.createNamedQuery(Unknown Source) ~[na:na]
	at org.springframework.data.jpa.repository.query.NamedQuery.hasNamedQuery(NamedQuery.java:114) ~[spring-data-jpa-3.4.1.jar:3.4.1]
	at org.springframework.data.jpa.repository.query.NamedQuery.lookupFrom(NamedQuery.java:140) ~[spring-data-jpa-3.4.1.jar:3.4.1]
	at org.springframework.data.jpa.repository.query.JpaQueryLookupStrategy$DeclaredQueryLookupStrategy.resolveQuery(JpaQueryLookupStrategy.java:184) ~[spring-data-jpa-3.4.1.jar:3.4.1]
	at org.springframework.data.jpa.repository.query.JpaQueryLookupStrategy$CreateIfNotFoundQueryLookupStrategy.resolveQuery(JpaQueryLookupStrategy.java:256) ~[spring-data-jpa-3.4.1.jar:3.4.1]
	at org.springframework.data.jpa.repository.query.JpaQueryLookupStrategy$AbstractQueryLookupStrategy.resolveQuery(JpaQueryLookupStrategy.java:99) ~[spring-data-jpa-3.4.1.jar:3.4.1]
	at org.springframework.data.repository.core.support.QueryExecutorMethodInterceptor.lookupQuery(QueryExecutorMethodInterceptor.java:116) ~[spring-data-commons-3.4.1.jar:3.4.1]
	at org.springframework.data.repository.core.support.QueryExecutorMethodInterceptor.mapMethodsToQuery(QueryExecutorMethodInterceptor.java:104) ~[spring-data-commons-3.4.1.jar:3.4.1]
	at org.springframework.data.repository.core.support.QueryExecutorMethodInterceptor.lambda$new$0(QueryExecutorMethodInterceptor.java:92) ~[spring-data-commons-3.4.1.jar:3.4.1]
	at java.base/java.util.Optional.map(Optional.java:260) ~[na:na]
	at org.springframework.data.repository.core.support.QueryExecutorMethodInterceptor.<init>(QueryExecutorMethodInterceptor.java:92) ~[spring-data-commons-3.4.1.jar:3.4.1]
	at org.springframework.data.repository.core.support.RepositoryFactorySupport.getRepository(RepositoryFactorySupport.java:440) ~[spring-data-commons-3.4.1.jar:3.4.1]
	at org.springframework.data.repository.core.support.RepositoryFactoryBeanSupport.lambda$afterPropertiesSet$4(RepositoryFactoryBeanSupport.java:350) ~[spring-data-commons-3.4.1.jar:3.4.1]
	at org.springframework.data.util.Lazy.getNullable(Lazy.java:135) ~[spring-data-commons-3.4.1.jar:3.4.1]
	at org.springframework.data.util.Lazy.get(Lazy.java:113) ~[spring-data-commons-3.4.1.jar:3.4.1]
	at org.springframework.data.repository.core.support.RepositoryFactoryBeanSupport.afterPropertiesSet(RepositoryFactoryBeanSupport.java:356) ~[spring-data-commons-3.4.1.jar:3.4.1]
	at org.springframework.data.jpa.repository.support.JpaRepositoryFactoryBean.afterPropertiesSet(JpaRepositoryFactoryBean.java:132) ~[spring-data-jpa-3.4.1.jar:3.4.1]
	at org.springframework.beans.factory.support.AbstractAutowireCapableBeanFactory.invokeInitMethods(AbstractAutowireCapableBeanFactory.java:1855) ~[spring-beans-6.2.1.jar:6.2.1]
	at org.springframework.beans.factory.support.AbstractAutowireCapableBeanFactory.initializeBean(AbstractAutowireCapableBeanFactory.java:1804) ~[spring-beans-6.2.1.jar:6.2.1]
	at org.springframework.beans.factory.support.AbstractAutowireCapableBeanFactory.doCreateBean(AbstractAutowireCapableBeanFactory.java:601) ~[spring-beans-6.2.1.jar:6.2.1]
	at org.springframework.beans.factory.support.AbstractAutowireCapableBeanFactory.createBean(AbstractAutowireCapableBeanFactory.java:523) ~[spring-beans-6.2.1.jar:6.2.1]
	at org.springframework.beans.factory.support.AbstractBeanFactory.lambda$doGetBean$0(AbstractBeanFactory.java:336) ~[spring-beans-6.2.1.jar:6.2.1]
	at org.springframework.beans.factory.support.DefaultSingletonBeanRegistry.getSingleton(DefaultSingletonBeanRegistry.java:289) ~[spring-beans-6.2.1.jar:6.2.1]
	at org.springframework.beans.factory.support.AbstractBeanFactory.doGetBean(AbstractBeanFactory.java:334) ~[spring-beans-6.2.1.jar:6.2.1]
	at org.springframework.beans.factory.support.AbstractBeanFactory.getBean(AbstractBeanFactory.java:199) ~[spring-beans-6.2.1.jar:6.2.1]
	at org.springframework.beans.factory.support.DefaultListableBeanFactory.doResolveDependency(DefaultListableBeanFactory.java:1573) ~[spring-beans-6.2.1.jar:6.2.1]
	at org.springframework.beans.factory.support.DefaultListableBeanFactory.resolveDependency(DefaultListableBeanFactory.java:1519) ~[spring-beans-6.2.1.jar:6.2.1]
	at org.springframework.beans.factory.annotation.AutowiredAnnotationBeanPostProcessor$AutowiredFieldElement.resolveFieldValue(AutowiredAnnotationBeanPostProcessor.java:785) ~[spring-beans-6.2.1.jar:6.2.1]
	at org.springframework.beans.factory.annotation.AutowiredAnnotationBeanPostProcessor$AutowiredFieldElement.inject(AutowiredAnnotationBeanPostProcessor.java:768) ~[spring-beans-6.2.1.jar:6.2.1]
	at org.springframework.beans.factory.annotation.InjectionMetadata.inject(InjectionMetadata.java:146) ~[spring-beans-6.2.1.jar:6.2.1]
	at org.springframework.beans.factory.annotation.AutowiredAnnotationBeanPostProcessor.postProcessProperties(AutowiredAnnotationBeanPostProcessor.java:509) ~[spring-beans-6.2.1.jar:6.2.1]
	at org.springframework.beans.factory.support.AbstractAutowireCapableBeanFactory.populateBean(AbstractAutowireCapableBeanFactory.java:1441) ~[spring-beans-6.2.1.jar:6.2.1]
	at org.springframework.beans.factory.support.AbstractAutowireCapableBeanFactory.doCreateBean(AbstractAutowireCapableBeanFactory.java:600) ~[spring-beans-6.2.1.jar:6.2.1]
	at org.springframework.beans.factory.support.AbstractAutowireCapableBeanFactory.createBean(AbstractAutowireCapableBeanFactory.java:523) ~[spring-beans-6.2.1.jar:6.2.1]
	at org.springframework.beans.factory.support.AbstractBeanFactory.lambda$doGetBean$0(AbstractBeanFactory.java:336) ~[spring-beans-6.2.1.jar:6.2.1]
	at org.springframework.beans.factory.support.DefaultSingletonBeanRegistry.getSingleton(DefaultSingletonBeanRegistry.java:289) ~[spring-beans-6.2.1.jar:6.2.1]
	at org.springframework.beans.factory.support.AbstractBeanFactory.doGetBean(AbstractBeanFactory.java:334) ~[spring-beans-6.2.1.jar:6.2.1]
	at org.springframework.beans.factory.support.AbstractBeanFactory.getBean(AbstractBeanFactory.java:199) ~[spring-beans-6.2.1.jar:6.2.1]
	at org.springframework.beans.factory.support.DefaultListableBeanFactory.doResolveDependency(DefaultListableBeanFactory.java:1573) ~[spring-beans-6.2.1.jar:6.2.1]
	at org.springframework.beans.factory.support.DefaultListableBeanFactory.resolveDependency(DefaultListableBeanFactory.java:1519) ~[spring-beans-6.2.1.jar:6.2.1]
	at org.springframework.beans.factory.annotation.AutowiredAnnotationBeanPostProcessor$AutowiredFieldElement.resolveFieldValue(AutowiredAnnotationBeanPostProcessor.java:785) ~[spring-beans-6.2.1.jar:6.2.1]
	at org.springframework.beans.factory.annotation.AutowiredAnnotationBeanPostProcessor$AutowiredFieldElement.inject(AutowiredAnnotationBeanPostProcessor.java:768) ~[spring-beans-6.2.1.jar:6.2.1]
	at org.springframework.beans.factory.annotation.InjectionMetadata.inject(InjectionMetadata.java:146) ~[spring-beans-6.2.1.jar:6.2.1]
	at org.springframework.beans.factory.annotation.AutowiredAnnotationBeanPostProcessor.postProcessProperties(AutowiredAnnotationBeanPostProcessor.java:509) ~[spring-beans-6.2.1.jar:6.2.1]
	at org.springframework.beans.factory.support.AbstractAutowireCapableBeanFactory.populateBean(AbstractAutowireCapableBeanFactory.java:1441) ~[spring-beans-6.2.1.jar:6.2.1]
	at org.springframework.beans.factory.support.AbstractAutowireCapableBeanFactory.doCreateBean(AbstractAutowireCapableBeanFactory.java:600) ~[spring-beans-6.2.1.jar:6.2.1]
	at org.springframework.beans.factory.support.AbstractAutowireCapableBeanFactory.createBean(AbstractAutowireCapableBeanFactory.java:523) ~[spring-beans-6.2.1.jar:6.2.1]
	at org.springframework.beans.factory.support.AbstractBeanFactory.lambda$doGetBean$0(AbstractBeanFactory.java:336) ~[spring-beans-6.2.1.jar:6.2.1]
	at org.springframework.beans.factory.support.DefaultSingletonBeanRegistry.getSingleton(DefaultSingletonBeanRegistry.java:289) ~[spring-beans-6.2.1.jar:6.2.1]
	at org.springframework.beans.factory.support.AbstractBeanFactory.doGetBean(AbstractBeanFactory.java:334) ~[spring-beans-6.2.1.jar:6.2.1]
	at org.springframework.beans.factory.support.AbstractBeanFactory.getBean(AbstractBeanFactory.java:199) ~[spring-beans-6.2.1.jar:6.2.1]
	at org.springframework.beans.factory.support.DefaultListableBeanFactory.instantiateSingleton(DefaultListableBeanFactory.java:1122) ~[spring-beans-6.2.1.jar:6.2.1]
	at org.springframework.beans.factory.support.DefaultListableBeanFactory.preInstantiateSingleton(DefaultListableBeanFactory.java:1093) ~[spring-beans-6.2.1.jar:6.2.1]
	at org.springframework.beans.factory.support.DefaultListableBeanFactory.preInstantiateSingletons(DefaultListableBeanFactory.java:1030) ~[spring-beans-6.2.1.jar:6.2.1]
	at org.springframework.context.support.AbstractApplicationContext.finishBeanFactoryInitialization(AbstractApplicationContext.java:987) ~[spring-context-6.2.1.jar:6.2.1]
	at org.springframework.context.support.AbstractApplicationContext.refresh(AbstractApplicationContext.java:627) ~[spring-context-6.2.1.jar:6.2.1]
	at org.springframework.boot.SpringApplication.refresh(SpringApplication.java:752) ~[spring-boot-3.4.1.jar:3.4.1]
	at org.springframework.boot.SpringApplication.refreshContext(SpringApplication.java:439) ~[spring-boot-3.4.1.jar:3.4.1]
	at org.springframework.boot.SpringApplication.run(SpringApplication.java:318) ~[spring-boot-3.4.1.jar:3.4.1]
	at org.springframework.boot.test.context.SpringBootContextLoader.lambda$loadContext$3(SpringBootContextLoader.java:137) ~[spring-boot-test-3.4.1.jar:3.4.1]
	at org.springframework.util.function.ThrowingSupplier.get(ThrowingSupplier.java:58) ~[spring-core-6.2.1.jar:6.2.1]
	at org.springframework.util.function.ThrowingSupplier.get(ThrowingSupplier.java:46) ~[spring-core-6.2.1.jar:6.2.1]
	at org.springframework.boot.SpringApplication.withHook(SpringApplication.java:1461) ~[spring-boot-3.4.1.jar:3.4.1]
	at org.springframework.boot.test.context.SpringBootContextLoader$ContextLoaderHook.run(SpringBootContextLoader.java:553) ~[spring-boot-test-3.4.1.jar:3.4.1]
	at org.springframework.boot.test.context.SpringBootContextLoader.loadContext(SpringBootContextLoader.java:137) ~[spring-boot-test-3.4.1.jar:3.4.1]
	at org.springframework.boot.test.context.SpringBootContextLoader.loadContext(SpringBootContextLoader.java:108) ~[spring-boot-test-3.4.1.jar:3.4.1]
	at org.springframework.test.context.cache.DefaultCacheAwareContextLoaderDelegate.loadContextInternal(DefaultCacheAwareContextLoaderDelegate.java:225) ~[spring-test-6.2.1.jar:6.2.1]
	at org.springframework.test.context.cache.DefaultCacheAwareContextLoaderDelegate.loadContext(DefaultCacheAwareContextLoaderDelegate.java:152) ~[spring-test-6.2.1.jar:6.2.1]
	at org.springframework.test.context.support.DefaultTestContext.getApplicationContext(DefaultTestContext.java:130) ~[spring-test-6.2.1.jar:6.2.1]
	at org.springframework.test.context.web.ServletTestExecutionListener.setUpRequestContextIfNecessary(ServletTestExecutionListener.java:191) ~[spring-test-6.2.1.jar:6.2.1]
	at org.springframework.test.context.web.ServletTestExecutionListener.prepareTestInstance(ServletTestExecutionListener.java:130) ~[spring-test-6.2.1.jar:6.2.1]
	at org.springframework.test.context.TestContextManager.prepareTestInstance(TestContextManager.java:260) ~[spring-test-6.2.1.jar:6.2.1]
	at org.springframework.test.context.junit.jupiter.SpringExtension.postProcessTestInstance(SpringExtension.java:160) ~[spring-test-6.2.1.jar:6.2.1]
	at org.junit.jupiter.engine.descriptor.ClassBasedTestDescriptor.lambda$invokeTestInstancePostProcessors$11(ClassBasedTestDescriptor.java:378) ~[junit-jupiter-engine-5.11.4.jar:5.11.4]
	at org.junit.jupiter.engine.descriptor.ClassBasedTestDescriptor.executeAndMaskThrowable(ClassBasedTestDescriptor.java:383) ~[junit-jupiter-engine-5.11.4.jar:5.11.4]
	at org.junit.jupiter.engine.descriptor.ClassBasedTestDescriptor.lambda$invokeTestInstancePostProcessors$12(ClassBasedTestDescriptor.java:378) ~[junit-jupiter-engine-5.11.4.jar:5.11.4]
	at java.base/java.util.stream.ForEachOps$ForEachOp$OfRef.accept(ForEachOps.java:183) ~[na:na]
	at java.base/java.util.stream.ReferencePipeline$3$1.accept(ReferencePipeline.java:197) ~[na:na]
	at java.base/java.util.stream.ReferencePipeline$2$1.accept(ReferencePipeline.java:179) ~[na:na]
	at java.base/java.util.stream.ReferencePipeline$3$1.accept(ReferencePipeline.java:197) ~[na:na]
	at java.base/java.util.ArrayList$ArrayListSpliterator.forEachRemaining(ArrayList.java:1625) ~[na:na]
	at java.base/java.util.stream.AbstractPipeline.copyInto(AbstractPipeline.java:509) ~[na:na]
	at java.base/java.util.stream.AbstractPipeline.wrapAndCopyInto(AbstractPipeline.java:499) ~[na:na]
	at java.base/java.util.stream.ForEachOps$ForEachOp.evaluateSequential(ForEachOps.java:150) ~[na:na]
	at java.base/java.util.stream.ForEachOps$ForEachOp$OfRef.evaluateSequential(ForEachOps.java:173) ~[na:na]
	at java.base/java.util.stream.AbstractPipeline.evaluate(AbstractPipeline.java:234) ~[na:na]
	at java.base/java.util.stream.ReferencePipeline.forEach(ReferencePipeline.java:596) ~[na:na]
	at org.junit.jupiter.engine.descriptor.ClassBasedTestDescriptor.invokeTestInstancePostProcessors(ClassBasedTestDescriptor.java:377) ~[junit-jupiter-engine-5.11.4.jar:5.11.4]
	at org.junit.jupiter.engine.descriptor.ClassBasedTestDescriptor.lambda$instantiateAndPostProcessTestInstance$7(ClassBasedTestDescriptor.java:290) ~[junit-jupiter-engine-5.11.4.jar:5.11.4]
	at org.junit.platform.engine.support.hierarchical.ThrowableCollector.execute(ThrowableCollector.java:73) ~[junit-platform-engine-1.11.4.jar:1.11.4]
	at org.junit.jupiter.engine.descriptor.ClassBasedTestDescriptor.instantiateAndPostProcessTestInstance(ClassBasedTestDescriptor.java:289) ~[junit-jupiter-engine-5.11.4.jar:5.11.4]
	at org.junit.jupiter.engine.descriptor.ClassBasedTestDescriptor.lambda$testInstancesProvider$5(ClassBasedTestDescriptor.java:279) ~[junit-jupiter-engine-5.11.4.jar:5.11.4]
	at java.base/java.util.Optional.orElseGet(Optional.java:364) ~[na:na]
	at org.junit.jupiter.engine.descriptor.ClassBasedTestDescriptor.lambda$testInstancesProvider$6(ClassBasedTestDescriptor.java:278) ~[junit-jupiter-engine-5.11.4.jar:5.11.4]
	at org.junit.jupiter.engine.execution.TestInstancesProvider.getTestInstances(TestInstancesProvider.java:31) ~[junit-jupiter-engine-5.11.4.jar:5.11.4]
	at org.junit.jupiter.engine.descriptor.TestMethodTestDescriptor.lambda$prepare$1(TestMethodTestDescriptor.java:105) ~[junit-jupiter-engine-5.11.4.jar:5.11.4]
	at org.junit.platform.engine.support.hierarchical.ThrowableCollector.execute(ThrowableCollector.java:73) ~[junit-platform-engine-1.11.4.jar:1.11.4]
	at org.junit.jupiter.engine.descriptor.TestMethodTestDescriptor.prepare(TestMethodTestDescriptor.java:104) ~[junit-jupiter-engine-5.11.4.jar:5.11.4]
	at org.junit.jupiter.engine.descriptor.TestMethodTestDescriptor.prepare(TestMethodTestDescriptor.java:68) ~[junit-jupiter-engine-5.11.4.jar:5.11.4]
	at org.junit.platform.engine.support.hierarchical.NodeTestTask.lambda$prepare$2(NodeTestTask.java:128) ~[junit-platform-engine-1.11.4.jar:1.11.4]
	at org.junit.platform.engine.support.hierarchical.ThrowableCollector.execute(ThrowableCollector.java:73) ~[junit-platform-engine-1.11.4.jar:1.11.4]
	at org.junit.platform.engine.support.hierarchical.NodeTestTask.prepare(NodeTestTask.java:128) ~[junit-platform-engine-1.11.4.jar:1.11.4]
	at org.junit.platform.engine.support.hierarchical.NodeTestTask.execute(NodeTestTask.java:95) ~[junit-platform-engine-1.11.4.jar:1.11.4]
	at java.base/java.util.ArrayList.forEach(ArrayList.java:1511) ~[na:na]
	at org.junit.platform.engine.support.hierarchical.SameThreadHierarchicalTestExecutorService.invokeAll(SameThreadHierarchicalTestExecutorService.java:41) ~[junit-platform-engine-1.11.4.jar:1.11.4]
	at org.junit.platform.engine.support.hierarchical.NodeTestTask.lambda$executeRecursively$6(NodeTestTask.java:160) ~[junit-platform-engine-1.11.4.jar:1.11.4]
	at org.junit.platform.engine.support.hierarchical.ThrowableCollector.execute(ThrowableCollector.java:73) ~[junit-platform-engine-1.11.4.jar:1.11.4]
	at org.junit.platform.engine.support.hierarchical.NodeTestTask.lambda$executeRecursively$8(NodeTestTask.java:146) ~[junit-platform-engine-1.11.4.jar:1.11.4]
	at org.junit.platform.engine.support.hierarchical.Node.around(Node.java:137) ~[junit-platform-engine-1.11.4.jar:1.11.4]
	at org.junit.platform.engine.support.hierarchical.NodeTestTask.lambda$executeRecursively$9(NodeTestTask.java:144) ~[junit-platform-engine-1.11.4.jar:1.11.4]
	at org.junit.platform.engine.support.hierarchical.ThrowableCollector.execute(ThrowableCollector.java:73) ~[junit-platform-engine-1.11.4.jar:1.11.4]
	at org.junit.platform.engine.support.hierarchical.NodeTestTask.executeRecursively(NodeTestTask.java:143) ~[junit-platform-engine-1.11.4.jar:1.11.4]
	at org.junit.platform.engine.support.hierarchical.NodeTestTask.execute(NodeTestTask.java:100) ~[junit-platform-engine-1.11.4.jar:1.11.4]
	at java.base/java.util.ArrayList.forEach(ArrayList.java:1511) ~[na:na]
	at org.junit.platform.engine.support.hierarchical.SameThreadHierarchicalTestExecutorService.invokeAll(SameThreadHierarchicalTestExecutorService.java:41) ~[junit-platform-engine-1.11.4.jar:1.11.4]
	at org.junit.platform.engine.support.hierarchical.NodeTestTask.lambda$executeRecursively$6(NodeTestTask.java:160) ~[junit-platform-engine-1.11.4.jar:1.11.4]
	at org.junit.platform.engine.support.hierarchical.ThrowableCollector.execute(ThrowableCollector.java:73) ~[junit-platform-engine-1.11.4.jar:1.11.4]
	at org.junit.platform.engine.support.hierarchical.NodeTestTask.lambda$executeRecursively$8(NodeTestTask.java:146) ~[junit-platform-engine-1.11.4.jar:1.11.4]
	at org.junit.platform.engine.support.hierarchical.Node.around(Node.java:137) ~[junit-platform-engine-1.11.4.jar:1.11.4]
	at org.junit.platform.engine.support.hierarchical.NodeTestTask.lambda$executeRecursively$9(NodeTestTask.java:144) ~[junit-platform-engine-1.11.4.jar:1.11.4]
	at org.junit.platform.engine.support.hierarchical.ThrowableCollector.execute(ThrowableCollector.java:73) ~[junit-platform-engine-1.11.4.jar:1.11.4]
	at org.junit.platform.engine.support.hierarchical.NodeTestTask.executeRecursively(NodeTestTask.java:143) ~[junit-platform-engine-1.11.4.jar:1.11.4]
	at org.junit.platform.engine.support.hierarchical.NodeTestTask.execute(NodeTestTask.java:100) ~[junit-platform-engine-1.11.4.jar:1.11.4]
	at org.junit.platform.engine.support.hierarchical.SameThreadHierarchicalTestExecutorService.submit(SameThreadHierarchicalTestExecutorService.java:35) ~[junit-platform-engine-1.11.4.jar:1.11.4]
	at org.junit.platform.engine.support.hierarchical.HierarchicalTestExecutor.execute(HierarchicalTestExecutor.java:57) ~[junit-platform-engine-1.11.4.jar:1.11.4]
	at org.junit.platform.engine.support.hierarchical.HierarchicalTestEngine.execute(HierarchicalTestEngine.java:54) ~[junit-platform-engine-1.11.4.jar:1.11.4]
	at org.junit.platform.launcher.core.EngineExecutionOrchestrator.execute(EngineExecutionOrchestrator.java:198) ~[junit-platform-launcher-1.11.4.jar:1.11.4]
	at org.junit.platform.launcher.core.EngineExecutionOrchestrator.execute(EngineExecutionOrchestrator.java:169) ~[junit-platform-launcher-1.11.4.jar:1.11.4]
	at org.junit.platform.launcher.core.EngineExecutionOrchestrator.execute(EngineExecutionOrchestrator.java:93) ~[junit-platform-launcher-1.11.4.jar:1.11.4]
	at org.junit.platform.launcher.core.EngineExecutionOrchestrator.lambda$execute$0(EngineExecutionOrchestrator.java:58) ~[junit-platform-launcher-1.11.4.jar:1.11.4]
	at org.junit.platform.launcher.core.EngineExecutionOrchestrator.withInterceptedStreams(EngineExecutionOrchestrator.java:141) ~[junit-platform-launcher-1.11.4.jar:1.11.4]
	at org.junit.platform.launcher.core.EngineExecutionOrchestrator.execute(EngineExecutionOrchestrator.java:57) ~[junit-platform-launcher-1.11.4.jar:1.11.4]
	at org.junit.platform.launcher.core.DefaultLauncher.execute(DefaultLauncher.java:103) ~[junit-platform-launcher-1.11.4.jar:1.11.4]
	at org.junit.platform.launcher.core.DefaultLauncher.execute(DefaultLauncher.java:85) ~[junit-platform-launcher-1.11.4.jar:1.11.4]
	at org.junit.platform.launcher.core.DelegatingLauncher.execute(DelegatingLauncher.java:47) ~[junit-platform-launcher-1.11.4.jar:1.11.4]
	at org.apache.maven.surefire.junitplatform.LazyLauncher.execute(LazyLauncher.java:56) ~[surefire-junit-platform-3.5.2.jar:3.5.2]
	at org.apache.maven.surefire.junitplatform.JUnitPlatformProvider.execute(JUnitPlatformProvider.java:184) ~[surefire-junit-platform-3.5.2.jar:3.5.2]
	at org.apache.maven.surefire.junitplatform.JUnitPlatformProvider.invokeAllTests(JUnitPlatformProvider.java:148) ~[surefire-junit-platform-3.5.2.jar:3.5.2]
	at org.apache.maven.surefire.junitplatform.JUnitPlatformProvider.invoke(JUnitPlatformProvider.java:122) ~[surefire-junit-platform-3.5.2.jar:3.5.2]
	at org.apache.maven.surefire.booter.ForkedBooter.runSuitesInProcess(ForkedBooter.java:385) ~[surefire-booter-3.5.2.jar:3.5.2]
	at org.apache.maven.surefire.booter.ForkedBooter.execute(ForkedBooter.java:162) ~[surefire-booter-3.5.2.jar:3.5.2]
	at org.apache.maven.surefire.booter.ForkedBooter.run(ForkedBooter.java:507) ~[surefire-booter-3.5.2.jar:3.5.2]
	at org.apache.maven.surefire.booter.ForkedBooter.main(ForkedBooter.java:495) ~[surefire-booter-3.5.2.jar:3.5.2]

2025-08-06T20:46:04.283+05:30 DEBUG 45196 --- [auction_application] [           main] o.s.d.jpa.repository.query.NamedQuery    : Did not find named query AuctionListing.findBySellerId
2025-08-06T20:46:04.284+05:30 DEBUG 45196 --- [auction_application] [           main] tor$SharedEntityManagerInvocationHandler : Creating new EntityManager for shared EntityManager invocation
2025-08-06T20:46:04.293+05:30 DEBUG 45196 --- [auction_application] [           main] o.s.d.jpa.repository.query.NamedQuery    : Looking up named query 'AuctionListing.findBySellerId'
2025-08-06T20:46:04.294+05:30 DEBUG 45196 --- [auction_application] [           main] cResourceLocalTransactionCoordinatorImpl : JDBC transaction marked for rollback-only (exception provided for stack trace)

java.lang.Exception: exception just for purpose of providing stack trace
	at org.hibernate.resource.transaction.backend.jdbc.internal.JdbcResourceLocalTransactionCoordinatorImpl$TransactionDriverControlImpl.markRollbackOnly(JdbcResourceLocalTransactionCoordinatorImpl.java:309) ~[hibernate-core-6.6.4.Final.jar:6.6.4.Final]
	at org.hibernate.internal.AbstractSharedSessionContract.buildNamedQuery(AbstractSharedSessionContract.java:1141) ~[hibernate-core-6.6.4.Final.jar:6.6.4.Final]
	at org.hibernate.internal.AbstractSharedSessionContract.createNamedQuery(AbstractSharedSessionContract.java:1019) ~[hibernate-core-6.6.4.Final.jar:6.6.4.Final]
	at org.hibernate.internal.AbstractSharedSessionContract.createNamedQuery(AbstractSharedSessionContract.java:143) ~[hibernate-core-6.6.4.Final.jar:6.6.4.Final]
	at java.base/jdk.internal.reflect.NativeMethodAccessorImpl.invoke0(Native Method) ~[na:na]
	at java.base/jdk.internal.reflect.NativeMethodAccessorImpl.invoke(NativeMethodAccessorImpl.java:77) ~[na:na]
	at java.base/jdk.internal.reflect.DelegatingMethodAccessorImpl.invoke(DelegatingMethodAccessorImpl.java:43) ~[na:na]
	at java.base/java.lang.reflect.Method.invoke(Method.java:568) ~[na:na]
	at org.springframework.orm.jpa.ExtendedEntityManagerCreator$ExtendedEntityManagerInvocationHandler.invoke(ExtendedEntityManagerCreator.java:364) ~[spring-orm-6.2.1.jar:6.2.1]
	at jdk.proxy2/jdk.proxy2.$Proxy131.createNamedQuery(Unknown Source) ~[na:na]
	at org.springframework.data.jpa.repository.query.NamedQuery.hasNamedQuery(NamedQuery.java:114) ~[spring-data-jpa-3.4.1.jar:3.4.1]
	at org.springframework.data.jpa.repository.query.NamedQuery.lookupFrom(NamedQuery.java:140) ~[spring-data-jpa-3.4.1.jar:3.4.1]
	at org.springframework.data.jpa.repository.query.JpaQueryLookupStrategy$DeclaredQueryLookupStrategy.resolveQuery(JpaQueryLookupStrategy.java:184) ~[spring-data-jpa-3.4.1.jar:3.4.1]
	at org.springframework.data.jpa.repository.query.JpaQueryLookupStrategy$CreateIfNotFoundQueryLookupStrategy.resolveQuery(JpaQueryLookupStrategy.java:256) ~[spring-data-jpa-3.4.1.jar:3.4.1]
	at org.springframework.data.jpa.repository.query.JpaQueryLookupStrategy$AbstractQueryLookupStrategy.resolveQuery(JpaQueryLookupStrategy.java:99) ~[spring-data-jpa-3.4.1.jar:3.4.1]
	at org.springframework.data.repository.core.support.QueryExecutorMethodInterceptor.lookupQuery(QueryExecutorMethodInterceptor.java:116) ~[spring-data-commons-3.4.1.jar:3.4.1]
	at org.springframework.data.repository.core.support.QueryExecutorMethodInterceptor.mapMethodsToQuery(QueryExecutorMethodInterceptor.java:104) ~[spring-data-commons-3.4.1.jar:3.4.1]
	at org.springframework.data.repository.core.support.QueryExecutorMethodInterceptor.lambda$new$0(QueryExecutorMethodInterceptor.java:92) ~[spring-data-commons-3.4.1.jar:3.4.1]
	at java.base/java.util.Optional.map(Optional.java:260) ~[na:na]
	at org.springframework.data.repository.core.support.QueryExecutorMethodInterceptor.<init>(QueryExecutorMethodInterceptor.java:92) ~[spring-data-commons-3.4.1.jar:3.4.1]
	at org.springframework.data.repository.core.support.RepositoryFactorySupport.getRepository(RepositoryFactorySupport.java:440) ~[spring-data-commons-3.4.1.jar:3.4.1]
	at org.springframework.data.repository.core.support.RepositoryFactoryBeanSupport.lambda$afterPropertiesSet$4(RepositoryFactoryBeanSupport.java:350) ~[spring-data-commons-3.4.1.jar:3.4.1]
	at org.springframework.data.util.Lazy.getNullable(Lazy.java:135) ~[spring-data-commons-3.4.1.jar:3.4.1]
	at org.springframework.data.util.Lazy.get(Lazy.java:113) ~[spring-data-commons-3.4.1.jar:3.4.1]
	at org.springframework.data.repository.core.support.RepositoryFactoryBeanSupport.afterPropertiesSet(RepositoryFactoryBeanSupport.java:356) ~[spring-data-commons-3.4.1.jar:3.4.1]
	at org.springframework.data.jpa.repository.support.JpaRepositoryFactoryBean.afterPropertiesSet(JpaRepositoryFactoryBean.java:132) ~[spring-data-jpa-3.4.1.jar:3.4.1]
	at org.springframework.beans.factory.support.AbstractAutowireCapableBeanFactory.invokeInitMethods(AbstractAutowireCapableBeanFactory.java:1855) ~[spring-beans-6.2.1.jar:6.2.1]
	at org.springframework.beans.factory.support.AbstractAutowireCapableBeanFactory.initializeBean(AbstractAutowireCapableBeanFactory.java:1804) ~[spring-beans-6.2.1.jar:6.2.1]
	at org.springframework.beans.factory.support.AbstractAutowireCapableBeanFactory.doCreateBean(AbstractAutowireCapableBeanFactory.java:601) ~[spring-beans-6.2.1.jar:6.2.1]
	at org.springframework.beans.factory.support.AbstractAutowireCapableBeanFactory.createBean(AbstractAutowireCapableBeanFactory.java:523) ~[spring-beans-6.2.1.jar:6.2.1]
	at org.springframework.beans.factory.support.AbstractBeanFactory.lambda$doGetBean$0(AbstractBeanFactory.java:336) ~[spring-beans-6.2.1.jar:6.2.1]
	at org.springframework.beans.factory.support.DefaultSingletonBeanRegistry.getSingleton(DefaultSingletonBeanRegistry.java:289) ~[spring-beans-6.2.1.jar:6.2.1]
	at org.springframework.beans.factory.support.AbstractBeanFactory.doGetBean(AbstractBeanFactory.java:334) ~[spring-beans-6.2.1.jar:6.2.1]
	at org.springframework.beans.factory.support.AbstractBeanFactory.getBean(AbstractBeanFactory.java:199) ~[spring-beans-6.2.1.jar:6.2.1]
	at org.springframework.beans.factory.support.DefaultListableBeanFactory.doResolveDependency(DefaultListableBeanFactory.java:1573) ~[spring-beans-6.2.1.jar:6.2.1]
	at org.springframework.beans.factory.support.DefaultListableBeanFactory.resolveDependency(DefaultListableBeanFactory.java:1519) ~[spring-beans-6.2.1.jar:6.2.1]
	at org.springframework.beans.factory.annotation.AutowiredAnnotationBeanPostProcessor$AutowiredFieldElement.resolveFieldValue(AutowiredAnnotationBeanPostProcessor.java:785) ~[spring-beans-6.2.1.jar:6.2.1]
	at org.springframework.beans.factory.annotation.AutowiredAnnotationBeanPostProcessor$AutowiredFieldElement.inject(AutowiredAnnotationBeanPostProcessor.java:768) ~[spring-beans-6.2.1.jar:6.2.1]
	at org.springframework.beans.factory.annotation.InjectionMetadata.inject(InjectionMetadata.java:146) ~[spring-beans-6.2.1.jar:6.2.1]
	at org.springframework.beans.factory.annotation.AutowiredAnnotationBeanPostProcessor.postProcessProperties(AutowiredAnnotationBeanPostProcessor.java:509) ~[spring-beans-6.2.1.jar:6.2.1]
	at org.springframework.beans.factory.support.AbstractAutowireCapableBeanFactory.populateBean(AbstractAutowireCapableBeanFactory.java:1441) ~[spring-beans-6.2.1.jar:6.2.1]
	at org.springframework.beans.factory.support.AbstractAutowireCapableBeanFactory.doCreateBean(AbstractAutowireCapableBeanFactory.java:600) ~[spring-beans-6.2.1.jar:6.2.1]
	at org.springframework.beans.factory.support.AbstractAutowireCapableBeanFactory.createBean(AbstractAutowireCapableBeanFactory.java:523) ~[spring-beans-6.2.1.jar:6.2.1]
	at org.springframework.beans.factory.support.AbstractBeanFactory.lambda$doGetBean$0(AbstractBeanFactory.java:336) ~[spring-beans-6.2.1.jar:6.2.1]
	at org.springframework.beans.factory.support.DefaultSingletonBeanRegistry.getSingleton(DefaultSingletonBeanRegistry.java:289) ~[spring-beans-6.2.1.jar:6.2.1]
	at org.springframework.beans.factory.support.AbstractBeanFactory.doGetBean(AbstractBeanFactory.java:334) ~[spring-beans-6.2.1.jar:6.2.1]
	at org.springframework.beans.factory.support.AbstractBeanFactory.getBean(AbstractBeanFactory.java:199) ~[spring-beans-6.2.1.jar:6.2.1]
	at org.springframework.beans.factory.support.DefaultListableBeanFactory.doResolveDependency(DefaultListableBeanFactory.java:1573) ~[spring-beans-6.2.1.jar:6.2.1]
	at org.springframework.beans.factory.support.DefaultListableBeanFactory.resolveDependency(DefaultListableBeanFactory.java:1519) ~[spring-beans-6.2.1.jar:6.2.1]
	at org.springframework.beans.factory.annotation.AutowiredAnnotationBeanPostProcessor$AutowiredFieldElement.resolveFieldValue(AutowiredAnnotationBeanPostProcessor.java:785) ~[spring-beans-6.2.1.jar:6.2.1]
	at org.springframework.beans.factory.annotation.AutowiredAnnotationBeanPostProcessor$AutowiredFieldElement.inject(AutowiredAnnotationBeanPostProcessor.java:768) ~[spring-beans-6.2.1.jar:6.2.1]
	at org.springframework.beans.factory.annotation.InjectionMetadata.inject(InjectionMetadata.java:146) ~[spring-beans-6.2.1.jar:6.2.1]
	at org.springframework.beans.factory.annotation.AutowiredAnnotationBeanPostProcessor.postProcessProperties(AutowiredAnnotationBeanPostProcessor.java:509) ~[spring-beans-6.2.1.jar:6.2.1]
	at org.springframework.beans.factory.support.AbstractAutowireCapableBeanFactory.populateBean(AbstractAutowireCapableBeanFactory.java:1441) ~[spring-beans-6.2.1.jar:6.2.1]
	at org.springframework.beans.factory.support.AbstractAutowireCapableBeanFactory.doCreateBean(AbstractAutowireCapableBeanFactory.java:600) ~[spring-beans-6.2.1.jar:6.2.1]
	at org.springframework.beans.factory.support.AbstractAutowireCapableBeanFactory.createBean(AbstractAutowireCapableBeanFactory.java:523) ~[spring-beans-6.2.1.jar:6.2.1]
	at org.springframework.beans.factory.support.AbstractBeanFactory.lambda$doGetBean$0(AbstractBeanFactory.java:336) ~[spring-beans-6.2.1.jar:6.2.1]
	at org.springframework.beans.factory.support.DefaultSingletonBeanRegistry.getSingleton(DefaultSingletonBeanRegistry.java:289) ~[spring-beans-6.2.1.jar:6.2.1]
	at org.springframework.beans.factory.support.AbstractBeanFactory.doGetBean(AbstractBeanFactory.java:334) ~[spring-beans-6.2.1.jar:6.2.1]
	at org.springframework.beans.factory.support.AbstractBeanFactory.getBean(AbstractBeanFactory.java:199) ~[spring-beans-6.2.1.jar:6.2.1]
	at org.springframework.beans.factory.support.DefaultListableBeanFactory.instantiateSingleton(DefaultListableBeanFactory.java:1122) ~[spring-beans-6.2.1.jar:6.2.1]
	at org.springframework.beans.factory.support.DefaultListableBeanFactory.preInstantiateSingleton(DefaultListableBeanFactory.java:1093) ~[spring-beans-6.2.1.jar:6.2.1]
	at org.springframework.beans.factory.support.DefaultListableBeanFactory.preInstantiateSingletons(DefaultListableBeanFactory.java:1030) ~[spring-beans-6.2.1.jar:6.2.1]
	at org.springframework.context.support.AbstractApplicationContext.finishBeanFactoryInitialization(AbstractApplicationContext.java:987) ~[spring-context-6.2.1.jar:6.2.1]
	at org.springframework.context.support.AbstractApplicationContext.refresh(AbstractApplicationContext.java:627) ~[spring-context-6.2.1.jar:6.2.1]
	at org.springframework.boot.SpringApplication.refresh(SpringApplication.java:752) ~[spring-boot-3.4.1.jar:3.4.1]
	at org.springframework.boot.SpringApplication.refreshContext(SpringApplication.java:439) ~[spring-boot-3.4.1.jar:3.4.1]
	at org.springframework.boot.SpringApplication.run(SpringApplication.java:318) ~[spring-boot-3.4.1.jar:3.4.1]
	at org.springframework.boot.test.context.SpringBootContextLoader.lambda$loadContext$3(SpringBootContextLoader.java:137) ~[spring-boot-test-3.4.1.jar:3.4.1]
	at org.springframework.util.function.ThrowingSupplier.get(ThrowingSupplier.java:58) ~[spring-core-6.2.1.jar:6.2.1]
	at org.springframework.util.function.ThrowingSupplier.get(ThrowingSupplier.java:46) ~[spring-core-6.2.1.jar:6.2.1]
	at org.springframework.boot.SpringApplication.withHook(SpringApplication.java:1461) ~[spring-boot-3.4.1.jar:3.4.1]
	at org.springframework.boot.test.context.SpringBootContextLoader$ContextLoaderHook.run(SpringBootContextLoader.java:553) ~[spring-boot-test-3.4.1.jar:3.4.1]
	at org.springframework.boot.test.context.SpringBootContextLoader.loadContext(SpringBootContextLoader.java:137) ~[spring-boot-test-3.4.1.jar:3.4.1]
	at org.springframework.boot.test.context.SpringBootContextLoader.loadContext(SpringBootContextLoader.java:108) ~[spring-boot-test-3.4.1.jar:3.4.1]
	at org.springframework.test.context.cache.DefaultCacheAwareContextLoaderDelegate.loadContextInternal(DefaultCacheAwareContextLoaderDelegate.java:225) ~[spring-test-6.2.1.jar:6.2.1]
	at org.springframework.test.context.cache.DefaultCacheAwareContextLoaderDelegate.loadContext(DefaultCacheAwareContextLoaderDelegate.java:152) ~[spring-test-6.2.1.jar:6.2.1]
	at org.springframework.test.context.support.DefaultTestContext.getApplicationContext(DefaultTestContext.java:130) ~[spring-test-6.2.1.jar:6.2.1]
	at org.springframework.test.context.web.ServletTestExecutionListener.setUpRequestContextIfNecessary(ServletTestExecutionListener.java:191) ~[spring-test-6.2.1.jar:6.2.1]
	at org.springframework.test.context.web.ServletTestExecutionListener.prepareTestInstance(ServletTestExecutionListener.java:130) ~[spring-test-6.2.1.jar:6.2.1]
	at org.springframework.test.context.TestContextManager.prepareTestInstance(TestContextManager.java:260) ~[spring-test-6.2.1.jar:6.2.1]
	at org.springframework.test.context.junit.jupiter.SpringExtension.postProcessTestInstance(SpringExtension.java:160) ~[spring-test-6.2.1.jar:6.2.1]
	at org.junit.jupiter.engine.descriptor.ClassBasedTestDescriptor.lambda$invokeTestInstancePostProcessors$11(ClassBasedTestDescriptor.java:378) ~[junit-jupiter-engine-5.11.4.jar:5.11.4]
	at org.junit.jupiter.engine.descriptor.ClassBasedTestDescriptor.executeAndMaskThrowable(ClassBasedTestDescriptor.java:383) ~[junit-jupiter-engine-5.11.4.jar:5.11.4]
	at org.junit.jupiter.engine.descriptor.ClassBasedTestDescriptor.lambda$invokeTestInstancePostProcessors$12(ClassBasedTestDescriptor.java:378) ~[junit-jupiter-engine-5.11.4.jar:5.11.4]
	at java.base/java.util.stream.ForEachOps$ForEachOp$OfRef.accept(ForEachOps.java:183) ~[na:na]
	at java.base/java.util.stream.ReferencePipeline$3$1.accept(ReferencePipeline.java:197) ~[na:na]
	at java.base/java.util.stream.ReferencePipeline$2$1.accept(ReferencePipeline.java:179) ~[na:na]
	at java.base/java.util.stream.ReferencePipeline$3$1.accept(ReferencePipeline.java:197) ~[na:na]
	at java.base/java.util.ArrayList$ArrayListSpliterator.forEachRemaining(ArrayList.java:1625) ~[na:na]
	at java.base/java.util.stream.AbstractPipeline.copyInto(AbstractPipeline.java:509) ~[na:na]
	at java.base/java.util.stream.AbstractPipeline.wrapAndCopyInto(AbstractPipeline.java:499) ~[na:na]
	at java.base/java.util.stream.ForEachOps$ForEachOp.evaluateSequential(ForEachOps.java:150) ~[na:na]
	at java.base/java.util.stream.ForEachOps$ForEachOp$OfRef.evaluateSequential(ForEachOps.java:173) ~[na:na]
	at java.base/java.util.stream.AbstractPipeline.evaluate(AbstractPipeline.java:234) ~[na:na]
	at java.base/java.util.stream.ReferencePipeline.forEach(ReferencePipeline.java:596) ~[na:na]
	at org.junit.jupiter.engine.descriptor.ClassBasedTestDescriptor.invokeTestInstancePostProcessors(ClassBasedTestDescriptor.java:377) ~[junit-jupiter-engine-5.11.4.jar:5.11.4]
	at org.junit.jupiter.engine.descriptor.ClassBasedTestDescriptor.lambda$instantiateAndPostProcessTestInstance$7(ClassBasedTestDescriptor.java:290) ~[junit-jupiter-engine-5.11.4.jar:5.11.4]
	at org.junit.platform.engine.support.hierarchical.ThrowableCollector.execute(ThrowableCollector.java:73) ~[junit-platform-engine-1.11.4.jar:1.11.4]
	at org.junit.jupiter.engine.descriptor.ClassBasedTestDescriptor.instantiateAndPostProcessTestInstance(ClassBasedTestDescriptor.java:289) ~[junit-jupiter-engine-5.11.4.jar:5.11.4]
	at org.junit.jupiter.engine.descriptor.ClassBasedTestDescriptor.lambda$testInstancesProvider$5(ClassBasedTestDescriptor.java:279) ~[junit-jupiter-engine-5.11.4.jar:5.11.4]
	at java.base/java.util.Optional.orElseGet(Optional.java:364) ~[na:na]
	at org.junit.jupiter.engine.descriptor.ClassBasedTestDescriptor.lambda$testInstancesProvider$6(ClassBasedTestDescriptor.java:278) ~[junit-jupiter-engine-5.11.4.jar:5.11.4]
	at org.junit.jupiter.engine.execution.TestInstancesProvider.getTestInstances(TestInstancesProvider.java:31) ~[junit-jupiter-engine-5.11.4.jar:5.11.4]
	at org.junit.jupiter.engine.descriptor.TestMethodTestDescriptor.lambda$prepare$1(TestMethodTestDescriptor.java:105) ~[junit-jupiter-engine-5.11.4.jar:5.11.4]
	at org.junit.platform.engine.support.hierarchical.ThrowableCollector.execute(ThrowableCollector.java:73) ~[junit-platform-engine-1.11.4.jar:1.11.4]
	at org.junit.jupiter.engine.descriptor.TestMethodTestDescriptor.prepare(TestMethodTestDescriptor.java:104) ~[junit-jupiter-engine-5.11.4.jar:5.11.4]
	at org.junit.jupiter.engine.descriptor.TestMethodTestDescriptor.prepare(TestMethodTestDescriptor.java:68) ~[junit-jupiter-engine-5.11.4.jar:5.11.4]
	at org.junit.platform.engine.support.hierarchical.NodeTestTask.lambda$prepare$2(NodeTestTask.java:128) ~[junit-platform-engine-1.11.4.jar:1.11.4]
	at org.junit.platform.engine.support.hierarchical.ThrowableCollector.execute(ThrowableCollector.java:73) ~[junit-platform-engine-1.11.4.jar:1.11.4]
	at org.junit.platform.engine.support.hierarchical.NodeTestTask.prepare(NodeTestTask.java:128) ~[junit-platform-engine-1.11.4.jar:1.11.4]
	at org.junit.platform.engine.support.hierarchical.NodeTestTask.execute(NodeTestTask.java:95) ~[junit-platform-engine-1.11.4.jar:1.11.4]
	at java.base/java.util.ArrayList.forEach(ArrayList.java:1511) ~[na:na]
	at org.junit.platform.engine.support.hierarchical.SameThreadHierarchicalTestExecutorService.invokeAll(SameThreadHierarchicalTestExecutorService.java:41) ~[junit-platform-engine-1.11.4.jar:1.11.4]
	at org.junit.platform.engine.support.hierarchical.NodeTestTask.lambda$executeRecursively$6(NodeTestTask.java:160) ~[junit-platform-engine-1.11.4.jar:1.11.4]
	at org.junit.platform.engine.support.hierarchical.ThrowableCollector.execute(ThrowableCollector.java:73) ~[junit-platform-engine-1.11.4.jar:1.11.4]
	at org.junit.platform.engine.support.hierarchical.NodeTestTask.lambda$executeRecursively$8(NodeTestTask.java:146) ~[junit-platform-engine-1.11.4.jar:1.11.4]
	at org.junit.platform.engine.support.hierarchical.Node.around(Node.java:137) ~[junit-platform-engine-1.11.4.jar:1.11.4]
	at org.junit.platform.engine.support.hierarchical.NodeTestTask.lambda$executeRecursively$9(NodeTestTask.java:144) ~[junit-platform-engine-1.11.4.jar:1.11.4]
	at org.junit.platform.engine.support.hierarchical.ThrowableCollector.execute(ThrowableCollector.java:73) ~[junit-platform-engine-1.11.4.jar:1.11.4]
	at org.junit.platform.engine.support.hierarchical.NodeTestTask.executeRecursively(NodeTestTask.java:143) ~[junit-platform-engine-1.11.4.jar:1.11.4]
	at org.junit.platform.engine.support.hierarchical.NodeTestTask.execute(NodeTestTask.java:100) ~[junit-platform-engine-1.11.4.jar:1.11.4]
	at java.base/java.util.ArrayList.forEach(ArrayList.java:1511) ~[na:na]
	at org.junit.platform.engine.support.hierarchical.SameThreadHierarchicalTestExecutorService.invokeAll(SameThreadHierarchicalTestExecutorService.java:41) ~[junit-platform-engine-1.11.4.jar:1.11.4]
	at org.junit.platform.engine.support.hierarchical.NodeTestTask.lambda$executeRecursively$6(NodeTestTask.java:160) ~[junit-platform-engine-1.11.4.jar:1.11.4]
	at org.junit.platform.engine.support.hierarchical.ThrowableCollector.execute(ThrowableCollector.java:73) ~[junit-platform-engine-1.11.4.jar:1.11.4]
	at org.junit.platform.engine.support.hierarchical.NodeTestTask.lambda$executeRecursively$8(NodeTestTask.java:146) ~[junit-platform-engine-1.11.4.jar:1.11.4]
	at org.junit.platform.engine.support.hierarchical.Node.around(Node.java:137) ~[junit-platform-engine-1.11.4.jar:1.11.4]
	at org.junit.platform.engine.support.hierarchical.NodeTestTask.lambda$executeRecursively$9(NodeTestTask.java:144) ~[junit-platform-engine-1.11.4.jar:1.11.4]
	at org.junit.platform.engine.support.hierarchical.ThrowableCollector.execute(ThrowableCollector.java:73) ~[junit-platform-engine-1.11.4.jar:1.11.4]
	at org.junit.platform.engine.support.hierarchical.NodeTestTask.executeRecursively(NodeTestTask.java:143) ~[junit-platform-engine-1.11.4.jar:1.11.4]
	at org.junit.platform.engine.support.hierarchical.NodeTestTask.execute(NodeTestTask.java:100) ~[junit-platform-engine-1.11.4.jar:1.11.4]
	at org.junit.platform.engine.support.hierarchical.SameThreadHierarchicalTestExecutorService.submit(SameThreadHierarchicalTestExecutorService.java:35) ~[junit-platform-engine-1.11.4.jar:1.11.4]
	at org.junit.platform.engine.support.hierarchical.HierarchicalTestExecutor.execute(HierarchicalTestExecutor.java:57) ~[junit-platform-engine-1.11.4.jar:1.11.4]
	at org.junit.platform.engine.support.hierarchical.HierarchicalTestEngine.execute(HierarchicalTestEngine.java:54) ~[junit-platform-engine-1.11.4.jar:1.11.4]
	at org.junit.platform.launcher.core.EngineExecutionOrchestrator.execute(EngineExecutionOrchestrator.java:198) ~[junit-platform-launcher-1.11.4.jar:1.11.4]
	at org.junit.platform.launcher.core.EngineExecutionOrchestrator.execute(EngineExecutionOrchestrator.java:169) ~[junit-platform-launcher-1.11.4.jar:1.11.4]
	at org.junit.platform.launcher.core.EngineExecutionOrchestrator.execute(EngineExecutionOrchestrator.java:93) ~[junit-platform-launcher-1.11.4.jar:1.11.4]
	at org.junit.platform.launcher.core.EngineExecutionOrchestrator.lambda$execute$0(EngineExecutionOrchestrator.java:58) ~[junit-platform-launcher-1.11.4.jar:1.11.4]
	at org.junit.platform.launcher.core.EngineExecutionOrchestrator.withInterceptedStreams(EngineExecutionOrchestrator.java:141) ~[junit-platform-launcher-1.11.4.jar:1.11.4]
	at org.junit.platform.launcher.core.EngineExecutionOrchestrator.execute(EngineExecutionOrchestrator.java:57) ~[junit-platform-launcher-1.11.4.jar:1.11.4]
	at org.junit.platform.launcher.core.DefaultLauncher.execute(DefaultLauncher.java:103) ~[junit-platform-launcher-1.11.4.jar:1.11.4]
	at org.junit.platform.launcher.core.DefaultLauncher.execute(DefaultLauncher.java:85) ~[junit-platform-launcher-1.11.4.jar:1.11.4]
	at org.junit.platform.launcher.core.DelegatingLauncher.execute(DelegatingLauncher.java:47) ~[junit-platform-launcher-1.11.4.jar:1.11.4]
	at org.apache.maven.surefire.junitplatform.LazyLauncher.execute(LazyLauncher.java:56) ~[surefire-junit-platform-3.5.2.jar:3.5.2]
	at org.apache.maven.surefire.junitplatform.JUnitPlatformProvider.execute(JUnitPlatformProvider.java:184) ~[surefire-junit-platform-3.5.2.jar:3.5.2]
	at org.apache.maven.surefire.junitplatform.JUnitPlatformProvider.invokeAllTests(JUnitPlatformProvider.java:148) ~[surefire-junit-platform-3.5.2.jar:3.5.2]
	at org.apache.maven.surefire.junitplatform.JUnitPlatformProvider.invoke(JUnitPlatformProvider.java:122) ~[surefire-junit-platform-3.5.2.jar:3.5.2]
	at org.apache.maven.surefire.booter.ForkedBooter.runSuitesInProcess(ForkedBooter.java:385) ~[surefire-booter-3.5.2.jar:3.5.2]
	at org.apache.maven.surefire.booter.ForkedBooter.execute(ForkedBooter.java:162) ~[surefire-booter-3.5.2.jar:3.5.2]
	at org.apache.maven.surefire.booter.ForkedBooter.run(ForkedBooter.java:507) ~[surefire-booter-3.5.2.jar:3.5.2]
	at org.apache.maven.surefire.booter.ForkedBooter.main(ForkedBooter.java:495) ~[surefire-booter-3.5.2.jar:3.5.2]

2025-08-06T20:46:04.295+05:30 DEBUG 45196 --- [auction_application] [           main] o.s.d.jpa.repository.query.NamedQuery    : Did not find named query AuctionListing.findBySellerId
2025-08-06T20:46:04.295+05:30 DEBUG 45196 --- [auction_application] [           main] tor$SharedEntityManagerInvocationHandler : Creating new EntityManager for shared EntityManager invocation
2025-08-06T20:46:04.304+05:30 DEBUG 45196 --- [auction_application] [           main] cResourceLocalTransactionCoordinatorImpl : JDBC transaction marked for rollback-only (exception provided for stack trace)

java.lang.Exception: exception just for purpose of providing stack trace
	at org.hibernate.resource.transaction.backend.jdbc.internal.JdbcResourceLocalTransactionCoordinatorImpl$TransactionDriverControlImpl.markRollbackOnly(JdbcResourceLocalTransactionCoordinatorImpl.java:309) ~[hibernate-core-6.6.4.Final.jar:6.6.4.Final]
	at org.hibernate.internal.AbstractSharedSessionContract.buildNamedQuery(AbstractSharedSessionContract.java:1141) ~[hibernate-core-6.6.4.Final.jar:6.6.4.Final]
	at org.hibernate.internal.AbstractSharedSessionContract.createNamedQuery(AbstractSharedSessionContract.java:1019) ~[hibernate-core-6.6.4.Final.jar:6.6.4.Final]
	at org.hibernate.internal.AbstractSharedSessionContract.createNamedQuery(AbstractSharedSessionContract.java:143) ~[hibernate-core-6.6.4.Final.jar:6.6.4.Final]
	at java.base/jdk.internal.reflect.NativeMethodAccessorImpl.invoke0(Native Method) ~[na:na]
	at java.base/jdk.internal.reflect.NativeMethodAccessorImpl.invoke(NativeMethodAccessorImpl.java:77) ~[na:na]
	at java.base/jdk.internal.reflect.DelegatingMethodAccessorImpl.invoke(DelegatingMethodAccessorImpl.java:43) ~[na:na]
	at java.base/java.lang.reflect.Method.invoke(Method.java:568) ~[na:na]
	at org.springframework.orm.jpa.ExtendedEntityManagerCreator$ExtendedEntityManagerInvocationHandler.invoke(ExtendedEntityManagerCreator.java:364) ~[spring-orm-6.2.1.jar:6.2.1]
	at jdk.proxy2/jdk.proxy2.$Proxy131.createNamedQuery(Unknown Source) ~[na:na]
	at org.springframework.data.jpa.repository.query.NamedQuery.hasNamedQuery(NamedQuery.java:114) ~[spring-data-jpa-3.4.1.jar:3.4.1]
	at org.springframework.data.jpa.repository.query.JpaQueryLookupStrategy$DeclaredQueryLookupStrategy.getCountQuery(JpaQueryLookupStrategy.java:208) ~[spring-data-jpa-3.4.1.jar:3.4.1]
	at org.springframework.data.jpa.repository.query.JpaQueryLookupStrategy$DeclaredQueryLookupStrategy.resolveQuery(JpaQueryLookupStrategy.java:175) ~[spring-data-jpa-3.4.1.jar:3.4.1]
	at org.springframework.data.jpa.repository.query.JpaQueryLookupStrategy$CreateIfNotFoundQueryLookupStrategy.resolveQuery(JpaQueryLookupStrategy.java:256) ~[spring-data-jpa-3.4.1.jar:3.4.1]
	at org.springframework.data.jpa.repository.query.JpaQueryLookupStrategy$AbstractQueryLookupStrategy.resolveQuery(JpaQueryLookupStrategy.java:99) ~[spring-data-jpa-3.4.1.jar:3.4.1]
	at org.springframework.data.repository.core.support.QueryExecutorMethodInterceptor.lookupQuery(QueryExecutorMethodInterceptor.java:116) ~[spring-data-commons-3.4.1.jar:3.4.1]
	at org.springframework.data.repository.core.support.QueryExecutorMethodInterceptor.mapMethodsToQuery(QueryExecutorMethodInterceptor.java:104) ~[spring-data-commons-3.4.1.jar:3.4.1]
	at org.springframework.data.repository.core.support.QueryExecutorMethodInterceptor.lambda$new$0(QueryExecutorMethodInterceptor.java:92) ~[spring-data-commons-3.4.1.jar:3.4.1]
	at java.base/java.util.Optional.map(Optional.java:260) ~[na:na]
	at org.springframework.data.repository.core.support.QueryExecutorMethodInterceptor.<init>(QueryExecutorMethodInterceptor.java:92) ~[spring-data-commons-3.4.1.jar:3.4.1]
	at org.springframework.data.repository.core.support.RepositoryFactorySupport.getRepository(RepositoryFactorySupport.java:440) ~[spring-data-commons-3.4.1.jar:3.4.1]
	at org.springframework.data.repository.core.support.RepositoryFactoryBeanSupport.lambda$afterPropertiesSet$4(RepositoryFactoryBeanSupport.java:350) ~[spring-data-commons-3.4.1.jar:3.4.1]
	at org.springframework.data.util.Lazy.getNullable(Lazy.java:135) ~[spring-data-commons-3.4.1.jar:3.4.1]
	at org.springframework.data.util.Lazy.get(Lazy.java:113) ~[spring-data-commons-3.4.1.jar:3.4.1]
	at org.springframework.data.repository.core.support.RepositoryFactoryBeanSupport.afterPropertiesSet(RepositoryFactoryBeanSupport.java:356) ~[spring-data-commons-3.4.1.jar:3.4.1]
	at org.springframework.data.jpa.repository.support.JpaRepositoryFactoryBean.afterPropertiesSet(JpaRepositoryFactoryBean.java:132) ~[spring-data-jpa-3.4.1.jar:3.4.1]
	at org.springframework.beans.factory.support.AbstractAutowireCapableBeanFactory.invokeInitMethods(AbstractAutowireCapableBeanFactory.java:1855) ~[spring-beans-6.2.1.jar:6.2.1]
	at org.springframework.beans.factory.support.AbstractAutowireCapableBeanFactory.initializeBean(AbstractAutowireCapableBeanFactory.java:1804) ~[spring-beans-6.2.1.jar:6.2.1]
	at org.springframework.beans.factory.support.AbstractAutowireCapableBeanFactory.doCreateBean(AbstractAutowireCapableBeanFactory.java:601) ~[spring-beans-6.2.1.jar:6.2.1]
	at org.springframework.beans.factory.support.AbstractAutowireCapableBeanFactory.createBean(AbstractAutowireCapableBeanFactory.java:523) ~[spring-beans-6.2.1.jar:6.2.1]
	at org.springframework.beans.factory.support.AbstractBeanFactory.lambda$doGetBean$0(AbstractBeanFactory.java:336) ~[spring-beans-6.2.1.jar:6.2.1]
	at org.springframework.beans.factory.support.DefaultSingletonBeanRegistry.getSingleton(DefaultSingletonBeanRegistry.java:289) ~[spring-beans-6.2.1.jar:6.2.1]
	at org.springframework.beans.factory.support.AbstractBeanFactory.doGetBean(AbstractBeanFactory.java:334) ~[spring-beans-6.2.1.jar:6.2.1]
	at org.springframework.beans.factory.support.AbstractBeanFactory.getBean(AbstractBeanFactory.java:199) ~[spring-beans-6.2.1.jar:6.2.1]
	at org.springframework.beans.factory.support.DefaultListableBeanFactory.doResolveDependency(DefaultListableBeanFactory.java:1573) ~[spring-beans-6.2.1.jar:6.2.1]
	at org.springframework.beans.factory.support.DefaultListableBeanFactory.resolveDependency(DefaultListableBeanFactory.java:1519) ~[spring-beans-6.2.1.jar:6.2.1]
	at org.springframework.beans.factory.annotation.AutowiredAnnotationBeanPostProcessor$AutowiredFieldElement.resolveFieldValue(AutowiredAnnotationBeanPostProcessor.java:785) ~[spring-beans-6.2.1.jar:6.2.1]
	at org.springframework.beans.factory.annotation.AutowiredAnnotationBeanPostProcessor$AutowiredFieldElement.inject(AutowiredAnnotationBeanPostProcessor.java:768) ~[spring-beans-6.2.1.jar:6.2.1]
	at org.springframework.beans.factory.annotation.InjectionMetadata.inject(InjectionMetadata.java:146) ~[spring-beans-6.2.1.jar:6.2.1]
	at org.springframework.beans.factory.annotation.AutowiredAnnotationBeanPostProcessor.postProcessProperties(AutowiredAnnotationBeanPostProcessor.java:509) ~[spring-beans-6.2.1.jar:6.2.1]
	at org.springframework.beans.factory.support.AbstractAutowireCapableBeanFactory.populateBean(AbstractAutowireCapableBeanFactory.java:1441) ~[spring-beans-6.2.1.jar:6.2.1]
	at org.springframework.beans.factory.support.AbstractAutowireCapableBeanFactory.doCreateBean(AbstractAutowireCapableBeanFactory.java:600) ~[spring-beans-6.2.1.jar:6.2.1]
	at org.springframework.beans.factory.support.AbstractAutowireCapableBeanFactory.createBean(AbstractAutowireCapableBeanFactory.java:523) ~[spring-beans-6.2.1.jar:6.2.1]
	at org.springframework.beans.factory.support.AbstractBeanFactory.lambda$doGetBean$0(AbstractBeanFactory.java:336) ~[spring-beans-6.2.1.jar:6.2.1]
	at org.springframework.beans.factory.support.DefaultSingletonBeanRegistry.getSingleton(DefaultSingletonBeanRegistry.java:289) ~[spring-beans-6.2.1.jar:6.2.1]
	at org.springframework.beans.factory.support.AbstractBeanFactory.doGetBean(AbstractBeanFactory.java:334) ~[spring-beans-6.2.1.jar:6.2.1]
	at org.springframework.beans.factory.support.AbstractBeanFactory.getBean(AbstractBeanFactory.java:199) ~[spring-beans-6.2.1.jar:6.2.1]
	at org.springframework.beans.factory.support.DefaultListableBeanFactory.doResolveDependency(DefaultListableBeanFactory.java:1573) ~[spring-beans-6.2.1.jar:6.2.1]
	at org.springframework.beans.factory.support.DefaultListableBeanFactory.resolveDependency(DefaultListableBeanFactory.java:1519) ~[spring-beans-6.2.1.jar:6.2.1]
	at org.springframework.beans.factory.annotation.AutowiredAnnotationBeanPostProcessor$AutowiredFieldElement.resolveFieldValue(AutowiredAnnotationBeanPostProcessor.java:785) ~[spring-beans-6.2.1.jar:6.2.1]
	at org.springframework.beans.factory.annotation.AutowiredAnnotationBeanPostProcessor$AutowiredFieldElement.inject(AutowiredAnnotationBeanPostProcessor.java:768) ~[spring-beans-6.2.1.jar:6.2.1]
	at org.springframework.beans.factory.annotation.InjectionMetadata.inject(InjectionMetadata.java:146) ~[spring-beans-6.2.1.jar:6.2.1]
	at org.springframework.beans.factory.annotation.AutowiredAnnotationBeanPostProcessor.postProcessProperties(AutowiredAnnotationBeanPostProcessor.java:509) ~[spring-beans-6.2.1.jar:6.2.1]
	at org.springframework.beans.factory.support.AbstractAutowireCapableBeanFactory.populateBean(AbstractAutowireCapableBeanFactory.java:1441) ~[spring-beans-6.2.1.jar:6.2.1]
	at org.springframework.beans.factory.support.AbstractAutowireCapableBeanFactory.doCreateBean(AbstractAutowireCapableBeanFactory.java:600) ~[spring-beans-6.2.1.jar:6.2.1]
	at org.springframework.beans.factory.support.AbstractAutowireCapableBeanFactory.createBean(AbstractAutowireCapableBeanFactory.java:523) ~[spring-beans-6.2.1.jar:6.2.1]
	at org.springframework.beans.factory.support.AbstractBeanFactory.lambda$doGetBean$0(AbstractBeanFactory.java:336) ~[spring-beans-6.2.1.jar:6.2.1]
	at org.springframework.beans.factory.support.DefaultSingletonBeanRegistry.getSingleton(DefaultSingletonBeanRegistry.java:289) ~[spring-beans-6.2.1.jar:6.2.1]
	at org.springframework.beans.factory.support.AbstractBeanFactory.doGetBean(AbstractBeanFactory.java:334) ~[spring-beans-6.2.1.jar:6.2.1]
	at org.springframework.beans.factory.support.AbstractBeanFactory.getBean(AbstractBeanFactory.java:199) ~[spring-beans-6.2.1.jar:6.2.1]
	at org.springframework.beans.factory.support.DefaultListableBeanFactory.instantiateSingleton(DefaultListableBeanFactory.java:1122) ~[spring-beans-6.2.1.jar:6.2.1]
	at org.springframework.beans.factory.support.DefaultListableBeanFactory.preInstantiateSingleton(DefaultListableBeanFactory.java:1093) ~[spring-beans-6.2.1.jar:6.2.1]
	at org.springframework.beans.factory.support.DefaultListableBeanFactory.preInstantiateSingletons(DefaultListableBeanFactory.java:1030) ~[spring-beans-6.2.1.jar:6.2.1]
	at org.springframework.context.support.AbstractApplicationContext.finishBeanFactoryInitialization(AbstractApplicationContext.java:987) ~[spring-context-6.2.1.jar:6.2.1]
	at org.springframework.context.support.AbstractApplicationContext.refresh(AbstractApplicationContext.java:627) ~[spring-context-6.2.1.jar:6.2.1]
	at org.springframework.boot.SpringApplication.refresh(SpringApplication.java:752) ~[spring-boot-3.4.1.jar:3.4.1]
	at org.springframework.boot.SpringApplication.refreshContext(SpringApplication.java:439) ~[spring-boot-3.4.1.jar:3.4.1]
	at org.springframework.boot.SpringApplication.run(SpringApplication.java:318) ~[spring-boot-3.4.1.jar:3.4.1]
	at org.springframework.boot.test.context.SpringBootContextLoader.lambda$loadContext$3(SpringBootContextLoader.java:137) ~[spring-boot-test-3.4.1.jar:3.4.1]
	at org.springframework.util.function.ThrowingSupplier.get(ThrowingSupplier.java:58) ~[spring-core-6.2.1.jar:6.2.1]
	at org.springframework.util.function.ThrowingSupplier.get(ThrowingSupplier.java:46) ~[spring-core-6.2.1.jar:6.2.1]
	at org.springframework.boot.SpringApplication.withHook(SpringApplication.java:1461) ~[spring-boot-3.4.1.jar:3.4.1]
	at org.springframework.boot.test.context.SpringBootContextLoader$ContextLoaderHook.run(SpringBootContextLoader.java:553) ~[spring-boot-test-3.4.1.jar:3.4.1]
	at org.springframework.boot.test.context.SpringBootContextLoader.loadContext(SpringBootContextLoader.java:137) ~[spring-boot-test-3.4.1.jar:3.4.1]
	at org.springframework.boot.test.context.SpringBootContextLoader.loadContext(SpringBootContextLoader.java:108) ~[spring-boot-test-3.4.1.jar:3.4.1]
	at org.springframework.test.context.cache.DefaultCacheAwareContextLoaderDelegate.loadContextInternal(DefaultCacheAwareContextLoaderDelegate.java:225) ~[spring-test-6.2.1.jar:6.2.1]
	at org.springframework.test.context.cache.DefaultCacheAwareContextLoaderDelegate.loadContext(DefaultCacheAwareContextLoaderDelegate.java:152) ~[spring-test-6.2.1.jar:6.2.1]
	at org.springframework.test.context.support.DefaultTestContext.getApplicationContext(DefaultTestContext.java:130) ~[spring-test-6.2.1.jar:6.2.1]
	at org.springframework.test.context.web.ServletTestExecutionListener.setUpRequestContextIfNecessary(ServletTestExecutionListener.java:191) ~[spring-test-6.2.1.jar:6.2.1]
	at org.springframework.test.context.web.ServletTestExecutionListener.prepareTestInstance(ServletTestExecutionListener.java:130) ~[spring-test-6.2.1.jar:6.2.1]
	at org.springframework.test.context.TestContextManager.prepareTestInstance(TestContextManager.java:260) ~[spring-test-6.2.1.jar:6.2.1]
	at org.springframework.test.context.junit.jupiter.SpringExtension.postProcessTestInstance(SpringExtension.java:160) ~[spring-test-6.2.1.jar:6.2.1]
	at org.junit.jupiter.engine.descriptor.ClassBasedTestDescriptor.lambda$invokeTestInstancePostProcessors$11(ClassBasedTestDescriptor.java:378) ~[junit-jupiter-engine-5.11.4.jar:5.11.4]
	at org.junit.jupiter.engine.descriptor.ClassBasedTestDescriptor.executeAndMaskThrowable(ClassBasedTestDescriptor.java:383) ~[junit-jupiter-engine-5.11.4.jar:5.11.4]
	at org.junit.jupiter.engine.descriptor.ClassBasedTestDescriptor.lambda$invokeTestInstancePostProcessors$12(ClassBasedTestDescriptor.java:378) ~[junit-jupiter-engine-5.11.4.jar:5.11.4]
	at java.base/java.util.stream.ForEachOps$ForEachOp$OfRef.accept(ForEachOps.java:183) ~[na:na]
	at java.base/java.util.stream.ReferencePipeline$3$1.accept(ReferencePipeline.java:197) ~[na:na]
	at java.base/java.util.stream.ReferencePipeline$2$1.accept(ReferencePipeline.java:179) ~[na:na]
	at java.base/java.util.stream.ReferencePipeline$3$1.accept(ReferencePipeline.java:197) ~[na:na]
	at java.base/java.util.ArrayList$ArrayListSpliterator.forEachRemaining(ArrayList.java:1625) ~[na:na]
	at java.base/java.util.stream.AbstractPipeline.copyInto(AbstractPipeline.java:509) ~[na:na]
	at java.base/java.util.stream.AbstractPipeline.wrapAndCopyInto(AbstractPipeline.java:499) ~[na:na]
	at java.base/java.util.stream.ForEachOps$ForEachOp.evaluateSequential(ForEachOps.java:150) ~[na:na]
	at java.base/java.util.stream.ForEachOps$ForEachOp$OfRef.evaluateSequential(ForEachOps.java:173) ~[na:na]
	at java.base/java.util.stream.AbstractPipeline.evaluate(AbstractPipeline.java:234) ~[na:na]
	at java.base/java.util.stream.ReferencePipeline.forEach(ReferencePipeline.java:596) ~[na:na]
	at org.junit.jupiter.engine.descriptor.ClassBasedTestDescriptor.invokeTestInstancePostProcessors(ClassBasedTestDescriptor.java:377) ~[junit-jupiter-engine-5.11.4.jar:5.11.4]
	at org.junit.jupiter.engine.descriptor.ClassBasedTestDescriptor.lambda$instantiateAndPostProcessTestInstance$7(ClassBasedTestDescriptor.java:290) ~[junit-jupiter-engine-5.11.4.jar:5.11.4]
	at org.junit.platform.engine.support.hierarchical.ThrowableCollector.execute(ThrowableCollector.java:73) ~[junit-platform-engine-1.11.4.jar:1.11.4]
	at org.junit.jupiter.engine.descriptor.ClassBasedTestDescriptor.instantiateAndPostProcessTestInstance(ClassBasedTestDescriptor.java:289) ~[junit-jupiter-engine-5.11.4.jar:5.11.4]
	at org.junit.jupiter.engine.descriptor.ClassBasedTestDescriptor.lambda$testInstancesProvider$5(ClassBasedTestDescriptor.java:279) ~[junit-jupiter-engine-5.11.4.jar:5.11.4]
	at java.base/java.util.Optional.orElseGet(Optional.java:364) ~[na:na]
	at org.junit.jupiter.engine.descriptor.ClassBasedTestDescriptor.lambda$testInstancesProvider$6(ClassBasedTestDescriptor.java:278) ~[junit-jupiter-engine-5.11.4.jar:5.11.4]
	at org.junit.jupiter.engine.execution.TestInstancesProvider.getTestInstances(TestInstancesProvider.java:31) ~[junit-jupiter-engine-5.11.4.jar:5.11.4]
	at org.junit.jupiter.engine.descriptor.TestMethodTestDescriptor.lambda$prepare$1(TestMethodTestDescriptor.java:105) ~[junit-jupiter-engine-5.11.4.jar:5.11.4]
	at org.junit.platform.engine.support.hierarchical.ThrowableCollector.execute(ThrowableCollector.java:73) ~[junit-platform-engine-1.11.4.jar:1.11.4]
	at org.junit.jupiter.engine.descriptor.TestMethodTestDescriptor.prepare(TestMethodTestDescriptor.java:104) ~[junit-jupiter-engine-5.11.4.jar:5.11.4]
	at org.junit.jupiter.engine.descriptor.TestMethodTestDescriptor.prepare(TestMethodTestDescriptor.java:68) ~[junit-jupiter-engine-5.11.4.jar:5.11.4]
	at org.junit.platform.engine.support.hierarchical.NodeTestTask.lambda$prepare$2(NodeTestTask.java:128) ~[junit-platform-engine-1.11.4.jar:1.11.4]
	at org.junit.platform.engine.support.hierarchical.ThrowableCollector.execute(ThrowableCollector.java:73) ~[junit-platform-engine-1.11.4.jar:1.11.4]
	at org.junit.platform.engine.support.hierarchical.NodeTestTask.prepare(NodeTestTask.java:128) ~[junit-platform-engine-1.11.4.jar:1.11.4]
	at org.junit.platform.engine.support.hierarchical.NodeTestTask.execute(NodeTestTask.java:95) ~[junit-platform-engine-1.11.4.jar:1.11.4]
	at java.base/java.util.ArrayList.forEach(ArrayList.java:1511) ~[na:na]
	at org.junit.platform.engine.support.hierarchical.SameThreadHierarchicalTestExecutorService.invokeAll(SameThreadHierarchicalTestExecutorService.java:41) ~[junit-platform-engine-1.11.4.jar:1.11.4]
	at org.junit.platform.engine.support.hierarchical.NodeTestTask.lambda$executeRecursively$6(NodeTestTask.java:160) ~[junit-platform-engine-1.11.4.jar:1.11.4]
	at org.junit.platform.engine.support.hierarchical.ThrowableCollector.execute(ThrowableCollector.java:73) ~[junit-platform-engine-1.11.4.jar:1.11.4]
	at org.junit.platform.engine.support.hierarchical.NodeTestTask.lambda$executeRecursively$8(NodeTestTask.java:146) ~[junit-platform-engine-1.11.4.jar:1.11.4]
	at org.junit.platform.engine.support.hierarchical.Node.around(Node.java:137) ~[junit-platform-engine-1.11.4.jar:1.11.4]
	at org.junit.platform.engine.support.hierarchical.NodeTestTask.lambda$executeRecursively$9(NodeTestTask.java:144) ~[junit-platform-engine-1.11.4.jar:1.11.4]
	at org.junit.platform.engine.support.hierarchical.ThrowableCollector.execute(ThrowableCollector.java:73) ~[junit-platform-engine-1.11.4.jar:1.11.4]
	at org.junit.platform.engine.support.hierarchical.NodeTestTask.executeRecursively(NodeTestTask.java:143) ~[junit-platform-engine-1.11.4.jar:1.11.4]
	at org.junit.platform.engine.support.hierarchical.NodeTestTask.execute(NodeTestTask.java:100) ~[junit-platform-engine-1.11.4.jar:1.11.4]
	at java.base/java.util.ArrayList.forEach(ArrayList.java:1511) ~[na:na]
	at org.junit.platform.engine.support.hierarchical.SameThreadHierarchicalTestExecutorService.invokeAll(SameThreadHierarchicalTestExecutorService.java:41) ~[junit-platform-engine-1.11.4.jar:1.11.4]
	at org.junit.platform.engine.support.hierarchical.NodeTestTask.lambda$executeRecursively$6(NodeTestTask.java:160) ~[junit-platform-engine-1.11.4.jar:1.11.4]
	at org.junit.platform.engine.support.hierarchical.ThrowableCollector.execute(ThrowableCollector.java:73) ~[junit-platform-engine-1.11.4.jar:1.11.4]
	at org.junit.platform.engine.support.hierarchical.NodeTestTask.lambda$executeRecursively$8(NodeTestTask.java:146) ~[junit-platform-engine-1.11.4.jar:1.11.4]
	at org.junit.platform.engine.support.hierarchical.Node.around(Node.java:137) ~[junit-platform-engine-1.11.4.jar:1.11.4]
	at org.junit.platform.engine.support.hierarchical.NodeTestTask.lambda$executeRecursively$9(NodeTestTask.java:144) ~[junit-platform-engine-1.11.4.jar:1.11.4]
	at org.junit.platform.engine.support.hierarchical.ThrowableCollector.execute(ThrowableCollector.java:73) ~[junit-platform-engine-1.11.4.jar:1.11.4]
	at org.junit.platform.engine.support.hierarchical.NodeTestTask.executeRecursively(NodeTestTask.java:143) ~[junit-platform-engine-1.11.4.jar:1.11.4]
	at org.junit.platform.engine.support.hierarchical.NodeTestTask.execute(NodeTestTask.java:100) ~[junit-platform-engine-1.11.4.jar:1.11.4]
	at org.junit.platform.engine.support.hierarchical.SameThreadHierarchicalTestExecutorService.submit(SameThreadHierarchicalTestExecutorService.java:35) ~[junit-platform-engine-1.11.4.jar:1.11.4]
	at org.junit.platform.engine.support.hierarchical.HierarchicalTestExecutor.execute(HierarchicalTestExecutor.java:57) ~[junit-platform-engine-1.11.4.jar:1.11.4]
	at org.junit.platform.engine.support.hierarchical.HierarchicalTestEngine.execute(HierarchicalTestEngine.java:54) ~[junit-platform-engine-1.11.4.jar:1.11.4]
	at org.junit.platform.launcher.core.EngineExecutionOrchestrator.execute(EngineExecutionOrchestrator.java:198) ~[junit-platform-launcher-1.11.4.jar:1.11.4]
	at org.junit.platform.launcher.core.EngineExecutionOrchestrator.execute(EngineExecutionOrchestrator.java:169) ~[junit-platform-launcher-1.11.4.jar:1.11.4]
	at org.junit.platform.launcher.core.EngineExecutionOrchestrator.execute(EngineExecutionOrchestrator.java:93) ~[junit-platform-launcher-1.11.4.jar:1.11.4]
	at org.junit.platform.launcher.core.EngineExecutionOrchestrator.lambda$execute$0(EngineExecutionOrchestrator.java:58) ~[junit-platform-launcher-1.11.4.jar:1.11.4]
	at org.junit.platform.launcher.core.EngineExecutionOrchestrator.withInterceptedStreams(EngineExecutionOrchestrator.java:141) ~[junit-platform-launcher-1.11.4.jar:1.11.4]
	at org.junit.platform.launcher.core.EngineExecutionOrchestrator.execute(EngineExecutionOrchestrator.java:57) ~[junit-platform-launcher-1.11.4.jar:1.11.4]
	at org.junit.platform.launcher.core.DefaultLauncher.execute(DefaultLauncher.java:103) ~[junit-platform-launcher-1.11.4.jar:1.11.4]
	at org.junit.platform.launcher.core.DefaultLauncher.execute(DefaultLauncher.java:85) ~[junit-platform-launcher-1.11.4.jar:1.11.4]
	at org.junit.platform.launcher.core.DelegatingLauncher.execute(DelegatingLauncher.java:47) ~[junit-platform-launcher-1.11.4.jar:1.11.4]
	at org.apache.maven.surefire.junitplatform.LazyLauncher.execute(LazyLauncher.java:56) ~[surefire-junit-platform-3.5.2.jar:3.5.2]
	at org.apache.maven.surefire.junitplatform.JUnitPlatformProvider.execute(JUnitPlatformProvider.java:184) ~[surefire-junit-platform-3.5.2.jar:3.5.2]
	at org.apache.maven.surefire.junitplatform.JUnitPlatformProvider.invokeAllTests(JUnitPlatformProvider.java:148) ~[surefire-junit-platform-3.5.2.jar:3.5.2]
	at org.apache.maven.surefire.junitplatform.JUnitPlatformProvider.invoke(JUnitPlatformProvider.java:122) ~[surefire-junit-platform-3.5.2.jar:3.5.2]
	at org.apache.maven.surefire.booter.ForkedBooter.runSuitesInProcess(ForkedBooter.java:385) ~[surefire-booter-3.5.2.jar:3.5.2]
	at org.apache.maven.surefire.booter.ForkedBooter.execute(ForkedBooter.java:162) ~[surefire-booter-3.5.2.jar:3.5.2]
	at org.apache.maven.surefire.booter.ForkedBooter.run(ForkedBooter.java:507) ~[surefire-booter-3.5.2.jar:3.5.2]
	at org.apache.maven.surefire.booter.ForkedBooter.main(ForkedBooter.java:495) ~[surefire-booter-3.5.2.jar:3.5.2]

2025-08-06T20:46:04.307+05:30 DEBUG 45196 --- [auction_application] [           main] o.s.d.jpa.repository.query.NamedQuery    : Did not find named query AuctionListing.findByIdWithLock.count
2025-08-06T20:46:04.308+05:30 DEBUG 45196 --- [auction_application] [           main] tor$SharedEntityManagerInvocationHandler : Creating new EntityManager for shared EntityManager invocation
2025-08-06T20:46:04.336+05:30  INFO 45196 --- [auction_application] [           main] o.s.d.j.r.query.QueryEnhancerFactory     : Hibernate is in classpath; If applicable, HQL parser will be used.
2025-08-06T20:46:04.621+05:30 DEBUG 45196 --- [auction_application] [           main] org.hibernate.orm.query.hql              : HQL : SELECT a FROM AuctionListing a WHERE a.id = :id
2025-08-06T20:46:04.817+05:30 DEBUG 45196 --- [auction_application] [           main] o.h.o.q.hql.reservedWordAsIdentifier     : Encountered use of reserved word as identifier : =
2025-08-06T20:46:04.820+05:30 DEBUG 45196 --- [auction_application] [           main] o.h.o.q.hql.reservedWordAsIdentifier     : Encountered use of reserved word as identifier : <EOF>
2025-08-06T20:46:04.890+05:30 DEBUG 45196 --- [auction_application] [           main] org.hibernate.orm.query.sqm.creation     : Applying inferable type to SqmExpression [SqmNamedParameter(id)] : null -> SqmBasicValuedSimplePath(com.example.auction_application.AuctionListing.entity.AuctionListing(a).id)
2025-08-06T20:46:04.912+05:30 DEBUG 45196 --- [auction_application] [           main] org.hibernate.orm.query.sqm.ast          : SqmStatement Tree :
    -> [select]
      -> [query-spec]
        -> [select]
          -> [selection]
            -> [root] - `com.example.auction_application.AuctionListing.entity.AuctionListing(a)`
            <- [root] - `com.example.auction_application.AuctionListing.entity.AuctionListing(a)`
          <- [selection]
        <- [select]
        -> [from]
          -> [root] - `com.example.auction_application.AuctionListing.entity.AuctionListing(a)`
          <- [root] - `com.example.auction_application.AuctionListing.entity.AuctionListing(a)`
        <- [from]
        -> [where]
          -> [EQUAL]
              -> [basic-path] - `com.example.auction_application.AuctionListing.entity.AuctionListing(a).id`
              :id
          <- [EQUAL]
        <- [where]
      <- [query-spec]
    <- [select]

2025-08-06T20:46:04.980+05:30 DEBUG 45196 --- [auction_application] [           main] o.s.d.r.c.s.RepositoryFactorySupport     : Finished creation of repository instance for com.example.auction_application.AuctionListing.repository.AuctionListingRepository.
2025-08-06T20:46:05.037+05:30 DEBUG 45196 --- [auction_application] [           main] o.s.b.f.s.DefaultListableBeanFactory     : Creating shared instance of singleton bean 'auctionListingController'
2025-08-06T20:46:05.047+05:30 DEBUG 45196 --- [auction_application] [           main] o.s.b.f.s.DefaultListableBeanFactory     : Creating shared instance of singleton bean 'auctionListingService'
2025-08-06T20:46:05.050+05:30 DEBUG 45196 --- [auction_application] [           main] o.s.b.f.s.DefaultListableBeanFactory     : Creating shared instance of singleton bean 'userService'
2025-08-06T20:46:05.054+05:30 DEBUG 45196 --- [auction_application] [           main] o.s.b.f.s.DefaultListableBeanFactory     : Creating shared instance of singleton bean 'userRepository'
2025-08-06T20:46:05.055+05:30 DEBUG 45196 --- [auction_application] [           main] o.s.b.f.s.DefaultListableBeanFactory     : Creating shared instance of singleton bean 'jpa.named-queries#0'
2025-08-06T20:46:05.057+05:30 DEBUG 45196 --- [auction_application] [           main] o.s.b.f.s.DefaultListableBeanFactory     : Creating shared instance of singleton bean 'jpa.UserRepository.fragments#0'
2025-08-06T20:46:05.058+05:30 DEBUG 45196 --- [auction_application] [           main] tor$SharedEntityManagerInvocationHandler : Creating new EntityManager for shared EntityManager invocation
2025-08-06T20:46:05.059+05:30 DEBUG 45196 --- [auction_application] [           main] o.s.d.r.c.s.RepositoryFactorySupport     : Initializing repository instance for com.example.auction_application.UserModule.UserRepository…
2025-08-06T20:46:05.059+05:30 DEBUG 45196 --- [auction_application] [           main] tor$SharedEntityManagerInvocationHandler : Creating new EntityManager for shared EntityManager invocation
2025-08-06T20:46:05.061+05:30 DEBUG 45196 --- [auction_application] [           main] o.s.d.jpa.repository.query.NamedQuery    : Looking up named query 'WebUser.findByUserName'
2025-08-06T20:46:05.061+05:30 DEBUG 45196 --- [auction_application] [           main] cResourceLocalTransactionCoordinatorImpl : JDBC transaction marked for rollback-only (exception provided for stack trace)

java.lang.Exception: exception just for purpose of providing stack trace
	at org.hibernate.resource.transaction.backend.jdbc.internal.JdbcResourceLocalTransactionCoordinatorImpl$TransactionDriverControlImpl.markRollbackOnly(JdbcResourceLocalTransactionCoordinatorImpl.java:309) ~[hibernate-core-6.6.4.Final.jar:6.6.4.Final]
	at org.hibernate.internal.AbstractSharedSessionContract.buildNamedQuery(AbstractSharedSessionContract.java:1141) ~[hibernate-core-6.6.4.Final.jar:6.6.4.Final]
	at org.hibernate.internal.AbstractSharedSessionContract.createNamedQuery(AbstractSharedSessionContract.java:1019) ~[hibernate-core-6.6.4.Final.jar:6.6.4.Final]
	at org.hibernate.internal.AbstractSharedSessionContract.createNamedQuery(AbstractSharedSessionContract.java:143) ~[hibernate-core-6.6.4.Final.jar:6.6.4.Final]
	at java.base/jdk.internal.reflect.NativeMethodAccessorImpl.invoke0(Native Method) ~[na:na]
	at java.base/jdk.internal.reflect.NativeMethodAccessorImpl.invoke(NativeMethodAccessorImpl.java:77) ~[na:na]
	at java.base/jdk.internal.reflect.DelegatingMethodAccessorImpl.invoke(DelegatingMethodAccessorImpl.java:43) ~[na:na]
	at java.base/java.lang.reflect.Method.invoke(Method.java:568) ~[na:na]
	at org.springframework.orm.jpa.ExtendedEntityManagerCreator$ExtendedEntityManagerInvocationHandler.invoke(ExtendedEntityManagerCreator.java:364) ~[spring-orm-6.2.1.jar:6.2.1]
	at jdk.proxy2/jdk.proxy2.$Proxy131.createNamedQuery(Unknown Source) ~[na:na]
	at org.springframework.data.jpa.repository.query.NamedQuery.hasNamedQuery(NamedQuery.java:114) ~[spring-data-jpa-3.4.1.jar:3.4.1]
	at org.springframework.data.jpa.repository.query.NamedQuery.lookupFrom(NamedQuery.java:140) ~[spring-data-jpa-3.4.1.jar:3.4.1]
	at org.springframework.data.jpa.repository.query.JpaQueryLookupStrategy$DeclaredQueryLookupStrategy.resolveQuery(JpaQueryLookupStrategy.java:184) ~[spring-data-jpa-3.4.1.jar:3.4.1]
	at org.springframework.data.jpa.repository.query.JpaQueryLookupStrategy$CreateIfNotFoundQueryLookupStrategy.resolveQuery(JpaQueryLookupStrategy.java:256) ~[spring-data-jpa-3.4.1.jar:3.4.1]
	at org.springframework.data.jpa.repository.query.JpaQueryLookupStrategy$AbstractQueryLookupStrategy.resolveQuery(JpaQueryLookupStrategy.java:99) ~[spring-data-jpa-3.4.1.jar:3.4.1]
	at org.springframework.data.repository.core.support.QueryExecutorMethodInterceptor.lookupQuery(QueryExecutorMethodInterceptor.java:116) ~[spring-data-commons-3.4.1.jar:3.4.1]
	at org.springframework.data.repository.core.support.QueryExecutorMethodInterceptor.mapMethodsToQuery(QueryExecutorMethodInterceptor.java:104) ~[spring-data-commons-3.4.1.jar:3.4.1]
	at org.springframework.data.repository.core.support.QueryExecutorMethodInterceptor.lambda$new$0(QueryExecutorMethodInterceptor.java:92) ~[spring-data-commons-3.4.1.jar:3.4.1]
	at java.base/java.util.Optional.map(Optional.java:260) ~[na:na]
	at org.springframework.data.repository.core.support.QueryExecutorMethodInterceptor.<init>(QueryExecutorMethodInterceptor.java:92) ~[spring-data-commons-3.4.1.jar:3.4.1]
	at org.springframework.data.repository.core.support.RepositoryFactorySupport.getRepository(RepositoryFactorySupport.java:440) ~[spring-data-commons-3.4.1.jar:3.4.1]
	at org.springframework.data.repository.core.support.RepositoryFactoryBeanSupport.lambda$afterPropertiesSet$4(RepositoryFactoryBeanSupport.java:350) ~[spring-data-commons-3.4.1.jar:3.4.1]
	at org.springframework.data.util.Lazy.getNullable(Lazy.java:135) ~[spring-data-commons-3.4.1.jar:3.4.1]
	at org.springframework.data.util.Lazy.get(Lazy.java:113) ~[spring-data-commons-3.4.1.jar:3.4.1]
	at org.springframework.data.repository.core.support.RepositoryFactoryBeanSupport.afterPropertiesSet(RepositoryFactoryBeanSupport.java:356) ~[spring-data-commons-3.4.1.jar:3.4.1]
	at org.springframework.data.jpa.repository.support.JpaRepositoryFactoryBean.afterPropertiesSet(JpaRepositoryFactoryBean.java:132) ~[spring-data-jpa-3.4.1.jar:3.4.1]
	at org.springframework.beans.factory.support.AbstractAutowireCapableBeanFactory.invokeInitMethods(AbstractAutowireCapableBeanFactory.java:1855) ~[spring-beans-6.2.1.jar:6.2.1]
	at org.springframework.beans.factory.support.AbstractAutowireCapableBeanFactory.initializeBean(AbstractAutowireCapableBeanFactory.java:1804) ~[spring-beans-6.2.1.jar:6.2.1]
	at org.springframework.beans.factory.support.AbstractAutowireCapableBeanFactory.doCreateBean(AbstractAutowireCapableBeanFactory.java:601) ~[spring-beans-6.2.1.jar:6.2.1]
	at org.springframework.beans.factory.support.AbstractAutowireCapableBeanFactory.createBean(AbstractAutowireCapableBeanFactory.java:523) ~[spring-beans-6.2.1.jar:6.2.1]
	at org.springframework.beans.factory.support.AbstractBeanFactory.lambda$doGetBean$0(AbstractBeanFactory.java:336) ~[spring-beans-6.2.1.jar:6.2.1]
	at org.springframework.beans.factory.support.DefaultSingletonBeanRegistry.getSingleton(DefaultSingletonBeanRegistry.java:289) ~[spring-beans-6.2.1.jar:6.2.1]
	at org.springframework.beans.factory.support.AbstractBeanFactory.doGetBean(AbstractBeanFactory.java:334) ~[spring-beans-6.2.1.jar:6.2.1]
	at org.springframework.beans.factory.support.AbstractBeanFactory.getBean(AbstractBeanFactory.java:199) ~[spring-beans-6.2.1.jar:6.2.1]
	at org.springframework.beans.factory.support.DefaultListableBeanFactory.doResolveDependency(DefaultListableBeanFactory.java:1573) ~[spring-beans-6.2.1.jar:6.2.1]
	at org.springframework.beans.factory.support.DefaultListableBeanFactory.resolveDependency(DefaultListableBeanFactory.java:1519) ~[spring-beans-6.2.1.jar:6.2.1]
	at org.springframework.beans.factory.annotation.AutowiredAnnotationBeanPostProcessor$AutowiredFieldElement.resolveFieldValue(AutowiredAnnotationBeanPostProcessor.java:785) ~[spring-beans-6.2.1.jar:6.2.1]
	at org.springframework.beans.factory.annotation.AutowiredAnnotationBeanPostProcessor$AutowiredFieldElement.inject(AutowiredAnnotationBeanPostProcessor.java:768) ~[spring-beans-6.2.1.jar:6.2.1]
	at org.springframework.beans.factory.annotation.InjectionMetadata.inject(InjectionMetadata.java:146) ~[spring-beans-6.2.1.jar:6.2.1]
	at org.springframework.beans.factory.annotation.AutowiredAnnotationBeanPostProcessor.postProcessProperties(AutowiredAnnotationBeanPostProcessor.java:509) ~[spring-beans-6.2.1.jar:6.2.1]
	at org.springframework.beans.factory.support.AbstractAutowireCapableBeanFactory.populateBean(AbstractAutowireCapableBeanFactory.java:1441) ~[spring-beans-6.2.1.jar:6.2.1]
	at org.springframework.beans.factory.support.AbstractAutowireCapableBeanFactory.doCreateBean(AbstractAutowireCapableBeanFactory.java:600) ~[spring-beans-6.2.1.jar:6.2.1]
	at org.springframework.beans.factory.support.AbstractAutowireCapableBeanFactory.createBean(AbstractAutowireCapableBeanFactory.java:523) ~[spring-beans-6.2.1.jar:6.2.1]
	at org.springframework.beans.factory.support.AbstractBeanFactory.lambda$doGetBean$0(AbstractBeanFactory.java:336) ~[spring-beans-6.2.1.jar:6.2.1]
	at org.springframework.beans.factory.support.DefaultSingletonBeanRegistry.getSingleton(DefaultSingletonBeanRegistry.java:289) ~[spring-beans-6.2.1.jar:6.2.1]
	at org.springframework.beans.factory.support.AbstractBeanFactory.doGetBean(AbstractBeanFactory.java:334) ~[spring-beans-6.2.1.jar:6.2.1]
	at org.springframework.beans.factory.support.AbstractBeanFactory.getBean(AbstractBeanFactory.java:199) ~[spring-beans-6.2.1.jar:6.2.1]
	at org.springframework.beans.factory.support.DefaultListableBeanFactory.doResolveDependency(DefaultListableBeanFactory.java:1573) ~[spring-beans-6.2.1.jar:6.2.1]
	at org.springframework.beans.factory.support.DefaultListableBeanFactory.resolveDependency(DefaultListableBeanFactory.java:1519) ~[spring-beans-6.2.1.jar:6.2.1]
	at org.springframework.beans.factory.annotation.AutowiredAnnotationBeanPostProcessor$AutowiredFieldElement.resolveFieldValue(AutowiredAnnotationBeanPostProcessor.java:785) ~[spring-beans-6.2.1.jar:6.2.1]
	at org.springframework.beans.factory.annotation.AutowiredAnnotationBeanPostProcessor$AutowiredFieldElement.inject(AutowiredAnnotationBeanPostProcessor.java:768) ~[spring-beans-6.2.1.jar:6.2.1]
	at org.springframework.beans.factory.annotation.InjectionMetadata.inject(InjectionMetadata.java:146) ~[spring-beans-6.2.1.jar:6.2.1]
	at org.springframework.beans.factory.annotation.AutowiredAnnotationBeanPostProcessor.postProcessProperties(AutowiredAnnotationBeanPostProcessor.java:509) ~[spring-beans-6.2.1.jar:6.2.1]
	at org.springframework.beans.factory.support.AbstractAutowireCapableBeanFactory.populateBean(AbstractAutowireCapableBeanFactory.java:1441) ~[spring-beans-6.2.1.jar:6.2.1]
	at org.springframework.beans.factory.support.AbstractAutowireCapableBeanFactory.doCreateBean(AbstractAutowireCapableBeanFactory.java:600) ~[spring-beans-6.2.1.jar:6.2.1]
	at org.springframework.beans.factory.support.AbstractAutowireCapableBeanFactory.createBean(AbstractAutowireCapableBeanFactory.java:523) ~[spring-beans-6.2.1.jar:6.2.1]
	at org.springframework.beans.factory.support.AbstractBeanFactory.lambda$doGetBean$0(AbstractBeanFactory.java:336) ~[spring-beans-6.2.1.jar:6.2.1]
	at org.springframework.beans.factory.support.DefaultSingletonBeanRegistry.getSingleton(DefaultSingletonBeanRegistry.java:289) ~[spring-beans-6.2.1.jar:6.2.1]
	at org.springframework.beans.factory.support.AbstractBeanFactory.doGetBean(AbstractBeanFactory.java:334) ~[spring-beans-6.2.1.jar:6.2.1]
	at org.springframework.beans.factory.support.AbstractBeanFactory.getBean(AbstractBeanFactory.java:199) ~[spring-beans-6.2.1.jar:6.2.1]
	at org.springframework.beans.factory.support.DefaultListableBeanFactory.doResolveDependency(DefaultListableBeanFactory.java:1573) ~[spring-beans-6.2.1.jar:6.2.1]
	at org.springframework.beans.factory.support.DefaultListableBeanFactory.resolveDependency(DefaultListableBeanFactory.java:1519) ~[spring-beans-6.2.1.jar:6.2.1]
	at org.springframework.beans.factory.annotation.AutowiredAnnotationBeanPostProcessor$AutowiredFieldElement.resolveFieldValue(AutowiredAnnotationBeanPostProcessor.java:785) ~[spring-beans-6.2.1.jar:6.2.1]
	at org.springframework.beans.factory.annotation.AutowiredAnnotationBeanPostProcessor$AutowiredFieldElement.inject(AutowiredAnnotationBeanPostProcessor.java:768) ~[spring-beans-6.2.1.jar:6.2.1]
	at org.springframework.beans.factory.annotation.InjectionMetadata.inject(InjectionMetadata.java:146) ~[spring-beans-6.2.1.jar:6.2.1]
	at org.springframework.beans.factory.annotation.AutowiredAnnotationBeanPostProcessor.postProcessProperties(AutowiredAnnotationBeanPostProcessor.java:509) ~[spring-beans-6.2.1.jar:6.2.1]
	at org.springframework.beans.factory.support.AbstractAutowireCapableBeanFactory.populateBean(AbstractAutowireCapableBeanFactory.java:1441) ~[spring-beans-6.2.1.jar:6.2.1]
	at org.springframework.beans.factory.support.AbstractAutowireCapableBeanFactory.doCreateBean(AbstractAutowireCapableBeanFactory.java:600) ~[spring-beans-6.2.1.jar:6.2.1]
	at org.springframework.beans.factory.support.AbstractAutowireCapableBeanFactory.createBean(AbstractAutowireCapableBeanFactory.java:523) ~[spring-beans-6.2.1.jar:6.2.1]
	at org.springframework.beans.factory.support.AbstractBeanFactory.lambda$doGetBean$0(AbstractBeanFactory.java:336) ~[spring-beans-6.2.1.jar:6.2.1]
	at org.springframework.beans.factory.support.DefaultSingletonBeanRegistry.getSingleton(DefaultSingletonBeanRegistry.java:289) ~[spring-beans-6.2.1.jar:6.2.1]
	at org.springframework.beans.factory.support.AbstractBeanFactory.doGetBean(AbstractBeanFactory.java:334) ~[spring-beans-6.2.1.jar:6.2.1]
	at org.springframework.beans.factory.support.AbstractBeanFactory.getBean(AbstractBeanFactory.java:199) ~[spring-beans-6.2.1.jar:6.2.1]
	at org.springframework.beans.factory.support.DefaultListableBeanFactory.instantiateSingleton(DefaultListableBeanFactory.java:1122) ~[spring-beans-6.2.1.jar:6.2.1]
	at org.springframework.beans.factory.support.DefaultListableBeanFactory.preInstantiateSingleton(DefaultListableBeanFactory.java:1093) ~[spring-beans-6.2.1.jar:6.2.1]
	at org.springframework.beans.factory.support.DefaultListableBeanFactory.preInstantiateSingletons(DefaultListableBeanFactory.java:1030) ~[spring-beans-6.2.1.jar:6.2.1]
	at org.springframework.context.support.AbstractApplicationContext.finishBeanFactoryInitialization(AbstractApplicationContext.java:987) ~[spring-context-6.2.1.jar:6.2.1]
	at org.springframework.context.support.AbstractApplicationContext.refresh(AbstractApplicationContext.java:627) ~[spring-context-6.2.1.jar:6.2.1]
	at org.springframework.boot.SpringApplication.refresh(SpringApplication.java:752) ~[spring-boot-3.4.1.jar:3.4.1]
	at org.springframework.boot.SpringApplication.refreshContext(SpringApplication.java:439) ~[spring-boot-3.4.1.jar:3.4.1]
	at org.springframework.boot.SpringApplication.run(SpringApplication.java:318) ~[spring-boot-3.4.1.jar:3.4.1]
	at org.springframework.boot.test.context.SpringBootContextLoader.lambda$loadContext$3(SpringBootContextLoader.java:137) ~[spring-boot-test-3.4.1.jar:3.4.1]
	at org.springframework.util.function.ThrowingSupplier.get(ThrowingSupplier.java:58) ~[spring-core-6.2.1.jar:6.2.1]
	at org.springframework.util.function.ThrowingSupplier.get(ThrowingSupplier.java:46) ~[spring-core-6.2.1.jar:6.2.1]
	at org.springframework.boot.SpringApplication.withHook(SpringApplication.java:1461) ~[spring-boot-3.4.1.jar:3.4.1]
	at org.springframework.boot.test.context.SpringBootContextLoader$ContextLoaderHook.run(SpringBootContextLoader.java:553) ~[spring-boot-test-3.4.1.jar:3.4.1]
	at org.springframework.boot.test.context.SpringBootContextLoader.loadContext(SpringBootContextLoader.java:137) ~[spring-boot-test-3.4.1.jar:3.4.1]
	at org.springframework.boot.test.context.SpringBootContextLoader.loadContext(SpringBootContextLoader.java:108) ~[spring-boot-test-3.4.1.jar:3.4.1]
	at org.springframework.test.context.cache.DefaultCacheAwareContextLoaderDelegate.loadContextInternal(DefaultCacheAwareContextLoaderDelegate.java:225) ~[spring-test-6.2.1.jar:6.2.1]
	at org.springframework.test.context.cache.DefaultCacheAwareContextLoaderDelegate.loadContext(DefaultCacheAwareContextLoaderDelegate.java:152) ~[spring-test-6.2.1.jar:6.2.1]
	at org.springframework.test.context.support.DefaultTestContext.getApplicationContext(DefaultTestContext.java:130) ~[spring-test-6.2.1.jar:6.2.1]
	at org.springframework.test.context.web.ServletTestExecutionListener.setUpRequestContextIfNecessary(ServletTestExecutionListener.java:191) ~[spring-test-6.2.1.jar:6.2.1]
	at org.springframework.test.context.web.ServletTestExecutionListener.prepareTestInstance(ServletTestExecutionListener.java:130) ~[spring-test-6.2.1.jar:6.2.1]
	at org.springframework.test.context.TestContextManager.prepareTestInstance(TestContextManager.java:260) ~[spring-test-6.2.1.jar:6.2.1]
	at org.springframework.test.context.junit.jupiter.SpringExtension.postProcessTestInstance(SpringExtension.java:160) ~[spring-test-6.2.1.jar:6.2.1]
	at org.junit.jupiter.engine.descriptor.ClassBasedTestDescriptor.lambda$invokeTestInstancePostProcessors$11(ClassBasedTestDescriptor.java:378) ~[junit-jupiter-engine-5.11.4.jar:5.11.4]
	at org.junit.jupiter.engine.descriptor.ClassBasedTestDescriptor.executeAndMaskThrowable(ClassBasedTestDescriptor.java:383) ~[junit-jupiter-engine-5.11.4.jar:5.11.4]
	at org.junit.jupiter.engine.descriptor.ClassBasedTestDescriptor.lambda$invokeTestInstancePostProcessors$12(ClassBasedTestDescriptor.java:378) ~[junit-jupiter-engine-5.11.4.jar:5.11.4]
	at java.base/java.util.stream.ForEachOps$ForEachOp$OfRef.accept(ForEachOps.java:183) ~[na:na]
	at java.base/java.util.stream.ReferencePipeline$3$1.accept(ReferencePipeline.java:197) ~[na:na]
	at java.base/java.util.stream.ReferencePipeline$2$1.accept(ReferencePipeline.java:179) ~[na:na]
	at java.base/java.util.stream.ReferencePipeline$3$1.accept(ReferencePipeline.java:197) ~[na:na]
	at java.base/java.util.ArrayList$ArrayListSpliterator.forEachRemaining(ArrayList.java:1625) ~[na:na]
	at java.base/java.util.stream.AbstractPipeline.copyInto(AbstractPipeline.java:509) ~[na:na]
	at java.base/java.util.stream.AbstractPipeline.wrapAndCopyInto(AbstractPipeline.java:499) ~[na:na]
	at java.base/java.util.stream.ForEachOps$ForEachOp.evaluateSequential(ForEachOps.java:150) ~[na:na]
	at java.base/java.util.stream.ForEachOps$ForEachOp$OfRef.evaluateSequential(ForEachOps.java:173) ~[na:na]
	at java.base/java.util.stream.AbstractPipeline.evaluate(AbstractPipeline.java:234) ~[na:na]
	at java.base/java.util.stream.ReferencePipeline.forEach(ReferencePipeline.java:596) ~[na:na]
	at org.junit.jupiter.engine.descriptor.ClassBasedTestDescriptor.invokeTestInstancePostProcessors(ClassBasedTestDescriptor.java:377) ~[junit-jupiter-engine-5.11.4.jar:5.11.4]
	at org.junit.jupiter.engine.descriptor.ClassBasedTestDescriptor.lambda$instantiateAndPostProcessTestInstance$7(ClassBasedTestDescriptor.java:290) ~[junit-jupiter-engine-5.11.4.jar:5.11.4]
	at org.junit.platform.engine.support.hierarchical.ThrowableCollector.execute(ThrowableCollector.java:73) ~[junit-platform-engine-1.11.4.jar:1.11.4]
	at org.junit.jupiter.engine.descriptor.ClassBasedTestDescriptor.instantiateAndPostProcessTestInstance(ClassBasedTestDescriptor.java:289) ~[junit-jupiter-engine-5.11.4.jar:5.11.4]
	at org.junit.jupiter.engine.descriptor.ClassBasedTestDescriptor.lambda$testInstancesProvider$5(ClassBasedTestDescriptor.java:279) ~[junit-jupiter-engine-5.11.4.jar:5.11.4]
	at java.base/java.util.Optional.orElseGet(Optional.java:364) ~[na:na]
	at org.junit.jupiter.engine.descriptor.ClassBasedTestDescriptor.lambda$testInstancesProvider$6(ClassBasedTestDescriptor.java:278) ~[junit-jupiter-engine-5.11.4.jar:5.11.4]
	at org.junit.jupiter.engine.execution.TestInstancesProvider.getTestInstances(TestInstancesProvider.java:31) ~[junit-jupiter-engine-5.11.4.jar:5.11.4]
	at org.junit.jupiter.engine.descriptor.TestMethodTestDescriptor.lambda$prepare$1(TestMethodTestDescriptor.java:105) ~[junit-jupiter-engine-5.11.4.jar:5.11.4]
	at org.junit.platform.engine.support.hierarchical.ThrowableCollector.execute(ThrowableCollector.java:73) ~[junit-platform-engine-1.11.4.jar:1.11.4]
	at org.junit.jupiter.engine.descriptor.TestMethodTestDescriptor.prepare(TestMethodTestDescriptor.java:104) ~[junit-jupiter-engine-5.11.4.jar:5.11.4]
	at org.junit.jupiter.engine.descriptor.TestMethodTestDescriptor.prepare(TestMethodTestDescriptor.java:68) ~[junit-jupiter-engine-5.11.4.jar:5.11.4]
	at org.junit.platform.engine.support.hierarchical.NodeTestTask.lambda$prepare$2(NodeTestTask.java:128) ~[junit-platform-engine-1.11.4.jar:1.11.4]
	at org.junit.platform.engine.support.hierarchical.ThrowableCollector.execute(ThrowableCollector.java:73) ~[junit-platform-engine-1.11.4.jar:1.11.4]
	at org.junit.platform.engine.support.hierarchical.NodeTestTask.prepare(NodeTestTask.java:128) ~[junit-platform-engine-1.11.4.jar:1.11.4]
	at org.junit.platform.engine.support.hierarchical.NodeTestTask.execute(NodeTestTask.java:95) ~[junit-platform-engine-1.11.4.jar:1.11.4]
	at java.base/java.util.ArrayList.forEach(ArrayList.java:1511) ~[na:na]
	at org.junit.platform.engine.support.hierarchical.SameThreadHierarchicalTestExecutorService.invokeAll(SameThreadHierarchicalTestExecutorService.java:41) ~[junit-platform-engine-1.11.4.jar:1.11.4]
	at org.junit.platform.engine.support.hierarchical.NodeTestTask.lambda$executeRecursively$6(NodeTestTask.java:160) ~[junit-platform-engine-1.11.4.jar:1.11.4]
	at org.junit.platform.engine.support.hierarchical.ThrowableCollector.execute(ThrowableCollector.java:73) ~[junit-platform-engine-1.11.4.jar:1.11.4]
	at org.junit.platform.engine.support.hierarchical.NodeTestTask.lambda$executeRecursively$8(NodeTestTask.java:146) ~[junit-platform-engine-1.11.4.jar:1.11.4]
	at org.junit.platform.engine.support.hierarchical.Node.around(Node.java:137) ~[junit-platform-engine-1.11.4.jar:1.11.4]
	at org.junit.platform.engine.support.hierarchical.NodeTestTask.lambda$executeRecursively$9(NodeTestTask.java:144) ~[junit-platform-engine-1.11.4.jar:1.11.4]
	at org.junit.platform.engine.support.hierarchical.ThrowableCollector.execute(ThrowableCollector.java:73) ~[junit-platform-engine-1.11.4.jar:1.11.4]
	at org.junit.platform.engine.support.hierarchical.NodeTestTask.executeRecursively(NodeTestTask.java:143) ~[junit-platform-engine-1.11.4.jar:1.11.4]
	at org.junit.platform.engine.support.hierarchical.NodeTestTask.execute(NodeTestTask.java:100) ~[junit-platform-engine-1.11.4.jar:1.11.4]
	at java.base/java.util.ArrayList.forEach(ArrayList.java:1511) ~[na:na]
	at org.junit.platform.engine.support.hierarchical.SameThreadHierarchicalTestExecutorService.invokeAll(SameThreadHierarchicalTestExecutorService.java:41) ~[junit-platform-engine-1.11.4.jar:1.11.4]
	at org.junit.platform.engine.support.hierarchical.NodeTestTask.lambda$executeRecursively$6(NodeTestTask.java:160) ~[junit-platform-engine-1.11.4.jar:1.11.4]
	at org.junit.platform.engine.support.hierarchical.ThrowableCollector.execute(ThrowableCollector.java:73) ~[junit-platform-engine-1.11.4.jar:1.11.4]
	at org.junit.platform.engine.support.hierarchical.NodeTestTask.lambda$executeRecursively$8(NodeTestTask.java:146) ~[junit-platform-engine-1.11.4.jar:1.11.4]
	at org.junit.platform.engine.support.hierarchical.Node.around(Node.java:137) ~[junit-platform-engine-1.11.4.jar:1.11.4]
	at org.junit.platform.engine.support.hierarchical.NodeTestTask.lambda$executeRecursively$9(NodeTestTask.java:144) ~[junit-platform-engine-1.11.4.jar:1.11.4]
	at org.junit.platform.engine.support.hierarchical.ThrowableCollector.execute(ThrowableCollector.java:73) ~[junit-platform-engine-1.11.4.jar:1.11.4]
	at org.junit.platform.engine.support.hierarchical.NodeTestTask.executeRecursively(NodeTestTask.java:143) ~[junit-platform-engine-1.11.4.jar:1.11.4]
	at org.junit.platform.engine.support.hierarchical.NodeTestTask.execute(NodeTestTask.java:100) ~[junit-platform-engine-1.11.4.jar:1.11.4]
	at org.junit.platform.engine.support.hierarchical.SameThreadHierarchicalTestExecutorService.submit(SameThreadHierarchicalTestExecutorService.java:35) ~[junit-platform-engine-1.11.4.jar:1.11.4]
	at org.junit.platform.engine.support.hierarchical.HierarchicalTestExecutor.execute(HierarchicalTestExecutor.java:57) ~[junit-platform-engine-1.11.4.jar:1.11.4]
	at org.junit.platform.engine.support.hierarchical.HierarchicalTestEngine.execute(HierarchicalTestEngine.java:54) ~[junit-platform-engine-1.11.4.jar:1.11.4]
	at org.junit.platform.launcher.core.EngineExecutionOrchestrator.execute(EngineExecutionOrchestrator.java:198) ~[junit-platform-launcher-1.11.4.jar:1.11.4]
	at org.junit.platform.launcher.core.EngineExecutionOrchestrator.execute(EngineExecutionOrchestrator.java:169) ~[junit-platform-launcher-1.11.4.jar:1.11.4]
	at org.junit.platform.launcher.core.EngineExecutionOrchestrator.execute(EngineExecutionOrchestrator.java:93) ~[junit-platform-launcher-1.11.4.jar:1.11.4]
	at org.junit.platform.launcher.core.EngineExecutionOrchestrator.lambda$execute$0(EngineExecutionOrchestrator.java:58) ~[junit-platform-launcher-1.11.4.jar:1.11.4]
	at org.junit.platform.launcher.core.EngineExecutionOrchestrator.withInterceptedStreams(EngineExecutionOrchestrator.java:141) ~[junit-platform-launcher-1.11.4.jar:1.11.4]
	at org.junit.platform.launcher.core.EngineExecutionOrchestrator.execute(EngineExecutionOrchestrator.java:57) ~[junit-platform-launcher-1.11.4.jar:1.11.4]
	at org.junit.platform.launcher.core.DefaultLauncher.execute(DefaultLauncher.java:103) ~[junit-platform-launcher-1.11.4.jar:1.11.4]
	at org.junit.platform.launcher.core.DefaultLauncher.execute(DefaultLauncher.java:85) ~[junit-platform-launcher-1.11.4.jar:1.11.4]
	at org.junit.platform.launcher.core.DelegatingLauncher.execute(DelegatingLauncher.java:47) ~[junit-platform-launcher-1.11.4.jar:1.11.4]
	at org.apache.maven.surefire.junitplatform.LazyLauncher.execute(LazyLauncher.java:56) ~[surefire-junit-platform-3.5.2.jar:3.5.2]
	at org.apache.maven.surefire.junitplatform.JUnitPlatformProvider.execute(JUnitPlatformProvider.java:184) ~[surefire-junit-platform-3.5.2.jar:3.5.2]
	at org.apache.maven.surefire.junitplatform.JUnitPlatformProvider.invokeAllTests(JUnitPlatformProvider.java:148) ~[surefire-junit-platform-3.5.2.jar:3.5.2]
	at org.apache.maven.surefire.junitplatform.JUnitPlatformProvider.invoke(JUnitPlatformProvider.java:122) ~[surefire-junit-platform-3.5.2.jar:3.5.2]
	at org.apache.maven.surefire.booter.ForkedBooter.runSuitesInProcess(ForkedBooter.java:385) ~[surefire-booter-3.5.2.jar:3.5.2]
	at org.apache.maven.surefire.booter.ForkedBooter.execute(ForkedBooter.java:162) ~[surefire-booter-3.5.2.jar:3.5.2]
	at org.apache.maven.surefire.booter.ForkedBooter.run(ForkedBooter.java:507) ~[surefire-booter-3.5.2.jar:3.5.2]
	at org.apache.maven.surefire.booter.ForkedBooter.main(ForkedBooter.java:495) ~[surefire-booter-3.5.2.jar:3.5.2]

2025-08-06T20:46:05.064+05:30 DEBUG 45196 --- [auction_application] [           main] o.s.d.jpa.repository.query.NamedQuery    : Did not find named query WebUser.findByUserName
2025-08-06T20:46:05.064+05:30 DEBUG 45196 --- [auction_application] [           main] tor$SharedEntityManagerInvocationHandler : Creating new EntityManager for shared EntityManager invocation
2025-08-06T20:46:05.065+05:30 DEBUG 45196 --- [auction_application] [           main] o.s.d.jpa.repository.query.NamedQuery    : Looking up named query 'WebUser.findByUserEmail'
2025-08-06T20:46:05.065+05:30 DEBUG 45196 --- [auction_application] [           main] cResourceLocalTransactionCoordinatorImpl : JDBC transaction marked for rollback-only (exception provided for stack trace)

java.lang.Exception: exception just for purpose of providing stack trace
	at org.hibernate.resource.transaction.backend.jdbc.internal.JdbcResourceLocalTransactionCoordinatorImpl$TransactionDriverControlImpl.markRollbackOnly(JdbcResourceLocalTransactionCoordinatorImpl.java:309) ~[hibernate-core-6.6.4.Final.jar:6.6.4.Final]
	at org.hibernate.internal.AbstractSharedSessionContract.buildNamedQuery(AbstractSharedSessionContract.java:1141) ~[hibernate-core-6.6.4.Final.jar:6.6.4.Final]
	at org.hibernate.internal.AbstractSharedSessionContract.createNamedQuery(AbstractSharedSessionContract.java:1019) ~[hibernate-core-6.6.4.Final.jar:6.6.4.Final]
	at org.hibernate.internal.AbstractSharedSessionContract.createNamedQuery(AbstractSharedSessionContract.java:143) ~[hibernate-core-6.6.4.Final.jar:6.6.4.Final]
	at java.base/jdk.internal.reflect.NativeMethodAccessorImpl.invoke0(Native Method) ~[na:na]
	at java.base/jdk.internal.reflect.NativeMethodAccessorImpl.invoke(NativeMethodAccessorImpl.java:77) ~[na:na]
	at java.base/jdk.internal.reflect.DelegatingMethodAccessorImpl.invoke(DelegatingMethodAccessorImpl.java:43) ~[na:na]
	at java.base/java.lang.reflect.Method.invoke(Method.java:568) ~[na:na]
	at org.springframework.orm.jpa.ExtendedEntityManagerCreator$ExtendedEntityManagerInvocationHandler.invoke(ExtendedEntityManagerCreator.java:364) ~[spring-orm-6.2.1.jar:6.2.1]
	at jdk.proxy2/jdk.proxy2.$Proxy131.createNamedQuery(Unknown Source) ~[na:na]
	at org.springframework.data.jpa.repository.query.NamedQuery.hasNamedQuery(NamedQuery.java:114) ~[spring-data-jpa-3.4.1.jar:3.4.1]
	at org.springframework.data.jpa.repository.query.NamedQuery.lookupFrom(NamedQuery.java:140) ~[spring-data-jpa-3.4.1.jar:3.4.1]
	at org.springframework.data.jpa.repository.query.JpaQueryLookupStrategy$DeclaredQueryLookupStrategy.resolveQuery(JpaQueryLookupStrategy.java:184) ~[spring-data-jpa-3.4.1.jar:3.4.1]
	at org.springframework.data.jpa.repository.query.JpaQueryLookupStrategy$CreateIfNotFoundQueryLookupStrategy.resolveQuery(JpaQueryLookupStrategy.java:256) ~[spring-data-jpa-3.4.1.jar:3.4.1]
	at org.springframework.data.jpa.repository.query.JpaQueryLookupStrategy$AbstractQueryLookupStrategy.resolveQuery(JpaQueryLookupStrategy.java:99) ~[spring-data-jpa-3.4.1.jar:3.4.1]
	at org.springframework.data.repository.core.support.QueryExecutorMethodInterceptor.lookupQuery(QueryExecutorMethodInterceptor.java:116) ~[spring-data-commons-3.4.1.jar:3.4.1]
	at org.springframework.data.repository.core.support.QueryExecutorMethodInterceptor.mapMethodsToQuery(QueryExecutorMethodInterceptor.java:104) ~[spring-data-commons-3.4.1.jar:3.4.1]
	at org.springframework.data.repository.core.support.QueryExecutorMethodInterceptor.lambda$new$0(QueryExecutorMethodInterceptor.java:92) ~[spring-data-commons-3.4.1.jar:3.4.1]
	at java.base/java.util.Optional.map(Optional.java:260) ~[na:na]
	at org.springframework.data.repository.core.support.QueryExecutorMethodInterceptor.<init>(QueryExecutorMethodInterceptor.java:92) ~[spring-data-commons-3.4.1.jar:3.4.1]
	at org.springframework.data.repository.core.support.RepositoryFactorySupport.getRepository(RepositoryFactorySupport.java:440) ~[spring-data-commons-3.4.1.jar:3.4.1]
	at org.springframework.data.repository.core.support.RepositoryFactoryBeanSupport.lambda$afterPropertiesSet$4(RepositoryFactoryBeanSupport.java:350) ~[spring-data-commons-3.4.1.jar:3.4.1]
	at org.springframework.data.util.Lazy.getNullable(Lazy.java:135) ~[spring-data-commons-3.4.1.jar:3.4.1]
	at org.springframework.data.util.Lazy.get(Lazy.java:113) ~[spring-data-commons-3.4.1.jar:3.4.1]
	at org.springframework.data.repository.core.support.RepositoryFactoryBeanSupport.afterPropertiesSet(RepositoryFactoryBeanSupport.java:356) ~[spring-data-commons-3.4.1.jar:3.4.1]
	at org.springframework.data.jpa.repository.support.JpaRepositoryFactoryBean.afterPropertiesSet(JpaRepositoryFactoryBean.java:132) ~[spring-data-jpa-3.4.1.jar:3.4.1]
	at org.springframework.beans.factory.support.AbstractAutowireCapableBeanFactory.invokeInitMethods(AbstractAutowireCapableBeanFactory.java:1855) ~[spring-beans-6.2.1.jar:6.2.1]
	at org.springframework.beans.factory.support.AbstractAutowireCapableBeanFactory.initializeBean(AbstractAutowireCapableBeanFactory.java:1804) ~[spring-beans-6.2.1.jar:6.2.1]
	at org.springframework.beans.factory.support.AbstractAutowireCapableBeanFactory.doCreateBean(AbstractAutowireCapableBeanFactory.java:601) ~[spring-beans-6.2.1.jar:6.2.1]
	at org.springframework.beans.factory.support.AbstractAutowireCapableBeanFactory.createBean(AbstractAutowireCapableBeanFactory.java:523) ~[spring-beans-6.2.1.jar:6.2.1]
	at org.springframework.beans.factory.support.AbstractBeanFactory.lambda$doGetBean$0(AbstractBeanFactory.java:336) ~[spring-beans-6.2.1.jar:6.2.1]
	at org.springframework.beans.factory.support.DefaultSingletonBeanRegistry.getSingleton(DefaultSingletonBeanRegistry.java:289) ~[spring-beans-6.2.1.jar:6.2.1]
	at org.springframework.beans.factory.support.AbstractBeanFactory.doGetBean(AbstractBeanFactory.java:334) ~[spring-beans-6.2.1.jar:6.2.1]
	at org.springframework.beans.factory.support.AbstractBeanFactory.getBean(AbstractBeanFactory.java:199) ~[spring-beans-6.2.1.jar:6.2.1]
	at org.springframework.beans.factory.support.DefaultListableBeanFactory.doResolveDependency(DefaultListableBeanFactory.java:1573) ~[spring-beans-6.2.1.jar:6.2.1]
	at org.springframework.beans.factory.support.DefaultListableBeanFactory.resolveDependency(DefaultListableBeanFactory.java:1519) ~[spring-beans-6.2.1.jar:6.2.1]
	at org.springframework.beans.factory.annotation.AutowiredAnnotationBeanPostProcessor$AutowiredFieldElement.resolveFieldValue(AutowiredAnnotationBeanPostProcessor.java:785) ~[spring-beans-6.2.1.jar:6.2.1]
	at org.springframework.beans.factory.annotation.AutowiredAnnotationBeanPostProcessor$AutowiredFieldElement.inject(AutowiredAnnotationBeanPostProcessor.java:768) ~[spring-beans-6.2.1.jar:6.2.1]
	at org.springframework.beans.factory.annotation.InjectionMetadata.inject(InjectionMetadata.java:146) ~[spring-beans-6.2.1.jar:6.2.1]
	at org.springframework.beans.factory.annotation.AutowiredAnnotationBeanPostProcessor.postProcessProperties(AutowiredAnnotationBeanPostProcessor.java:509) ~[spring-beans-6.2.1.jar:6.2.1]
	at org.springframework.beans.factory.support.AbstractAutowireCapableBeanFactory.populateBean(AbstractAutowireCapableBeanFactory.java:1441) ~[spring-beans-6.2.1.jar:6.2.1]
	at org.springframework.beans.factory.support.AbstractAutowireCapableBeanFactory.doCreateBean(AbstractAutowireCapableBeanFactory.java:600) ~[spring-beans-6.2.1.jar:6.2.1]
	at org.springframework.beans.factory.support.AbstractAutowireCapableBeanFactory.createBean(AbstractAutowireCapableBeanFactory.java:523) ~[spring-beans-6.2.1.jar:6.2.1]
	at org.springframework.beans.factory.support.AbstractBeanFactory.lambda$doGetBean$0(AbstractBeanFactory.java:336) ~[spring-beans-6.2.1.jar:6.2.1]
	at org.springframework.beans.factory.support.DefaultSingletonBeanRegistry.getSingleton(DefaultSingletonBeanRegistry.java:289) ~[spring-beans-6.2.1.jar:6.2.1]
	at org.springframework.beans.factory.support.AbstractBeanFactory.doGetBean(AbstractBeanFactory.java:334) ~[spring-beans-6.2.1.jar:6.2.1]
	at org.springframework.beans.factory.support.AbstractBeanFactory.getBean(AbstractBeanFactory.java:199) ~[spring-beans-6.2.1.jar:6.2.1]
	at org.springframework.beans.factory.support.DefaultListableBeanFactory.doResolveDependency(DefaultListableBeanFactory.java:1573) ~[spring-beans-6.2.1.jar:6.2.1]
	at org.springframework.beans.factory.support.DefaultListableBeanFactory.resolveDependency(DefaultListableBeanFactory.java:1519) ~[spring-beans-6.2.1.jar:6.2.1]
	at org.springframework.beans.factory.annotation.AutowiredAnnotationBeanPostProcessor$AutowiredFieldElement.resolveFieldValue(AutowiredAnnotationBeanPostProcessor.java:785) ~[spring-beans-6.2.1.jar:6.2.1]
	at org.springframework.beans.factory.annotation.AutowiredAnnotationBeanPostProcessor$AutowiredFieldElement.inject(AutowiredAnnotationBeanPostProcessor.java:768) ~[spring-beans-6.2.1.jar:6.2.1]
	at org.springframework.beans.factory.annotation.InjectionMetadata.inject(InjectionMetadata.java:146) ~[spring-beans-6.2.1.jar:6.2.1]
	at org.springframework.beans.factory.annotation.AutowiredAnnotationBeanPostProcessor.postProcessProperties(AutowiredAnnotationBeanPostProcessor.java:509) ~[spring-beans-6.2.1.jar:6.2.1]
	at org.springframework.beans.factory.support.AbstractAutowireCapableBeanFactory.populateBean(AbstractAutowireCapableBeanFactory.java:1441) ~[spring-beans-6.2.1.jar:6.2.1]
	at org.springframework.beans.factory.support.AbstractAutowireCapableBeanFactory.doCreateBean(AbstractAutowireCapableBeanFactory.java:600) ~[spring-beans-6.2.1.jar:6.2.1]
	at org.springframework.beans.factory.support.AbstractAutowireCapableBeanFactory.createBean(AbstractAutowireCapableBeanFactory.java:523) ~[spring-beans-6.2.1.jar:6.2.1]
	at org.springframework.beans.factory.support.AbstractBeanFactory.lambda$doGetBean$0(AbstractBeanFactory.java:336) ~[spring-beans-6.2.1.jar:6.2.1]
	at org.springframework.beans.factory.support.DefaultSingletonBeanRegistry.getSingleton(DefaultSingletonBeanRegistry.java:289) ~[spring-beans-6.2.1.jar:6.2.1]
	at org.springframework.beans.factory.support.AbstractBeanFactory.doGetBean(AbstractBeanFactory.java:334) ~[spring-beans-6.2.1.jar:6.2.1]
	at org.springframework.beans.factory.support.AbstractBeanFactory.getBean(AbstractBeanFactory.java:199) ~[spring-beans-6.2.1.jar:6.2.1]
	at org.springframework.beans.factory.support.DefaultListableBeanFactory.doResolveDependency(DefaultListableBeanFactory.java:1573) ~[spring-beans-6.2.1.jar:6.2.1]
	at org.springframework.beans.factory.support.DefaultListableBeanFactory.resolveDependency(DefaultListableBeanFactory.java:1519) ~[spring-beans-6.2.1.jar:6.2.1]
	at org.springframework.beans.factory.annotation.AutowiredAnnotationBeanPostProcessor$AutowiredFieldElement.resolveFieldValue(AutowiredAnnotationBeanPostProcessor.java:785) ~[spring-beans-6.2.1.jar:6.2.1]
	at org.springframework.beans.factory.annotation.AutowiredAnnotationBeanPostProcessor$AutowiredFieldElement.inject(AutowiredAnnotationBeanPostProcessor.java:768) ~[spring-beans-6.2.1.jar:6.2.1]
	at org.springframework.beans.factory.annotation.InjectionMetadata.inject(InjectionMetadata.java:146) ~[spring-beans-6.2.1.jar:6.2.1]
	at org.springframework.beans.factory.annotation.AutowiredAnnotationBeanPostProcessor.postProcessProperties(AutowiredAnnotationBeanPostProcessor.java:509) ~[spring-beans-6.2.1.jar:6.2.1]
	at org.springframework.beans.factory.support.AbstractAutowireCapableBeanFactory.populateBean(AbstractAutowireCapableBeanFactory.java:1441) ~[spring-beans-6.2.1.jar:6.2.1]
	at org.springframework.beans.factory.support.AbstractAutowireCapableBeanFactory.doCreateBean(AbstractAutowireCapableBeanFactory.java:600) ~[spring-beans-6.2.1.jar:6.2.1]
	at org.springframework.beans.factory.support.AbstractAutowireCapableBeanFactory.createBean(AbstractAutowireCapableBeanFactory.java:523) ~[spring-beans-6.2.1.jar:6.2.1]
	at org.springframework.beans.factory.support.AbstractBeanFactory.lambda$doGetBean$0(AbstractBeanFactory.java:336) ~[spring-beans-6.2.1.jar:6.2.1]
	at org.springframework.beans.factory.support.DefaultSingletonBeanRegistry.getSingleton(DefaultSingletonBeanRegistry.java:289) ~[spring-beans-6.2.1.jar:6.2.1]
	at org.springframework.beans.factory.support.AbstractBeanFactory.doGetBean(AbstractBeanFactory.java:334) ~[spring-beans-6.2.1.jar:6.2.1]
	at org.springframework.beans.factory.support.AbstractBeanFactory.getBean(AbstractBeanFactory.java:199) ~[spring-beans-6.2.1.jar:6.2.1]
	at org.springframework.beans.factory.support.DefaultListableBeanFactory.instantiateSingleton(DefaultListableBeanFactory.java:1122) ~[spring-beans-6.2.1.jar:6.2.1]
	at org.springframework.beans.factory.support.DefaultListableBeanFactory.preInstantiateSingleton(DefaultListableBeanFactory.java:1093) ~[spring-beans-6.2.1.jar:6.2.1]
	at org.springframework.beans.factory.support.DefaultListableBeanFactory.preInstantiateSingletons(DefaultListableBeanFactory.java:1030) ~[spring-beans-6.2.1.jar:6.2.1]
	at org.springframework.context.support.AbstractApplicationContext.finishBeanFactoryInitialization(AbstractApplicationContext.java:987) ~[spring-context-6.2.1.jar:6.2.1]
	at org.springframework.context.support.AbstractApplicationContext.refresh(AbstractApplicationContext.java:627) ~[spring-context-6.2.1.jar:6.2.1]
	at org.springframework.boot.SpringApplication.refresh(SpringApplication.java:752) ~[spring-boot-3.4.1.jar:3.4.1]
	at org.springframework.boot.SpringApplication.refreshContext(SpringApplication.java:439) ~[spring-boot-3.4.1.jar:3.4.1]
	at org.springframework.boot.SpringApplication.run(SpringApplication.java:318) ~[spring-boot-3.4.1.jar:3.4.1]
	at org.springframework.boot.test.context.SpringBootContextLoader.lambda$loadContext$3(SpringBootContextLoader.java:137) ~[spring-boot-test-3.4.1.jar:3.4.1]
	at org.springframework.util.function.ThrowingSupplier.get(ThrowingSupplier.java:58) ~[spring-core-6.2.1.jar:6.2.1]
	at org.springframework.util.function.ThrowingSupplier.get(ThrowingSupplier.java:46) ~[spring-core-6.2.1.jar:6.2.1]
	at org.springframework.boot.SpringApplication.withHook(SpringApplication.java:1461) ~[spring-boot-3.4.1.jar:3.4.1]
	at org.springframework.boot.test.context.SpringBootContextLoader$ContextLoaderHook.run(SpringBootContextLoader.java:553) ~[spring-boot-test-3.4.1.jar:3.4.1]
	at org.springframework.boot.test.context.SpringBootContextLoader.loadContext(SpringBootContextLoader.java:137) ~[spring-boot-test-3.4.1.jar:3.4.1]
	at org.springframework.boot.test.context.SpringBootContextLoader.loadContext(SpringBootContextLoader.java:108) ~[spring-boot-test-3.4.1.jar:3.4.1]
	at org.springframework.test.context.cache.DefaultCacheAwareContextLoaderDelegate.loadContextInternal(DefaultCacheAwareContextLoaderDelegate.java:225) ~[spring-test-6.2.1.jar:6.2.1]
	at org.springframework.test.context.cache.DefaultCacheAwareContextLoaderDelegate.loadContext(DefaultCacheAwareContextLoaderDelegate.java:152) ~[spring-test-6.2.1.jar:6.2.1]
	at org.springframework.test.context.support.DefaultTestContext.getApplicationContext(DefaultTestContext.java:130) ~[spring-test-6.2.1.jar:6.2.1]
	at org.springframework.test.context.web.ServletTestExecutionListener.setUpRequestContextIfNecessary(ServletTestExecutionListener.java:191) ~[spring-test-6.2.1.jar:6.2.1]
	at org.springframework.test.context.web.ServletTestExecutionListener.prepareTestInstance(ServletTestExecutionListener.java:130) ~[spring-test-6.2.1.jar:6.2.1]
	at org.springframework.test.context.TestContextManager.prepareTestInstance(TestContextManager.java:260) ~[spring-test-6.2.1.jar:6.2.1]
	at org.springframework.test.context.junit.jupiter.SpringExtension.postProcessTestInstance(SpringExtension.java:160) ~[spring-test-6.2.1.jar:6.2.1]
	at org.junit.jupiter.engine.descriptor.ClassBasedTestDescriptor.lambda$invokeTestInstancePostProcessors$11(ClassBasedTestDescriptor.java:378) ~[junit-jupiter-engine-5.11.4.jar:5.11.4]
	at org.junit.jupiter.engine.descriptor.ClassBasedTestDescriptor.executeAndMaskThrowable(ClassBasedTestDescriptor.java:383) ~[junit-jupiter-engine-5.11.4.jar:5.11.4]
	at org.junit.jupiter.engine.descriptor.ClassBasedTestDescriptor.lambda$invokeTestInstancePostProcessors$12(ClassBasedTestDescriptor.java:378) ~[junit-jupiter-engine-5.11.4.jar:5.11.4]
	at java.base/java.util.stream.ForEachOps$ForEachOp$OfRef.accept(ForEachOps.java:183) ~[na:na]
	at java.base/java.util.stream.ReferencePipeline$3$1.accept(ReferencePipeline.java:197) ~[na:na]
	at java.base/java.util.stream.ReferencePipeline$2$1.accept(ReferencePipeline.java:179) ~[na:na]
	at java.base/java.util.stream.ReferencePipeline$3$1.accept(ReferencePipeline.java:197) ~[na:na]
	at java.base/java.util.ArrayList$ArrayListSpliterator.forEachRemaining(ArrayList.java:1625) ~[na:na]
	at java.base/java.util.stream.AbstractPipeline.copyInto(AbstractPipeline.java:509) ~[na:na]
	at java.base/java.util.stream.AbstractPipeline.wrapAndCopyInto(AbstractPipeline.java:499) ~[na:na]
	at java.base/java.util.stream.ForEachOps$ForEachOp.evaluateSequential(ForEachOps.java:150) ~[na:na]
	at java.base/java.util.stream.ForEachOps$ForEachOp$OfRef.evaluateSequential(ForEachOps.java:173) ~[na:na]
	at java.base/java.util.stream.AbstractPipeline.evaluate(AbstractPipeline.java:234) ~[na:na]
	at java.base/java.util.stream.ReferencePipeline.forEach(ReferencePipeline.java:596) ~[na:na]
	at org.junit.jupiter.engine.descriptor.ClassBasedTestDescriptor.invokeTestInstancePostProcessors(ClassBasedTestDescriptor.java:377) ~[junit-jupiter-engine-5.11.4.jar:5.11.4]
	at org.junit.jupiter.engine.descriptor.ClassBasedTestDescriptor.lambda$instantiateAndPostProcessTestInstance$7(ClassBasedTestDescriptor.java:290) ~[junit-jupiter-engine-5.11.4.jar:5.11.4]
	at org.junit.platform.engine.support.hierarchical.ThrowableCollector.execute(ThrowableCollector.java:73) ~[junit-platform-engine-1.11.4.jar:1.11.4]
	at org.junit.jupiter.engine.descriptor.ClassBasedTestDescriptor.instantiateAndPostProcessTestInstance(ClassBasedTestDescriptor.java:289) ~[junit-jupiter-engine-5.11.4.jar:5.11.4]
	at org.junit.jupiter.engine.descriptor.ClassBasedTestDescriptor.lambda$testInstancesProvider$5(ClassBasedTestDescriptor.java:279) ~[junit-jupiter-engine-5.11.4.jar:5.11.4]
	at java.base/java.util.Optional.orElseGet(Optional.java:364) ~[na:na]
	at org.junit.jupiter.engine.descriptor.ClassBasedTestDescriptor.lambda$testInstancesProvider$6(ClassBasedTestDescriptor.java:278) ~[junit-jupiter-engine-5.11.4.jar:5.11.4]
	at org.junit.jupiter.engine.execution.TestInstancesProvider.getTestInstances(TestInstancesProvider.java:31) ~[junit-jupiter-engine-5.11.4.jar:5.11.4]
	at org.junit.jupiter.engine.descriptor.TestMethodTestDescriptor.lambda$prepare$1(TestMethodTestDescriptor.java:105) ~[junit-jupiter-engine-5.11.4.jar:5.11.4]
	at org.junit.platform.engine.support.hierarchical.ThrowableCollector.execute(ThrowableCollector.java:73) ~[junit-platform-engine-1.11.4.jar:1.11.4]
	at org.junit.jupiter.engine.descriptor.TestMethodTestDescriptor.prepare(TestMethodTestDescriptor.java:104) ~[junit-jupiter-engine-5.11.4.jar:5.11.4]
	at org.junit.jupiter.engine.descriptor.TestMethodTestDescriptor.prepare(TestMethodTestDescriptor.java:68) ~[junit-jupiter-engine-5.11.4.jar:5.11.4]
	at org.junit.platform.engine.support.hierarchical.NodeTestTask.lambda$prepare$2(NodeTestTask.java:128) ~[junit-platform-engine-1.11.4.jar:1.11.4]
	at org.junit.platform.engine.support.hierarchical.ThrowableCollector.execute(ThrowableCollector.java:73) ~[junit-platform-engine-1.11.4.jar:1.11.4]
	at org.junit.platform.engine.support.hierarchical.NodeTestTask.prepare(NodeTestTask.java:128) ~[junit-platform-engine-1.11.4.jar:1.11.4]
	at org.junit.platform.engine.support.hierarchical.NodeTestTask.execute(NodeTestTask.java:95) ~[junit-platform-engine-1.11.4.jar:1.11.4]
	at java.base/java.util.ArrayList.forEach(ArrayList.java:1511) ~[na:na]
	at org.junit.platform.engine.support.hierarchical.SameThreadHierarchicalTestExecutorService.invokeAll(SameThreadHierarchicalTestExecutorService.java:41) ~[junit-platform-engine-1.11.4.jar:1.11.4]
	at org.junit.platform.engine.support.hierarchical.NodeTestTask.lambda$executeRecursively$6(NodeTestTask.java:160) ~[junit-platform-engine-1.11.4.jar:1.11.4]
	at org.junit.platform.engine.support.hierarchical.ThrowableCollector.execute(ThrowableCollector.java:73) ~[junit-platform-engine-1.11.4.jar:1.11.4]
	at org.junit.platform.engine.support.hierarchical.NodeTestTask.lambda$executeRecursively$8(NodeTestTask.java:146) ~[junit-platform-engine-1.11.4.jar:1.11.4]
	at org.junit.platform.engine.support.hierarchical.Node.around(Node.java:137) ~[junit-platform-engine-1.11.4.jar:1.11.4]
	at org.junit.platform.engine.support.hierarchical.NodeTestTask.lambda$executeRecursively$9(NodeTestTask.java:144) ~[junit-platform-engine-1.11.4.jar:1.11.4]
	at org.junit.platform.engine.support.hierarchical.ThrowableCollector.execute(ThrowableCollector.java:73) ~[junit-platform-engine-1.11.4.jar:1.11.4]
	at org.junit.platform.engine.support.hierarchical.NodeTestTask.executeRecursively(NodeTestTask.java:143) ~[junit-platform-engine-1.11.4.jar:1.11.4]
	at org.junit.platform.engine.support.hierarchical.NodeTestTask.execute(NodeTestTask.java:100) ~[junit-platform-engine-1.11.4.jar:1.11.4]
	at java.base/java.util.ArrayList.forEach(ArrayList.java:1511) ~[na:na]
	at org.junit.platform.engine.support.hierarchical.SameThreadHierarchicalTestExecutorService.invokeAll(SameThreadHierarchicalTestExecutorService.java:41) ~[junit-platform-engine-1.11.4.jar:1.11.4]
	at org.junit.platform.engine.support.hierarchical.NodeTestTask.lambda$executeRecursively$6(NodeTestTask.java:160) ~[junit-platform-engine-1.11.4.jar:1.11.4]
	at org.junit.platform.engine.support.hierarchical.ThrowableCollector.execute(ThrowableCollector.java:73) ~[junit-platform-engine-1.11.4.jar:1.11.4]
	at org.junit.platform.engine.support.hierarchical.NodeTestTask.lambda$executeRecursively$8(NodeTestTask.java:146) ~[junit-platform-engine-1.11.4.jar:1.11.4]
	at org.junit.platform.engine.support.hierarchical.Node.around(Node.java:137) ~[junit-platform-engine-1.11.4.jar:1.11.4]
	at org.junit.platform.engine.support.hierarchical.NodeTestTask.lambda$executeRecursively$9(NodeTestTask.java:144) ~[junit-platform-engine-1.11.4.jar:1.11.4]
	at org.junit.platform.engine.support.hierarchical.ThrowableCollector.execute(ThrowableCollector.java:73) ~[junit-platform-engine-1.11.4.jar:1.11.4]
	at org.junit.platform.engine.support.hierarchical.NodeTestTask.executeRecursively(NodeTestTask.java:143) ~[junit-platform-engine-1.11.4.jar:1.11.4]
	at org.junit.platform.engine.support.hierarchical.NodeTestTask.execute(NodeTestTask.java:100) ~[junit-platform-engine-1.11.4.jar:1.11.4]
	at org.junit.platform.engine.support.hierarchical.SameThreadHierarchicalTestExecutorService.submit(SameThreadHierarchicalTestExecutorService.java:35) ~[junit-platform-engine-1.11.4.jar:1.11.4]
	at org.junit.platform.engine.support.hierarchical.HierarchicalTestExecutor.execute(HierarchicalTestExecutor.java:57) ~[junit-platform-engine-1.11.4.jar:1.11.4]
	at org.junit.platform.engine.support.hierarchical.HierarchicalTestEngine.execute(HierarchicalTestEngine.java:54) ~[junit-platform-engine-1.11.4.jar:1.11.4]
	at org.junit.platform.launcher.core.EngineExecutionOrchestrator.execute(EngineExecutionOrchestrator.java:198) ~[junit-platform-launcher-1.11.4.jar:1.11.4]
	at org.junit.platform.launcher.core.EngineExecutionOrchestrator.execute(EngineExecutionOrchestrator.java:169) ~[junit-platform-launcher-1.11.4.jar:1.11.4]
	at org.junit.platform.launcher.core.EngineExecutionOrchestrator.execute(EngineExecutionOrchestrator.java:93) ~[junit-platform-launcher-1.11.4.jar:1.11.4]
	at org.junit.platform.launcher.core.EngineExecutionOrchestrator.lambda$execute$0(EngineExecutionOrchestrator.java:58) ~[junit-platform-launcher-1.11.4.jar:1.11.4]
	at org.junit.platform.launcher.core.EngineExecutionOrchestrator.withInterceptedStreams(EngineExecutionOrchestrator.java:141) ~[junit-platform-launcher-1.11.4.jar:1.11.4]
	at org.junit.platform.launcher.core.EngineExecutionOrchestrator.execute(EngineExecutionOrchestrator.java:57) ~[junit-platform-launcher-1.11.4.jar:1.11.4]
	at org.junit.platform.launcher.core.DefaultLauncher.execute(DefaultLauncher.java:103) ~[junit-platform-launcher-1.11.4.jar:1.11.4]
	at org.junit.platform.launcher.core.DefaultLauncher.execute(DefaultLauncher.java:85) ~[junit-platform-launcher-1.11.4.jar:1.11.4]
	at org.junit.platform.launcher.core.DelegatingLauncher.execute(DelegatingLauncher.java:47) ~[junit-platform-launcher-1.11.4.jar:1.11.4]
	at org.apache.maven.surefire.junitplatform.LazyLauncher.execute(LazyLauncher.java:56) ~[surefire-junit-platform-3.5.2.jar:3.5.2]
	at org.apache.maven.surefire.junitplatform.JUnitPlatformProvider.execute(JUnitPlatformProvider.java:184) ~[surefire-junit-platform-3.5.2.jar:3.5.2]
	at org.apache.maven.surefire.junitplatform.JUnitPlatformProvider.invokeAllTests(JUnitPlatformProvider.java:148) ~[surefire-junit-platform-3.5.2.jar:3.5.2]
	at org.apache.maven.surefire.junitplatform.JUnitPlatformProvider.invoke(JUnitPlatformProvider.java:122) ~[surefire-junit-platform-3.5.2.jar:3.5.2]
	at org.apache.maven.surefire.booter.ForkedBooter.runSuitesInProcess(ForkedBooter.java:385) ~[surefire-booter-3.5.2.jar:3.5.2]
	at org.apache.maven.surefire.booter.ForkedBooter.execute(ForkedBooter.java:162) ~[surefire-booter-3.5.2.jar:3.5.2]
	at org.apache.maven.surefire.booter.ForkedBooter.run(ForkedBooter.java:507) ~[surefire-booter-3.5.2.jar:3.5.2]
	at org.apache.maven.surefire.booter.ForkedBooter.main(ForkedBooter.java:495) ~[surefire-booter-3.5.2.jar:3.5.2]

2025-08-06T20:46:05.068+05:30 DEBUG 45196 --- [auction_application] [           main] o.s.d.jpa.repository.query.NamedQuery    : Did not find named query WebUser.findByUserEmail
2025-08-06T20:46:05.068+05:30 DEBUG 45196 --- [auction_application] [           main] tor$SharedEntityManagerInvocationHandler : Creating new EntityManager for shared EntityManager invocation
2025-08-06T20:46:05.074+05:30 DEBUG 45196 --- [auction_application] [           main] o.s.d.r.c.s.RepositoryFactorySupport     : Finished creation of repository instance for com.example.auction_application.UserModule.UserRepository.
2025-08-06T20:46:05.093+05:30 DEBUG 45196 --- [auction_application] [           main] o.s.b.f.s.DefaultListableBeanFactory     : Creating shared instance of singleton bean 'auctionListingSchedulerService'
2025-08-06T20:46:05.094+05:30 DEBUG 45196 --- [auction_application] [           main] o.s.b.f.s.DefaultListableBeanFactory     : Creating shared instance of singleton bean 'quartzScheduler'
2025-08-06T20:46:05.094+05:30 DEBUG 45196 --- [auction_application] [           main] o.s.b.f.s.DefaultListableBeanFactory     : Creating shared instance of singleton bean 'org.springframework.boot.autoconfigure.quartz.QuartzAutoConfiguration'
2025-08-06T20:46:05.097+05:30 DEBUG 45196 --- [auction_application] [           main] o.s.b.f.s.DefaultListableBeanFactory     : Autowiring by type from bean name 'quartzScheduler' via factory method to bean named 'spring.quartz-org.springframework.boot.autoconfigure.quartz.QuartzProperties'
2025-08-06T20:46:05.097+05:30 DEBUG 45196 --- [auction_application] [           main] o.s.b.f.s.DefaultListableBeanFactory     : Autowiring by type from bean name 'quartzScheduler' via factory method to bean named 'org.springframework.web.context.support.GenericWebApplicationContext@5298dead'
2025-08-06T20:46:05.106+05:30 DEBUG 45196 --- [auction_application] [           main] o.s.b.f.s.DefaultListableBeanFactory     : Creating shared instance of singleton bean 'dataSourceCustomizer'
2025-08-06T20:46:05.108+05:30 DEBUG 45196 --- [auction_application] [           main] o.s.b.f.s.DefaultListableBeanFactory     : Autowiring by type from bean name 'dataSourceCustomizer' via factory method to bean named 'spring.quartz-org.springframework.boot.autoconfigure.quartz.QuartzProperties'
2025-08-06T20:46:05.108+05:30 DEBUG 45196 --- [auction_application] [           main] o.s.b.f.s.DefaultListableBeanFactory     : Autowiring by type from bean name 'dataSourceCustomizer' via factory method to bean named 'dataSource'
2025-08-06T20:46:05.111+05:30 DEBUG 45196 --- [auction_application] [           main] o.s.b.f.s.DefaultListableBeanFactory     : Creating shared instance of singleton bean 'transactionManager'
2025-08-06T20:46:05.116+05:30 DEBUG 45196 --- [auction_application] [           main] o.s.b.f.s.DefaultListableBeanFactory     : Creating shared instance of singleton bean 'platformTransactionManagerCustomizers'
2025-08-06T20:46:05.116+05:30 DEBUG 45196 --- [auction_application] [           main] o.s.b.f.s.DefaultListableBeanFactory     : Creating shared instance of singleton bean 'org.springframework.boot.autoconfigure.transaction.TransactionManagerCustomizationAutoConfiguration'
2025-08-06T20:46:05.119+05:30 DEBUG 45196 --- [auction_application] [           main] o.s.b.f.s.DefaultListableBeanFactory     : Creating shared instance of singleton bean 'transactionExecutionListeners'
2025-08-06T20:46:05.126+05:30 DEBUG 45196 --- [auction_application] [           main] o.s.b.f.s.DefaultListableBeanFactory     : Creating shared instance of singleton bean 'spring.transaction-org.springframework.boot.autoconfigure.transaction.TransactionProperties'
2025-08-06T20:46:05.251+05:30  INFO 45196 --- [auction_application] [g-Init-Reporter] com.mchange.v2.log.MLog                  : MLog clients using slf4j logging.
2025-08-06T20:46:05.260+05:30 DEBUG 45196 --- [auction_application] [g-Init-Reporter] com.mchange.v2.log.MLog                  : Reading VM config for path list /com/mchange/v2/log/default-mchange-log.properties, /mchange-commons.properties, /c3p0.properties, hocon:/reference,/application,/c3p0,/, /mchange-log.properties, /
2025-08-06T20:46:05.260+05:30 DEBUG 45196 --- [auction_application] [g-Init-Reporter] com.mchange.v2.log.MLog                  : The configuration file for resource identifier '/mchange-commons.properties' could not be found. Skipping.
2025-08-06T20:46:05.260+05:30 DEBUG 45196 --- [auction_application] [g-Init-Reporter] com.mchange.v2.log.MLog                  : The configuration file for resource identifier '/c3p0.properties' could not be found. Skipping.
2025-08-06T20:46:05.260+05:30 DEBUG 45196 --- [auction_application] [g-Init-Reporter] com.mchange.v2.log.MLog                  : The configuration file for resource identifier 'hocon:/reference,/application,/c3p0,/' could not be found. Skipping.
2025-08-06T20:46:05.260+05:30 DEBUG 45196 --- [auction_application] [g-Init-Reporter] com.mchange.v2.log.MLog                  : The configuration file for resource identifier '/mchange-log.properties' could not be found. Skipping.
2025-08-06T20:46:05.264+05:30 DEBUG 45196 --- [auction_application] [           main] com.mchange.v2.cfg.MConfig               : The configuration file for resource identifier '/mchange-commons.properties' could not be found. Skipping.
2025-08-06T20:46:05.264+05:30 DEBUG 45196 --- [auction_application] [           main] com.mchange.v2.cfg.MConfig               : The configuration file for resource identifier '/mchange-log.properties' could not be found. Skipping.
2025-08-06T20:46:05.264+05:30 DEBUG 45196 --- [auction_application] [           main] com.mchange.v2.cfg.MConfig               : The configuration file for resource identifier 'hocon:/reference,/application,/c3p0,/' could not be found. Skipping.
2025-08-06T20:46:05.264+05:30 DEBUG 45196 --- [auction_application] [           main] com.mchange.v2.cfg.MConfig               : The configuration file for resource identifier '/c3p0.properties' could not be found. Skipping.
2025-08-06T20:46:05.428+05:30  INFO 45196 --- [auction_application] [           main] com.mchange.v2.c3p0.C3P0Registry         : Initializing c3p0-0.9.5.5 [built 11-December-2019 22:18:33 -0800; debug? true; trace: 10]
2025-08-06T20:46:05.467+05:30 DEBUG 45196 --- [auction_application] [           main] .c.m.DynamicPooledDataSourceManagerMBean : MBean: com.mchange.v2.c3p0:type=PooledDataSource,identityToken=2wwz2zbczi3ewb1q30o27|7940d27b,name=2wwz2zbczi3ewb1q30o27|7940d27b registered.
2025-08-06T20:46:05.497+05:30 DEBUG 45196 --- [auction_application] [           main] .c.m.DynamicPooledDataSourceManagerMBean : MBean: com.mchange.v2.c3p0:type=PooledDataSource,identityToken=2wwz2zbczi3ewb1q30o27|7940d27b,name=2wwz2zbczi3ewb1q30o27|7940d27b unregistered, in order to be reregistered after update.
2025-08-06T20:46:05.497+05:30 DEBUG 45196 --- [auction_application] [           main] .c.m.DynamicPooledDataSourceManagerMBean : MBean: com.mchange.v2.c3p0:type=PooledDataSource,identityToken=2wwz2zbczi3ewb1q30o27|7940d27b,name=2wwz2zbczi3ewb1q30o27|7940d27b registered.
2025-08-06T20:46:05.545+05:30 DEBUG 45196 --- [auction_application] [           main] o.s.orm.jpa.JpaTransactionManager        : Creating new transaction with name [null]: org.springframework.transaction.StaticTransactionDefinition@1ae3d0a8
2025-08-06T20:46:05.546+05:30 DEBUG 45196 --- [auction_application] [           main] o.s.orm.jpa.JpaTransactionManager        : Opened new EntityManager [SessionImpl(2111949983<open>)] for JPA transaction
2025-08-06T20:46:05.548+05:30 DEBUG 45196 --- [auction_application] [           main] o.h.e.t.internal.TransactionImpl         : On TransactionImpl creation, JpaCompliance#isJpaTransactionComplianceEnabled == false
2025-08-06T20:46:05.549+05:30 DEBUG 45196 --- [auction_application] [           main] o.h.e.t.internal.TransactionImpl         : begin
2025-08-06T20:46:05.701+05:30 DEBUG 45196 --- [auction_application] [           main] org.postgresql.jdbc.PgConnection         :   setAutoCommit = false
2025-08-06T20:46:05.702+05:30 DEBUG 45196 --- [auction_application] [           main] o.s.orm.jpa.JpaTransactionManager        : Exposing JPA transaction as JDBC [org.springframework.orm.jpa.vendor.HibernateJpaDialect$HibernateConnectionHandle@2c63f1fe]
2025-08-06T20:46:05.703+05:30 DEBUG 45196 --- [auction_application] [           main] o.s.orm.jpa.JpaTransactionManager        : Initiating transaction commit
2025-08-06T20:46:05.703+05:30 DEBUG 45196 --- [auction_application] [           main] o.s.orm.jpa.JpaTransactionManager        : Committing JPA transaction on EntityManager [SessionImpl(2111949983<open>)]
2025-08-06T20:46:05.703+05:30 DEBUG 45196 --- [auction_application] [           main] o.h.e.t.internal.TransactionImpl         : committing
2025-08-06T20:46:05.704+05:30 DEBUG 45196 --- [auction_application] [           main] org.postgresql.jdbc.PgConnection         :   setAutoCommit = true
2025-08-06T20:46:05.705+05:30 DEBUG 45196 --- [auction_application] [           main] o.s.orm.jpa.JpaTransactionManager        : Closing JPA EntityManager [SessionImpl(2111949983<open>)] after transaction
2025-08-06T20:46:05.723+05:30 DEBUG 45196 --- [auction_application] [           main] o.s.b.f.s.DefaultListableBeanFactory     : Creating shared instance of singleton bean 'auctionWebSocketHandler'
2025-08-06T20:46:05.729+05:30 DEBUG 45196 --- [auction_application] [           main] o.s.b.f.s.DefaultListableBeanFactory     : Creating shared instance of singleton bean 'objectMapper'
2025-08-06T20:46:05.729+05:30 DEBUG 45196 --- [auction_application] [           main] o.s.b.f.s.DefaultListableBeanFactory     : Creating shared instance of singleton bean 'jacksonConfig'
2025-08-06T20:46:05.787+05:30 DEBUG 45196 --- [auction_application] [           main] o.s.b.f.s.DefaultListableBeanFactory     : Creating shared instance of singleton bean 'jwtUtils'
2025-08-06T20:46:05.790+05:30 DEBUG 45196 --- [auction_application] [           main] o.s.b.f.s.DefaultListableBeanFactory     : Creating shared instance of singleton bean 'jwtConfigProperties'
2025-08-06T20:46:05.794+05:30 DEBUG 45196 --- [auction_application] [           main] o.s.b.f.s.DefaultListableBeanFactory     : Autowiring by type from bean name 'jwtUtils' via constructor to bean named 'jwtConfigProperties'
2025-08-06T20:46:05.796+05:30 DEBUG 45196 --- [auction_application] [           main] o.s.b.f.s.DefaultListableBeanFactory     : Creating shared instance of singleton bean 'authController'
2025-08-06T20:46:05.799+05:30 DEBUG 45196 --- [auction_application] [           main] o.s.b.f.s.DefaultListableBeanFactory     : Creating shared instance of singleton bean 'authenticationManager'
2025-08-06T20:46:05.799+05:30 DEBUG 45196 --- [auction_application] [           main] o.s.b.f.s.DefaultListableBeanFactory     : Creating shared instance of singleton bean 'springSecurityConfiguration'
2025-08-06T20:46:05.799+05:30 DEBUG 45196 --- [auction_application] [           main] o.s.b.f.s.DefaultListableBeanFactory     : Creating shared instance of singleton bean 'securityConfigProperties'
2025-08-06T20:46:05.806+05:30 DEBUG 45196 --- [auction_application] [           main] o.s.b.f.s.DefaultListableBeanFactory     : Autowiring by type from bean name 'springSecurityConfiguration' via constructor to bean named 'securityConfigProperties'
2025-08-06T20:46:05.809+05:30 DEBUG 45196 --- [auction_application] [           main] o.s.b.f.s.DefaultListableBeanFactory     : Creating shared instance of singleton bean 'org.springframework.security.config.annotation.authentication.configuration.AuthenticationConfiguration'
2025-08-06T20:46:05.812+05:30 DEBUG 45196 --- [auction_application] [           main] o.s.b.f.s.DefaultListableBeanFactory     : Creating shared instance of singleton bean 'enableGlobalAuthenticationAutowiredConfigurer'
2025-08-06T20:46:05.812+05:30 DEBUG 45196 --- [auction_application] [           main] o.s.b.f.s.DefaultListableBeanFactory     : Autowiring by type from bean name 'enableGlobalAuthenticationAutowiredConfigurer' via factory method to bean named 'org.springframework.web.context.support.GenericWebApplicationContext@5298dead'
2025-08-06T20:46:05.815+05:30 DEBUG 45196 --- [auction_application] [           main] o.s.b.f.s.DefaultListableBeanFactory     : Creating shared instance of singleton bean 'initializeUserDetailsBeanManagerConfigurer'
2025-08-06T20:46:05.815+05:30 DEBUG 45196 --- [auction_application] [           main] o.s.b.f.s.DefaultListableBeanFactory     : Autowiring by type from bean name 'initializeUserDetailsBeanManagerConfigurer' via factory method to bean named 'org.springframework.web.context.support.GenericWebApplicationContext@5298dead'
2025-08-06T20:46:05.817+05:30 DEBUG 45196 --- [auction_application] [           main] o.s.b.f.s.DefaultListableBeanFactory     : Creating shared instance of singleton bean 'initializeAuthenticationProviderBeanManagerConfigurer'
2025-08-06T20:46:05.817+05:30 DEBUG 45196 --- [auction_application] [           main] o.s.b.f.s.DefaultListableBeanFactory     : Autowiring by type from bean name 'initializeAuthenticationProviderBeanManagerConfigurer' via factory method to bean named 'org.springframework.web.context.support.GenericWebApplicationContext@5298dead'
2025-08-06T20:46:05.818+05:30 DEBUG 45196 --- [auction_application] [           main] o.s.b.f.s.DefaultListableBeanFactory     : Creating shared instance of singleton bean 'objectPostProcessor'
2025-08-06T20:46:05.819+05:30 DEBUG 45196 --- [auction_application] [           main] o.s.b.f.s.DefaultListableBeanFactory     : Creating shared instance of singleton bean 'org.springframework.security.config.annotation.configuration.ObjectPostProcessorConfiguration'
2025-08-06T20:46:05.819+05:30 DEBUG 45196 --- [auction_application] [           main] o.s.b.f.s.DefaultListableBeanFactory     : Autowiring by type from bean name 'objectPostProcessor' via factory method to bean named 'org.springframework.beans.factory.support.DefaultListableBeanFactory@4a699efa'
2025-08-06T20:46:05.822+05:30 DEBUG 45196 --- [auction_application] [           main] o.s.b.f.s.DefaultListableBeanFactory     : Autowiring by type from bean name 'authenticationManager' via factory method to bean named 'org.springframework.security.config.annotation.authentication.configuration.AuthenticationConfiguration'
2025-08-06T20:46:05.822+05:30 DEBUG 45196 --- [auction_application] [           main] o.s.b.f.s.DefaultListableBeanFactory     : Creating shared instance of singleton bean 'authenticationManagerBuilder'
2025-08-06T20:46:05.823+05:30 DEBUG 45196 --- [auction_application] [           main] o.s.b.f.s.DefaultListableBeanFactory     : Autowiring by type from bean name 'authenticationManagerBuilder' via factory method to bean named 'objectPostProcessor'
2025-08-06T20:46:05.823+05:30 DEBUG 45196 --- [auction_application] [           main] o.s.b.f.s.DefaultListableBeanFactory     : Autowiring by type from bean name 'authenticationManagerBuilder' via factory method to bean named 'org.springframework.web.context.support.GenericWebApplicationContext@5298dead'
2025-08-06T20:46:05.824+05:30 DEBUG 45196 --- [auction_application] [           main] o.s.b.f.s.DefaultListableBeanFactory     : Creating shared instance of singleton bean 'authenticationEventPublisher'
2025-08-06T20:46:05.824+05:30 DEBUG 45196 --- [auction_application] [           main] o.s.b.f.s.DefaultListableBeanFactory     : Creating shared instance of singleton bean 'org.springframework.boot.autoconfigure.security.servlet.SecurityAutoConfiguration'
2025-08-06T20:46:05.825+05:30 DEBUG 45196 --- [auction_application] [           main] o.s.b.f.s.DefaultListableBeanFactory     : Autowiring by type from bean name 'authenticationEventPublisher' via factory method to bean named 'org.springframework.web.context.support.GenericWebApplicationContext@5298dead'
2025-08-06T20:46:05.845+05:30 DEBUG 45196 --- [auction_application] [           main] o.s.b.f.s.DefaultListableBeanFactory     : Creating shared instance of singleton bean 'customUserDetailsService'
2025-08-06T20:46:05.881+05:30  INFO 45196 --- [auction_application] [           main] r$InitializeUserDetailsManagerConfigurer : Global AuthenticationManager configured with UserDetailsService bean with name customUserDetailsService
2025-08-06T20:46:05.884+05:30 DEBUG 45196 --- [auction_application] [           main] ySourcesPropertyResolver$DefaultResolver : Found key 'GOOGLE_TOKEN' in PropertySource 'Config resource 'class path resource [application.properties]' via location 'optional:classpath:/'' with value of type String
2025-08-06T20:46:05.885+05:30 DEBUG 45196 --- [auction_application] [           main] o.s.c.e.PropertySourcesPropertyResolver  : Found key 'GOOGLE_TOKEN' in PropertySource 'environmentProperties' with value of type String
2025-08-06T20:46:05.887+05:30 DEBUG 45196 --- [auction_application] [           main] o.s.b.f.s.DefaultListableBeanFactory     : Creating shared instance of singleton bean 'bidController'
2025-08-06T20:46:05.889+05:30 DEBUG 45196 --- [auction_application] [           main] o.s.b.f.s.DefaultListableBeanFactory     : Creating shared instance of singleton bean 'bidService'
2025-08-06T20:46:05.890+05:30 DEBUG 45196 --- [auction_application] [           main] o.s.b.f.s.DefaultListableBeanFactory     : Creating shared instance of singleton bean 'bidRepository'
2025-08-06T20:46:05.891+05:30 DEBUG 45196 --- [auction_application] [           main] o.s.b.f.s.DefaultListableBeanFactory     : Creating shared instance of singleton bean 'jpa.named-queries#1'
2025-08-06T20:46:05.893+05:30 DEBUG 45196 --- [auction_application] [           main] o.s.b.f.s.DefaultListableBeanFactory     : Creating shared instance of singleton bean 'jpa.BidRepository.fragments#0'
2025-08-06T20:46:05.896+05:30 DEBUG 45196 --- [auction_application] [           main] tor$SharedEntityManagerInvocationHandler : Creating new EntityManager for shared EntityManager invocation
2025-08-06T20:46:05.897+05:30 DEBUG 45196 --- [auction_application] [           main] o.s.d.r.c.s.RepositoryFactorySupport     : Initializing repository instance for com.example.auction_application.Bid.BidRepository…
2025-08-06T20:46:05.898+05:30 DEBUG 45196 --- [auction_application] [           main] tor$SharedEntityManagerInvocationHandler : Creating new EntityManager for shared EntityManager invocation
2025-08-06T20:46:05.902+05:30 DEBUG 45196 --- [auction_application] [           main] o.s.d.jpa.repository.query.NamedQuery    : Looking up named query 'Bid.findByBidderId'
2025-08-06T20:46:05.902+05:30 DEBUG 45196 --- [auction_application] [           main] cResourceLocalTransactionCoordinatorImpl : JDBC transaction marked for rollback-only (exception provided for stack trace)

java.lang.Exception: exception just for purpose of providing stack trace
	at org.hibernate.resource.transaction.backend.jdbc.internal.JdbcResourceLocalTransactionCoordinatorImpl$TransactionDriverControlImpl.markRollbackOnly(JdbcResourceLocalTransactionCoordinatorImpl.java:309) ~[hibernate-core-6.6.4.Final.jar:6.6.4.Final]
	at org.hibernate.internal.AbstractSharedSessionContract.buildNamedQuery(AbstractSharedSessionContract.java:1141) ~[hibernate-core-6.6.4.Final.jar:6.6.4.Final]
	at org.hibernate.internal.AbstractSharedSessionContract.createNamedQuery(AbstractSharedSessionContract.java:1019) ~[hibernate-core-6.6.4.Final.jar:6.6.4.Final]
	at org.hibernate.internal.AbstractSharedSessionContract.createNamedQuery(AbstractSharedSessionContract.java:143) ~[hibernate-core-6.6.4.Final.jar:6.6.4.Final]
	at java.base/jdk.internal.reflect.NativeMethodAccessorImpl.invoke0(Native Method) ~[na:na]
	at java.base/jdk.internal.reflect.NativeMethodAccessorImpl.invoke(NativeMethodAccessorImpl.java:77) ~[na:na]
	at java.base/jdk.internal.reflect.DelegatingMethodAccessorImpl.invoke(DelegatingMethodAccessorImpl.java:43) ~[na:na]
	at java.base/java.lang.reflect.Method.invoke(Method.java:568) ~[na:na]
	at org.springframework.orm.jpa.ExtendedEntityManagerCreator$ExtendedEntityManagerInvocationHandler.invoke(ExtendedEntityManagerCreator.java:364) ~[spring-orm-6.2.1.jar:6.2.1]
	at jdk.proxy2/jdk.proxy2.$Proxy131.createNamedQuery(Unknown Source) ~[na:na]
	at org.springframework.data.jpa.repository.query.NamedQuery.hasNamedQuery(NamedQuery.java:114) ~[spring-data-jpa-3.4.1.jar:3.4.1]
	at org.springframework.data.jpa.repository.query.NamedQuery.lookupFrom(NamedQuery.java:140) ~[spring-data-jpa-3.4.1.jar:3.4.1]
	at org.springframework.data.jpa.repository.query.JpaQueryLookupStrategy$DeclaredQueryLookupStrategy.resolveQuery(JpaQueryLookupStrategy.java:184) ~[spring-data-jpa-3.4.1.jar:3.4.1]
	at org.springframework.data.jpa.repository.query.JpaQueryLookupStrategy$CreateIfNotFoundQueryLookupStrategy.resolveQuery(JpaQueryLookupStrategy.java:256) ~[spring-data-jpa-3.4.1.jar:3.4.1]
	at org.springframework.data.jpa.repository.query.JpaQueryLookupStrategy$AbstractQueryLookupStrategy.resolveQuery(JpaQueryLookupStrategy.java:99) ~[spring-data-jpa-3.4.1.jar:3.4.1]
	at org.springframework.data.repository.core.support.QueryExecutorMethodInterceptor.lookupQuery(QueryExecutorMethodInterceptor.java:116) ~[spring-data-commons-3.4.1.jar:3.4.1]
	at org.springframework.data.repository.core.support.QueryExecutorMethodInterceptor.mapMethodsToQuery(QueryExecutorMethodInterceptor.java:104) ~[spring-data-commons-3.4.1.jar:3.4.1]
	at org.springframework.data.repository.core.support.QueryExecutorMethodInterceptor.lambda$new$0(QueryExecutorMethodInterceptor.java:92) ~[spring-data-commons-3.4.1.jar:3.4.1]
	at java.base/java.util.Optional.map(Optional.java:260) ~[na:na]
	at org.springframework.data.repository.core.support.QueryExecutorMethodInterceptor.<init>(QueryExecutorMethodInterceptor.java:92) ~[spring-data-commons-3.4.1.jar:3.4.1]
	at org.springframework.data.repository.core.support.RepositoryFactorySupport.getRepository(RepositoryFactorySupport.java:440) ~[spring-data-commons-3.4.1.jar:3.4.1]
	at org.springframework.data.repository.core.support.RepositoryFactoryBeanSupport.lambda$afterPropertiesSet$4(RepositoryFactoryBeanSupport.java:350) ~[spring-data-commons-3.4.1.jar:3.4.1]
	at org.springframework.data.util.Lazy.getNullable(Lazy.java:135) ~[spring-data-commons-3.4.1.jar:3.4.1]
	at org.springframework.data.util.Lazy.get(Lazy.java:113) ~[spring-data-commons-3.4.1.jar:3.4.1]
	at org.springframework.data.repository.core.support.RepositoryFactoryBeanSupport.afterPropertiesSet(RepositoryFactoryBeanSupport.java:356) ~[spring-data-commons-3.4.1.jar:3.4.1]
	at org.springframework.data.jpa.repository.support.JpaRepositoryFactoryBean.afterPropertiesSet(JpaRepositoryFactoryBean.java:132) ~[spring-data-jpa-3.4.1.jar:3.4.1]
	at org.springframework.beans.factory.support.AbstractAutowireCapableBeanFactory.invokeInitMethods(AbstractAutowireCapableBeanFactory.java:1855) ~[spring-beans-6.2.1.jar:6.2.1]
	at org.springframework.beans.factory.support.AbstractAutowireCapableBeanFactory.initializeBean(AbstractAutowireCapableBeanFactory.java:1804) ~[spring-beans-6.2.1.jar:6.2.1]
	at org.springframework.beans.factory.support.AbstractAutowireCapableBeanFactory.doCreateBean(AbstractAutowireCapableBeanFactory.java:601) ~[spring-beans-6.2.1.jar:6.2.1]
	at org.springframework.beans.factory.support.AbstractAutowireCapableBeanFactory.createBean(AbstractAutowireCapableBeanFactory.java:523) ~[spring-beans-6.2.1.jar:6.2.1]
	at org.springframework.beans.factory.support.AbstractBeanFactory.lambda$doGetBean$0(AbstractBeanFactory.java:336) ~[spring-beans-6.2.1.jar:6.2.1]
	at org.springframework.beans.factory.support.DefaultSingletonBeanRegistry.getSingleton(DefaultSingletonBeanRegistry.java:289) ~[spring-beans-6.2.1.jar:6.2.1]
	at org.springframework.beans.factory.support.AbstractBeanFactory.doGetBean(AbstractBeanFactory.java:334) ~[spring-beans-6.2.1.jar:6.2.1]
	at org.springframework.beans.factory.support.AbstractBeanFactory.getBean(AbstractBeanFactory.java:199) ~[spring-beans-6.2.1.jar:6.2.1]
	at org.springframework.beans.factory.support.DefaultListableBeanFactory.doResolveDependency(DefaultListableBeanFactory.java:1573) ~[spring-beans-6.2.1.jar:6.2.1]
	at org.springframework.beans.factory.support.DefaultListableBeanFactory.resolveDependency(DefaultListableBeanFactory.java:1519) ~[spring-beans-6.2.1.jar:6.2.1]
	at org.springframework.beans.factory.annotation.AutowiredAnnotationBeanPostProcessor$AutowiredFieldElement.resolveFieldValue(AutowiredAnnotationBeanPostProcessor.java:785) ~[spring-beans-6.2.1.jar:6.2.1]
	at org.springframework.beans.factory.annotation.AutowiredAnnotationBeanPostProcessor$AutowiredFieldElement.inject(AutowiredAnnotationBeanPostProcessor.java:768) ~[spring-beans-6.2.1.jar:6.2.1]
	at org.springframework.beans.factory.annotation.InjectionMetadata.inject(InjectionMetadata.java:146) ~[spring-beans-6.2.1.jar:6.2.1]
	at org.springframework.beans.factory.annotation.AutowiredAnnotationBeanPostProcessor.postProcessProperties(AutowiredAnnotationBeanPostProcessor.java:509) ~[spring-beans-6.2.1.jar:6.2.1]
	at org.springframework.beans.factory.support.AbstractAutowireCapableBeanFactory.populateBean(AbstractAutowireCapableBeanFactory.java:1441) ~[spring-beans-6.2.1.jar:6.2.1]
	at org.springframework.beans.factory.support.AbstractAutowireCapableBeanFactory.doCreateBean(AbstractAutowireCapableBeanFactory.java:600) ~[spring-beans-6.2.1.jar:6.2.1]
	at org.springframework.beans.factory.support.AbstractAutowireCapableBeanFactory.createBean(AbstractAutowireCapableBeanFactory.java:523) ~[spring-beans-6.2.1.jar:6.2.1]
	at org.springframework.beans.factory.support.AbstractBeanFactory.lambda$doGetBean$0(AbstractBeanFactory.java:336) ~[spring-beans-6.2.1.jar:6.2.1]
	at org.springframework.beans.factory.support.DefaultSingletonBeanRegistry.getSingleton(DefaultSingletonBeanRegistry.java:289) ~[spring-beans-6.2.1.jar:6.2.1]
	at org.springframework.beans.factory.support.AbstractBeanFactory.doGetBean(AbstractBeanFactory.java:334) ~[spring-beans-6.2.1.jar:6.2.1]
	at org.springframework.beans.factory.support.AbstractBeanFactory.getBean(AbstractBeanFactory.java:199) ~[spring-beans-6.2.1.jar:6.2.1]
	at org.springframework.beans.factory.support.DefaultListableBeanFactory.doResolveDependency(DefaultListableBeanFactory.java:1573) ~[spring-beans-6.2.1.jar:6.2.1]
	at org.springframework.beans.factory.support.DefaultListableBeanFactory.resolveDependency(DefaultListableBeanFactory.java:1519) ~[spring-beans-6.2.1.jar:6.2.1]
	at org.springframework.beans.factory.annotation.AutowiredAnnotationBeanPostProcessor$AutowiredFieldElement.resolveFieldValue(AutowiredAnnotationBeanPostProcessor.java:785) ~[spring-beans-6.2.1.jar:6.2.1]
	at org.springframework.beans.factory.annotation.AutowiredAnnotationBeanPostProcessor$AutowiredFieldElement.inject(AutowiredAnnotationBeanPostProcessor.java:768) ~[spring-beans-6.2.1.jar:6.2.1]
	at org.springframework.beans.factory.annotation.InjectionMetadata.inject(InjectionMetadata.java:146) ~[spring-beans-6.2.1.jar:6.2.1]
	at org.springframework.beans.factory.annotation.AutowiredAnnotationBeanPostProcessor.postProcessProperties(AutowiredAnnotationBeanPostProcessor.java:509) ~[spring-beans-6.2.1.jar:6.2.1]
	at org.springframework.beans.factory.support.AbstractAutowireCapableBeanFactory.populateBean(AbstractAutowireCapableBeanFactory.java:1441) ~[spring-beans-6.2.1.jar:6.2.1]
	at org.springframework.beans.factory.support.AbstractAutowireCapableBeanFactory.doCreateBean(AbstractAutowireCapableBeanFactory.java:600) ~[spring-beans-6.2.1.jar:6.2.1]
	at org.springframework.beans.factory.support.AbstractAutowireCapableBeanFactory.createBean(AbstractAutowireCapableBeanFactory.java:523) ~[spring-beans-6.2.1.jar:6.2.1]
	at org.springframework.beans.factory.support.AbstractBeanFactory.lambda$doGetBean$0(AbstractBeanFactory.java:336) ~[spring-beans-6.2.1.jar:6.2.1]
	at org.springframework.beans.factory.support.DefaultSingletonBeanRegistry.getSingleton(DefaultSingletonBeanRegistry.java:289) ~[spring-beans-6.2.1.jar:6.2.1]
	at org.springframework.beans.factory.support.AbstractBeanFactory.doGetBean(AbstractBeanFactory.java:334) ~[spring-beans-6.2.1.jar:6.2.1]
	at org.springframework.beans.factory.support.AbstractBeanFactory.getBean(AbstractBeanFactory.java:199) ~[spring-beans-6.2.1.jar:6.2.1]
	at org.springframework.beans.factory.support.DefaultListableBeanFactory.instantiateSingleton(DefaultListableBeanFactory.java:1122) ~[spring-beans-6.2.1.jar:6.2.1]
	at org.springframework.beans.factory.support.DefaultListableBeanFactory.preInstantiateSingleton(DefaultListableBeanFactory.java:1093) ~[spring-beans-6.2.1.jar:6.2.1]
	at org.springframework.beans.factory.support.DefaultListableBeanFactory.preInstantiateSingletons(DefaultListableBeanFactory.java:1030) ~[spring-beans-6.2.1.jar:6.2.1]
	at org.springframework.context.support.AbstractApplicationContext.finishBeanFactoryInitialization(AbstractApplicationContext.java:987) ~[spring-context-6.2.1.jar:6.2.1]
	at org.springframework.context.support.AbstractApplicationContext.refresh(AbstractApplicationContext.java:627) ~[spring-context-6.2.1.jar:6.2.1]
	at org.springframework.boot.SpringApplication.refresh(SpringApplication.java:752) ~[spring-boot-3.4.1.jar:3.4.1]
	at org.springframework.boot.SpringApplication.refreshContext(SpringApplication.java:439) ~[spring-boot-3.4.1.jar:3.4.1]
	at org.springframework.boot.SpringApplication.run(SpringApplication.java:318) ~[spring-boot-3.4.1.jar:3.4.1]
	at org.springframework.boot.test.context.SpringBootContextLoader.lambda$loadContext$3(SpringBootContextLoader.java:137) ~[spring-boot-test-3.4.1.jar:3.4.1]
	at org.springframework.util.function.ThrowingSupplier.get(ThrowingSupplier.java:58) ~[spring-core-6.2.1.jar:6.2.1]
	at org.springframework.util.function.ThrowingSupplier.get(ThrowingSupplier.java:46) ~[spring-core-6.2.1.jar:6.2.1]
	at org.springframework.boot.SpringApplication.withHook(SpringApplication.java:1461) ~[spring-boot-3.4.1.jar:3.4.1]
	at org.springframework.boot.test.context.SpringBootContextLoader$ContextLoaderHook.run(SpringBootContextLoader.java:553) ~[spring-boot-test-3.4.1.jar:3.4.1]
	at org.springframework.boot.test.context.SpringBootContextLoader.loadContext(SpringBootContextLoader.java:137) ~[spring-boot-test-3.4.1.jar:3.4.1]
	at org.springframework.boot.test.context.SpringBootContextLoader.loadContext(SpringBootContextLoader.java:108) ~[spring-boot-test-3.4.1.jar:3.4.1]
	at org.springframework.test.context.cache.DefaultCacheAwareContextLoaderDelegate.loadContextInternal(DefaultCacheAwareContextLoaderDelegate.java:225) ~[spring-test-6.2.1.jar:6.2.1]
	at org.springframework.test.context.cache.DefaultCacheAwareContextLoaderDelegate.loadContext(DefaultCacheAwareContextLoaderDelegate.java:152) ~[spring-test-6.2.1.jar:6.2.1]
	at org.springframework.test.context.support.DefaultTestContext.getApplicationContext(DefaultTestContext.java:130) ~[spring-test-6.2.1.jar:6.2.1]
	at org.springframework.test.context.web.ServletTestExecutionListener.setUpRequestContextIfNecessary(ServletTestExecutionListener.java:191) ~[spring-test-6.2.1.jar:6.2.1]
	at org.springframework.test.context.web.ServletTestExecutionListener.prepareTestInstance(ServletTestExecutionListener.java:130) ~[spring-test-6.2.1.jar:6.2.1]
	at org.springframework.test.context.TestContextManager.prepareTestInstance(TestContextManager.java:260) ~[spring-test-6.2.1.jar:6.2.1]
	at org.springframework.test.context.junit.jupiter.SpringExtension.postProcessTestInstance(SpringExtension.java:160) ~[spring-test-6.2.1.jar:6.2.1]
	at org.junit.jupiter.engine.descriptor.ClassBasedTestDescriptor.lambda$invokeTestInstancePostProcessors$11(ClassBasedTestDescriptor.java:378) ~[junit-jupiter-engine-5.11.4.jar:5.11.4]
	at org.junit.jupiter.engine.descriptor.ClassBasedTestDescriptor.executeAndMaskThrowable(ClassBasedTestDescriptor.java:383) ~[junit-jupiter-engine-5.11.4.jar:5.11.4]
	at org.junit.jupiter.engine.descriptor.ClassBasedTestDescriptor.lambda$invokeTestInstancePostProcessors$12(ClassBasedTestDescriptor.java:378) ~[junit-jupiter-engine-5.11.4.jar:5.11.4]
	at java.base/java.util.stream.ForEachOps$ForEachOp$OfRef.accept(ForEachOps.java:183) ~[na:na]
	at java.base/java.util.stream.ReferencePipeline$3$1.accept(ReferencePipeline.java:197) ~[na:na]
	at java.base/java.util.stream.ReferencePipeline$2$1.accept(ReferencePipeline.java:179) ~[na:na]
	at java.base/java.util.stream.ReferencePipeline$3$1.accept(ReferencePipeline.java:197) ~[na:na]
	at java.base/java.util.ArrayList$ArrayListSpliterator.forEachRemaining(ArrayList.java:1625) ~[na:na]
	at java.base/java.util.stream.AbstractPipeline.copyInto(AbstractPipeline.java:509) ~[na:na]
	at java.base/java.util.stream.AbstractPipeline.wrapAndCopyInto(AbstractPipeline.java:499) ~[na:na]
	at java.base/java.util.stream.ForEachOps$ForEachOp.evaluateSequential(ForEachOps.java:150) ~[na:na]
	at java.base/java.util.stream.ForEachOps$ForEachOp$OfRef.evaluateSequential(ForEachOps.java:173) ~[na:na]
	at java.base/java.util.stream.AbstractPipeline.evaluate(AbstractPipeline.java:234) ~[na:na]
	at java.base/java.util.stream.ReferencePipeline.forEach(ReferencePipeline.java:596) ~[na:na]
	at org.junit.jupiter.engine.descriptor.ClassBasedTestDescriptor.invokeTestInstancePostProcessors(ClassBasedTestDescriptor.java:377) ~[junit-jupiter-engine-5.11.4.jar:5.11.4]
	at org.junit.jupiter.engine.descriptor.ClassBasedTestDescriptor.lambda$instantiateAndPostProcessTestInstance$7(ClassBasedTestDescriptor.java:290) ~[junit-jupiter-engine-5.11.4.jar:5.11.4]
	at org.junit.platform.engine.support.hierarchical.ThrowableCollector.execute(ThrowableCollector.java:73) ~[junit-platform-engine-1.11.4.jar:1.11.4]
	at org.junit.jupiter.engine.descriptor.ClassBasedTestDescriptor.instantiateAndPostProcessTestInstance(ClassBasedTestDescriptor.java:289) ~[junit-jupiter-engine-5.11.4.jar:5.11.4]
	at org.junit.jupiter.engine.descriptor.ClassBasedTestDescriptor.lambda$testInstancesProvider$5(ClassBasedTestDescriptor.java:279) ~[junit-jupiter-engine-5.11.4.jar:5.11.4]
	at java.base/java.util.Optional.orElseGet(Optional.java:364) ~[na:na]
	at org.junit.jupiter.engine.descriptor.ClassBasedTestDescriptor.lambda$testInstancesProvider$6(ClassBasedTestDescriptor.java:278) ~[junit-jupiter-engine-5.11.4.jar:5.11.4]
	at org.junit.jupiter.engine.execution.TestInstancesProvider.getTestInstances(TestInstancesProvider.java:31) ~[junit-jupiter-engine-5.11.4.jar:5.11.4]
	at org.junit.jupiter.engine.descriptor.TestMethodTestDescriptor.lambda$prepare$1(TestMethodTestDescriptor.java:105) ~[junit-jupiter-engine-5.11.4.jar:5.11.4]
	at org.junit.platform.engine.support.hierarchical.ThrowableCollector.execute(ThrowableCollector.java:73) ~[junit-platform-engine-1.11.4.jar:1.11.4]
	at org.junit.jupiter.engine.descriptor.TestMethodTestDescriptor.prepare(TestMethodTestDescriptor.java:104) ~[junit-jupiter-engine-5.11.4.jar:5.11.4]
	at org.junit.jupiter.engine.descriptor.TestMethodTestDescriptor.prepare(TestMethodTestDescriptor.java:68) ~[junit-jupiter-engine-5.11.4.jar:5.11.4]
	at org.junit.platform.engine.support.hierarchical.NodeTestTask.lambda$prepare$2(NodeTestTask.java:128) ~[junit-platform-engine-1.11.4.jar:1.11.4]
	at org.junit.platform.engine.support.hierarchical.ThrowableCollector.execute(ThrowableCollector.java:73) ~[junit-platform-engine-1.11.4.jar:1.11.4]
	at org.junit.platform.engine.support.hierarchical.NodeTestTask.prepare(NodeTestTask.java:128) ~[junit-platform-engine-1.11.4.jar:1.11.4]
	at org.junit.platform.engine.support.hierarchical.NodeTestTask.execute(NodeTestTask.java:95) ~[junit-platform-engine-1.11.4.jar:1.11.4]
	at java.base/java.util.ArrayList.forEach(ArrayList.java:1511) ~[na:na]
	at org.junit.platform.engine.support.hierarchical.SameThreadHierarchicalTestExecutorService.invokeAll(SameThreadHierarchicalTestExecutorService.java:41) ~[junit-platform-engine-1.11.4.jar:1.11.4]
	at org.junit.platform.engine.support.hierarchical.NodeTestTask.lambda$executeRecursively$6(NodeTestTask.java:160) ~[junit-platform-engine-1.11.4.jar:1.11.4]
	at org.junit.platform.engine.support.hierarchical.ThrowableCollector.execute(ThrowableCollector.java:73) ~[junit-platform-engine-1.11.4.jar:1.11.4]
	at org.junit.platform.engine.support.hierarchical.NodeTestTask.lambda$executeRecursively$8(NodeTestTask.java:146) ~[junit-platform-engine-1.11.4.jar:1.11.4]
	at org.junit.platform.engine.support.hierarchical.Node.around(Node.java:137) ~[junit-platform-engine-1.11.4.jar:1.11.4]
	at org.junit.platform.engine.support.hierarchical.NodeTestTask.lambda$executeRecursively$9(NodeTestTask.java:144) ~[junit-platform-engine-1.11.4.jar:1.11.4]
	at org.junit.platform.engine.support.hierarchical.ThrowableCollector.execute(ThrowableCollector.java:73) ~[junit-platform-engine-1.11.4.jar:1.11.4]
	at org.junit.platform.engine.support.hierarchical.NodeTestTask.executeRecursively(NodeTestTask.java:143) ~[junit-platform-engine-1.11.4.jar:1.11.4]
	at org.junit.platform.engine.support.hierarchical.NodeTestTask.execute(NodeTestTask.java:100) ~[junit-platform-engine-1.11.4.jar:1.11.4]
	at java.base/java.util.ArrayList.forEach(ArrayList.java:1511) ~[na:na]
	at org.junit.platform.engine.support.hierarchical.SameThreadHierarchicalTestExecutorService.invokeAll(SameThreadHierarchicalTestExecutorService.java:41) ~[junit-platform-engine-1.11.4.jar:1.11.4]
	at org.junit.platform.engine.support.hierarchical.NodeTestTask.lambda$executeRecursively$6(NodeTestTask.java:160) ~[junit-platform-engine-1.11.4.jar:1.11.4]
	at org.junit.platform.engine.support.hierarchical.ThrowableCollector.execute(ThrowableCollector.java:73) ~[junit-platform-engine-1.11.4.jar:1.11.4]
	at org.junit.platform.engine.support.hierarchical.NodeTestTask.lambda$executeRecursively$8(NodeTestTask.java:146) ~[junit-platform-engine-1.11.4.jar:1.11.4]
	at org.junit.platform.engine.support.hierarchical.Node.around(Node.java:137) ~[junit-platform-engine-1.11.4.jar:1.11.4]
	at org.junit.platform.engine.support.hierarchical.NodeTestTask.lambda$executeRecursively$9(NodeTestTask.java:144) ~[junit-platform-engine-1.11.4.jar:1.11.4]
	at org.junit.platform.engine.support.hierarchical.ThrowableCollector.execute(ThrowableCollector.java:73) ~[junit-platform-engine-1.11.4.jar:1.11.4]
	at org.junit.platform.engine.support.hierarchical.NodeTestTask.executeRecursively(NodeTestTask.java:143) ~[junit-platform-engine-1.11.4.jar:1.11.4]
	at org.junit.platform.engine.support.hierarchical.NodeTestTask.execute(NodeTestTask.java:100) ~[junit-platform-engine-1.11.4.jar:1.11.4]
	at org.junit.platform.engine.support.hierarchical.SameThreadHierarchicalTestExecutorService.submit(SameThreadHierarchicalTestExecutorService.java:35) ~[junit-platform-engine-1.11.4.jar:1.11.4]
	at org.junit.platform.engine.support.hierarchical.HierarchicalTestExecutor.execute(HierarchicalTestExecutor.java:57) ~[junit-platform-engine-1.11.4.jar:1.11.4]
	at org.junit.platform.engine.support.hierarchical.HierarchicalTestEngine.execute(HierarchicalTestEngine.java:54) ~[junit-platform-engine-1.11.4.jar:1.11.4]
	at org.junit.platform.launcher.core.EngineExecutionOrchestrator.execute(EngineExecutionOrchestrator.java:198) ~[junit-platform-launcher-1.11.4.jar:1.11.4]
	at org.junit.platform.launcher.core.EngineExecutionOrchestrator.execute(EngineExecutionOrchestrator.java:169) ~[junit-platform-launcher-1.11.4.jar:1.11.4]
	at org.junit.platform.launcher.core.EngineExecutionOrchestrator.execute(EngineExecutionOrchestrator.java:93) ~[junit-platform-launcher-1.11.4.jar:1.11.4]
	at org.junit.platform.launcher.core.EngineExecutionOrchestrator.lambda$execute$0(EngineExecutionOrchestrator.java:58) ~[junit-platform-launcher-1.11.4.jar:1.11.4]
	at org.junit.platform.launcher.core.EngineExecutionOrchestrator.withInterceptedStreams(EngineExecutionOrchestrator.java:141) ~[junit-platform-launcher-1.11.4.jar:1.11.4]
	at org.junit.platform.launcher.core.EngineExecutionOrchestrator.execute(EngineExecutionOrchestrator.java:57) ~[junit-platform-launcher-1.11.4.jar:1.11.4]
	at org.junit.platform.launcher.core.DefaultLauncher.execute(DefaultLauncher.java:103) ~[junit-platform-launcher-1.11.4.jar:1.11.4]
	at org.junit.platform.launcher.core.DefaultLauncher.execute(DefaultLauncher.java:85) ~[junit-platform-launcher-1.11.4.jar:1.11.4]
	at org.junit.platform.launcher.core.DelegatingLauncher.execute(DelegatingLauncher.java:47) ~[junit-platform-launcher-1.11.4.jar:1.11.4]
	at org.apache.maven.surefire.junitplatform.LazyLauncher.execute(LazyLauncher.java:56) ~[surefire-junit-platform-3.5.2.jar:3.5.2]
	at org.apache.maven.surefire.junitplatform.JUnitPlatformProvider.execute(JUnitPlatformProvider.java:184) ~[surefire-junit-platform-3.5.2.jar:3.5.2]
	at org.apache.maven.surefire.junitplatform.JUnitPlatformProvider.invokeAllTests(JUnitPlatformProvider.java:148) ~[surefire-junit-platform-3.5.2.jar:3.5.2]
	at org.apache.maven.surefire.junitplatform.JUnitPlatformProvider.invoke(JUnitPlatformProvider.java:122) ~[surefire-junit-platform-3.5.2.jar:3.5.2]
	at org.apache.maven.surefire.booter.ForkedBooter.runSuitesInProcess(ForkedBooter.java:385) ~[surefire-booter-3.5.2.jar:3.5.2]
	at org.apache.maven.surefire.booter.ForkedBooter.execute(ForkedBooter.java:162) ~[surefire-booter-3.5.2.jar:3.5.2]
	at org.apache.maven.surefire.booter.ForkedBooter.run(ForkedBooter.java:507) ~[surefire-booter-3.5.2.jar:3.5.2]
	at org.apache.maven.surefire.booter.ForkedBooter.main(ForkedBooter.java:495) ~[surefire-booter-3.5.2.jar:3.5.2]

2025-08-06T20:46:05.904+05:30 DEBUG 45196 --- [auction_application] [           main] o.s.d.jpa.repository.query.NamedQuery    : Did not find named query Bid.findByBidderId
2025-08-06T20:46:05.904+05:30 DEBUG 45196 --- [auction_application] [           main] tor$SharedEntityManagerInvocationHandler : Creating new EntityManager for shared EntityManager invocation
2025-08-06T20:46:05.911+05:30 DEBUG 45196 --- [auction_application] [           main] o.s.d.r.c.s.RepositoryFactorySupport     : Finished creation of repository instance for com.example.auction_application.Bid.BidRepository.
2025-08-06T20:46:05.927+05:30 DEBUG 45196 --- [auction_application] [           main] o.s.b.f.s.DefaultListableBeanFactory     : Creating shared instance of singleton bean 'corsConfig'
2025-08-06T20:46:05.928+05:30 DEBUG 45196 --- [auction_application] [           main] o.s.b.f.s.DefaultListableBeanFactory     : Creating shared instance of singleton bean 'globalExceptionHandler'
2025-08-06T20:46:05.929+05:30 DEBUG 45196 --- [auction_application] [           main] o.s.b.f.s.DefaultListableBeanFactory     : Creating shared instance of singleton bean 'userController'
2025-08-06T20:46:05.932+05:30 DEBUG 45196 --- [auction_application] [           main] o.s.b.f.s.DefaultListableBeanFactory     : Creating shared instance of singleton bean 'webSocketConfig'
2025-08-06T20:46:05.933+05:30 DEBUG 45196 --- [auction_application] [           main] o.s.b.f.s.DefaultListableBeanFactory     : Autowiring by type from bean name 'webSocketConfig' via constructor to bean named 'auctionWebSocketHandler'
2025-08-06T20:46:05.934+05:30 DEBUG 45196 --- [auction_application] [           main] o.s.b.f.s.DefaultListableBeanFactory     : Creating shared instance of singleton bean 'org.springframework.security.config.annotation.web.configuration.WebSecurityConfiguration'
2025-08-06T20:46:05.937+05:30 DEBUG 45196 --- [auction_application] [           main] o.s.b.f.s.DefaultListableBeanFactory     : Creating shared instance of singleton bean 'org.springframework.security.config.annotation.web.configuration.HttpSecurityConfiguration'
2025-08-06T20:46:05.944+05:30 DEBUG 45196 --- [auction_application] [           main] o.s.b.f.s.DefaultListableBeanFactory     : Creating shared instance of singleton bean 'mvcContentNegotiationManager'
2025-08-06T20:46:05.944+05:30 DEBUG 45196 --- [auction_application] [           main] o.s.b.f.s.DefaultListableBeanFactory     : Creating shared instance of singleton bean 'org.springframework.boot.autoconfigure.web.servlet.WebMvcAutoConfiguration$EnableWebMvcConfiguration'
2025-08-06T20:46:05.945+05:30 DEBUG 45196 --- [auction_application] [           main] o.s.b.f.s.DefaultListableBeanFactory     : Creating shared instance of singleton bean 'spring.mvc-org.springframework.boot.autoconfigure.web.servlet.WebMvcProperties'
2025-08-06T20:46:05.951+05:30 DEBUG 45196 --- [auction_application] [           main] o.s.b.f.s.DefaultListableBeanFactory     : Creating shared instance of singleton bean 'spring.web-org.springframework.boot.autoconfigure.web.WebProperties'
2025-08-06T20:46:05.956+05:30 DEBUG 45196 --- [auction_application] [           main] o.s.b.f.s.DefaultListableBeanFactory     : Autowiring by type from bean name 'org.springframework.boot.autoconfigure.web.servlet.WebMvcAutoConfiguration$EnableWebMvcConfiguration' via constructor to bean named 'spring.mvc-org.springframework.boot.autoconfigure.web.servlet.WebMvcProperties'
2025-08-06T20:46:05.958+05:30 DEBUG 45196 --- [auction_application] [           main] o.s.b.f.s.DefaultListableBeanFactory     : Autowiring by type from bean name 'org.springframework.boot.autoconfigure.web.servlet.WebMvcAutoConfiguration$EnableWebMvcConfiguration' via constructor to bean named 'spring.web-org.springframework.boot.autoconfigure.web.WebProperties'
2025-08-06T20:46:05.958+05:30 DEBUG 45196 --- [auction_application] [           main] o.s.b.f.s.DefaultListableBeanFactory     : Autowiring by type from bean name 'org.springframework.boot.autoconfigure.web.servlet.WebMvcAutoConfiguration$EnableWebMvcConfiguration' via constructor to bean named 'org.springframework.beans.factory.support.DefaultListableBeanFactory@4a699efa'
2025-08-06T20:46:05.962+05:30 DEBUG 45196 --- [auction_application] [           main] o.s.b.f.s.DefaultListableBeanFactory     : Creating shared instance of singleton bean 'org.springframework.security.config.annotation.web.configuration.WebMvcSecurityConfiguration'
2025-08-06T20:46:05.966+05:30 DEBUG 45196 --- [auction_application] [           main] o.s.b.f.s.DefaultListableBeanFactory     : Creating shared instance of singleton bean 'org.springframework.security.config.annotation.web.configuration.OAuth2ClientConfiguration$OAuth2ClientWebMvcSecurityConfiguration'
2025-08-06T20:46:05.966+05:30 DEBUG 45196 --- [auction_application] [           main] o.s.b.f.s.DefaultListableBeanFactory     : Autowiring by type from bean name 'org.springframework.security.config.annotation.web.configuration.OAuth2ClientConfiguration$OAuth2ClientWebMvcSecurityConfiguration' via constructor to bean named 'authorizedClientManagerRegistrar'
2025-08-06T20:46:05.967+05:30 DEBUG 45196 --- [auction_application] [           main] o.s.b.f.s.DefaultListableBeanFactory     : Creating shared instance of singleton bean 'OAuth2AuthorizedClientManager'
2025-08-06T20:46:05.968+05:30 DEBUG 45196 --- [auction_application] [           main] o.s.b.f.s.DefaultListableBeanFactory     : Creating shared instance of singleton bean 'clientRegistrationRepository'
2025-08-06T20:46:05.968+05:30 DEBUG 45196 --- [auction_application] [           main] o.s.b.f.s.DefaultListableBeanFactory     : Creating shared instance of singleton bean 'org.springframework.boot.autoconfigure.security.oauth2.client.servlet.OAuth2ClientRegistrationRepositoryConfiguration'
2025-08-06T20:46:05.969+05:30 DEBUG 45196 --- [auction_application] [           main] o.s.b.f.s.DefaultListableBeanFactory     : Creating shared instance of singleton bean 'spring.security.oauth2.client-org.springframework.boot.autoconfigure.security.oauth2.client.OAuth2ClientProperties'
2025-08-06T20:46:05.980+05:30 DEBUG 45196 --- [auction_application] [           main] o.s.b.f.s.DefaultListableBeanFactory     : Autowiring by type from bean name 'clientRegistrationRepository' via factory method to bean named 'spring.security.oauth2.client-org.springframework.boot.autoconfigure.security.oauth2.client.OAuth2ClientProperties'
2025-08-06T20:46:06.004+05:30 DEBUG 45196 --- [auction_application] [           main] o.s.b.f.s.DefaultListableBeanFactory     : Creating shared instance of singleton bean 'authorizedClientRepository'
2025-08-06T20:46:06.004+05:30 DEBUG 45196 --- [auction_application] [           main] o.s.b.f.s.DefaultListableBeanFactory     : Creating shared instance of singleton bean 'org.springframework.boot.autoconfigure.security.oauth2.client.servlet.OAuth2WebSecurityConfiguration'
2025-08-06T20:46:06.005+05:30 DEBUG 45196 --- [auction_application] [           main] o.s.b.f.s.DefaultListableBeanFactory     : Creating shared instance of singleton bean 'authorizedClientService'
2025-08-06T20:46:06.005+05:30 DEBUG 45196 --- [auction_application] [           main] o.s.b.f.s.DefaultListableBeanFactory     : Autowiring by type from bean name 'authorizedClientService' via factory method to bean named 'clientRegistrationRepository'
2025-08-06T20:46:06.008+05:30 DEBUG 45196 --- [auction_application] [           main] o.s.b.f.s.DefaultListableBeanFactory     : Autowiring by type from bean name 'authorizedClientRepository' via factory method to bean named 'authorizedClientService'
2025-08-06T20:46:06.086+05:30 DEBUG 45196 --- [auction_application] [           main] o.s.b.f.s.DefaultListableBeanFactory     : Creating shared instance of singleton bean 'corsConfigurer'
2025-08-06T20:46:06.090+05:30 DEBUG 45196 --- [auction_application] [           main] o.s.b.f.s.DefaultListableBeanFactory     : Creating shared instance of singleton bean 'org.springframework.boot.autoconfigure.web.servlet.WebMvcAutoConfiguration$WebMvcAutoConfigurationAdapter'
2025-08-06T20:46:06.091+05:30 DEBUG 45196 --- [auction_application] [           main] o.s.b.f.s.DefaultListableBeanFactory     : Autowiring by type from bean name 'org.springframework.boot.autoconfigure.web.servlet.WebMvcAutoConfiguration$WebMvcAutoConfigurationAdapter' via constructor to bean named 'spring.web-org.springframework.boot.autoconfigure.web.WebProperties'
2025-08-06T20:46:06.092+05:30 DEBUG 45196 --- [auction_application] [           main] o.s.b.f.s.DefaultListableBeanFactory     : Autowiring by type from bean name 'org.springframework.boot.autoconfigure.web.servlet.WebMvcAutoConfiguration$WebMvcAutoConfigurationAdapter' via constructor to bean named 'spring.mvc-org.springframework.boot.autoconfigure.web.servlet.WebMvcProperties'
2025-08-06T20:46:06.092+05:30 DEBUG 45196 --- [auction_application] [           main] o.s.b.f.s.DefaultListableBeanFactory     : Autowiring by type from bean name 'org.springframework.boot.autoconfigure.web.servlet.WebMvcAutoConfiguration$WebMvcAutoConfigurationAdapter' via constructor to bean named 'org.springframework.beans.factory.support.DefaultListableBeanFactory@4a699efa'
2025-08-06T20:46:06.095+05:30 DEBUG 45196 --- [auction_application] [           main] o.s.b.f.s.DefaultListableBeanFactory     : Creating shared instance of singleton bean 'openEntityManagerInViewInterceptorConfigurer'
2025-08-06T20:46:06.096+05:30 DEBUG 45196 --- [auction_application] [           main] o.s.b.f.s.DefaultListableBeanFactory     : Creating shared instance of singleton bean 'org.springframework.boot.autoconfigure.orm.jpa.JpaBaseConfiguration$JpaWebConfiguration'
2025-08-06T20:46:06.096+05:30 DEBUG 45196 --- [auction_application] [           main] o.s.b.f.s.DefaultListableBeanFactory     : Autowiring by type from bean name 'org.springframework.boot.autoconfigure.orm.jpa.JpaBaseConfiguration$JpaWebConfiguration' via constructor to bean named 'spring.jpa-org.springframework.boot.autoconfigure.orm.jpa.JpaProperties'
2025-08-06T20:46:06.098+05:30 DEBUG 45196 --- [auction_application] [           main] o.s.b.f.s.DefaultListableBeanFactory     : Creating shared instance of singleton bean 'openEntityManagerInViewInterceptor'
2025-08-06T20:46:06.098+05:30  WARN 45196 --- [auction_application] [           main] JpaBaseConfiguration$JpaWebConfiguration : spring.jpa.open-in-view is enabled by default. Therefore, database queries may be performed during view rendering. Explicitly configure spring.jpa.open-in-view to disable this warning
2025-08-06T20:46:06.105+05:30 DEBUG 45196 --- [auction_application] [           main] o.s.b.f.s.DefaultListableBeanFactory     : Autowiring by type from bean name 'openEntityManagerInViewInterceptorConfigurer' via factory method to bean named 'openEntityManagerInViewInterceptor'
2025-08-06T20:46:06.109+05:30 DEBUG 45196 --- [auction_application] [           main] o.s.b.f.s.DefaultListableBeanFactory     : Creating shared instance of singleton bean 'org.springframework.data.web.config.SpringDataWebConfiguration'
2025-08-06T20:46:06.110+05:30 DEBUG 45196 --- [auction_application] [           main] o.s.b.f.s.DefaultListableBeanFactory     : Autowiring by type from bean name 'org.springframework.data.web.config.SpringDataWebConfiguration' via constructor to bean named 'org.springframework.web.context.support.GenericWebApplicationContext@5298dead'
2025-08-06T20:46:06.248+05:30 DEBUG 45196 --- [auction_application] [           main] o.s.b.f.s.DefaultListableBeanFactory     : Creating shared instance of singleton bean 'filterChainDecoratorPostProcessor'
2025-08-06T20:46:06.252+05:30 DEBUG 45196 --- [auction_application] [           main] o.s.b.f.s.DefaultListableBeanFactory     : Creating shared instance of singleton bean 'mvcHandlerMappingIntrospectorRequestTransformer'
2025-08-06T20:46:06.252+05:30 DEBUG 45196 --- [auction_application] [           main] o.s.b.f.s.DefaultListableBeanFactory     : Creating shared instance of singleton bean 'mvcHandlerMappingIntrospector'
2025-08-06T20:46:06.262+05:30 DEBUG 45196 --- [auction_application] [           main] o.s.b.f.s.DefaultListableBeanFactory     : Creating shared instance of singleton bean 'webSocketHandlerMapping'
2025-08-06T20:46:06.263+05:30 DEBUG 45196 --- [auction_application] [           main] o.s.b.f.s.DefaultListableBeanFactory     : Creating shared instance of singleton bean 'org.springframework.web.socket.config.annotation.DelegatingWebSocketConfiguration'
2025-08-06T20:46:06.266+05:30 DEBUG 45196 --- [auction_application] [           main] o.s.b.f.s.DefaultListableBeanFactory     : Creating shared instance of singleton bean 'defaultSockJsSchedulerContainer'
2025-08-06T20:46:06.273+05:30 DEBUG 45196 --- [auction_application] [           main] o.s.b.f.s.DefaultListableBeanFactory     : Autowiring by type from bean name 'webSocketHandlerMapping' via factory method to bean named 'defaultSockJsSchedulerContainer'
2025-08-06T20:46:06.325+05:30 DEBUG 45196 --- [auction_application] [           main] _.s.web.servlet.HandlerMapping.Mappings  : 'webSocketHandlerMapping' {/ws/auction=org.springframework.web.socket.server.support.WebSocketHttpRequestHandler@61668c05}
2025-08-06T20:46:06.331+05:30 DEBUG 45196 --- [auction_application] [           main] o.s.b.f.s.DefaultListableBeanFactory     : Creating shared instance of singleton bean 'welcomePageHandlerMapping'
2025-08-06T20:46:06.331+05:30 DEBUG 45196 --- [auction_application] [           main] o.s.b.f.s.DefaultListableBeanFactory     : Creating shared instance of singleton bean 'mvcConversionService'
2025-08-06T20:46:06.349+05:30 DEBUG 45196 --- [auction_application] [           main] o.s.b.f.s.DefaultListableBeanFactory     : Creating shared instance of singleton bean 'mvcResourceUrlProvider'
2025-08-06T20:46:06.353+05:30 DEBUG 45196 --- [auction_application] [           main] o.s.b.f.s.DefaultListableBeanFactory     : Autowiring by type from bean name 'welcomePageHandlerMapping' via factory method to bean named 'org.springframework.web.context.support.GenericWebApplicationContext@5298dead'
2025-08-06T20:46:06.353+05:30 DEBUG 45196 --- [auction_application] [           main] o.s.b.f.s.DefaultListableBeanFactory     : Autowiring by type from bean name 'welcomePageHandlerMapping' via factory method to bean named 'mvcConversionService'
2025-08-06T20:46:06.353+05:30 DEBUG 45196 --- [auction_application] [           main] o.s.b.f.s.DefaultListableBeanFactory     : Autowiring by type from bean name 'welcomePageHandlerMapping' via factory method to bean named 'mvcResourceUrlProvider'
2025-08-06T20:46:06.375+05:30 DEBUG 45196 --- [auction_application] [           main] o.s.b.f.s.DefaultListableBeanFactory     : Creating shared instance of singleton bean 'welcomePageNotAcceptableHandlerMapping'
2025-08-06T20:46:06.376+05:30 DEBUG 45196 --- [auction_application] [           main] o.s.b.f.s.DefaultListableBeanFactory     : Autowiring by type from bean name 'welcomePageNotAcceptableHandlerMapping' via factory method to bean named 'org.springframework.web.context.support.GenericWebApplicationContext@5298dead'
2025-08-06T20:46:06.376+05:30 DEBUG 45196 --- [auction_application] [           main] o.s.b.f.s.DefaultListableBeanFactory     : Autowiring by type from bean name 'welcomePageNotAcceptableHandlerMapping' via factory method to bean named 'mvcConversionService'
2025-08-06T20:46:06.376+05:30 DEBUG 45196 --- [auction_application] [           main] o.s.b.f.s.DefaultListableBeanFactory     : Autowiring by type from bean name 'welcomePageNotAcceptableHandlerMapping' via factory method to bean named 'mvcResourceUrlProvider'
2025-08-06T20:46:06.385+05:30 DEBUG 45196 --- [auction_application] [           main] o.s.b.f.s.DefaultListableBeanFactory     : Creating shared instance of singleton bean 'requestMappingHandlerMapping'
2025-08-06T20:46:06.386+05:30 DEBUG 45196 --- [auction_application] [           main] o.s.b.f.s.DefaultListableBeanFactory     : Autowiring by type from bean name 'requestMappingHandlerMapping' via factory method to bean named 'mvcContentNegotiationManager'
2025-08-06T20:46:06.387+05:30 DEBUG 45196 --- [auction_application] [           main] o.s.b.f.s.DefaultListableBeanFactory     : Autowiring by type from bean name 'requestMappingHandlerMapping' via factory method to bean named 'mvcConversionService'
2025-08-06T20:46:06.387+05:30 DEBUG 45196 --- [auction_application] [           main] o.s.b.f.s.DefaultListableBeanFactory     : Autowiring by type from bean name 'requestMappingHandlerMapping' via factory method to bean named 'mvcResourceUrlProvider'
2025-08-06T20:46:06.443+05:30 DEBUG 45196 --- [auction_application] [           main] _.s.web.servlet.HandlerMapping.Mappings  : 
	c.e.a.A.a.AuctionCatalogController:
	{GET [/catalog/seller/{seller_id}]}: getAuctionsBySellerId(long,Pageable)
	{GET [/catalog/category/{category}]}: getAuctionsByCategory(String,Pageable)
	{GET [/catalog/active]}: getActiveAuctions(Pageable)
	{GET [/catalog/all]}: getAllAuctions(Pageable)
2025-08-06T20:46:06.453+05:30 DEBUG 45196 --- [auction_application] [           main] _.s.web.servlet.HandlerMapping.Mappings  : 
	c.e.a.A.a.AuctionListingController:
	{POST [/auctions]}: createAuctionListing(AuctionListingRequestDTO,HttpServletRequest)
	{GET [/auctions]}: getAllAuctions(Pageable)
	{DELETE [/auctions]}: deleteAllAuctions()
	{GET [/auctions/auction]}: searchAuctionById(Long)
2025-08-06T20:46:06.457+05:30 DEBUG 45196 --- [auction_application] [           main] _.s.web.servlet.HandlerMapping.Mappings  : 
	c.e.a.A.AuthController:
	{POST [/auth/google]}: authenticateWithGoogle(Map)
	{POST [/auth/login]}: login(AuthenticationRequestDTO)
	{POST [/auth/register]}: createUser(UserRequestDTO)
2025-08-06T20:46:06.459+05:30 DEBUG 45196 --- [auction_application] [           main] _.s.web.servlet.HandlerMapping.Mappings  : 
	c.e.a.B.a.BidController:
	{GET [/bids]}: getBidsByBidderId(HttpServletRequest)
	{POST [/bids]}: createBid(BidRequestDTO,HttpServletRequest)
2025-08-06T20:46:06.461+05:30 DEBUG 45196 --- [auction_application] [           main] _.s.web.servlet.HandlerMapping.Mappings  : 
	c.e.a.U.a.UserController:
	{DELETE [/users]}: deleteAllUsers()
	{GET [/users]}: getUsers()
	{GET [/users/profile]}: getBidsById(HttpServletRequest)
2025-08-06T20:46:06.470+05:30 DEBUG 45196 --- [auction_application] [           main] _.s.web.servlet.HandlerMapping.Mappings  : 
	o.s.b.a.w.s.e.BasicErrorController:
	{ [/error]}: error(HttpServletRequest)
	{ [/error], produces [text/html]}: errorHtml(HttpServletRequest,HttpServletResponse)
2025-08-06T20:46:06.475+05:30 DEBUG 45196 --- [auction_application] [           main] s.w.s.m.m.a.RequestMappingHandlerMapping : 18 mappings in 'requestMappingHandlerMapping'
2025-08-06T20:46:06.482+05:30 DEBUG 45196 --- [auction_application] [           main] o.s.b.f.s.DefaultListableBeanFactory     : Creating shared instance of singleton bean 'viewControllerHandlerMapping'
2025-08-06T20:46:06.483+05:30 DEBUG 45196 --- [auction_application] [           main] o.s.b.f.s.DefaultListableBeanFactory     : Autowiring by type from bean name 'viewControllerHandlerMapping' via factory method to bean named 'mvcConversionService'
2025-08-06T20:46:06.483+05:30 DEBUG 45196 --- [auction_application] [           main] o.s.b.f.s.DefaultListableBeanFactory     : Autowiring by type from bean name 'viewControllerHandlerMapping' via factory method to bean named 'mvcResourceUrlProvider'
2025-08-06T20:46:06.484+05:30 DEBUG 45196 --- [auction_application] [           main] o.s.b.f.s.DefaultListableBeanFactory     : Creating shared instance of singleton bean 'beanNameHandlerMapping'
2025-08-06T20:46:06.485+05:30 DEBUG 45196 --- [auction_application] [           main] o.s.b.f.s.DefaultListableBeanFactory     : Autowiring by type from bean name 'beanNameHandlerMapping' via factory method to bean named 'mvcConversionService'
2025-08-06T20:46:06.485+05:30 DEBUG 45196 --- [auction_application] [           main] o.s.b.f.s.DefaultListableBeanFactory     : Autowiring by type from bean name 'beanNameHandlerMapping' via factory method to bean named 'mvcResourceUrlProvider'
2025-08-06T20:46:06.489+05:30 DEBUG 45196 --- [auction_application] [           main] _.s.web.servlet.HandlerMapping.Mappings  : 'beanNameHandlerMapping' {}
2025-08-06T20:46:06.492+05:30 DEBUG 45196 --- [auction_application] [           main] o.s.b.f.s.DefaultListableBeanFactory     : Creating shared instance of singleton bean 'routerFunctionMapping'
2025-08-06T20:46:06.493+05:30 DEBUG 45196 --- [auction_application] [           main] o.s.b.f.s.DefaultListableBeanFactory     : Autowiring by type from bean name 'routerFunctionMapping' via factory method to bean named 'mvcConversionService'
2025-08-06T20:46:06.493+05:30 DEBUG 45196 --- [auction_application] [           main] o.s.b.f.s.DefaultListableBeanFactory     : Autowiring by type from bean name 'routerFunctionMapping' via factory method to bean named 'mvcResourceUrlProvider'
2025-08-06T20:46:06.496+05:30 DEBUG 45196 --- [auction_application] [           main] o.s.b.f.s.DefaultListableBeanFactory     : Creating shared instance of singleton bean 'messageConverters'
2025-08-06T20:46:06.496+05:30 DEBUG 45196 --- [auction_application] [           main] o.s.b.f.s.DefaultListableBeanFactory     : Creating shared instance of singleton bean 'org.springframework.boot.autoconfigure.http.HttpMessageConvertersAutoConfiguration'
2025-08-06T20:46:06.501+05:30 DEBUG 45196 --- [auction_application] [           main] o.s.b.f.s.DefaultListableBeanFactory     : Creating shared instance of singleton bean 'stringHttpMessageConverter'
2025-08-06T20:46:06.501+05:30 DEBUG 45196 --- [auction_application] [           main] o.s.b.f.s.DefaultListableBeanFactory     : Creating shared instance of singleton bean 'org.springframework.boot.autoconfigure.http.HttpMessageConvertersAutoConfiguration$StringHttpMessageConverterConfiguration'
2025-08-06T20:46:06.502+05:30 DEBUG 45196 --- [auction_application] [           main] o.s.b.f.s.DefaultListableBeanFactory     : Autowiring by type from bean name 'stringHttpMessageConverter' via factory method to bean named 'environment'
2025-08-06T20:46:06.510+05:30 DEBUG 45196 --- [auction_application] [           main] o.s.b.f.s.DefaultListableBeanFactory     : Creating shared instance of singleton bean 'mappingJackson2HttpMessageConverter'
2025-08-06T20:46:06.510+05:30 DEBUG 45196 --- [auction_application] [           main] o.s.b.f.s.DefaultListableBeanFactory     : Creating shared instance of singleton bean 'org.springframework.boot.autoconfigure.http.JacksonHttpMessageConvertersConfiguration$MappingJackson2HttpMessageConverterConfiguration'
2025-08-06T20:46:06.511+05:30 DEBUG 45196 --- [auction_application] [           main] o.s.b.f.s.DefaultListableBeanFactory     : Autowiring by type from bean name 'mappingJackson2HttpMessageConverter' via factory method to bean named 'objectMapper'
2025-08-06T20:46:06.607+05:30 DEBUG 45196 --- [auction_application] [           main] o.s.b.f.s.DefaultListableBeanFactory     : Creating shared instance of singleton bean 'resourceHandlerMapping'
2025-08-06T20:46:06.608+05:30 DEBUG 45196 --- [auction_application] [           main] o.s.b.f.s.DefaultListableBeanFactory     : Autowiring by type from bean name 'resourceHandlerMapping' via factory method to bean named 'mvcContentNegotiationManager'
2025-08-06T20:46:06.608+05:30 DEBUG 45196 --- [auction_application] [           main] o.s.b.f.s.DefaultListableBeanFactory     : Autowiring by type from bean name 'resourceHandlerMapping' via factory method to bean named 'mvcConversionService'
2025-08-06T20:46:06.608+05:30 DEBUG 45196 --- [auction_application] [           main] o.s.b.f.s.DefaultListableBeanFactory     : Autowiring by type from bean name 'resourceHandlerMapping' via factory method to bean named 'mvcResourceUrlProvider'
2025-08-06T20:46:06.632+05:30 DEBUG 45196 --- [auction_application] [           main] _.s.web.servlet.HandlerMapping.Mappings  : 'resourceHandlerMapping' {/webjars/**=ResourceHttpRequestHandler [classpath [META-INF/resources/webjars/]], /**=ResourceHttpRequestHandler [classpath [META-INF/resources/], classpath [resources/], classpath [static/], classpath [public/], ServletContext [/]]}
2025-08-06T20:46:06.635+05:30 DEBUG 45196 --- [auction_application] [           main] o.s.b.f.s.DefaultListableBeanFactory     : Creating shared instance of singleton bean 'defaultServletHandlerMapping'
2025-08-06T20:46:06.645+05:30 DEBUG 45196 --- [auction_application] [           main] o.s.b.f.s.DefaultListableBeanFactory     : Creating shared instance of singleton bean 'securityFilterChain'
2025-08-06T20:46:06.646+05:30 DEBUG 45196 --- [auction_application] [           main] o.s.b.f.s.DefaultListableBeanFactory     : Autowiring by type from bean name 'securityFilterChain' via factory method to bean named 'org.springframework.security.config.annotation.web.configuration.HttpSecurityConfiguration.httpSecurity'
2025-08-06T20:46:06.660+05:30  WARN 45196 --- [auction_application] [           main] onfigurer$ExpressionInterceptUrlRegistry : One of the patterns in [admin/**] is missing a leading slash. This is discouraged; please include the leading slash in all your request matcher patterns. In future versions of Spring Security, leaving out the leading slash will result in an exception.
2025-08-06T20:46:06.663+05:30 DEBUG 45196 --- [auction_application] [           main] o.s.b.f.s.DefaultListableBeanFactory     : Creating shared instance of singleton bean 'jwtAuthenticationFilter'
2025-08-06T20:46:06.684+05:30 DEBUG 45196 --- [auction_application] [           main] o.s.b.f.s.DefaultListableBeanFactory     : Creating shared instance of singleton bean 'authenticationManagerPostProcessor'
2025-08-06T20:46:06.719+05:30 DEBUG 45196 --- [auction_application] [           main] edFilterInvocationSecurityMetadataSource : Adding web access control expression [permitAll] for Deferred [Mvc [pattern='/auth/**'], Ant [pattern='/auth/**']]
2025-08-06T20:46:06.759+05:30 DEBUG 45196 --- [auction_application] [           main] edFilterInvocationSecurityMetadataSource : Adding web access control expression [hasAnyRole('ROLE_ADMIN')] for Deferred [Mvc [pattern='admin/**'], Ant [pattern='admin/**']]
2025-08-06T20:46:06.762+05:30 DEBUG 45196 --- [auction_application] [           main] edFilterInvocationSecurityMetadataSource : Adding web access control expression [authenticated] for any request
2025-08-06T20:46:06.785+05:30 DEBUG 45196 --- [auction_application] [           main] o.s.s.web.DefaultSecurityFilterChain     : Will secure any request with filters: DisableEncodeUrlFilter, WebAsyncManagerIntegrationFilter, SecurityContextHolderFilter, HeaderWriterFilter, CorsFilter, LogoutFilter, JwtAuthenticationFilter, RequestCacheAwareFilter, SecurityContextHolderAwareRequestFilter, AnonymousAuthenticationFilter, ExceptionTranslationFilter, FilterSecurityInterceptor
2025-08-06T20:46:06.796+05:30 DEBUG 45196 --- [auction_application] [           main] o.s.b.f.s.DefaultListableBeanFactory     : Creating shared instance of singleton bean 'delegatingApplicationListener'
2025-08-06T20:46:06.797+05:30 DEBUG 45196 --- [auction_application] [           main] o.s.b.f.s.DefaultListableBeanFactory     : Creating shared instance of singleton bean 'springSecurityFilterChain'
2025-08-06T20:46:06.834+05:30 DEBUG 45196 --- [auction_application] [           main] o.s.b.f.s.DefaultListableBeanFactory     : Creating shared instance of singleton bean 'webSecurityExpressionHandler'
2025-08-06T20:46:06.835+05:30 DEBUG 45196 --- [auction_application] [           main] o.s.b.f.s.DefaultListableBeanFactory     : Creating shared instance of singleton bean 'privilegeEvaluator'
2025-08-06T20:46:06.836+05:30 DEBUG 45196 --- [auction_application] [           main] o.s.b.f.s.DefaultListableBeanFactory     : Creating shared instance of singleton bean 'requestDataValueProcessor'
2025-08-06T20:46:06.839+05:30 DEBUG 45196 --- [auction_application] [           main] o.s.b.f.s.DefaultListableBeanFactory     : Creating shared instance of singleton bean 'org.springframework.security.config.annotation.web.configuration.OAuth2ClientConfiguration'
2025-08-06T20:46:06.839+05:30 DEBUG 45196 --- [auction_application] [           main] o.s.b.f.s.DefaultListableBeanFactory     : Creating shared instance of singleton bean 'org.springframework.security.config.annotation.web.configuration.ObservationConfiguration'
2025-08-06T20:46:06.840+05:30 DEBUG 45196 --- [auction_application] [           main] o.s.b.f.s.DefaultListableBeanFactory     : Creating shared instance of singleton bean 'webAuthorizationManagerPostProcessor'
2025-08-06T20:46:06.842+05:30 DEBUG 45196 --- [auction_application] [           main] o.s.b.f.s.DefaultListableBeanFactory     : Creating shared instance of singleton bean 'org.springframework.boot.autoconfigure.context.PropertyPlaceholderAutoConfiguration'
2025-08-06T20:46:06.843+05:30 DEBUG 45196 --- [auction_application] [           main] o.s.b.f.s.DefaultListableBeanFactory     : Creating shared instance of singleton bean 'org.springframework.boot.context.properties.EnableConfigurationPropertiesRegistrar.methodValidationExcludeFilter'
2025-08-06T20:46:06.846+05:30 DEBUG 45196 --- [auction_application] [           main] o.s.b.f.s.DefaultListableBeanFactory     : Creating shared instance of singleton bean 'org.springframework.boot.autoconfigure.websocket.servlet.WebSocketServletAutoConfiguration$TomcatWebSocketConfiguration'
2025-08-06T20:46:06.846+05:30 DEBUG 45196 --- [auction_application] [           main] o.s.b.f.s.DefaultListableBeanFactory     : Creating shared instance of singleton bean 'websocketServletWebServerCustomizer'
2025-08-06T20:46:06.851+05:30 DEBUG 45196 --- [auction_application] [           main] o.s.b.f.s.DefaultListableBeanFactory     : Creating shared instance of singleton bean 'org.springframework.boot.autoconfigure.websocket.servlet.WebSocketServletAutoConfiguration'
2025-08-06T20:46:06.852+05:30 DEBUG 45196 --- [auction_application] [           main] o.s.b.f.s.DefaultListableBeanFactory     : Creating shared instance of singleton bean 'org.springframework.boot.autoconfigure.web.servlet.ServletWebServerFactoryConfiguration$EmbeddedTomcat'
2025-08-06T20:46:06.852+05:30 DEBUG 45196 --- [auction_application] [           main] o.s.b.f.s.DefaultListableBeanFactory     : Creating shared instance of singleton bean 'tomcatServletWebServerFactory'
2025-08-06T20:46:06.904+05:30 DEBUG 45196 --- [auction_application] [           main] o.a.catalina.core.AprLifecycleListener   : The Apache Tomcat Native library could not be found using names [tcnative-2, libtcnative-2, tcnative-1, libtcnative-1] on the java.library.path [C:\Program Files\Java\jdk-17\bin;C:\WINDOWS\Sun\Java\bin;C:\WINDOWS\system32;C:\WINDOWS;C:\src\flutter\bin\cache\dart-sdk\bin\;D:\vmware\bin\;D:\ORACLE19C_HOME\bin;D:\OracleDatabase\bin;C:\Program Files\Python311\;C:\src\flutter\bin;C:\Windows\System32;C:\Program Files\Git\cmd;C:\Users\prathamesh mane\AppData\Local\nvm;C:\nvm4w\nodejs;C:\Windows\System32\OpenSSH;C:\Program Files\Docker\Docker\resources\bin;C:\Program Files\Python311\Scripts;C:\Program Files\curl-8.14.1_2-win64-mingw\bin;C:\Program Files\MySQL\MySQL Shell 8.0\bin\;C:\Users\prathamesh mane\AppData\Local\Programs\Eclipse Adoptium\jdk-17.0.8.7-hotspot\bin;C:\Users\prathamesh mane\AppData\Local\Microsoft\WindowsApps;C:\MinGW\bin;C:\Users\prathamesh mane\AppData\Local\Programs\Microsoft VS Code\bin;C:\Program Files\JetBrains\PyCharm Community Edition 2022.3.3\bin;C:\Program Files\JetBrains\IntelliJ IDEA Educational Edition 2022.2.2\bin;C:\Users\prathamesh mane\AppData\Roaming\npm;C:\Users\prathamesh mane\AppData\Local\GitHubDesktop\bin;C:\flutter_windows_3.16.8-stable\flutter\bin;C:\Users\prathamesh mane\AppData\Local\JetBrains\Toolbox\scripts;C:\Users\prathamesh mane\AppData\Local\Programs\Ollama;C:\MINGW64\mingw64\x86_64-w64-mingw32\bin;C:\Users\prathamesh mane\AppData\Local\Pub\Cache\bin;D:\apache-maven-3.9.8-bin\apache-maven-3.9.8\bin;C:\Program Files\Java\jdk-17\bin;C:\Program Files\Docker\Docker\resources\bin;D:\src\flutter\bin;C:\Program Files\JetBrains\IntelliJ IDEA Community Edition 2024.2.3\bin;;C:\Users\prathamesh mane\AppData\Local\nvm;C:\nvm4w\nodejs;C:\Users\prathamesh mane\AppData\Local\Google\Cloud SDK\google-cloud-sdk\bin;c:\Users\prathamesh mane\AppData\Roaming\Code\User\globalStorage\github.copilot-chat\debugCommand;.]. The errors reported were [Can't load library: D:\spring_projects\Auction_Application_Monilith\auction_application\bin\tcnative-2.dll, Can't load library: D:\spring_projects\Auction_Application_Monilith\auction_application\bin\libtcnative-2.dll, Can't load library: D:\spring_projects\Auction_Application_Monilith\auction_application\bin\tcnative-1.dll, Can't load library: D:\spring_projects\Auction_Application_Monilith\auction_application\bin\libtcnative-1.dll, no tcnative-2 in java.library.path: C:\Program Files\Java\jdk-17\bin;C:\WINDOWS\Sun\Java\bin;C:\WINDOWS\system32;C:\WINDOWS;C:\src\flutter\bin\cache\dart-sdk\bin\;D:\vmware\bin\;D:\ORACLE19C_HOME\bin;D:\OracleDatabase\bin;C:\Program Files\Python311\;C:\src\flutter\bin;C:\Windows\System32;C:\Program Files\Git\cmd;C:\Users\prathamesh mane\AppData\Local\nvm;C:\nvm4w\nodejs;C:\Windows\System32\OpenSSH;C:\Program Files\Docker\Docker\resources\bin;C:\Program Files\Python311\Scripts;C:\Program Files\curl-8.14.1_2-win64-mingw\bin;C:\Program Files\MySQL\MySQL Shell 8.0\bin\;C:\Users\prathamesh mane\AppData\Local\Programs\Eclipse Adoptium\jdk-17.0.8.7-hotspot\bin;C:\Users\prathamesh mane\AppData\Local\Microsoft\WindowsApps;C:\MinGW\bin;C:\Users\prathamesh mane\AppData\Local\Programs\Microsoft VS Code\bin;C:\Program Files\JetBrains\PyCharm Community Edition 2022.3.3\bin;C:\Program Files\JetBrains\IntelliJ IDEA Educational Edition 2022.2.2\bin;C:\Users\prathamesh mane\AppData\Roaming\npm;C:\Users\prathamesh mane\AppData\Local\GitHubDesktop\bin;C:\flutter_windows_3.16.8-stable\flutter\bin;C:\Users\prathamesh mane\AppData\Local\JetBrains\Toolbox\scripts;C:\Users\prathamesh mane\AppData\Local\Programs\Ollama;C:\MINGW64\mingw64\x86_64-w64-mingw32\bin;C:\Users\prathamesh mane\AppData\Local\Pub\Cache\bin;D:\apache-maven-3.9.8-bin\apache-maven-3.9.8\bin;C:\Program Files\Java\jdk-17\bin;C:\Program Files\Docker\Docker\resources\bin;D:\src\flutter\bin;C:\Program Files\JetBrains\IntelliJ IDEA Community Edition 2024.2.3\bin;;C:\Users\prathamesh mane\AppData\Local\nvm;C:\nvm4w\nodejs;C:\Users\prathamesh mane\AppData\Local\Google\Cloud SDK\google-cloud-sdk\bin;c:\Users\prathamesh mane\AppData\Roaming\Code\User\globalStorage\github.copilot-chat\debugCommand;., no libtcnative-2 in java.library.path: C:\Program Files\Java\jdk-17\bin;C:\WINDOWS\Sun\Java\bin;C:\WINDOWS\system32;C:\WINDOWS;C:\src\flutter\bin\cache\dart-sdk\bin\;D:\vmware\bin\;D:\ORACLE19C_HOME\bin;D:\OracleDatabase\bin;C:\Program Files\Python311\;C:\src\flutter\bin;C:\Windows\System32;C:\Program Files\Git\cmd;C:\Users\prathamesh mane\AppData\Local\nvm;C:\nvm4w\nodejs;C:\Windows\System32\OpenSSH;C:\Program Files\Docker\Docker\resources\bin;C:\Program Files\Python311\Scripts;C:\Program Files\curl-8.14.1_2-win64-mingw\bin;C:\Program Files\MySQL\MySQL Shell 8.0\bin\;C:\Users\prathamesh mane\AppData\Local\Programs\Eclipse Adoptium\jdk-17.0.8.7-hotspot\bin;C:\Users\prathamesh mane\AppData\Local\Microsoft\WindowsApps;C:\MinGW\bin;C:\Users\prathamesh mane\AppData\Local\Programs\Microsoft VS Code\bin;C:\Program Files\JetBrains\PyCharm Community Edition 2022.3.3\bin;C:\Program Files\JetBrains\IntelliJ IDEA Educational Edition 2022.2.2\bin;C:\Users\prathamesh mane\AppData\Roaming\npm;C:\Users\prathamesh mane\AppData\Local\GitHubDesktop\bin;C:\flutter_windows_3.16.8-stable\flutter\bin;C:\Users\prathamesh mane\AppData\Local\JetBrains\Toolbox\scripts;C:\Users\prathamesh mane\AppData\Local\Programs\Ollama;C:\MINGW64\mingw64\x86_64-w64-mingw32\bin;C:\Users\prathamesh mane\AppData\Local\Pub\Cache\bin;D:\apache-maven-3.9.8-bin\apache-maven-3.9.8\bin;C:\Program Files\Java\jdk-17\bin;C:\Program Files\Docker\Docker\resources\bin;D:\src\flutter\bin;C:\Program Files\JetBrains\IntelliJ IDEA Community Edition 2024.2.3\bin;;C:\Users\prathamesh mane\AppData\Local\nvm;C:\nvm4w\nodejs;C:\Users\prathamesh mane\AppData\Local\Google\Cloud SDK\google-cloud-sdk\bin;c:\Users\prathamesh mane\AppData\Roaming\Code\User\globalStorage\github.copilot-chat\debugCommand;., no tcnative-1 in java.library.path: C:\Program Files\Java\jdk-17\bin;C:\WINDOWS\Sun\Java\bin;C:\WINDOWS\system32;C:\WINDOWS;C:\src\flutter\bin\cache\dart-sdk\bin\;D:\vmware\bin\;D:\ORACLE19C_HOME\bin;D:\OracleDatabase\bin;C:\Program Files\Python311\;C:\src\flutter\bin;C:\Windows\System32;C:\Program Files\Git\cmd;C:\Users\prathamesh mane\AppData\Local\nvm;C:\nvm4w\nodejs;C:\Windows\System32\OpenSSH;C:\Program Files\Docker\Docker\resources\bin;C:\Program Files\Python311\Scripts;C:\Program Files\curl-8.14.1_2-win64-mingw\bin;C:\Program Files\MySQL\MySQL Shell 8.0\bin\;C:\Users\prathamesh mane\AppData\Local\Programs\Eclipse Adoptium\jdk-17.0.8.7-hotspot\bin;C:\Users\prathamesh mane\AppData\Local\Microsoft\WindowsApps;C:\MinGW\bin;C:\Users\prathamesh mane\AppData\Local\Programs\Microsoft VS Code\bin;C:\Program Files\JetBrains\PyCharm Community Edition 2022.3.3\bin;C:\Program Files\JetBrains\IntelliJ IDEA Educational Edition 2022.2.2\bin;C:\Users\prathamesh mane\AppData\Roaming\npm;C:\Users\prathamesh mane\AppData\Local\GitHubDesktop\bin;C:\flutter_windows_3.16.8-stable\flutter\bin;C:\Users\prathamesh mane\AppData\Local\JetBrains\Toolbox\scripts;C:\Users\prathamesh mane\AppData\Local\Programs\Ollama;C:\MINGW64\mingw64\x86_64-w64-mingw32\bin;C:\Users\prathamesh mane\AppData\Local\Pub\Cache\bin;D:\apache-maven-3.9.8-bin\apache-maven-3.9.8\bin;C:\Program Files\Java\jdk-17\bin;C:\Program Files\Docker\Docker\resources\bin;D:\src\flutter\bin;C:\Program Files\JetBrains\IntelliJ IDEA Community Edition 2024.2.3\bin;;C:\Users\prathamesh mane\AppData\Local\nvm;C:\nvm4w\nodejs;C:\Users\prathamesh mane\AppData\Local\Google\Cloud SDK\google-cloud-sdk\bin;c:\Users\prathamesh mane\AppData\Roaming\Code\User\globalStorage\github.copilot-chat\debugCommand;., no libtcnative-1 in java.library.path: C:\Program Files\Java\jdk-17\bin;C:\WINDOWS\Sun\Java\bin;C:\WINDOWS\system32;C:\WINDOWS;C:\src\flutter\bin\cache\dart-sdk\bin\;D:\vmware\bin\;D:\ORACLE19C_HOME\bin;D:\OracleDatabase\bin;C:\Program Files\Python311\;C:\src\flutter\bin;C:\Windows\System32;C:\Program Files\Git\cmd;C:\Users\prathamesh mane\AppData\Local\nvm;C:\nvm4w\nodejs;C:\Windows\System32\OpenSSH;C:\Program Files\Docker\Docker\resources\bin;C:\Program Files\Python311\Scripts;C:\Program Files\curl-8.14.1_2-win64-mingw\bin;C:\Program Files\MySQL\MySQL Shell 8.0\bin\;C:\Users\prathamesh mane\AppData\Local\Programs\Eclipse Adoptium\jdk-17.0.8.7-hotspot\bin;C:\Users\prathamesh mane\AppData\Local\Microsoft\WindowsApps;C:\MinGW\bin;C:\Users\prathamesh mane\AppData\Local\Programs\Microsoft VS Code\bin;C:\Program Files\JetBrains\PyCharm Community Edition 2022.3.3\bin;C:\Program Files\JetBrains\IntelliJ IDEA Educational Edition 2022.2.2\bin;C:\Users\prathamesh mane\AppData\Roaming\npm;C:\Users\prathamesh mane\AppData\Local\GitHubDesktop\bin;C:\flutter_windows_3.16.8-stable\flutter\bin;C:\Users\prathamesh mane\AppData\Local\JetBrains\Toolbox\scripts;C:\Users\prathamesh mane\AppData\Local\Programs\Ollama;C:\MINGW64\mingw64\x86_64-w64-mingw32\bin;C:\Users\prathamesh mane\AppData\Local\Pub\Cache\bin;D:\apache-maven-3.9.8-bin\apache-maven-3.9.8\bin;C:\Program Files\Java\jdk-17\bin;C:\Program Files\Docker\Docker\resources\bin;D:\src\flutter\bin;C:\Program Files\JetBrains\IntelliJ IDEA Community Edition 2024.2.3\bin;;C:\Users\prathamesh mane\AppData\Local\nvm;C:\nvm4w\nodejs;C:\Users\prathamesh mane\AppData\Local\Google\Cloud SDK\google-cloud-sdk\bin;c:\Users\prathamesh mane\AppData\Roaming\Code\User\globalStorage\github.copilot-chat\debugCommand;.]

org.apache.tomcat.jni.LibraryNotFoundError: Can't load library: D:\spring_projects\Auction_Application_Monilith\auction_application\bin\tcnative-2.dll, Can't load library: D:\spring_projects\Auction_Application_Monilith\auction_application\bin\libtcnative-2.dll, Can't load library: D:\spring_projects\Auction_Application_Monilith\auction_application\bin\tcnative-1.dll, Can't load library: D:\spring_projects\Auction_Application_Monilith\auction_application\bin\libtcnative-1.dll, no tcnative-2 in java.library.path: C:\Program Files\Java\jdk-17\bin;C:\WINDOWS\Sun\Java\bin;C:\WINDOWS\system32;C:\WINDOWS;C:\src\flutter\bin\cache\dart-sdk\bin\;D:\vmware\bin\;D:\ORACLE19C_HOME\bin;D:\OracleDatabase\bin;C:\Program Files\Python311\;C:\src\flutter\bin;C:\Windows\System32;C:\Program Files\Git\cmd;C:\Users\prathamesh mane\AppData\Local\nvm;C:\nvm4w\nodejs;C:\Windows\System32\OpenSSH;C:\Program Files\Docker\Docker\resources\bin;C:\Program Files\Python311\Scripts;C:\Program Files\curl-8.14.1_2-win64-mingw\bin;C:\Program Files\MySQL\MySQL Shell 8.0\bin\;C:\Users\prathamesh mane\AppData\Local\Programs\Eclipse Adoptium\jdk-17.0.8.7-hotspot\bin;C:\Users\prathamesh mane\AppData\Local\Microsoft\WindowsApps;C:\MinGW\bin;C:\Users\prathamesh mane\AppData\Local\Programs\Microsoft VS Code\bin;C:\Program Files\JetBrains\PyCharm Community Edition 2022.3.3\bin;C:\Program Files\JetBrains\IntelliJ IDEA Educational Edition 2022.2.2\bin;C:\Users\prathamesh mane\AppData\Roaming\npm;C:\Users\prathamesh mane\AppData\Local\GitHubDesktop\bin;C:\flutter_windows_3.16.8-stable\flutter\bin;C:\Users\prathamesh mane\AppData\Local\JetBrains\Toolbox\scripts;C:\Users\prathamesh mane\AppData\Local\Programs\Ollama;C:\MINGW64\mingw64\x86_64-w64-mingw32\bin;C:\Users\prathamesh mane\AppData\Local\Pub\Cache\bin;D:\apache-maven-3.9.8-bin\apache-maven-3.9.8\bin;C:\Program Files\Java\jdk-17\bin;C:\Program Files\Docker\Docker\resources\bin;D:\src\flutter\bin;C:\Program Files\JetBrains\IntelliJ IDEA Community Edition 2024.2.3\bin;;C:\Users\prathamesh mane\AppData\Local\nvm;C:\nvm4w\nodejs;C:\Users\prathamesh mane\AppData\Local\Google\Cloud SDK\google-cloud-sdk\bin;c:\Users\prathamesh mane\AppData\Roaming\Code\User\globalStorage\github.copilot-chat\debugCommand;., no libtcnative-2 in java.library.path: C:\Program Files\Java\jdk-17\bin;C:\WINDOWS\Sun\Java\bin;C:\WINDOWS\system32;C:\WINDOWS;C:\src\flutter\bin\cache\dart-sdk\bin\;D:\vmware\bin\;D:\ORACLE19C_HOME\bin;D:\OracleDatabase\bin;C:\Program Files\Python311\;C:\src\flutter\bin;C:\Windows\System32;C:\Program Files\Git\cmd;C:\Users\prathamesh mane\AppData\Local\nvm;C:\nvm4w\nodejs;C:\Windows\System32\OpenSSH;C:\Program Files\Docker\Docker\resources\bin;C:\Program Files\Python311\Scripts;C:\Program Files\curl-8.14.1_2-win64-mingw\bin;C:\Program Files\MySQL\MySQL Shell 8.0\bin\;C:\Users\prathamesh mane\AppData\Local\Programs\Eclipse Adoptium\jdk-17.0.8.7-hotspot\bin;C:\Users\prathamesh mane\AppData\Local\Microsoft\WindowsApps;C:\MinGW\bin;C:\Users\prathamesh mane\AppData\Local\Programs\Microsoft VS Code\bin;C:\Program Files\JetBrains\PyCharm Community Edition 2022.3.3\bin;C:\Program Files\JetBrains\IntelliJ IDEA Educational Edition 2022.2.2\bin;C:\Users\prathamesh mane\AppData\Roaming\npm;C:\Users\prathamesh mane\AppData\Local\GitHubDesktop\bin;C:\flutter_windows_3.16.8-stable\flutter\bin;C:\Users\prathamesh mane\AppData\Local\JetBrains\Toolbox\scripts;C:\Users\prathamesh mane\AppData\Local\Programs\Ollama;C:\MINGW64\mingw64\x86_64-w64-mingw32\bin;C:\Users\prathamesh mane\AppData\Local\Pub\Cache\bin;D:\apache-maven-3.9.8-bin\apache-maven-3.9.8\bin;C:\Program Files\Java\jdk-17\bin;C:\Program Files\Docker\Docker\resources\bin;D:\src\flutter\bin;C:\Program Files\JetBrains\IntelliJ IDEA Community Edition 2024.2.3\bin;;C:\Users\prathamesh mane\AppData\Local\nvm;C:\nvm4w\nodejs;C:\Users\prathamesh mane\AppData\Local\Google\Cloud SDK\google-cloud-sdk\bin;c:\Users\prathamesh mane\AppData\Roaming\Code\User\globalStorage\github.copilot-chat\debugCommand;., no tcnative-1 in java.library.path: C:\Program Files\Java\jdk-17\bin;C:\WINDOWS\Sun\Java\bin;C:\WINDOWS\system32;C:\WINDOWS;C:\src\flutter\bin\cache\dart-sdk\bin\;D:\vmware\bin\;D:\ORACLE19C_HOME\bin;D:\OracleDatabase\bin;C:\Program Files\Python311\;C:\src\flutter\bin;C:\Windows\System32;C:\Program Files\Git\cmd;C:\Users\prathamesh mane\AppData\Local\nvm;C:\nvm4w\nodejs;C:\Windows\System32\OpenSSH;C:\Program Files\Docker\Docker\resources\bin;C:\Program Files\Python311\Scripts;C:\Program Files\curl-8.14.1_2-win64-mingw\bin;C:\Program Files\MySQL\MySQL Shell 8.0\bin\;C:\Users\prathamesh mane\AppData\Local\Programs\Eclipse Adoptium\jdk-17.0.8.7-hotspot\bin;C:\Users\prathamesh mane\AppData\Local\Microsoft\WindowsApps;C:\MinGW\bin;C:\Users\prathamesh mane\AppData\Local\Programs\Microsoft VS Code\bin;C:\Program Files\JetBrains\PyCharm Community Edition 2022.3.3\bin;C:\Program Files\JetBrains\IntelliJ IDEA Educational Edition 2022.2.2\bin;C:\Users\prathamesh mane\AppData\Roaming\npm;C:\Users\prathamesh mane\AppData\Local\GitHubDesktop\bin;C:\flutter_windows_3.16.8-stable\flutter\bin;C:\Users\prathamesh mane\AppData\Local\JetBrains\Toolbox\scripts;C:\Users\prathamesh mane\AppData\Local\Programs\Ollama;C:\MINGW64\mingw64\x86_64-w64-mingw32\bin;C:\Users\prathamesh mane\AppData\Local\Pub\Cache\bin;D:\apache-maven-3.9.8-bin\apache-maven-3.9.8\bin;C:\Program Files\Java\jdk-17\bin;C:\Program Files\Docker\Docker\resources\bin;D:\src\flutter\bin;C:\Program Files\JetBrains\IntelliJ IDEA Community Edition 2024.2.3\bin;;C:\Users\prathamesh mane\AppData\Local\nvm;C:\nvm4w\nodejs;C:\Users\prathamesh mane\AppData\Local\Google\Cloud SDK\google-cloud-sdk\bin;c:\Users\prathamesh mane\AppData\Roaming\Code\User\globalStorage\github.copilot-chat\debugCommand;., no libtcnative-1 in java.library.path: C:\Program Files\Java\jdk-17\bin;C:\WINDOWS\Sun\Java\bin;C:\WINDOWS\system32;C:\WINDOWS;C:\src\flutter\bin\cache\dart-sdk\bin\;D:\vmware\bin\;D:\ORACLE19C_HOME\bin;D:\OracleDatabase\bin;C:\Program Files\Python311\;C:\src\flutter\bin;C:\Windows\System32;C:\Program Files\Git\cmd;C:\Users\prathamesh mane\AppData\Local\nvm;C:\nvm4w\nodejs;C:\Windows\System32\OpenSSH;C:\Program Files\Docker\Docker\resources\bin;C:\Program Files\Python311\Scripts;C:\Program Files\curl-8.14.1_2-win64-mingw\bin;C:\Program Files\MySQL\MySQL Shell 8.0\bin\;C:\Users\prathamesh mane\AppData\Local\Programs\Eclipse Adoptium\jdk-17.0.8.7-hotspot\bin;C:\Users\prathamesh mane\AppData\Local\Microsoft\WindowsApps;C:\MinGW\bin;C:\Users\prathamesh mane\AppData\Local\Programs\Microsoft VS Code\bin;C:\Program Files\JetBrains\PyCharm Community Edition 2022.3.3\bin;C:\Program Files\JetBrains\IntelliJ IDEA Educational Edition 2022.2.2\bin;C:\Users\prathamesh mane\AppData\Roaming\npm;C:\Users\prathamesh mane\AppData\Local\GitHubDesktop\bin;C:\flutter_windows_3.16.8-stable\flutter\bin;C:\Users\prathamesh mane\AppData\Local\JetBrains\Toolbox\scripts;C:\Users\prathamesh mane\AppData\Local\Programs\Ollama;C:\MINGW64\mingw64\x86_64-w64-mingw32\bin;C:\Users\prathamesh mane\AppData\Local\Pub\Cache\bin;D:\apache-maven-3.9.8-bin\apache-maven-3.9.8\bin;C:\Program Files\Java\jdk-17\bin;C:\Program Files\Docker\Docker\resources\bin;D:\src\flutter\bin;C:\Program Files\JetBrains\IntelliJ IDEA Community Edition 2024.2.3\bin;;C:\Users\prathamesh mane\AppData\Local\nvm;C:\nvm4w\nodejs;C:\Users\prathamesh mane\AppData\Local\Google\Cloud SDK\google-cloud-sdk\bin;c:\Users\prathamesh mane\AppData\Roaming\Code\User\globalStorage\github.copilot-chat\debugCommand;.
	at org.apache.tomcat.jni.Library.<init>(Library.java:91) ~[tomcat-embed-core-10.1.34.jar:10.1.34]
	at org.apache.tomcat.jni.Library.initialize(Library.java:147) ~[tomcat-embed-core-10.1.34.jar:10.1.34]
	at org.apache.catalina.core.AprLifecycleListener.init(AprLifecycleListener.java:211) ~[tomcat-embed-core-10.1.34.jar:10.1.34]
	at org.apache.catalina.core.AprLifecycleListener.isAprAvailable(AprLifecycleListener.java:113) ~[tomcat-embed-core-10.1.34.jar:10.1.34]
	at org.springframework.boot.web.embedded.tomcat.TomcatServletWebServerFactory.getDefaultServerLifecycleListeners(TomcatServletWebServerFactory.java:191) ~[spring-boot-3.4.1.jar:3.4.1]
	at org.springframework.boot.web.embedded.tomcat.TomcatServletWebServerFactory.<init>(TomcatServletWebServerFactory.java:138) ~[spring-boot-3.4.1.jar:3.4.1]
	at org.springframework.boot.autoconfigure.web.servlet.ServletWebServerFactoryConfiguration$EmbeddedTomcat.tomcatServletWebServerFactory(ServletWebServerFactoryConfiguration.java:73) ~[spring-boot-autoconfigure-3.4.1.jar:3.4.1]
	at java.base/jdk.internal.reflect.NativeMethodAccessorImpl.invoke0(Native Method) ~[na:na]
	at java.base/jdk.internal.reflect.NativeMethodAccessorImpl.invoke(NativeMethodAccessorImpl.java:77) ~[na:na]
	at java.base/jdk.internal.reflect.DelegatingMethodAccessorImpl.invoke(DelegatingMethodAccessorImpl.java:43) ~[na:na]
	at java.base/java.lang.reflect.Method.invoke(Method.java:568) ~[na:na]
	at org.springframework.beans.factory.support.SimpleInstantiationStrategy.lambda$instantiate$0(SimpleInstantiationStrategy.java:171) ~[spring-beans-6.2.1.jar:6.2.1]
	at org.springframework.beans.factory.support.SimpleInstantiationStrategy.instantiateWithFactoryMethod(SimpleInstantiationStrategy.java:88) ~[spring-beans-6.2.1.jar:6.2.1]
	at org.springframework.beans.factory.support.SimpleInstantiationStrategy.instantiate(SimpleInstantiationStrategy.java:168) ~[spring-beans-6.2.1.jar:6.2.1]
	at org.springframework.beans.factory.support.ConstructorResolver.instantiate(ConstructorResolver.java:653) ~[spring-beans-6.2.1.jar:6.2.1]
	at org.springframework.beans.factory.support.ConstructorResolver.instantiateUsingFactoryMethod(ConstructorResolver.java:645) ~[spring-beans-6.2.1.jar:6.2.1]
	at org.springframework.beans.factory.support.AbstractAutowireCapableBeanFactory.instantiateUsingFactoryMethod(AbstractAutowireCapableBeanFactory.java:1357) ~[spring-beans-6.2.1.jar:6.2.1]
	at org.springframework.beans.factory.support.AbstractAutowireCapableBeanFactory.createBeanInstance(AbstractAutowireCapableBeanFactory.java:1187) ~[spring-beans-6.2.1.jar:6.2.1]
	at org.springframework.beans.factory.support.AbstractAutowireCapableBeanFactory.doCreateBean(AbstractAutowireCapableBeanFactory.java:563) ~[spring-beans-6.2.1.jar:6.2.1]
	at org.springframework.beans.factory.support.AbstractAutowireCapableBeanFactory.createBean(AbstractAutowireCapableBeanFactory.java:523) ~[spring-beans-6.2.1.jar:6.2.1]
	at org.springframework.beans.factory.support.AbstractBeanFactory.lambda$doGetBean$0(AbstractBeanFactory.java:336) ~[spring-beans-6.2.1.jar:6.2.1]
	at org.springframework.beans.factory.support.DefaultSingletonBeanRegistry.getSingleton(DefaultSingletonBeanRegistry.java:289) ~[spring-beans-6.2.1.jar:6.2.1]
	at org.springframework.beans.factory.support.AbstractBeanFactory.doGetBean(AbstractBeanFactory.java:334) ~[spring-beans-6.2.1.jar:6.2.1]
	at org.springframework.beans.factory.support.AbstractBeanFactory.getBean(AbstractBeanFactory.java:199) ~[spring-beans-6.2.1.jar:6.2.1]
	at org.springframework.beans.factory.support.DefaultListableBeanFactory.instantiateSingleton(DefaultListableBeanFactory.java:1122) ~[spring-beans-6.2.1.jar:6.2.1]
	at org.springframework.beans.factory.support.DefaultListableBeanFactory.preInstantiateSingleton(DefaultListableBeanFactory.java:1093) ~[spring-beans-6.2.1.jar:6.2.1]
	at org.springframework.beans.factory.support.DefaultListableBeanFactory.preInstantiateSingletons(DefaultListableBeanFactory.java:1030) ~[spring-beans-6.2.1.jar:6.2.1]
	at org.springframework.context.support.AbstractApplicationContext.finishBeanFactoryInitialization(AbstractApplicationContext.java:987) ~[spring-context-6.2.1.jar:6.2.1]
	at org.springframework.context.support.AbstractApplicationContext.refresh(AbstractApplicationContext.java:627) ~[spring-context-6.2.1.jar:6.2.1]
	at org.springframework.boot.SpringApplication.refresh(SpringApplication.java:752) ~[spring-boot-3.4.1.jar:3.4.1]
	at org.springframework.boot.SpringApplication.refreshContext(SpringApplication.java:439) ~[spring-boot-3.4.1.jar:3.4.1]
	at org.springframework.boot.SpringApplication.run(SpringApplication.java:318) ~[spring-boot-3.4.1.jar:3.4.1]
	at org.springframework.boot.test.context.SpringBootContextLoader.lambda$loadContext$3(SpringBootContextLoader.java:137) ~[spring-boot-test-3.4.1.jar:3.4.1]
	at org.springframework.util.function.ThrowingSupplier.get(ThrowingSupplier.java:58) ~[spring-core-6.2.1.jar:6.2.1]
	at org.springframework.util.function.ThrowingSupplier.get(ThrowingSupplier.java:46) ~[spring-core-6.2.1.jar:6.2.1]
	at org.springframework.boot.SpringApplication.withHook(SpringApplication.java:1461) ~[spring-boot-3.4.1.jar:3.4.1]
	at org.springframework.boot.test.context.SpringBootContextLoader$ContextLoaderHook.run(SpringBootContextLoader.java:553) ~[spring-boot-test-3.4.1.jar:3.4.1]
	at org.springframework.boot.test.context.SpringBootContextLoader.loadContext(SpringBootContextLoader.java:137) ~[spring-boot-test-3.4.1.jar:3.4.1]
	at org.springframework.boot.test.context.SpringBootContextLoader.loadContext(SpringBootContextLoader.java:108) ~[spring-boot-test-3.4.1.jar:3.4.1]
	at org.springframework.test.context.cache.DefaultCacheAwareContextLoaderDelegate.loadContextInternal(DefaultCacheAwareContextLoaderDelegate.java:225) ~[spring-test-6.2.1.jar:6.2.1]
	at org.springframework.test.context.cache.DefaultCacheAwareContextLoaderDelegate.loadContext(DefaultCacheAwareContextLoaderDelegate.java:152) ~[spring-test-6.2.1.jar:6.2.1]
	at org.springframework.test.context.support.DefaultTestContext.getApplicationContext(DefaultTestContext.java:130) ~[spring-test-6.2.1.jar:6.2.1]
	at org.springframework.test.context.web.ServletTestExecutionListener.setUpRequestContextIfNecessary(ServletTestExecutionListener.java:191) ~[spring-test-6.2.1.jar:6.2.1]
	at org.springframework.test.context.web.ServletTestExecutionListener.prepareTestInstance(ServletTestExecutionListener.java:130) ~[spring-test-6.2.1.jar:6.2.1]
	at org.springframework.test.context.TestContextManager.prepareTestInstance(TestContextManager.java:260) ~[spring-test-6.2.1.jar:6.2.1]
	at org.springframework.test.context.junit.jupiter.SpringExtension.postProcessTestInstance(SpringExtension.java:160) ~[spring-test-6.2.1.jar:6.2.1]
	at org.junit.jupiter.engine.descriptor.ClassBasedTestDescriptor.lambda$invokeTestInstancePostProcessors$11(ClassBasedTestDescriptor.java:378) ~[junit-jupiter-engine-5.11.4.jar:5.11.4]
	at org.junit.jupiter.engine.descriptor.ClassBasedTestDescriptor.executeAndMaskThrowable(ClassBasedTestDescriptor.java:383) ~[junit-jupiter-engine-5.11.4.jar:5.11.4]
	at org.junit.jupiter.engine.descriptor.ClassBasedTestDescriptor.lambda$invokeTestInstancePostProcessors$12(ClassBasedTestDescriptor.java:378) ~[junit-jupiter-engine-5.11.4.jar:5.11.4]
	at java.base/java.util.stream.ForEachOps$ForEachOp$OfRef.accept(ForEachOps.java:183) ~[na:na]
	at java.base/java.util.stream.ReferencePipeline$3$1.accept(ReferencePipeline.java:197) ~[na:na]
	at java.base/java.util.stream.ReferencePipeline$2$1.accept(ReferencePipeline.java:179) ~[na:na]
	at java.base/java.util.stream.ReferencePipeline$3$1.accept(ReferencePipeline.java:197) ~[na:na]
	at java.base/java.util.ArrayList$ArrayListSpliterator.forEachRemaining(ArrayList.java:1625) ~[na:na]
	at java.base/java.util.stream.AbstractPipeline.copyInto(AbstractPipeline.java:509) ~[na:na]
	at java.base/java.util.stream.AbstractPipeline.wrapAndCopyInto(AbstractPipeline.java:499) ~[na:na]
	at java.base/java.util.stream.ForEachOps$ForEachOp.evaluateSequential(ForEachOps.java:150) ~[na:na]
	at java.base/java.util.stream.ForEachOps$ForEachOp$OfRef.evaluateSequential(ForEachOps.java:173) ~[na:na]
	at java.base/java.util.stream.AbstractPipeline.evaluate(AbstractPipeline.java:234) ~[na:na]
	at java.base/java.util.stream.ReferencePipeline.forEach(ReferencePipeline.java:596) ~[na:na]
	at org.junit.jupiter.engine.descriptor.ClassBasedTestDescriptor.invokeTestInstancePostProcessors(ClassBasedTestDescriptor.java:377) ~[junit-jupiter-engine-5.11.4.jar:5.11.4]
	at org.junit.jupiter.engine.descriptor.ClassBasedTestDescriptor.lambda$instantiateAndPostProcessTestInstance$7(ClassBasedTestDescriptor.java:290) ~[junit-jupiter-engine-5.11.4.jar:5.11.4]
	at org.junit.platform.engine.support.hierarchical.ThrowableCollector.execute(ThrowableCollector.java:73) ~[junit-platform-engine-1.11.4.jar:1.11.4]
	at org.junit.jupiter.engine.descriptor.ClassBasedTestDescriptor.instantiateAndPostProcessTestInstance(ClassBasedTestDescriptor.java:289) ~[junit-jupiter-engine-5.11.4.jar:5.11.4]
	at org.junit.jupiter.engine.descriptor.ClassBasedTestDescriptor.lambda$testInstancesProvider$5(ClassBasedTestDescriptor.java:279) ~[junit-jupiter-engine-5.11.4.jar:5.11.4]
	at java.base/java.util.Optional.orElseGet(Optional.java:364) ~[na:na]
	at org.junit.jupiter.engine.descriptor.ClassBasedTestDescriptor.lambda$testInstancesProvider$6(ClassBasedTestDescriptor.java:278) ~[junit-jupiter-engine-5.11.4.jar:5.11.4]
	at org.junit.jupiter.engine.execution.TestInstancesProvider.getTestInstances(TestInstancesProvider.java:31) ~[junit-jupiter-engine-5.11.4.jar:5.11.4]
	at org.junit.jupiter.engine.descriptor.TestMethodTestDescriptor.lambda$prepare$1(TestMethodTestDescriptor.java:105) ~[junit-jupiter-engine-5.11.4.jar:5.11.4]
	at org.junit.platform.engine.support.hierarchical.ThrowableCollector.execute(ThrowableCollector.java:73) ~[junit-platform-engine-1.11.4.jar:1.11.4]
	at org.junit.jupiter.engine.descriptor.TestMethodTestDescriptor.prepare(TestMethodTestDescriptor.java:104) ~[junit-jupiter-engine-5.11.4.jar:5.11.4]
	at org.junit.jupiter.engine.descriptor.TestMethodTestDescriptor.prepare(TestMethodTestDescriptor.java:68) ~[junit-jupiter-engine-5.11.4.jar:5.11.4]
	at org.junit.platform.engine.support.hierarchical.NodeTestTask.lambda$prepare$2(NodeTestTask.java:128) ~[junit-platform-engine-1.11.4.jar:1.11.4]
	at org.junit.platform.engine.support.hierarchical.ThrowableCollector.execute(ThrowableCollector.java:73) ~[junit-platform-engine-1.11.4.jar:1.11.4]
	at org.junit.platform.engine.support.hierarchical.NodeTestTask.prepare(NodeTestTask.java:128) ~[junit-platform-engine-1.11.4.jar:1.11.4]
	at org.junit.platform.engine.support.hierarchical.NodeTestTask.execute(NodeTestTask.java:95) ~[junit-platform-engine-1.11.4.jar:1.11.4]
	at java.base/java.util.ArrayList.forEach(ArrayList.java:1511) ~[na:na]
	at org.junit.platform.engine.support.hierarchical.SameThreadHierarchicalTestExecutorService.invokeAll(SameThreadHierarchicalTestExecutorService.java:41) ~[junit-platform-engine-1.11.4.jar:1.11.4]
	at org.junit.platform.engine.support.hierarchical.NodeTestTask.lambda$executeRecursively$6(NodeTestTask.java:160) ~[junit-platform-engine-1.11.4.jar:1.11.4]
	at org.junit.platform.engine.support.hierarchical.ThrowableCollector.execute(ThrowableCollector.java:73) ~[junit-platform-engine-1.11.4.jar:1.11.4]
	at org.junit.platform.engine.support.hierarchical.NodeTestTask.lambda$executeRecursively$8(NodeTestTask.java:146) ~[junit-platform-engine-1.11.4.jar:1.11.4]
	at org.junit.platform.engine.support.hierarchical.Node.around(Node.java:137) ~[junit-platform-engine-1.11.4.jar:1.11.4]
	at org.junit.platform.engine.support.hierarchical.NodeTestTask.lambda$executeRecursively$9(NodeTestTask.java:144) ~[junit-platform-engine-1.11.4.jar:1.11.4]
	at org.junit.platform.engine.support.hierarchical.ThrowableCollector.execute(ThrowableCollector.java:73) ~[junit-platform-engine-1.11.4.jar:1.11.4]
	at org.junit.platform.engine.support.hierarchical.NodeTestTask.executeRecursively(NodeTestTask.java:143) ~[junit-platform-engine-1.11.4.jar:1.11.4]
	at org.junit.platform.engine.support.hierarchical.NodeTestTask.execute(NodeTestTask.java:100) ~[junit-platform-engine-1.11.4.jar:1.11.4]
	at java.base/java.util.ArrayList.forEach(ArrayList.java:1511) ~[na:na]
	at org.junit.platform.engine.support.hierarchical.SameThreadHierarchicalTestExecutorService.invokeAll(SameThreadHierarchicalTestExecutorService.java:41) ~[junit-platform-engine-1.11.4.jar:1.11.4]
	at org.junit.platform.engine.support.hierarchical.NodeTestTask.lambda$executeRecursively$6(NodeTestTask.java:160) ~[junit-platform-engine-1.11.4.jar:1.11.4]
	at org.junit.platform.engine.support.hierarchical.ThrowableCollector.execute(ThrowableCollector.java:73) ~[junit-platform-engine-1.11.4.jar:1.11.4]
	at org.junit.platform.engine.support.hierarchical.NodeTestTask.lambda$executeRecursively$8(NodeTestTask.java:146) ~[junit-platform-engine-1.11.4.jar:1.11.4]
	at org.junit.platform.engine.support.hierarchical.Node.around(Node.java:137) ~[junit-platform-engine-1.11.4.jar:1.11.4]
	at org.junit.platform.engine.support.hierarchical.NodeTestTask.lambda$executeRecursively$9(NodeTestTask.java:144) ~[junit-platform-engine-1.11.4.jar:1.11.4]
	at org.junit.platform.engine.support.hierarchical.ThrowableCollector.execute(ThrowableCollector.java:73) ~[junit-platform-engine-1.11.4.jar:1.11.4]
	at org.junit.platform.engine.support.hierarchical.NodeTestTask.executeRecursively(NodeTestTask.java:143) ~[junit-platform-engine-1.11.4.jar:1.11.4]
	at org.junit.platform.engine.support.hierarchical.NodeTestTask.execute(NodeTestTask.java:100) ~[junit-platform-engine-1.11.4.jar:1.11.4]
	at org.junit.platform.engine.support.hierarchical.SameThreadHierarchicalTestExecutorService.submit(SameThreadHierarchicalTestExecutorService.java:35) ~[junit-platform-engine-1.11.4.jar:1.11.4]
	at org.junit.platform.engine.support.hierarchical.HierarchicalTestExecutor.execute(HierarchicalTestExecutor.java:57) ~[junit-platform-engine-1.11.4.jar:1.11.4]
	at org.junit.platform.engine.support.hierarchical.HierarchicalTestEngine.execute(HierarchicalTestEngine.java:54) ~[junit-platform-engine-1.11.4.jar:1.11.4]
	at org.junit.platform.launcher.core.EngineExecutionOrchestrator.execute(EngineExecutionOrchestrator.java:198) ~[junit-platform-launcher-1.11.4.jar:1.11.4]
	at org.junit.platform.launcher.core.EngineExecutionOrchestrator.execute(EngineExecutionOrchestrator.java:169) ~[junit-platform-launcher-1.11.4.jar:1.11.4]
	at org.junit.platform.launcher.core.EngineExecutionOrchestrator.execute(EngineExecutionOrchestrator.java:93) ~[junit-platform-launcher-1.11.4.jar:1.11.4]
	at org.junit.platform.launcher.core.EngineExecutionOrchestrator.lambda$execute$0(EngineExecutionOrchestrator.java:58) ~[junit-platform-launcher-1.11.4.jar:1.11.4]
	at org.junit.platform.launcher.core.EngineExecutionOrchestrator.withInterceptedStreams(EngineExecutionOrchestrator.java:141) ~[junit-platform-launcher-1.11.4.jar:1.11.4]
	at org.junit.platform.launcher.core.EngineExecutionOrchestrator.execute(EngineExecutionOrchestrator.java:57) ~[junit-platform-launcher-1.11.4.jar:1.11.4]
	at org.junit.platform.launcher.core.DefaultLauncher.execute(DefaultLauncher.java:103) ~[junit-platform-launcher-1.11.4.jar:1.11.4]
	at org.junit.platform.launcher.core.DefaultLauncher.execute(DefaultLauncher.java:85) ~[junit-platform-launcher-1.11.4.jar:1.11.4]
	at org.junit.platform.launcher.core.DelegatingLauncher.execute(DelegatingLauncher.java:47) ~[junit-platform-launcher-1.11.4.jar:1.11.4]
	at org.apache.maven.surefire.junitplatform.LazyLauncher.execute(LazyLauncher.java:56) ~[surefire-junit-platform-3.5.2.jar:3.5.2]
	at org.apache.maven.surefire.junitplatform.JUnitPlatformProvider.execute(JUnitPlatformProvider.java:184) ~[surefire-junit-platform-3.5.2.jar:3.5.2]
	at org.apache.maven.surefire.junitplatform.JUnitPlatformProvider.invokeAllTests(JUnitPlatformProvider.java:148) ~[surefire-junit-platform-3.5.2.jar:3.5.2]
	at org.apache.maven.surefire.junitplatform.JUnitPlatformProvider.invoke(JUnitPlatformProvider.java:122) ~[surefire-junit-platform-3.5.2.jar:3.5.2]
	at org.apache.maven.surefire.booter.ForkedBooter.runSuitesInProcess(ForkedBooter.java:385) ~[surefire-booter-3.5.2.jar:3.5.2]
	at org.apache.maven.surefire.booter.ForkedBooter.execute(ForkedBooter.java:162) ~[surefire-booter-3.5.2.jar:3.5.2]
	at org.apache.maven.surefire.booter.ForkedBooter.run(ForkedBooter.java:507) ~[surefire-booter-3.5.2.jar:3.5.2]
	at org.apache.maven.surefire.booter.ForkedBooter.main(ForkedBooter.java:495) ~[surefire-booter-3.5.2.jar:3.5.2]

2025-08-06T20:46:06.948+05:30 DEBUG 45196 --- [auction_application] [           main] o.s.b.f.s.DefaultListableBeanFactory     : Creating shared instance of singleton bean 'servletWebServerFactoryCustomizer'
2025-08-06T20:46:06.948+05:30 DEBUG 45196 --- [auction_application] [           main] o.s.b.f.s.DefaultListableBeanFactory     : Creating shared instance of singleton bean 'org.springframework.boot.autoconfigure.web.servlet.ServletWebServerFactoryAutoConfiguration'
2025-08-06T20:46:06.949+05:30 DEBUG 45196 --- [auction_application] [           main] o.s.b.f.s.DefaultListableBeanFactory     : Creating shared instance of singleton bean 'server-org.springframework.boot.autoconfigure.web.ServerProperties'
2025-08-06T20:46:06.973+05:30 DEBUG 45196 --- [auction_application] [           main] o.s.b.f.s.DefaultListableBeanFactory     : Autowiring by type from bean name 'servletWebServerFactoryCustomizer' via factory method to bean named 'server-org.springframework.boot.autoconfigure.web.ServerProperties'
2025-08-06T20:46:06.975+05:30 DEBUG 45196 --- [auction_application] [           main] o.s.b.f.s.DefaultListableBeanFactory     : Creating shared instance of singleton bean 'tomcatServletWebServerFactoryCustomizer'
2025-08-06T20:46:06.975+05:30 DEBUG 45196 --- [auction_application] [           main] o.s.b.f.s.DefaultListableBeanFactory     : Autowiring by type from bean name 'tomcatServletWebServerFactoryCustomizer' via factory method to bean named 'server-org.springframework.boot.autoconfigure.web.ServerProperties'
2025-08-06T20:46:06.976+05:30 DEBUG 45196 --- [auction_application] [           main] o.s.b.f.s.DefaultListableBeanFactory     : Creating shared instance of singleton bean 'localeCharsetMappingsCustomizer'
2025-08-06T20:46:06.976+05:30 DEBUG 45196 --- [auction_application] [           main] o.s.b.f.s.DefaultListableBeanFactory     : Creating shared instance of singleton bean 'org.springframework.boot.autoconfigure.web.servlet.HttpEncodingAutoConfiguration'
2025-08-06T20:46:06.976+05:30 DEBUG 45196 --- [auction_application] [           main] o.s.b.f.s.DefaultListableBeanFactory     : Autowiring by type from bean name 'org.springframework.boot.autoconfigure.web.servlet.HttpEncodingAutoConfiguration' via constructor to bean named 'server-org.springframework.boot.autoconfigure.web.ServerProperties'
2025-08-06T20:46:06.993+05:30 DEBUG 45196 --- [auction_application] [           main] o.s.b.f.s.DefaultListableBeanFactory     : Creating shared instance of singleton bean 'errorPageCustomizer'
2025-08-06T20:46:06.993+05:30 DEBUG 45196 --- [auction_application] [           main] o.s.b.f.s.DefaultListableBeanFactory     : Creating shared instance of singleton bean 'org.springframework.boot.autoconfigure.web.servlet.error.ErrorMvcAutoConfiguration'
2025-08-06T20:46:06.993+05:30 DEBUG 45196 --- [auction_application] [           main] o.s.b.f.s.DefaultListableBeanFactory     : Autowiring by type from bean name 'org.springframework.boot.autoconfigure.web.servlet.error.ErrorMvcAutoConfiguration' via constructor to bean named 'server-org.springframework.boot.autoconfigure.web.ServerProperties'
2025-08-06T20:46:06.995+05:30 DEBUG 45196 --- [auction_application] [           main] o.s.b.f.s.DefaultListableBeanFactory     : Creating shared instance of singleton bean 'dispatcherServletRegistration'
2025-08-06T20:46:06.995+05:30 DEBUG 45196 --- [auction_application] [           main] o.s.b.f.s.DefaultListableBeanFactory     : Creating shared instance of singleton bean 'org.springframework.boot.autoconfigure.web.servlet.DispatcherServletAutoConfiguration$DispatcherServletRegistrationConfiguration'
2025-08-06T20:46:06.996+05:30 DEBUG 45196 --- [auction_application] [           main] o.s.b.f.s.DefaultListableBeanFactory     : Creating shared instance of singleton bean 'dispatcherServlet'
2025-08-06T20:46:06.996+05:30 DEBUG 45196 --- [auction_application] [           main] o.s.b.f.s.DefaultListableBeanFactory     : Creating shared instance of singleton bean 'org.springframework.boot.autoconfigure.web.servlet.DispatcherServletAutoConfiguration$DispatcherServletConfiguration'
2025-08-06T20:46:06.997+05:30 DEBUG 45196 --- [auction_application] [           main] o.s.b.f.s.DefaultListableBeanFactory     : Autowiring by type from bean name 'dispatcherServlet' via factory method to bean named 'spring.mvc-org.springframework.boot.autoconfigure.web.servlet.WebMvcProperties'
2025-08-06T20:46:07.020+05:30 DEBUG 45196 --- [auction_application] [           main] o.s.b.f.s.DefaultListableBeanFactory     : Autowiring by type from bean name 'dispatcherServletRegistration' via factory method to bean named 'dispatcherServlet'
2025-08-06T20:46:07.020+05:30 DEBUG 45196 --- [auction_application] [           main] o.s.b.f.s.DefaultListableBeanFactory     : Autowiring by type from bean name 'dispatcherServletRegistration' via factory method to bean named 'spring.mvc-org.springframework.boot.autoconfigure.web.servlet.WebMvcProperties'
2025-08-06T20:46:07.022+05:30 DEBUG 45196 --- [auction_application] [           main] o.s.b.f.s.DefaultListableBeanFactory     : Creating shared instance of singleton bean 'multipartConfigElement'
2025-08-06T20:46:07.022+05:30 DEBUG 45196 --- [auction_application] [           main] o.s.b.f.s.DefaultListableBeanFactory     : Creating shared instance of singleton bean 'org.springframework.boot.autoconfigure.web.servlet.MultipartAutoConfiguration'
2025-08-06T20:46:07.024+05:30 DEBUG 45196 --- [auction_application] [           main] o.s.b.f.s.DefaultListableBeanFactory     : Creating shared instance of singleton bean 'spring.servlet.multipart-org.springframework.boot.autoconfigure.web.servlet.MultipartProperties'
2025-08-06T20:46:07.034+05:30 DEBUG 45196 --- [auction_application] [           main] o.s.b.f.s.DefaultListableBeanFactory     : Autowiring by type from bean name 'org.springframework.boot.autoconfigure.web.servlet.MultipartAutoConfiguration' via constructor to bean named 'spring.servlet.multipart-org.springframework.boot.autoconfigure.web.servlet.MultipartProperties'
2025-08-06T20:46:07.046+05:30 DEBUG 45196 --- [auction_application] [           main] o.s.b.f.s.DefaultListableBeanFactory     : Autowiring by type from bean name 'errorPageCustomizer' via factory method to bean named 'dispatcherServletRegistration'
2025-08-06T20:46:07.053+05:30 DEBUG 45196 --- [auction_application] [           main] o.s.b.f.s.DefaultListableBeanFactory     : Creating shared instance of singleton bean 'org.springframework.boot.autoconfigure.web.servlet.DispatcherServletAutoConfiguration'
2025-08-06T20:46:07.055+05:30 DEBUG 45196 --- [auction_application] [           main] o.s.b.f.s.DefaultListableBeanFactory     : Creating shared instance of singleton bean 'org.springframework.boot.autoconfigure.task.TaskExecutorConfigurations$ThreadPoolTaskExecutorBuilderConfiguration'
2025-08-06T20:46:07.055+05:30 DEBUG 45196 --- [auction_application] [           main] o.s.b.f.s.DefaultListableBeanFactory     : Creating shared instance of singleton bean 'threadPoolTaskExecutorBuilder'
2025-08-06T20:46:07.056+05:30 DEBUG 45196 --- [auction_application] [           main] o.s.b.f.s.DefaultListableBeanFactory     : Creating shared instance of singleton bean 'spring.task.execution-org.springframework.boot.autoconfigure.task.TaskExecutionProperties'
2025-08-06T20:46:07.058+05:30 DEBUG 45196 --- [auction_application] [           main] o.s.b.f.s.DefaultListableBeanFactory     : Autowiring by type from bean name 'threadPoolTaskExecutorBuilder' via factory method to bean named 'spring.task.execution-org.springframework.boot.autoconfigure.task.TaskExecutionProperties'
2025-08-06T20:46:07.062+05:30 DEBUG 45196 --- [auction_application] [           main] o.s.b.f.s.DefaultListableBeanFactory     : Creating shared instance of singleton bean 'org.springframework.boot.autoconfigure.task.TaskExecutorConfigurations$SimpleAsyncTaskExecutorBuilderConfiguration'
2025-08-06T20:46:07.064+05:30 DEBUG 45196 --- [auction_application] [           main] o.s.b.f.s.DefaultListableBeanFactory     : Autowiring by type from bean name 'org.springframework.boot.autoconfigure.task.TaskExecutorConfigurations$SimpleAsyncTaskExecutorBuilderConfiguration' via constructor to bean named 'spring.task.execution-org.springframework.boot.autoconfigure.task.TaskExecutionProperties'
2025-08-06T20:46:07.064+05:30 DEBUG 45196 --- [auction_application] [           main] o.s.b.f.s.DefaultListableBeanFactory     : Creating shared instance of singleton bean 'simpleAsyncTaskExecutorBuilder'
2025-08-06T20:46:07.068+05:30 DEBUG 45196 --- [auction_application] [           main] o.s.b.f.s.DefaultListableBeanFactory     : Creating shared instance of singleton bean 'org.springframework.boot.autoconfigure.task.TaskExecutorConfigurations$TaskExecutorConfiguration'
2025-08-06T20:46:07.068+05:30 DEBUG 45196 --- [auction_application] [           main] o.s.b.f.s.DefaultListableBeanFactory     : Creating shared instance of singleton bean 'org.springframework.boot.autoconfigure.task.TaskExecutionAutoConfiguration'
2025-08-06T20:46:07.069+05:30 DEBUG 45196 --- [auction_application] [           main] o.s.b.f.s.DefaultListableBeanFactory     : Creating shared instance of singleton bean 'org.springframework.boot.autoconfigure.web.servlet.error.ErrorMvcAutoConfiguration$WhitelabelErrorViewConfiguration'
2025-08-06T20:46:07.069+05:30 DEBUG 45196 --- [auction_application] [           main] o.s.b.f.s.DefaultListableBeanFactory     : Creating shared instance of singleton bean 'error'
2025-08-06T20:46:07.071+05:30 DEBUG 45196 --- [auction_application] [           main] o.s.b.f.s.DefaultListableBeanFactory     : Creating shared instance of singleton bean 'beanNameViewResolver'
2025-08-06T20:46:07.072+05:30 DEBUG 45196 --- [auction_application] [           main] o.s.b.f.s.DefaultListableBeanFactory     : Creating shared instance of singleton bean 'org.springframework.boot.autoconfigure.web.servlet.error.ErrorMvcAutoConfiguration$DefaultErrorViewResolverConfiguration'
2025-08-06T20:46:07.072+05:30 DEBUG 45196 --- [auction_application] [           main] o.s.b.f.s.DefaultListableBeanFactory     : Autowiring by type from bean name 'org.springframework.boot.autoconfigure.web.servlet.error.ErrorMvcAutoConfiguration$DefaultErrorViewResolverConfiguration' via constructor to bean named 'org.springframework.web.context.support.GenericWebApplicationContext@5298dead'
2025-08-06T20:46:07.072+05:30 DEBUG 45196 --- [auction_application] [           main] o.s.b.f.s.DefaultListableBeanFactory     : Autowiring by type from bean name 'org.springframework.boot.autoconfigure.web.servlet.error.ErrorMvcAutoConfiguration$DefaultErrorViewResolverConfiguration' via constructor to bean named 'spring.web-org.springframework.boot.autoconfigure.web.WebProperties'
2025-08-06T20:46:07.073+05:30 DEBUG 45196 --- [auction_application] [           main] o.s.b.f.s.DefaultListableBeanFactory     : Creating shared instance of singleton bean 'conventionErrorViewResolver'
2025-08-06T20:46:07.074+05:30 DEBUG 45196 --- [auction_application] [           main] o.s.b.f.s.DefaultListableBeanFactory     : Creating shared instance of singleton bean 'errorAttributes'
2025-08-06T20:46:07.078+05:30 DEBUG 45196 --- [auction_application] [           main] o.s.b.f.s.DefaultListableBeanFactory     : Creating shared instance of singleton bean 'basicErrorController'
2025-08-06T20:46:07.079+05:30 DEBUG 45196 --- [auction_application] [           main] o.s.b.f.s.DefaultListableBeanFactory     : Autowiring by type from bean name 'basicErrorController' via factory method to bean named 'errorAttributes'
2025-08-06T20:46:07.082+05:30 DEBUG 45196 --- [auction_application] [           main] o.s.b.f.s.DefaultListableBeanFactory     : Creating shared instance of singleton bean 'localeResolver'
2025-08-06T20:46:07.086+05:30 DEBUG 45196 --- [auction_application] [           main] o.s.b.f.s.DefaultListableBeanFactory     : Creating shared instance of singleton bean 'themeResolver'
2025-08-06T20:46:07.091+05:30 DEBUG 45196 --- [auction_application] [           main] o.s.b.f.s.DefaultListableBeanFactory     : Creating shared instance of singleton bean 'flashMapManager'
2025-08-06T20:46:07.098+05:30 DEBUG 45196 --- [auction_application] [           main] o.s.b.f.s.DefaultListableBeanFactory     : Creating shared instance of singleton bean 'viewNameTranslator'
2025-08-06T20:46:07.101+05:30 DEBUG 45196 --- [auction_application] [           main] o.s.b.f.s.DefaultListableBeanFactory     : Creating shared instance of singleton bean 'mvcValidator'
2025-08-06T20:46:07.104+05:30 DEBUG 45196 --- [auction_application] [           main] o.s.b.f.s.DefaultListableBeanFactory     : Creating shared instance of singleton bean 'mvcPatternParser'
2025-08-06T20:46:07.107+05:30 DEBUG 45196 --- [auction_application] [           main] o.s.b.f.s.DefaultListableBeanFactory     : Creating shared instance of singleton bean 'mvcUrlPathHelper'
2025-08-06T20:46:07.109+05:30 DEBUG 45196 --- [auction_application] [           main] o.s.b.f.s.DefaultListableBeanFactory     : Creating shared instance of singleton bean 'mvcPathMatcher'
2025-08-06T20:46:07.112+05:30 DEBUG 45196 --- [auction_application] [           main] o.s.b.f.s.DefaultListableBeanFactory     : Creating shared instance of singleton bean 'requestMappingHandlerAdapter'
2025-08-06T20:46:07.113+05:30 DEBUG 45196 --- [auction_application] [           main] o.s.b.f.s.DefaultListableBeanFactory     : Autowiring by type from bean name 'requestMappingHandlerAdapter' via factory method to bean named 'mvcContentNegotiationManager'
2025-08-06T20:46:07.113+05:30 DEBUG 45196 --- [auction_application] [           main] o.s.b.f.s.DefaultListableBeanFactory     : Autowiring by type from bean name 'requestMappingHandlerAdapter' via factory method to bean named 'mvcConversionService'
2025-08-06T20:46:07.113+05:30 DEBUG 45196 --- [auction_application] [           main] o.s.b.f.s.DefaultListableBeanFactory     : Autowiring by type from bean name 'requestMappingHandlerAdapter' via factory method to bean named 'mvcValidator'
2025-08-06T20:46:07.137+05:30 DEBUG 45196 --- [auction_application] [           main] o.s.b.f.s.DefaultListableBeanFactory     : Creating shared instance of singleton bean 'sortResolver'
2025-08-06T20:46:07.139+05:30 DEBUG 45196 --- [auction_application] [           main] o.s.b.f.s.DefaultListableBeanFactory     : Creating shared instance of singleton bean 'sortCustomizer'
2025-08-06T20:46:07.139+05:30 DEBUG 45196 --- [auction_application] [           main] o.s.b.f.s.DefaultListableBeanFactory     : Creating shared instance of singleton bean 'org.springframework.boot.autoconfigure.data.web.SpringDataWebAutoConfiguration'
2025-08-06T20:46:07.141+05:30 DEBUG 45196 --- [auction_application] [           main] o.s.b.f.s.DefaultListableBeanFactory     : Creating shared instance of singleton bean 'spring.data.web-org.springframework.boot.autoconfigure.data.web.SpringDataWebProperties'
2025-08-06T20:46:07.143+05:30 DEBUG 45196 --- [auction_application] [           main] o.s.b.f.s.DefaultListableBeanFactory     : Autowiring by type from bean name 'org.springframework.boot.autoconfigure.data.web.SpringDataWebAutoConfiguration' via constructor to bean named 'spring.data.web-org.springframework.boot.autoconfigure.data.web.SpringDataWebProperties'
2025-08-06T20:46:07.148+05:30 DEBUG 45196 --- [auction_application] [           main] o.s.b.f.s.DefaultListableBeanFactory     : Creating shared instance of singleton bean 'pageableResolver'
2025-08-06T20:46:07.151+05:30 DEBUG 45196 --- [auction_application] [           main] o.s.b.f.s.DefaultListableBeanFactory     : Creating shared instance of singleton bean 'pageableCustomizer'
2025-08-06T20:46:07.158+05:30 DEBUG 45196 --- [auction_application] [           main] o.s.b.f.s.DefaultListableBeanFactory     : Creating shared instance of singleton bean 'applicationTaskExecutor'
2025-08-06T20:46:07.158+05:30 DEBUG 45196 --- [auction_application] [           main] o.s.b.f.s.DefaultListableBeanFactory     : Autowiring by type from bean name 'applicationTaskExecutor' via factory method to bean named 'threadPoolTaskExecutorBuilder'
2025-08-06T20:46:07.170+05:30 DEBUG 45196 --- [auction_application] [           main] o.s.s.concurrent.ThreadPoolTaskExecutor  : Initializing ExecutorService 'applicationTaskExecutor'
2025-08-06T20:46:07.201+05:30 DEBUG 45196 --- [auction_application] [           main] s.w.s.m.m.a.RequestMappingHandlerAdapter : ControllerAdvice beans: 0 @ModelAttribute, 0 @InitBinder, 1 RequestBodyAdvice, 1 ResponseBodyAdvice
2025-08-06T20:46:07.255+05:30 DEBUG 45196 --- [auction_application] [           main] o.s.b.f.s.DefaultListableBeanFactory     : Creating shared instance of singleton bean 'mvcViewResolver'
2025-08-06T20:46:07.256+05:30 DEBUG 45196 --- [auction_application] [           main] o.s.b.f.s.DefaultListableBeanFactory     : Autowiring by type from bean name 'mvcViewResolver' via factory method to bean named 'mvcContentNegotiationManager'
2025-08-06T20:46:07.260+05:30 DEBUG 45196 --- [auction_application] [           main] o.s.b.f.s.DefaultListableBeanFactory     : Creating shared instance of singleton bean 'defaultViewResolver'
2025-08-06T20:46:07.273+05:30 DEBUG 45196 --- [auction_application] [           main] o.s.b.f.s.DefaultListableBeanFactory     : Creating shared instance of singleton bean 'viewResolver'
2025-08-06T20:46:07.274+05:30 DEBUG 45196 --- [auction_application] [           main] o.s.b.f.s.DefaultListableBeanFactory     : Autowiring by type from bean name 'viewResolver' via factory method to bean named 'org.springframework.beans.factory.support.DefaultListableBeanFactory@4a699efa'
2025-08-06T20:46:07.277+05:30 DEBUG 45196 --- [auction_application] [           main] o.s.b.f.s.DefaultListableBeanFactory     : Creating shared instance of singleton bean 'viewResolver'
2025-08-06T20:46:07.294+05:30 DEBUG 45196 --- [auction_application] [           main] o.s.b.f.s.DefaultListableBeanFactory     : Creating shared instance of singleton bean 'handlerFunctionAdapter'
2025-08-06T20:46:07.298+05:30 DEBUG 45196 --- [auction_application] [           main] o.s.b.f.s.DefaultListableBeanFactory     : Creating shared instance of singleton bean 'mvcUriComponentsContributor'
2025-08-06T20:46:07.299+05:30 DEBUG 45196 --- [auction_application] [           main] o.s.b.f.s.DefaultListableBeanFactory     : Autowiring by type from bean name 'mvcUriComponentsContributor' via factory method to bean named 'mvcConversionService'
2025-08-06T20:46:07.299+05:30 DEBUG 45196 --- [auction_application] [           main] o.s.b.f.s.DefaultListableBeanFactory     : Autowiring by type from bean name 'mvcUriComponentsContributor' via factory method to bean named 'requestMappingHandlerAdapter'
2025-08-06T20:46:07.301+05:30 DEBUG 45196 --- [auction_application] [           main] o.s.b.f.s.DefaultListableBeanFactory     : Creating shared instance of singleton bean 'httpRequestHandlerAdapter'
2025-08-06T20:46:07.303+05:30 DEBUG 45196 --- [auction_application] [           main] o.s.b.f.s.DefaultListableBeanFactory     : Creating shared instance of singleton bean 'simpleControllerHandlerAdapter'
2025-08-06T20:46:07.305+05:30 DEBUG 45196 --- [auction_application] [           main] o.s.b.f.s.DefaultListableBeanFactory     : Creating shared instance of singleton bean 'handlerExceptionResolver'
2025-08-06T20:46:07.306+05:30 DEBUG 45196 --- [auction_application] [           main] o.s.b.f.s.DefaultListableBeanFactory     : Autowiring by type from bean name 'handlerExceptionResolver' via factory method to bean named 'mvcContentNegotiationManager'
2025-08-06T20:46:07.323+05:30 DEBUG 45196 --- [auction_application] [           main] .m.m.a.ExceptionHandlerExceptionResolver : ControllerAdvice beans: 1 @ExceptionHandler, 1 ResponseBodyAdvice
2025-08-06T20:46:07.330+05:30 DEBUG 45196 --- [auction_application] [           main] o.s.b.f.s.DefaultListableBeanFactory     : Creating shared instance of singleton bean 'requestContextFilter'
2025-08-06T20:46:07.335+05:30 DEBUG 45196 --- [auction_application] [           main] o.s.b.f.s.DefaultListableBeanFactory     : Creating shared instance of singleton bean 'org.springframework.boot.autoconfigure.web.servlet.WebMvcAutoConfiguration'
2025-08-06T20:46:07.336+05:30 DEBUG 45196 --- [auction_application] [           main] o.s.b.f.s.DefaultListableBeanFactory     : Creating shared instance of singleton bean 'formContentFilter'
2025-08-06T20:46:07.342+05:30 DEBUG 45196 --- [auction_application] [           main] o.s.b.f.s.DefaultListableBeanFactory     : Creating shared instance of singleton bean 'org.springframework.boot.autoconfigure.aop.AopAutoConfiguration$AspectJAutoProxyingConfiguration$CglibAutoProxyConfiguration'
2025-08-06T20:46:07.343+05:30 DEBUG 45196 --- [auction_application] [           main] o.s.b.f.s.DefaultListableBeanFactory     : Creating shared instance of singleton bean 'org.springframework.boot.autoconfigure.aop.AopAutoConfiguration$AspectJAutoProxyingConfiguration'
2025-08-06T20:46:07.343+05:30 DEBUG 45196 --- [auction_application] [           main] o.s.b.f.s.DefaultListableBeanFactory     : Creating shared instance of singleton bean 'org.springframework.boot.autoconfigure.aop.AopAutoConfiguration'
2025-08-06T20:46:07.344+05:30 DEBUG 45196 --- [auction_application] [           main] o.s.b.f.s.DefaultListableBeanFactory     : Creating shared instance of singleton bean 'org.springframework.boot.autoconfigure.availability.ApplicationAvailabilityAutoConfiguration'
2025-08-06T20:46:07.344+05:30 DEBUG 45196 --- [auction_application] [           main] o.s.b.f.s.DefaultListableBeanFactory     : Creating shared instance of singleton bean 'applicationAvailability'
2025-08-06T20:46:07.348+05:30 DEBUG 45196 --- [auction_application] [           main] o.s.b.f.s.DefaultListableBeanFactory     : Creating shared instance of singleton bean 'redisTemplate'
2025-08-06T20:46:07.348+05:30 DEBUG 45196 --- [auction_application] [           main] o.s.b.f.s.DefaultListableBeanFactory     : Autowiring by type from bean name 'redisTemplate' via factory method to bean named 'redisConnectionFactory'
2025-08-06T20:46:07.455+05:30 DEBUG 45196 --- [auction_application] [           main] o.s.data.convert.CustomConversions       : Adding converter from class java.lang.String to class [B as writing converter
2025-08-06T20:46:07.455+05:30 DEBUG 45196 --- [auction_application] [           main] o.s.data.convert.CustomConversions       : Adding converter from class [B to class java.lang.String as reading converter
2025-08-06T20:46:07.455+05:30 DEBUG 45196 --- [auction_application] [           main] o.s.data.convert.CustomConversions       : Adding converter from class java.lang.Number to class [B as writing converter
2025-08-06T20:46:07.455+05:30 DEBUG 45196 --- [auction_application] [           main] o.s.data.convert.CustomConversions       : Adding converter from class [B to class java.lang.Number as reading converter
2025-08-06T20:46:07.455+05:30 DEBUG 45196 --- [auction_application] [           main] o.s.data.convert.CustomConversions       : Adding converter from class java.lang.Enum to class [B as writing converter
2025-08-06T20:46:07.455+05:30 DEBUG 45196 --- [auction_application] [           main] o.s.data.convert.CustomConversions       : Adding converter from class [B to class java.lang.Enum as reading converter
2025-08-06T20:46:07.455+05:30 DEBUG 45196 --- [auction_application] [           main] o.s.data.convert.CustomConversions       : Adding converter from class java.lang.Boolean to class [B as writing converter
2025-08-06T20:46:07.455+05:30 DEBUG 45196 --- [auction_application] [           main] o.s.data.convert.CustomConversions       : Adding converter from class [B to class java.lang.Boolean as reading converter
2025-08-06T20:46:07.455+05:30 DEBUG 45196 --- [auction_application] [           main] o.s.data.convert.CustomConversions       : Adding converter from class java.util.Date to class [B as writing converter
2025-08-06T20:46:07.456+05:30 DEBUG 45196 --- [auction_application] [           main] o.s.data.convert.CustomConversions       : Adding converter from class [B to class java.util.Date as reading converter
2025-08-06T20:46:07.456+05:30 DEBUG 45196 --- [auction_application] [           main] o.s.data.convert.CustomConversions       : Adding converter from class java.util.UUID to class [B as writing converter
2025-08-06T20:46:07.456+05:30 DEBUG 45196 --- [auction_application] [           main] o.s.data.convert.CustomConversions       : Adding converter from class [B to class java.util.UUID as reading converter
2025-08-06T20:46:07.456+05:30 DEBUG 45196 --- [auction_application] [           main] o.s.data.convert.CustomConversions       : Adding converter from class java.time.LocalDateTime to class [B as reading converter
2025-08-06T20:46:07.456+05:30 DEBUG 45196 --- [auction_application] [           main] o.s.data.convert.CustomConversions       : Adding converter from class [B to class java.time.LocalDateTime as reading converter
2025-08-06T20:46:07.456+05:30 DEBUG 45196 --- [auction_application] [           main] o.s.data.convert.CustomConversions       : Adding converter from class java.time.LocalDate to class [B as reading converter
2025-08-06T20:46:07.456+05:30 DEBUG 45196 --- [auction_application] [           main] o.s.data.convert.CustomConversions       : Adding converter from class [B to class java.time.LocalDate as reading converter
2025-08-06T20:46:07.456+05:30 DEBUG 45196 --- [auction_application] [           main] o.s.data.convert.CustomConversions       : Adding converter from class java.time.LocalTime to class [B as reading converter
2025-08-06T20:46:07.456+05:30 DEBUG 45196 --- [auction_application] [           main] o.s.data.convert.CustomConversions       : Adding converter from class [B to class java.time.LocalTime as reading converter
2025-08-06T20:46:07.456+05:30 DEBUG 45196 --- [auction_application] [           main] o.s.data.convert.CustomConversions       : Adding converter from class java.time.ZonedDateTime to class [B as reading converter
2025-08-06T20:46:07.456+05:30 DEBUG 45196 --- [auction_application] [           main] o.s.data.convert.CustomConversions       : Adding converter from class [B to class java.time.ZonedDateTime as reading converter
2025-08-06T20:46:07.456+05:30 DEBUG 45196 --- [auction_application] [           main] o.s.data.convert.CustomConversions       : Adding converter from class java.time.Instant to class [B as reading converter
2025-08-06T20:46:07.457+05:30 DEBUG 45196 --- [auction_application] [           main] o.s.data.convert.CustomConversions       : Adding converter from class [B to class java.time.Instant as reading converter
2025-08-06T20:46:07.457+05:30 DEBUG 45196 --- [auction_application] [           main] o.s.data.convert.CustomConversions       : Adding converter from class java.time.ZoneId to class [B as reading converter
2025-08-06T20:46:07.457+05:30 DEBUG 45196 --- [auction_application] [           main] o.s.data.convert.CustomConversions       : Adding converter from class [B to class java.time.ZoneId as reading converter
2025-08-06T20:46:07.457+05:30 DEBUG 45196 --- [auction_application] [           main] o.s.data.convert.CustomConversions       : Adding converter from class java.time.Period to class [B as reading converter
2025-08-06T20:46:07.457+05:30 DEBUG 45196 --- [auction_application] [           main] o.s.data.convert.CustomConversions       : Adding converter from class [B to class java.time.Period as reading converter
2025-08-06T20:46:07.457+05:30 DEBUG 45196 --- [auction_application] [           main] o.s.data.convert.CustomConversions       : Adding converter from class java.time.Duration to class [B as reading converter
2025-08-06T20:46:07.457+05:30 DEBUG 45196 --- [auction_application] [           main] o.s.data.convert.CustomConversions       : Adding converter from class [B to class java.time.Duration as reading converter
2025-08-06T20:46:07.457+05:30 DEBUG 45196 --- [auction_application] [           main] o.s.data.convert.CustomConversions       : Adding converter from class java.time.OffsetDateTime to class [B as reading converter
2025-08-06T20:46:07.457+05:30 DEBUG 45196 --- [auction_application] [           main] o.s.data.convert.CustomConversions       : Adding converter from class [B to class java.time.OffsetDateTime as reading converter
2025-08-06T20:46:07.457+05:30 DEBUG 45196 --- [auction_application] [           main] o.s.data.convert.CustomConversions       : Adding converter from class java.time.OffsetTime to class [B as reading converter
2025-08-06T20:46:07.457+05:30 DEBUG 45196 --- [auction_application] [           main] o.s.data.convert.CustomConversions       : Adding converter from class [B to class java.time.OffsetTime as reading converter
2025-08-06T20:46:07.457+05:30 DEBUG 45196 --- [auction_application] [           main] o.s.data.convert.CustomConversions       : Adding converter from class java.util.Date to class java.time.LocalDateTime as reading converter
2025-08-06T20:46:07.457+05:30 DEBUG 45196 --- [auction_application] [           main] o.s.data.convert.CustomConversions       : Adding converter from class java.time.LocalDateTime to class java.util.Date as writing converter
2025-08-06T20:46:07.457+05:30 DEBUG 45196 --- [auction_application] [           main] o.s.data.convert.CustomConversions       : Adding converter from class java.util.Date to class java.time.LocalDate as reading converter
2025-08-06T20:46:07.457+05:30 DEBUG 45196 --- [auction_application] [           main] o.s.data.convert.CustomConversions       : Adding converter from class java.time.LocalDate to class java.util.Date as writing converter
2025-08-06T20:46:07.457+05:30 DEBUG 45196 --- [auction_application] [           main] o.s.data.convert.CustomConversions       : Adding converter from class java.util.Date to class java.time.LocalTime as reading converter
2025-08-06T20:46:07.457+05:30 DEBUG 45196 --- [auction_application] [           main] o.s.data.convert.CustomConversions       : Adding converter from class java.time.LocalTime to class java.util.Date as writing converter
2025-08-06T20:46:07.457+05:30 DEBUG 45196 --- [auction_application] [           main] o.s.data.convert.CustomConversions       : Adding converter from class java.util.Date to class java.time.Instant as reading converter
2025-08-06T20:46:07.457+05:30 DEBUG 45196 --- [auction_application] [           main] o.s.data.convert.CustomConversions       : Adding converter from class java.time.Instant to class java.util.Date as writing converter
2025-08-06T20:46:07.457+05:30 DEBUG 45196 --- [auction_application] [           main] o.s.data.convert.CustomConversions       : Adding converter from class java.time.LocalDateTime to class java.time.Instant as reading converter
2025-08-06T20:46:07.457+05:30 DEBUG 45196 --- [auction_application] [           main] o.s.data.convert.CustomConversions       : Adding converter from class java.time.Instant to class java.time.LocalDateTime as reading converter
2025-08-06T20:46:07.457+05:30 DEBUG 45196 --- [auction_application] [           main] o.s.data.convert.CustomConversions       : Adding converter from class java.time.ZoneId to class java.lang.String as writing converter
2025-08-06T20:46:07.457+05:30 DEBUG 45196 --- [auction_application] [           main] o.s.data.convert.CustomConversions       : Adding converter from class java.lang.String to class java.time.ZoneId as reading converter
2025-08-06T20:46:07.457+05:30 DEBUG 45196 --- [auction_application] [           main] o.s.data.convert.CustomConversions       : Adding converter from class java.time.Duration to class java.lang.String as writing converter
2025-08-06T20:46:07.457+05:30 DEBUG 45196 --- [auction_application] [           main] o.s.data.convert.CustomConversions       : Adding converter from class java.lang.String to class java.time.Duration as reading converter
2025-08-06T20:46:07.457+05:30 DEBUG 45196 --- [auction_application] [           main] o.s.data.convert.CustomConversions       : Adding converter from class java.time.Period to class java.lang.String as writing converter
2025-08-06T20:46:07.457+05:30 DEBUG 45196 --- [auction_application] [           main] o.s.data.convert.CustomConversions       : Adding converter from class java.lang.String to class java.time.Period as reading converter
2025-08-06T20:46:07.457+05:30 DEBUG 45196 --- [auction_application] [           main] o.s.data.convert.CustomConversions       : Adding converter from class java.lang.String to class java.time.LocalDate as reading converter
2025-08-06T20:46:07.457+05:30 DEBUG 45196 --- [auction_application] [           main] o.s.data.convert.CustomConversions       : Adding converter from class java.lang.String to class java.time.LocalDateTime as reading converter
2025-08-06T20:46:07.457+05:30 DEBUG 45196 --- [auction_application] [           main] o.s.data.convert.CustomConversions       : Adding converter from class java.lang.String to class java.time.Instant as reading converter
2025-08-06T20:46:07.458+05:30 DEBUG 45196 --- [auction_application] [           main] o.s.data.convert.CustomConversions       : Adding converter from class java.lang.String to class [B as writing converter
2025-08-06T20:46:07.458+05:30 DEBUG 45196 --- [auction_application] [           main] o.s.data.convert.CustomConversions       : Adding converter from class [B to class java.lang.String as reading converter
2025-08-06T20:46:07.458+05:30 DEBUG 45196 --- [auction_application] [           main] o.s.data.convert.CustomConversions       : Adding converter from class java.lang.Number to class [B as writing converter
2025-08-06T20:46:07.458+05:30 DEBUG 45196 --- [auction_application] [           main] o.s.data.convert.CustomConversions       : Adding converter from class [B to class java.lang.Number as reading converter
2025-08-06T20:46:07.458+05:30 DEBUG 45196 --- [auction_application] [           main] o.s.data.convert.CustomConversions       : Adding converter from class java.lang.Enum to class [B as writing converter
2025-08-06T20:46:07.458+05:30 DEBUG 45196 --- [auction_application] [           main] o.s.data.convert.CustomConversions       : Adding converter from class [B to class java.lang.Enum as reading converter
2025-08-06T20:46:07.458+05:30 DEBUG 45196 --- [auction_application] [           main] o.s.data.convert.CustomConversions       : Adding converter from class java.lang.Boolean to class [B as writing converter
2025-08-06T20:46:07.458+05:30 DEBUG 45196 --- [auction_application] [           main] o.s.data.convert.CustomConversions       : Adding converter from class [B to class java.lang.Boolean as reading converter
2025-08-06T20:46:07.458+05:30 DEBUG 45196 --- [auction_application] [           main] o.s.data.convert.CustomConversions       : Adding converter from class java.util.Date to class [B as writing converter
2025-08-06T20:46:07.458+05:30 DEBUG 45196 --- [auction_application] [           main] o.s.data.convert.CustomConversions       : Adding converter from class [B to class java.util.Date as reading converter
2025-08-06T20:46:07.458+05:30 DEBUG 45196 --- [auction_application] [           main] o.s.data.convert.CustomConversions       : Adding converter from class java.util.UUID to class [B as writing converter
2025-08-06T20:46:07.458+05:30 DEBUG 45196 --- [auction_application] [           main] o.s.data.convert.CustomConversions       : Adding converter from class [B to class java.util.UUID as reading converter
2025-08-06T20:46:07.458+05:30 DEBUG 45196 --- [auction_application] [           main] o.s.data.convert.CustomConversions       : Adding converter from class java.time.LocalDateTime to class [B as reading converter
2025-08-06T20:46:07.458+05:30 DEBUG 45196 --- [auction_application] [           main] o.s.data.convert.CustomConversions       : Adding converter from class [B to class java.time.LocalDateTime as reading converter
2025-08-06T20:46:07.458+05:30 DEBUG 45196 --- [auction_application] [           main] o.s.data.convert.CustomConversions       : Adding converter from class java.time.LocalDate to class [B as reading converter
2025-08-06T20:46:07.458+05:30 DEBUG 45196 --- [auction_application] [           main] o.s.data.convert.CustomConversions       : Adding converter from class [B to class java.time.LocalDate as reading converter
2025-08-06T20:46:07.458+05:30 DEBUG 45196 --- [auction_application] [           main] o.s.data.convert.CustomConversions       : Adding converter from class java.time.LocalTime to class [B as reading converter
2025-08-06T20:46:07.458+05:30 DEBUG 45196 --- [auction_application] [           main] o.s.data.convert.CustomConversions       : Adding converter from class [B to class java.time.LocalTime as reading converter
2025-08-06T20:46:07.458+05:30 DEBUG 45196 --- [auction_application] [           main] o.s.data.convert.CustomConversions       : Adding converter from class java.time.ZonedDateTime to class [B as reading converter
2025-08-06T20:46:07.458+05:30 DEBUG 45196 --- [auction_application] [           main] o.s.data.convert.CustomConversions       : Adding converter from class [B to class java.time.ZonedDateTime as reading converter
2025-08-06T20:46:07.458+05:30 DEBUG 45196 --- [auction_application] [           main] o.s.data.convert.CustomConversions       : Adding converter from class java.time.Instant to class [B as reading converter
2025-08-06T20:46:07.458+05:30 DEBUG 45196 --- [auction_application] [           main] o.s.data.convert.CustomConversions       : Adding converter from class [B to class java.time.Instant as reading converter
2025-08-06T20:46:07.458+05:30 DEBUG 45196 --- [auction_application] [           main] o.s.data.convert.CustomConversions       : Adding converter from class java.time.ZoneId to class [B as reading converter
2025-08-06T20:46:07.458+05:30 DEBUG 45196 --- [auction_application] [           main] o.s.data.convert.CustomConversions       : Adding converter from class [B to class java.time.ZoneId as reading converter
2025-08-06T20:46:07.458+05:30 DEBUG 45196 --- [auction_application] [           main] o.s.data.convert.CustomConversions       : Adding converter from class java.time.Period to class [B as reading converter
2025-08-06T20:46:07.458+05:30 DEBUG 45196 --- [auction_application] [           main] o.s.data.convert.CustomConversions       : Adding converter from class [B to class java.time.Period as reading converter
2025-08-06T20:46:07.458+05:30 DEBUG 45196 --- [auction_application] [           main] o.s.data.convert.CustomConversions       : Adding converter from class java.time.Duration to class [B as reading converter
2025-08-06T20:46:07.458+05:30 DEBUG 45196 --- [auction_application] [           main] o.s.data.convert.CustomConversions       : Adding converter from class [B to class java.time.Duration as reading converter
2025-08-06T20:46:07.458+05:30 DEBUG 45196 --- [auction_application] [           main] o.s.data.convert.CustomConversions       : Adding converter from class java.time.OffsetDateTime to class [B as reading converter
2025-08-06T20:46:07.459+05:30 DEBUG 45196 --- [auction_application] [           main] o.s.data.convert.CustomConversions       : Adding converter from class [B to class java.time.OffsetDateTime as reading converter
2025-08-06T20:46:07.459+05:30 DEBUG 45196 --- [auction_application] [           main] o.s.data.convert.CustomConversions       : Adding converter from class java.time.OffsetTime to class [B as reading converter
2025-08-06T20:46:07.459+05:30 DEBUG 45196 --- [auction_application] [           main] o.s.data.convert.CustomConversions       : Adding converter from class [B to class java.time.OffsetTime as reading converter
2025-08-06T20:46:07.459+05:30 DEBUG 45196 --- [auction_application] [           main] o.s.data.convert.CustomConversions       : Adding converter from class java.util.Date to class java.time.LocalDateTime as reading converter
2025-08-06T20:46:07.459+05:30 DEBUG 45196 --- [auction_application] [           main] o.s.data.convert.CustomConversions       : Adding converter from class java.time.LocalDateTime to class java.util.Date as writing converter
2025-08-06T20:46:07.459+05:30 DEBUG 45196 --- [auction_application] [           main] o.s.data.convert.CustomConversions       : Adding converter from class java.util.Date to class java.time.LocalDate as reading converter
2025-08-06T20:46:07.459+05:30 DEBUG 45196 --- [auction_application] [           main] o.s.data.convert.CustomConversions       : Adding converter from class java.time.LocalDate to class java.util.Date as writing converter
2025-08-06T20:46:07.459+05:30 DEBUG 45196 --- [auction_application] [           main] o.s.data.convert.CustomConversions       : Adding converter from class java.util.Date to class java.time.LocalTime as reading converter
2025-08-06T20:46:07.459+05:30 DEBUG 45196 --- [auction_application] [           main] o.s.data.convert.CustomConversions       : Adding converter from class java.time.LocalTime to class java.util.Date as writing converter
2025-08-06T20:46:07.459+05:30 DEBUG 45196 --- [auction_application] [           main] o.s.data.convert.CustomConversions       : Adding converter from class java.util.Date to class java.time.Instant as reading converter
2025-08-06T20:46:07.459+05:30 DEBUG 45196 --- [auction_application] [           main] o.s.data.convert.CustomConversions       : Adding converter from class java.time.Instant to class java.util.Date as writing converter
2025-08-06T20:46:07.459+05:30 DEBUG 45196 --- [auction_application] [           main] o.s.data.convert.CustomConversions       : Adding converter from class java.time.LocalDateTime to class java.time.Instant as reading converter
2025-08-06T20:46:07.459+05:30 DEBUG 45196 --- [auction_application] [           main] o.s.data.convert.CustomConversions       : Adding converter from class java.time.Instant to class java.time.LocalDateTime as reading converter
2025-08-06T20:46:07.459+05:30 DEBUG 45196 --- [auction_application] [           main] o.s.data.convert.CustomConversions       : Adding converter from class java.time.ZoneId to class java.lang.String as writing converter
2025-08-06T20:46:07.459+05:30 DEBUG 45196 --- [auction_application] [           main] o.s.data.convert.CustomConversions       : Adding converter from class java.lang.String to class java.time.ZoneId as reading converter
2025-08-06T20:46:07.459+05:30 DEBUG 45196 --- [auction_application] [           main] o.s.data.convert.CustomConversions       : Adding converter from class java.time.Duration to class java.lang.String as writing converter
2025-08-06T20:46:07.459+05:30 DEBUG 45196 --- [auction_application] [           main] o.s.data.convert.CustomConversions       : Adding converter from class java.lang.String to class java.time.Duration as reading converter
2025-08-06T20:46:07.459+05:30 DEBUG 45196 --- [auction_application] [           main] o.s.data.convert.CustomConversions       : Adding converter from class java.time.Period to class java.lang.String as writing converter
2025-08-06T20:46:07.459+05:30 DEBUG 45196 --- [auction_application] [           main] o.s.data.convert.CustomConversions       : Adding converter from class java.lang.String to class java.time.Period as reading converter
2025-08-06T20:46:07.459+05:30 DEBUG 45196 --- [auction_application] [           main] o.s.data.convert.CustomConversions       : Adding converter from class java.lang.String to class java.time.LocalDate as reading converter
2025-08-06T20:46:07.459+05:30 DEBUG 45196 --- [auction_application] [           main] o.s.data.convert.CustomConversions       : Adding converter from class java.lang.String to class java.time.LocalDateTime as reading converter
2025-08-06T20:46:07.459+05:30 DEBUG 45196 --- [auction_application] [           main] o.s.data.convert.CustomConversions       : Adding converter from class java.lang.String to class java.time.Instant as reading converter
2025-08-06T20:46:07.472+05:30 DEBUG 45196 --- [auction_application] [           main] o.s.data.convert.CustomConversions       : Adding converter from class java.lang.String to class [B as writing converter
2025-08-06T20:46:07.472+05:30 DEBUG 45196 --- [auction_application] [           main] o.s.data.convert.CustomConversions       : Adding converter from class [B to class java.lang.String as reading converter
2025-08-06T20:46:07.472+05:30 DEBUG 45196 --- [auction_application] [           main] o.s.data.convert.CustomConversions       : Adding converter from class java.lang.Number to class [B as writing converter
2025-08-06T20:46:07.472+05:30 DEBUG 45196 --- [auction_application] [           main] o.s.data.convert.CustomConversions       : Adding converter from class [B to class java.lang.Number as reading converter
2025-08-06T20:46:07.472+05:30 DEBUG 45196 --- [auction_application] [           main] o.s.data.convert.CustomConversions       : Adding converter from class java.lang.Enum to class [B as writing converter
2025-08-06T20:46:07.472+05:30 DEBUG 45196 --- [auction_application] [           main] o.s.data.convert.CustomConversions       : Adding converter from class [B to class java.lang.Enum as reading converter
2025-08-06T20:46:07.472+05:30 DEBUG 45196 --- [auction_application] [           main] o.s.data.convert.CustomConversions       : Adding converter from class java.lang.Boolean to class [B as writing converter
2025-08-06T20:46:07.472+05:30 DEBUG 45196 --- [auction_application] [           main] o.s.data.convert.CustomConversions       : Adding converter from class [B to class java.lang.Boolean as reading converter
2025-08-06T20:46:07.472+05:30 DEBUG 45196 --- [auction_application] [           main] o.s.data.convert.CustomConversions       : Adding converter from class java.util.Date to class [B as writing converter
2025-08-06T20:46:07.473+05:30 DEBUG 45196 --- [auction_application] [           main] o.s.data.convert.CustomConversions       : Adding converter from class [B to class java.util.Date as reading converter
2025-08-06T20:46:07.473+05:30 DEBUG 45196 --- [auction_application] [           main] o.s.data.convert.CustomConversions       : Adding converter from class java.util.UUID to class [B as writing converter
2025-08-06T20:46:07.473+05:30 DEBUG 45196 --- [auction_application] [           main] o.s.data.convert.CustomConversions       : Adding converter from class [B to class java.util.UUID as reading converter
2025-08-06T20:46:07.473+05:30 DEBUG 45196 --- [auction_application] [           main] o.s.data.convert.CustomConversions       : Adding converter from class java.time.LocalDateTime to class [B as reading converter
2025-08-06T20:46:07.473+05:30 DEBUG 45196 --- [auction_application] [           main] o.s.data.convert.CustomConversions       : Adding converter from class [B to class java.time.LocalDateTime as reading converter
2025-08-06T20:46:07.473+05:30 DEBUG 45196 --- [auction_application] [           main] o.s.data.convert.CustomConversions       : Adding converter from class java.time.LocalDate to class [B as reading converter
2025-08-06T20:46:07.473+05:30 DEBUG 45196 --- [auction_application] [           main] o.s.data.convert.CustomConversions       : Adding converter from class [B to class java.time.LocalDate as reading converter
2025-08-06T20:46:07.473+05:30 DEBUG 45196 --- [auction_application] [           main] o.s.data.convert.CustomConversions       : Adding converter from class java.time.LocalTime to class [B as reading converter
2025-08-06T20:46:07.473+05:30 DEBUG 45196 --- [auction_application] [           main] o.s.data.convert.CustomConversions       : Adding converter from class [B to class java.time.LocalTime as reading converter
2025-08-06T20:46:07.473+05:30 DEBUG 45196 --- [auction_application] [           main] o.s.data.convert.CustomConversions       : Adding converter from class java.time.ZonedDateTime to class [B as reading converter
2025-08-06T20:46:07.473+05:30 DEBUG 45196 --- [auction_application] [           main] o.s.data.convert.CustomConversions       : Adding converter from class [B to class java.time.ZonedDateTime as reading converter
2025-08-06T20:46:07.473+05:30 DEBUG 45196 --- [auction_application] [           main] o.s.data.convert.CustomConversions       : Adding converter from class java.time.Instant to class [B as reading converter
2025-08-06T20:46:07.473+05:30 DEBUG 45196 --- [auction_application] [           main] o.s.data.convert.CustomConversions       : Adding converter from class [B to class java.time.Instant as reading converter
2025-08-06T20:46:07.473+05:30 DEBUG 45196 --- [auction_application] [           main] o.s.data.convert.CustomConversions       : Adding converter from class java.time.ZoneId to class [B as reading converter
2025-08-06T20:46:07.473+05:30 DEBUG 45196 --- [auction_application] [           main] o.s.data.convert.CustomConversions       : Adding converter from class [B to class java.time.ZoneId as reading converter
2025-08-06T20:46:07.473+05:30 DEBUG 45196 --- [auction_application] [           main] o.s.data.convert.CustomConversions       : Adding converter from class java.time.Period to class [B as reading converter
2025-08-06T20:46:07.473+05:30 DEBUG 45196 --- [auction_application] [           main] o.s.data.convert.CustomConversions       : Adding converter from class [B to class java.time.Period as reading converter
2025-08-06T20:46:07.473+05:30 DEBUG 45196 --- [auction_application] [           main] o.s.data.convert.CustomConversions       : Adding converter from class java.time.Duration to class [B as reading converter
2025-08-06T20:46:07.473+05:30 DEBUG 45196 --- [auction_application] [           main] o.s.data.convert.CustomConversions       : Adding converter from class [B to class java.time.Duration as reading converter
2025-08-06T20:46:07.474+05:30 DEBUG 45196 --- [auction_application] [           main] o.s.data.convert.CustomConversions       : Adding converter from class java.time.OffsetDateTime to class [B as reading converter
2025-08-06T20:46:07.474+05:30 DEBUG 45196 --- [auction_application] [           main] o.s.data.convert.CustomConversions       : Adding converter from class [B to class java.time.OffsetDateTime as reading converter
2025-08-06T20:46:07.474+05:30 DEBUG 45196 --- [auction_application] [           main] o.s.data.convert.CustomConversions       : Adding converter from class java.time.OffsetTime to class [B as reading converter
2025-08-06T20:46:07.474+05:30 DEBUG 45196 --- [auction_application] [           main] o.s.data.convert.CustomConversions       : Adding converter from class [B to class java.time.OffsetTime as reading converter
2025-08-06T20:46:07.474+05:30 DEBUG 45196 --- [auction_application] [           main] o.s.data.convert.CustomConversions       : Adding converter from class java.util.Date to class java.time.LocalDateTime as reading converter
2025-08-06T20:46:07.474+05:30 DEBUG 45196 --- [auction_application] [           main] o.s.data.convert.CustomConversions       : Adding converter from class java.time.LocalDateTime to class java.util.Date as writing converter
2025-08-06T20:46:07.474+05:30 DEBUG 45196 --- [auction_application] [           main] o.s.data.convert.CustomConversions       : Adding converter from class java.util.Date to class java.time.LocalDate as reading converter
2025-08-06T20:46:07.474+05:30 DEBUG 45196 --- [auction_application] [           main] o.s.data.convert.CustomConversions       : Adding converter from class java.time.LocalDate to class java.util.Date as writing converter
2025-08-06T20:46:07.474+05:30 DEBUG 45196 --- [auction_application] [           main] o.s.data.convert.CustomConversions       : Adding converter from class java.util.Date to class java.time.LocalTime as reading converter
2025-08-06T20:46:07.474+05:30 DEBUG 45196 --- [auction_application] [           main] o.s.data.convert.CustomConversions       : Adding converter from class java.time.LocalTime to class java.util.Date as writing converter
2025-08-06T20:46:07.474+05:30 DEBUG 45196 --- [auction_application] [           main] o.s.data.convert.CustomConversions       : Adding converter from class java.util.Date to class java.time.Instant as reading converter
2025-08-06T20:46:07.474+05:30 DEBUG 45196 --- [auction_application] [           main] o.s.data.convert.CustomConversions       : Adding converter from class java.time.Instant to class java.util.Date as writing converter
2025-08-06T20:46:07.474+05:30 DEBUG 45196 --- [auction_application] [           main] o.s.data.convert.CustomConversions       : Adding converter from class java.time.LocalDateTime to class java.time.Instant as reading converter
2025-08-06T20:46:07.474+05:30 DEBUG 45196 --- [auction_application] [           main] o.s.data.convert.CustomConversions       : Adding converter from class java.time.Instant to class java.time.LocalDateTime as reading converter
2025-08-06T20:46:07.474+05:30 DEBUG 45196 --- [auction_application] [           main] o.s.data.convert.CustomConversions       : Adding converter from class java.time.ZoneId to class java.lang.String as writing converter
2025-08-06T20:46:07.475+05:30 DEBUG 45196 --- [auction_application] [           main] o.s.data.convert.CustomConversions       : Adding converter from class java.lang.String to class java.time.ZoneId as reading converter
2025-08-06T20:46:07.475+05:30 DEBUG 45196 --- [auction_application] [           main] o.s.data.convert.CustomConversions       : Adding converter from class java.time.Duration to class java.lang.String as writing converter
2025-08-06T20:46:07.475+05:30 DEBUG 45196 --- [auction_application] [           main] o.s.data.convert.CustomConversions       : Adding converter from class java.lang.String to class java.time.Duration as reading converter
2025-08-06T20:46:07.475+05:30 DEBUG 45196 --- [auction_application] [           main] o.s.data.convert.CustomConversions       : Adding converter from class java.time.Period to class java.lang.String as writing converter
2025-08-06T20:46:07.475+05:30 DEBUG 45196 --- [auction_application] [           main] o.s.data.convert.CustomConversions       : Adding converter from class java.lang.String to class java.time.Period as reading converter
2025-08-06T20:46:07.475+05:30 DEBUG 45196 --- [auction_application] [           main] o.s.data.convert.CustomConversions       : Adding converter from class java.lang.String to class java.time.LocalDate as reading converter
2025-08-06T20:46:07.475+05:30 DEBUG 45196 --- [auction_application] [           main] o.s.data.convert.CustomConversions       : Adding converter from class java.lang.String to class java.time.LocalDateTime as reading converter
2025-08-06T20:46:07.475+05:30 DEBUG 45196 --- [auction_application] [           main] o.s.data.convert.CustomConversions       : Adding converter from class java.lang.String to class java.time.Instant as reading converter
2025-08-06T20:46:07.482+05:30 DEBUG 45196 --- [auction_application] [           main] o.s.data.convert.CustomConversions       : Adding converter from class java.lang.String to class [B as writing converter
2025-08-06T20:46:07.483+05:30 DEBUG 45196 --- [auction_application] [           main] o.s.data.convert.CustomConversions       : Adding converter from class [B to class java.lang.String as reading converter
2025-08-06T20:46:07.483+05:30 DEBUG 45196 --- [auction_application] [           main] o.s.data.convert.CustomConversions       : Adding converter from class java.lang.Number to class [B as writing converter
2025-08-06T20:46:07.483+05:30 DEBUG 45196 --- [auction_application] [           main] o.s.data.convert.CustomConversions       : Adding converter from class [B to class java.lang.Number as reading converter
2025-08-06T20:46:07.483+05:30 DEBUG 45196 --- [auction_application] [           main] o.s.data.convert.CustomConversions       : Adding converter from class java.lang.Enum to class [B as writing converter
2025-08-06T20:46:07.483+05:30 DEBUG 45196 --- [auction_application] [           main] o.s.data.convert.CustomConversions       : Adding converter from class [B to class java.lang.Enum as reading converter
2025-08-06T20:46:07.483+05:30 DEBUG 45196 --- [auction_application] [           main] o.s.data.convert.CustomConversions       : Adding converter from class java.lang.Boolean to class [B as writing converter
2025-08-06T20:46:07.483+05:30 DEBUG 45196 --- [auction_application] [           main] o.s.data.convert.CustomConversions       : Adding converter from class [B to class java.lang.Boolean as reading converter
2025-08-06T20:46:07.483+05:30 DEBUG 45196 --- [auction_application] [           main] o.s.data.convert.CustomConversions       : Adding converter from class java.util.Date to class [B as writing converter
2025-08-06T20:46:07.483+05:30 DEBUG 45196 --- [auction_application] [           main] o.s.data.convert.CustomConversions       : Adding converter from class [B to class java.util.Date as reading converter
2025-08-06T20:46:07.483+05:30 DEBUG 45196 --- [auction_application] [           main] o.s.data.convert.CustomConversions       : Adding converter from class java.util.UUID to class [B as writing converter
2025-08-06T20:46:07.483+05:30 DEBUG 45196 --- [auction_application] [           main] o.s.data.convert.CustomConversions       : Adding converter from class [B to class java.util.UUID as reading converter
2025-08-06T20:46:07.483+05:30 DEBUG 45196 --- [auction_application] [           main] o.s.data.convert.CustomConversions       : Adding converter from class java.time.LocalDateTime to class [B as reading converter
2025-08-06T20:46:07.483+05:30 DEBUG 45196 --- [auction_application] [           main] o.s.data.convert.CustomConversions       : Adding converter from class [B to class java.time.LocalDateTime as reading converter
2025-08-06T20:46:07.483+05:30 DEBUG 45196 --- [auction_application] [           main] o.s.data.convert.CustomConversions       : Adding converter from class java.time.LocalDate to class [B as reading converter
2025-08-06T20:46:07.483+05:30 DEBUG 45196 --- [auction_application] [           main] o.s.data.convert.CustomConversions       : Adding converter from class [B to class java.time.LocalDate as reading converter
2025-08-06T20:46:07.483+05:30 DEBUG 45196 --- [auction_application] [           main] o.s.data.convert.CustomConversions       : Adding converter from class java.time.LocalTime to class [B as reading converter
2025-08-06T20:46:07.483+05:30 DEBUG 45196 --- [auction_application] [           main] o.s.data.convert.CustomConversions       : Adding converter from class [B to class java.time.LocalTime as reading converter
2025-08-06T20:46:07.483+05:30 DEBUG 45196 --- [auction_application] [           main] o.s.data.convert.CustomConversions       : Adding converter from class java.time.ZonedDateTime to class [B as reading converter
2025-08-06T20:46:07.483+05:30 DEBUG 45196 --- [auction_application] [           main] o.s.data.convert.CustomConversions       : Adding converter from class [B to class java.time.ZonedDateTime as reading converter
2025-08-06T20:46:07.483+05:30 DEBUG 45196 --- [auction_application] [           main] o.s.data.convert.CustomConversions       : Adding converter from class java.time.Instant to class [B as reading converter
2025-08-06T20:46:07.483+05:30 DEBUG 45196 --- [auction_application] [           main] o.s.data.convert.CustomConversions       : Adding converter from class [B to class java.time.Instant as reading converter
2025-08-06T20:46:07.483+05:30 DEBUG 45196 --- [auction_application] [           main] o.s.data.convert.CustomConversions       : Adding converter from class java.time.ZoneId to class [B as reading converter
2025-08-06T20:46:07.483+05:30 DEBUG 45196 --- [auction_application] [           main] o.s.data.convert.CustomConversions       : Adding converter from class [B to class java.time.ZoneId as reading converter
2025-08-06T20:46:07.483+05:30 DEBUG 45196 --- [auction_application] [           main] o.s.data.convert.CustomConversions       : Adding converter from class java.time.Period to class [B as reading converter
2025-08-06T20:46:07.483+05:30 DEBUG 45196 --- [auction_application] [           main] o.s.data.convert.CustomConversions       : Adding converter from class [B to class java.time.Period as reading converter
2025-08-06T20:46:07.483+05:30 DEBUG 45196 --- [auction_application] [           main] o.s.data.convert.CustomConversions       : Adding converter from class java.time.Duration to class [B as reading converter
2025-08-06T20:46:07.484+05:30 DEBUG 45196 --- [auction_application] [           main] o.s.data.convert.CustomConversions       : Adding converter from class [B to class java.time.Duration as reading converter
2025-08-06T20:46:07.484+05:30 DEBUG 45196 --- [auction_application] [           main] o.s.data.convert.CustomConversions       : Adding converter from class java.time.OffsetDateTime to class [B as reading converter
2025-08-06T20:46:07.484+05:30 DEBUG 45196 --- [auction_application] [           main] o.s.data.convert.CustomConversions       : Adding converter from class [B to class java.time.OffsetDateTime as reading converter
2025-08-06T20:46:07.484+05:30 DEBUG 45196 --- [auction_application] [           main] o.s.data.convert.CustomConversions       : Adding converter from class java.time.OffsetTime to class [B as reading converter
2025-08-06T20:46:07.484+05:30 DEBUG 45196 --- [auction_application] [           main] o.s.data.convert.CustomConversions       : Adding converter from class [B to class java.time.OffsetTime as reading converter
2025-08-06T20:46:07.484+05:30 DEBUG 45196 --- [auction_application] [           main] o.s.data.convert.CustomConversions       : Adding converter from class java.util.Date to class java.time.LocalDateTime as reading converter
2025-08-06T20:46:07.484+05:30 DEBUG 45196 --- [auction_application] [           main] o.s.data.convert.CustomConversions       : Adding converter from class java.time.LocalDateTime to class java.util.Date as writing converter
2025-08-06T20:46:07.484+05:30 DEBUG 45196 --- [auction_application] [           main] o.s.data.convert.CustomConversions       : Adding converter from class java.util.Date to class java.time.LocalDate as reading converter
2025-08-06T20:46:07.484+05:30 DEBUG 45196 --- [auction_application] [           main] o.s.data.convert.CustomConversions       : Adding converter from class java.time.LocalDate to class java.util.Date as writing converter
2025-08-06T20:46:07.484+05:30 DEBUG 45196 --- [auction_application] [           main] o.s.data.convert.CustomConversions       : Adding converter from class java.util.Date to class java.time.LocalTime as reading converter
2025-08-06T20:46:07.484+05:30 DEBUG 45196 --- [auction_application] [           main] o.s.data.convert.CustomConversions       : Adding converter from class java.time.LocalTime to class java.util.Date as writing converter
2025-08-06T20:46:07.484+05:30 DEBUG 45196 --- [auction_application] [           main] o.s.data.convert.CustomConversions       : Adding converter from class java.util.Date to class java.time.Instant as reading converter
2025-08-06T20:46:07.484+05:30 DEBUG 45196 --- [auction_application] [           main] o.s.data.convert.CustomConversions       : Adding converter from class java.time.Instant to class java.util.Date as writing converter
2025-08-06T20:46:07.484+05:30 DEBUG 45196 --- [auction_application] [           main] o.s.data.convert.CustomConversions       : Adding converter from class java.time.LocalDateTime to class java.time.Instant as reading converter
2025-08-06T20:46:07.484+05:30 DEBUG 45196 --- [auction_application] [           main] o.s.data.convert.CustomConversions       : Adding converter from class java.time.Instant to class java.time.LocalDateTime as reading converter
2025-08-06T20:46:07.484+05:30 DEBUG 45196 --- [auction_application] [           main] o.s.data.convert.CustomConversions       : Adding converter from class java.time.ZoneId to class java.lang.String as writing converter
2025-08-06T20:46:07.484+05:30 DEBUG 45196 --- [auction_application] [           main] o.s.data.convert.CustomConversions       : Adding converter from class java.lang.String to class java.time.ZoneId as reading converter
2025-08-06T20:46:07.484+05:30 DEBUG 45196 --- [auction_application] [           main] o.s.data.convert.CustomConversions       : Adding converter from class java.time.Duration to class java.lang.String as writing converter
2025-08-06T20:46:07.484+05:30 DEBUG 45196 --- [auction_application] [           main] o.s.data.convert.CustomConversions       : Adding converter from class java.lang.String to class java.time.Duration as reading converter
2025-08-06T20:46:07.485+05:30 DEBUG 45196 --- [auction_application] [           main] o.s.data.convert.CustomConversions       : Adding converter from class java.time.Period to class java.lang.String as writing converter
2025-08-06T20:46:07.485+05:30 DEBUG 45196 --- [auction_application] [           main] o.s.data.convert.CustomConversions       : Adding converter from class java.lang.String to class java.time.Period as reading converter
2025-08-06T20:46:07.485+05:30 DEBUG 45196 --- [auction_application] [           main] o.s.data.convert.CustomConversions       : Adding converter from class java.lang.String to class java.time.LocalDate as reading converter
2025-08-06T20:46:07.485+05:30 DEBUG 45196 --- [auction_application] [           main] o.s.data.convert.CustomConversions       : Adding converter from class java.lang.String to class java.time.LocalDateTime as reading converter
2025-08-06T20:46:07.485+05:30 DEBUG 45196 --- [auction_application] [           main] o.s.data.convert.CustomConversions       : Adding converter from class java.lang.String to class java.time.Instant as reading converter
2025-08-06T20:46:07.494+05:30 DEBUG 45196 --- [auction_application] [           main] o.s.data.convert.CustomConversions       : Adding converter from class java.lang.String to class [B as writing converter
2025-08-06T20:46:07.494+05:30 DEBUG 45196 --- [auction_application] [           main] o.s.data.convert.CustomConversions       : Adding converter from class [B to class java.lang.String as reading converter
2025-08-06T20:46:07.494+05:30 DEBUG 45196 --- [auction_application] [           main] o.s.data.convert.CustomConversions       : Adding converter from class java.lang.Number to class [B as writing converter
2025-08-06T20:46:07.494+05:30 DEBUG 45196 --- [auction_application] [           main] o.s.data.convert.CustomConversions       : Adding converter from class [B to class java.lang.Number as reading converter
2025-08-06T20:46:07.494+05:30 DEBUG 45196 --- [auction_application] [           main] o.s.data.convert.CustomConversions       : Adding converter from class java.lang.Enum to class [B as writing converter
2025-08-06T20:46:07.494+05:30 DEBUG 45196 --- [auction_application] [           main] o.s.data.convert.CustomConversions       : Adding converter from class [B to class java.lang.Enum as reading converter
2025-08-06T20:46:07.494+05:30 DEBUG 45196 --- [auction_application] [           main] o.s.data.convert.CustomConversions       : Adding converter from class java.lang.Boolean to class [B as writing converter
2025-08-06T20:46:07.494+05:30 DEBUG 45196 --- [auction_application] [           main] o.s.data.convert.CustomConversions       : Adding converter from class [B to class java.lang.Boolean as reading converter
2025-08-06T20:46:07.494+05:30 DEBUG 45196 --- [auction_application] [           main] o.s.data.convert.CustomConversions       : Adding converter from class java.util.Date to class [B as writing converter
2025-08-06T20:46:07.494+05:30 DEBUG 45196 --- [auction_application] [           main] o.s.data.convert.CustomConversions       : Adding converter from class [B to class java.util.Date as reading converter
2025-08-06T20:46:07.494+05:30 DEBUG 45196 --- [auction_application] [           main] o.s.data.convert.CustomConversions       : Adding converter from class java.util.UUID to class [B as writing converter
2025-08-06T20:46:07.494+05:30 DEBUG 45196 --- [auction_application] [           main] o.s.data.convert.CustomConversions       : Adding converter from class [B to class java.util.UUID as reading converter
2025-08-06T20:46:07.494+05:30 DEBUG 45196 --- [auction_application] [           main] o.s.data.convert.CustomConversions       : Adding converter from class java.time.LocalDateTime to class [B as reading converter
2025-08-06T20:46:07.495+05:30 DEBUG 45196 --- [auction_application] [           main] o.s.data.convert.CustomConversions       : Adding converter from class [B to class java.time.LocalDateTime as reading converter
2025-08-06T20:46:07.495+05:30 DEBUG 45196 --- [auction_application] [           main] o.s.data.convert.CustomConversions       : Adding converter from class java.time.LocalDate to class [B as reading converter
2025-08-06T20:46:07.495+05:30 DEBUG 45196 --- [auction_application] [           main] o.s.data.convert.CustomConversions       : Adding converter from class [B to class java.time.LocalDate as reading converter
2025-08-06T20:46:07.495+05:30 DEBUG 45196 --- [auction_application] [           main] o.s.data.convert.CustomConversions       : Adding converter from class java.time.LocalTime to class [B as reading converter
2025-08-06T20:46:07.495+05:30 DEBUG 45196 --- [auction_application] [           main] o.s.data.convert.CustomConversions       : Adding converter from class [B to class java.time.LocalTime as reading converter
2025-08-06T20:46:07.495+05:30 DEBUG 45196 --- [auction_application] [           main] o.s.data.convert.CustomConversions       : Adding converter from class java.time.ZonedDateTime to class [B as reading converter
2025-08-06T20:46:07.495+05:30 DEBUG 45196 --- [auction_application] [           main] o.s.data.convert.CustomConversions       : Adding converter from class [B to class java.time.ZonedDateTime as reading converter
2025-08-06T20:46:07.495+05:30 DEBUG 45196 --- [auction_application] [           main] o.s.data.convert.CustomConversions       : Adding converter from class java.time.Instant to class [B as reading converter
2025-08-06T20:46:07.495+05:30 DEBUG 45196 --- [auction_application] [           main] o.s.data.convert.CustomConversions       : Adding converter from class [B to class java.time.Instant as reading converter
2025-08-06T20:46:07.495+05:30 DEBUG 45196 --- [auction_application] [           main] o.s.data.convert.CustomConversions       : Adding converter from class java.time.ZoneId to class [B as reading converter
2025-08-06T20:46:07.495+05:30 DEBUG 45196 --- [auction_application] [           main] o.s.data.convert.CustomConversions       : Adding converter from class [B to class java.time.ZoneId as reading converter
2025-08-06T20:46:07.495+05:30 DEBUG 45196 --- [auction_application] [           main] o.s.data.convert.CustomConversions       : Adding converter from class java.time.Period to class [B as reading converter
2025-08-06T20:46:07.495+05:30 DEBUG 45196 --- [auction_application] [           main] o.s.data.convert.CustomConversions       : Adding converter from class [B to class java.time.Period as reading converter
2025-08-06T20:46:07.495+05:30 DEBUG 45196 --- [auction_application] [           main] o.s.data.convert.CustomConversions       : Adding converter from class java.time.Duration to class [B as reading converter
2025-08-06T20:46:07.496+05:30 DEBUG 45196 --- [auction_application] [           main] o.s.data.convert.CustomConversions       : Adding converter from class [B to class java.time.Duration as reading converter
2025-08-06T20:46:07.496+05:30 DEBUG 45196 --- [auction_application] [           main] o.s.data.convert.CustomConversions       : Adding converter from class java.time.OffsetDateTime to class [B as reading converter
2025-08-06T20:46:07.496+05:30 DEBUG 45196 --- [auction_application] [           main] o.s.data.convert.CustomConversions       : Adding converter from class [B to class java.time.OffsetDateTime as reading converter
2025-08-06T20:46:07.496+05:30 DEBUG 45196 --- [auction_application] [           main] o.s.data.convert.CustomConversions       : Adding converter from class java.time.OffsetTime to class [B as reading converter
2025-08-06T20:46:07.496+05:30 DEBUG 45196 --- [auction_application] [           main] o.s.data.convert.CustomConversions       : Adding converter from class [B to class java.time.OffsetTime as reading converter
2025-08-06T20:46:07.496+05:30 DEBUG 45196 --- [auction_application] [           main] o.s.data.convert.CustomConversions       : Adding converter from class java.util.Date to class java.time.LocalDateTime as reading converter
2025-08-06T20:46:07.496+05:30 DEBUG 45196 --- [auction_application] [           main] o.s.data.convert.CustomConversions       : Adding converter from class java.time.LocalDateTime to class java.util.Date as writing converter
2025-08-06T20:46:07.496+05:30 DEBUG 45196 --- [auction_application] [           main] o.s.data.convert.CustomConversions       : Adding converter from class java.util.Date to class java.time.LocalDate as reading converter
2025-08-06T20:46:07.496+05:30 DEBUG 45196 --- [auction_application] [           main] o.s.data.convert.CustomConversions       : Adding converter from class java.time.LocalDate to class java.util.Date as writing converter
2025-08-06T20:46:07.496+05:30 DEBUG 45196 --- [auction_application] [           main] o.s.data.convert.CustomConversions       : Adding converter from class java.util.Date to class java.time.LocalTime as reading converter
2025-08-06T20:46:07.496+05:30 DEBUG 45196 --- [auction_application] [           main] o.s.data.convert.CustomConversions       : Adding converter from class java.time.LocalTime to class java.util.Date as writing converter
2025-08-06T20:46:07.496+05:30 DEBUG 45196 --- [auction_application] [           main] o.s.data.convert.CustomConversions       : Adding converter from class java.util.Date to class java.time.Instant as reading converter
2025-08-06T20:46:07.496+05:30 DEBUG 45196 --- [auction_application] [           main] o.s.data.convert.CustomConversions       : Adding converter from class java.time.Instant to class java.util.Date as writing converter
2025-08-06T20:46:07.496+05:30 DEBUG 45196 --- [auction_application] [           main] o.s.data.convert.CustomConversions       : Adding converter from class java.time.LocalDateTime to class java.time.Instant as reading converter
2025-08-06T20:46:07.496+05:30 DEBUG 45196 --- [auction_application] [           main] o.s.data.convert.CustomConversions       : Adding converter from class java.time.Instant to class java.time.LocalDateTime as reading converter
2025-08-06T20:46:07.496+05:30 DEBUG 45196 --- [auction_application] [           main] o.s.data.convert.CustomConversions       : Adding converter from class java.time.ZoneId to class java.lang.String as writing converter
2025-08-06T20:46:07.496+05:30 DEBUG 45196 --- [auction_application] [           main] o.s.data.convert.CustomConversions       : Adding converter from class java.lang.String to class java.time.ZoneId as reading converter
2025-08-06T20:46:07.496+05:30 DEBUG 45196 --- [auction_application] [           main] o.s.data.convert.CustomConversions       : Adding converter from class java.time.Duration to class java.lang.String as writing converter
2025-08-06T20:46:07.496+05:30 DEBUG 45196 --- [auction_application] [           main] o.s.data.convert.CustomConversions       : Adding converter from class java.lang.String to class java.time.Duration as reading converter
2025-08-06T20:46:07.496+05:30 DEBUG 45196 --- [auction_application] [           main] o.s.data.convert.CustomConversions       : Adding converter from class java.time.Period to class java.lang.String as writing converter
2025-08-06T20:46:07.496+05:30 DEBUG 45196 --- [auction_application] [           main] o.s.data.convert.CustomConversions       : Adding converter from class java.lang.String to class java.time.Period as reading converter
2025-08-06T20:46:07.496+05:30 DEBUG 45196 --- [auction_application] [           main] o.s.data.convert.CustomConversions       : Adding converter from class java.lang.String to class java.time.LocalDate as reading converter
2025-08-06T20:46:07.496+05:30 DEBUG 45196 --- [auction_application] [           main] o.s.data.convert.CustomConversions       : Adding converter from class java.lang.String to class java.time.LocalDateTime as reading converter
2025-08-06T20:46:07.496+05:30 DEBUG 45196 --- [auction_application] [           main] o.s.data.convert.CustomConversions       : Adding converter from class java.lang.String to class java.time.Instant as reading converter
2025-08-06T20:46:07.549+05:30 DEBUG 45196 --- [auction_application] [           main] o.s.b.f.s.DefaultListableBeanFactory     : Creating shared instance of singleton bean 'stringRedisTemplate'
2025-08-06T20:46:07.550+05:30 DEBUG 45196 --- [auction_application] [           main] o.s.b.f.s.DefaultListableBeanFactory     : Autowiring by type from bean name 'stringRedisTemplate' via factory method to bean named 'redisConnectionFactory'
2025-08-06T20:46:07.561+05:30 DEBUG 45196 --- [auction_application] [           main] o.s.b.f.s.DefaultListableBeanFactory     : Creating shared instance of singleton bean 'org.springframework.boot.autoconfigure.transaction.jta.JtaAutoConfiguration'
2025-08-06T20:46:07.562+05:30 DEBUG 45196 --- [auction_application] [           main] o.s.b.f.s.DefaultListableBeanFactory     : Creating shared instance of singleton bean 'org.springframework.boot.autoconfigure.jdbc.metadata.DataSourcePoolMetadataProvidersConfiguration'
2025-08-06T20:46:07.563+05:30 DEBUG 45196 --- [auction_application] [           main] o.s.b.f.s.DefaultListableBeanFactory     : Creating shared instance of singleton bean 'org.springframework.boot.autoconfigure.jdbc.DataSourceAutoConfiguration'
2025-08-06T20:46:07.564+05:30 DEBUG 45196 --- [auction_application] [           main] o.s.b.f.s.DefaultListableBeanFactory     : Creating shared instance of singleton bean 'org.springframework.boot.autoconfigure.orm.jpa.JpaBaseConfiguration$PersistenceManagedTypesConfiguration'
2025-08-06T20:46:07.565+05:30 DEBUG 45196 --- [auction_application] [           main] o.s.b.f.s.DefaultListableBeanFactory     : Creating shared instance of singleton bean 'org.springframework.boot.autoconfigure.orm.jpa.HibernateJpaAutoConfiguration'
2025-08-06T20:46:07.566+05:30 DEBUG 45196 --- [auction_application] [           main] o.s.b.f.s.DefaultListableBeanFactory     : Creating shared instance of singleton bean 'org.springframework.boot.autoconfigure.jackson.JacksonAutoConfiguration$Jackson2ObjectMapperBuilderCustomizerConfiguration'
2025-08-06T20:46:07.567+05:30 DEBUG 45196 --- [auction_application] [           main] o.s.b.f.s.DefaultListableBeanFactory     : Creating shared instance of singleton bean 'standardJacksonObjectMapperBuilderCustomizer'
2025-08-06T20:46:07.569+05:30 DEBUG 45196 --- [auction_application] [           main] o.s.b.f.s.DefaultListableBeanFactory     : Creating shared instance of singleton bean 'spring.jackson-org.springframework.boot.autoconfigure.jackson.JacksonProperties'
2025-08-06T20:46:07.582+05:30 DEBUG 45196 --- [auction_application] [           main] o.s.b.f.s.DefaultListableBeanFactory     : Autowiring by type from bean name 'standardJacksonObjectMapperBuilderCustomizer' via factory method to bean named 'spring.jackson-org.springframework.boot.autoconfigure.jackson.JacksonProperties'
2025-08-06T20:46:07.585+05:30 DEBUG 45196 --- [auction_application] [           main] o.s.b.f.s.DefaultListableBeanFactory     : Creating shared instance of singleton bean 'parameterNamesModule'
2025-08-06T20:46:07.586+05:30 DEBUG 45196 --- [auction_application] [           main] o.s.b.f.s.DefaultListableBeanFactory     : Creating shared instance of singleton bean 'org.springframework.boot.autoconfigure.jackson.JacksonAutoConfiguration$ParameterNamesModuleConfiguration'
2025-08-06T20:46:07.591+05:30 DEBUG 45196 --- [auction_application] [           main] o.s.b.f.s.DefaultListableBeanFactory     : Creating shared instance of singleton bean 'jsonMixinModule'
2025-08-06T20:46:07.591+05:30 DEBUG 45196 --- [auction_application] [           main] o.s.b.f.s.DefaultListableBeanFactory     : Creating shared instance of singleton bean 'org.springframework.boot.autoconfigure.jackson.JacksonAutoConfiguration$JacksonMixinConfiguration'
2025-08-06T20:46:07.593+05:30 DEBUG 45196 --- [auction_application] [           main] o.s.b.f.s.DefaultListableBeanFactory     : Creating shared instance of singleton bean 'jsonMixinModuleEntries'
2025-08-06T20:46:07.593+05:30 DEBUG 45196 --- [auction_application] [           main] o.s.b.f.s.DefaultListableBeanFactory     : Autowiring by type from bean name 'jsonMixinModuleEntries' via factory method to bean named 'org.springframework.web.context.support.GenericWebApplicationContext@5298dead'
2025-08-06T20:46:07.638+05:30 DEBUG 45196 --- [auction_application] [           main] o.s.b.f.s.DefaultListableBeanFactory     : Autowiring by type from bean name 'jsonMixinModule' via factory method to bean named 'org.springframework.web.context.support.GenericWebApplicationContext@5298dead'
2025-08-06T20:46:07.639+05:30 DEBUG 45196 --- [auction_application] [           main] o.s.b.f.s.DefaultListableBeanFactory     : Autowiring by type from bean name 'jsonMixinModule' via factory method to bean named 'jsonMixinModuleEntries'
2025-08-06T20:46:07.645+05:30 DEBUG 45196 --- [auction_application] [           main] o.s.b.f.s.DefaultListableBeanFactory     : Creating shared instance of singleton bean 'jsonComponentModule'
2025-08-06T20:46:07.646+05:30 DEBUG 45196 --- [auction_application] [           main] o.s.b.f.s.DefaultListableBeanFactory     : Creating shared instance of singleton bean 'org.springframework.boot.autoconfigure.jackson.JacksonAutoConfiguration'
2025-08-06T20:46:07.655+05:30 DEBUG 45196 --- [auction_application] [           main] o.s.b.f.s.DefaultListableBeanFactory     : Creating shared instance of singleton bean 'jacksonGeoModule'
2025-08-06T20:46:07.655+05:30 DEBUG 45196 --- [auction_application] [           main] o.s.b.f.s.DefaultListableBeanFactory     : Creating shared instance of singleton bean 'org.springframework.data.web.config.SpringDataJacksonConfiguration'
2025-08-06T20:46:07.660+05:30 DEBUG 45196 --- [auction_application] [           main] o.s.b.f.s.DefaultListableBeanFactory     : Creating shared instance of singleton bean 'springDataWebSettings'
2025-08-06T20:46:07.671+05:30 DEBUG 45196 --- [auction_application] [           main] o.s.b.f.s.DefaultListableBeanFactory     : Creating shared instance of singleton bean 'pageModule'
2025-08-06T20:46:07.677+05:30 DEBUG 45196 --- [auction_application] [           main] o.s.b.f.s.DefaultListableBeanFactory     : Creating shared instance of singleton bean 'org.springframework.boot.autoconfigure.jackson.JacksonAutoConfiguration$JacksonObjectMapperBuilderConfiguration'
2025-08-06T20:46:07.678+05:30 DEBUG 45196 --- [auction_application] [           main] o.s.b.f.s.DefaultListableBeanFactory     : Creating shared instance of singleton bean 'org.springframework.boot.autoconfigure.jackson.JacksonAutoConfiguration$JacksonObjectMapperConfiguration'
2025-08-06T20:46:07.679+05:30 DEBUG 45196 --- [auction_application] [           main] o.s.b.f.s.DefaultListableBeanFactory     : Creating shared instance of singleton bean 'cacheAutoConfigurationValidator'
2025-08-06T20:46:07.680+05:30 DEBUG 45196 --- [auction_application] [           main] o.s.b.f.s.DefaultListableBeanFactory     : Autowiring by type from bean name 'cacheAutoConfigurationValidator' via factory method to bean named 'spring.cache-org.springframework.boot.autoconfigure.cache.CacheProperties'
2025-08-06T20:46:07.682+05:30 DEBUG 45196 --- [auction_application] [           main] o.s.b.f.s.DefaultListableBeanFactory     : Creating shared instance of singleton bean 'org.springframework.boot.autoconfigure.context.ConfigurationPropertiesAutoConfiguration'
2025-08-06T20:46:07.683+05:30 DEBUG 45196 --- [auction_application] [           main] o.s.b.f.s.DefaultListableBeanFactory     : Creating shared instance of singleton bean 'org.springframework.boot.autoconfigure.context.LifecycleAutoConfiguration'
2025-08-06T20:46:07.684+05:30 DEBUG 45196 --- [auction_application] [           main] o.s.b.f.s.DefaultListableBeanFactory     : Creating shared instance of singleton bean 'lifecycleProcessor'
2025-08-06T20:46:07.685+05:30 DEBUG 45196 --- [auction_application] [           main] o.s.b.f.s.DefaultListableBeanFactory     : Creating shared instance of singleton bean 'spring.lifecycle-org.springframework.boot.autoconfigure.context.LifecycleProperties'
2025-08-06T20:46:07.688+05:30 DEBUG 45196 --- [auction_application] [           main] o.s.b.f.s.DefaultListableBeanFactory     : Autowiring by type from bean name 'lifecycleProcessor' via factory method to bean named 'spring.lifecycle-org.springframework.boot.autoconfigure.context.LifecycleProperties'
2025-08-06T20:46:07.693+05:30 DEBUG 45196 --- [auction_application] [           main] o.s.b.f.s.DefaultListableBeanFactory     : Creating shared instance of singleton bean 'org.springframework.boot.autoconfigure.dao.PersistenceExceptionTranslationAutoConfiguration'
2025-08-06T20:46:07.694+05:30 DEBUG 45196 --- [auction_application] [           main] o.s.b.f.s.DefaultListableBeanFactory     : Creating shared instance of singleton bean 'org.springframework.boot.autoconfigure.data.jpa.JpaRepositoriesAutoConfiguration'
2025-08-06T20:46:07.695+05:30 DEBUG 45196 --- [auction_application] [           main] o.s.b.f.s.DefaultListableBeanFactory     : Creating shared instance of singleton bean 'org.springframework.data.jpa.util.JpaMetamodelCacheCleanup'
2025-08-06T20:46:07.696+05:30 DEBUG 45196 --- [auction_application] [           main] o.s.b.f.s.DefaultListableBeanFactory     : Creating shared instance of singleton bean 'org.springframework.data.jpa.repository.support.JpaEvaluationContextExtension'
2025-08-06T20:46:07.699+05:30 DEBUG 45196 --- [auction_application] [           main] o.s.b.f.s.DefaultListableBeanFactory     : Creating shared instance of singleton bean 'data-jpa.repository-aot-processor#0'
2025-08-06T20:46:07.705+05:30 DEBUG 45196 --- [auction_application] [           main] o.s.b.f.s.DefaultListableBeanFactory     : Creating shared instance of singleton bean 'org.springframework.boot.autoconfigure.data.redis.RedisReactiveAutoConfiguration'
2025-08-06T20:46:07.707+05:30 DEBUG 45196 --- [auction_application] [           main] o.s.b.f.s.DefaultListableBeanFactory     : Creating shared instance of singleton bean 'reactiveRedisTemplate'
2025-08-06T20:46:07.708+05:30 DEBUG 45196 --- [auction_application] [           main] o.s.b.f.s.DefaultListableBeanFactory     : Autowiring by type from bean name 'reactiveRedisTemplate' via factory method to bean named 'redisConnectionFactory'
2025-08-06T20:46:07.708+05:30 DEBUG 45196 --- [auction_application] [           main] o.s.b.f.s.DefaultListableBeanFactory     : Autowiring by type from bean name 'reactiveRedisTemplate' via factory method to bean named 'org.springframework.web.context.support.GenericWebApplicationContext@5298dead'
2025-08-06T20:46:07.774+05:30 DEBUG 45196 --- [auction_application] [           main] o.s.b.f.s.DefaultListableBeanFactory     : Creating shared instance of singleton bean 'reactiveStringRedisTemplate'
2025-08-06T20:46:07.775+05:30 DEBUG 45196 --- [auction_application] [           main] o.s.b.f.s.DefaultListableBeanFactory     : Autowiring by type from bean name 'reactiveStringRedisTemplate' via factory method to bean named 'redisConnectionFactory'
2025-08-06T20:46:07.781+05:30 DEBUG 45196 --- [auction_application] [           main] o.s.b.f.s.DefaultListableBeanFactory     : Creating shared instance of singleton bean 'org.springframework.boot.autoconfigure.data.redis.RedisRepositoriesAutoConfiguration'
2025-08-06T20:46:07.782+05:30 DEBUG 45196 --- [auction_application] [           main] o.s.b.f.s.DefaultListableBeanFactory     : Creating shared instance of singleton bean 'redisIndexConfiguration#0'
2025-08-06T20:46:07.784+05:30 DEBUG 45196 --- [auction_application] [           main] o.s.b.f.s.DefaultListableBeanFactory     : Creating shared instance of singleton bean 'redisKeyspaceConfiguration#0'
2025-08-06T20:46:07.785+05:30 DEBUG 45196 --- [auction_application] [           main] o.s.b.f.s.DefaultListableBeanFactory     : Creating shared instance of singleton bean 'redisMappingConfiguration#0'
2025-08-06T20:46:07.786+05:30 DEBUG 45196 --- [auction_application] [           main] o.s.b.f.s.DefaultListableBeanFactory     : Creating shared instance of singleton bean 'keyValueMappingContext'
2025-08-06T20:46:07.793+05:30 DEBUG 45196 --- [auction_application] [           main] o.s.b.f.s.DefaultListableBeanFactory     : Creating shared instance of singleton bean 'redisCustomConversions'
2025-08-06T20:46:07.795+05:30 DEBUG 45196 --- [auction_application] [           main] o.s.data.convert.CustomConversions       : Adding converter from class java.lang.String to class [B as writing converter
2025-08-06T20:46:07.795+05:30 DEBUG 45196 --- [auction_application] [           main] o.s.data.convert.CustomConversions       : Adding converter from class [B to class java.lang.String as reading converter
2025-08-06T20:46:07.795+05:30 DEBUG 45196 --- [auction_application] [           main] o.s.data.convert.CustomConversions       : Adding converter from class java.lang.Number to class [B as writing converter
2025-08-06T20:46:07.795+05:30 DEBUG 45196 --- [auction_application] [           main] o.s.data.convert.CustomConversions       : Adding converter from class [B to class java.lang.Number as reading converter
2025-08-06T20:46:07.795+05:30 DEBUG 45196 --- [auction_application] [           main] o.s.data.convert.CustomConversions       : Adding converter from class java.lang.Enum to class [B as writing converter
2025-08-06T20:46:07.795+05:30 DEBUG 45196 --- [auction_application] [           main] o.s.data.convert.CustomConversions       : Adding converter from class [B to class java.lang.Enum as reading converter
2025-08-06T20:46:07.795+05:30 DEBUG 45196 --- [auction_application] [           main] o.s.data.convert.CustomConversions       : Adding converter from class java.lang.Boolean to class [B as writing converter
2025-08-06T20:46:07.795+05:30 DEBUG 45196 --- [auction_application] [           main] o.s.data.convert.CustomConversions       : Adding converter from class [B to class java.lang.Boolean as reading converter
2025-08-06T20:46:07.795+05:30 DEBUG 45196 --- [auction_application] [           main] o.s.data.convert.CustomConversions       : Adding converter from class java.util.Date to class [B as writing converter
2025-08-06T20:46:07.795+05:30 DEBUG 45196 --- [auction_application] [           main] o.s.data.convert.CustomConversions       : Adding converter from class [B to class java.util.Date as reading converter
2025-08-06T20:46:07.795+05:30 DEBUG 45196 --- [auction_application] [           main] o.s.data.convert.CustomConversions       : Adding converter from class java.util.UUID to class [B as writing converter
2025-08-06T20:46:07.795+05:30 DEBUG 45196 --- [auction_application] [           main] o.s.data.convert.CustomConversions       : Adding converter from class [B to class java.util.UUID as reading converter
2025-08-06T20:46:07.795+05:30 DEBUG 45196 --- [auction_application] [           main] o.s.data.convert.CustomConversions       : Adding converter from class java.time.LocalDateTime to class [B as reading converter
2025-08-06T20:46:07.795+05:30 DEBUG 45196 --- [auction_application] [           main] o.s.data.convert.CustomConversions       : Adding converter from class [B to class java.time.LocalDateTime as reading converter
2025-08-06T20:46:07.795+05:30 DEBUG 45196 --- [auction_application] [           main] o.s.data.convert.CustomConversions       : Adding converter from class java.time.LocalDate to class [B as reading converter
2025-08-06T20:46:07.795+05:30 DEBUG 45196 --- [auction_application] [           main] o.s.data.convert.CustomConversions       : Adding converter from class [B to class java.time.LocalDate as reading converter
2025-08-06T20:46:07.795+05:30 DEBUG 45196 --- [auction_application] [           main] o.s.data.convert.CustomConversions       : Adding converter from class java.time.LocalTime to class [B as reading converter
2025-08-06T20:46:07.795+05:30 DEBUG 45196 --- [auction_application] [           main] o.s.data.convert.CustomConversions       : Adding converter from class [B to class java.time.LocalTime as reading converter
2025-08-06T20:46:07.795+05:30 DEBUG 45196 --- [auction_application] [           main] o.s.data.convert.CustomConversions       : Adding converter from class java.time.ZonedDateTime to class [B as reading converter
2025-08-06T20:46:07.795+05:30 DEBUG 45196 --- [auction_application] [           main] o.s.data.convert.CustomConversions       : Adding converter from class [B to class java.time.ZonedDateTime as reading converter
2025-08-06T20:46:07.795+05:30 DEBUG 45196 --- [auction_application] [           main] o.s.data.convert.CustomConversions       : Adding converter from class java.time.Instant to class [B as reading converter
2025-08-06T20:46:07.795+05:30 DEBUG 45196 --- [auction_application] [           main] o.s.data.convert.CustomConversions       : Adding converter from class [B to class java.time.Instant as reading converter
2025-08-06T20:46:07.796+05:30 DEBUG 45196 --- [auction_application] [           main] o.s.data.convert.CustomConversions       : Adding converter from class java.time.ZoneId to class [B as reading converter
2025-08-06T20:46:07.796+05:30 DEBUG 45196 --- [auction_application] [           main] o.s.data.convert.CustomConversions       : Adding converter from class [B to class java.time.ZoneId as reading converter
2025-08-06T20:46:07.796+05:30 DEBUG 45196 --- [auction_application] [           main] o.s.data.convert.CustomConversions       : Adding converter from class java.time.Period to class [B as reading converter
2025-08-06T20:46:07.796+05:30 DEBUG 45196 --- [auction_application] [           main] o.s.data.convert.CustomConversions       : Adding converter from class [B to class java.time.Period as reading converter
2025-08-06T20:46:07.796+05:30 DEBUG 45196 --- [auction_application] [           main] o.s.data.convert.CustomConversions       : Adding converter from class java.time.Duration to class [B as reading converter
2025-08-06T20:46:07.796+05:30 DEBUG 45196 --- [auction_application] [           main] o.s.data.convert.CustomConversions       : Adding converter from class [B to class java.time.Duration as reading converter
2025-08-06T20:46:07.796+05:30 DEBUG 45196 --- [auction_application] [           main] o.s.data.convert.CustomConversions       : Adding converter from class java.time.OffsetDateTime to class [B as reading converter
2025-08-06T20:46:07.796+05:30 DEBUG 45196 --- [auction_application] [           main] o.s.data.convert.CustomConversions       : Adding converter from class [B to class java.time.OffsetDateTime as reading converter
2025-08-06T20:46:07.796+05:30 DEBUG 45196 --- [auction_application] [           main] o.s.data.convert.CustomConversions       : Adding converter from class java.time.OffsetTime to class [B as reading converter
2025-08-06T20:46:07.796+05:30 DEBUG 45196 --- [auction_application] [           main] o.s.data.convert.CustomConversions       : Adding converter from class [B to class java.time.OffsetTime as reading converter
2025-08-06T20:46:07.796+05:30 DEBUG 45196 --- [auction_application] [           main] o.s.data.convert.CustomConversions       : Adding converter from class java.util.Date to class java.time.LocalDateTime as reading converter
2025-08-06T20:46:07.796+05:30 DEBUG 45196 --- [auction_application] [           main] o.s.data.convert.CustomConversions       : Adding converter from class java.time.LocalDateTime to class java.util.Date as writing converter
2025-08-06T20:46:07.796+05:30 DEBUG 45196 --- [auction_application] [           main] o.s.data.convert.CustomConversions       : Adding converter from class java.util.Date to class java.time.LocalDate as reading converter
2025-08-06T20:46:07.796+05:30 DEBUG 45196 --- [auction_application] [           main] o.s.data.convert.CustomConversions       : Adding converter from class java.time.LocalDate to class java.util.Date as writing converter
2025-08-06T20:46:07.796+05:30 DEBUG 45196 --- [auction_application] [           main] o.s.data.convert.CustomConversions       : Adding converter from class java.util.Date to class java.time.LocalTime as reading converter
2025-08-06T20:46:07.797+05:30 DEBUG 45196 --- [auction_application] [           main] o.s.data.convert.CustomConversions       : Adding converter from class java.time.LocalTime to class java.util.Date as writing converter
2025-08-06T20:46:07.797+05:30 DEBUG 45196 --- [auction_application] [           main] o.s.data.convert.CustomConversions       : Adding converter from class java.util.Date to class java.time.Instant as reading converter
2025-08-06T20:46:07.797+05:30 DEBUG 45196 --- [auction_application] [           main] o.s.data.convert.CustomConversions       : Adding converter from class java.time.Instant to class java.util.Date as writing converter
2025-08-06T20:46:07.797+05:30 DEBUG 45196 --- [auction_application] [           main] o.s.data.convert.CustomConversions       : Adding converter from class java.time.LocalDateTime to class java.time.Instant as reading converter
2025-08-06T20:46:07.797+05:30 DEBUG 45196 --- [auction_application] [           main] o.s.data.convert.CustomConversions       : Adding converter from class java.time.Instant to class java.time.LocalDateTime as reading converter
2025-08-06T20:46:07.797+05:30 DEBUG 45196 --- [auction_application] [           main] o.s.data.convert.CustomConversions       : Adding converter from class java.time.ZoneId to class java.lang.String as writing converter
2025-08-06T20:46:07.797+05:30 DEBUG 45196 --- [auction_application] [           main] o.s.data.convert.CustomConversions       : Adding converter from class java.lang.String to class java.time.ZoneId as reading converter
2025-08-06T20:46:07.797+05:30 DEBUG 45196 --- [auction_application] [           main] o.s.data.convert.CustomConversions       : Adding converter from class java.time.Duration to class java.lang.String as writing converter
2025-08-06T20:46:07.797+05:30 DEBUG 45196 --- [auction_application] [           main] o.s.data.convert.CustomConversions       : Adding converter from class java.lang.String to class java.time.Duration as reading converter
2025-08-06T20:46:07.797+05:30 DEBUG 45196 --- [auction_application] [           main] o.s.data.convert.CustomConversions       : Adding converter from class java.time.Period to class java.lang.String as writing converter
2025-08-06T20:46:07.797+05:30 DEBUG 45196 --- [auction_application] [           main] o.s.data.convert.CustomConversions       : Adding converter from class java.lang.String to class java.time.Period as reading converter
2025-08-06T20:46:07.797+05:30 DEBUG 45196 --- [auction_application] [           main] o.s.data.convert.CustomConversions       : Adding converter from class java.lang.String to class java.time.LocalDate as reading converter
2025-08-06T20:46:07.797+05:30 DEBUG 45196 --- [auction_application] [           main] o.s.data.convert.CustomConversions       : Adding converter from class java.lang.String to class java.time.LocalDateTime as reading converter
2025-08-06T20:46:07.797+05:30 DEBUG 45196 --- [auction_application] [           main] o.s.data.convert.CustomConversions       : Adding converter from class java.lang.String to class java.time.Instant as reading converter
2025-08-06T20:46:07.798+05:30 DEBUG 45196 --- [auction_application] [           main] o.s.b.f.s.DefaultListableBeanFactory     : Creating shared instance of singleton bean 'redisReferenceResolver'
2025-08-06T20:46:07.800+05:30 DEBUG 45196 --- [auction_application] [           main] o.s.b.f.s.DefaultListableBeanFactory     : Creating shared instance of singleton bean 'redisConverter'
2025-08-06T20:46:07.804+05:30 DEBUG 45196 --- [auction_application] [           main] o.s.data.convert.CustomConversions       : Adding converter from class java.lang.String to class [B as writing converter
2025-08-06T20:46:07.804+05:30 DEBUG 45196 --- [auction_application] [           main] o.s.data.convert.CustomConversions       : Adding converter from class [B to class java.lang.String as reading converter
2025-08-06T20:46:07.804+05:30 DEBUG 45196 --- [auction_application] [           main] o.s.data.convert.CustomConversions       : Adding converter from class java.lang.Number to class [B as writing converter
2025-08-06T20:46:07.804+05:30 DEBUG 45196 --- [auction_application] [           main] o.s.data.convert.CustomConversions       : Adding converter from class [B to class java.lang.Number as reading converter
2025-08-06T20:46:07.804+05:30 DEBUG 45196 --- [auction_application] [           main] o.s.data.convert.CustomConversions       : Adding converter from class java.lang.Enum to class [B as writing converter
2025-08-06T20:46:07.804+05:30 DEBUG 45196 --- [auction_application] [           main] o.s.data.convert.CustomConversions       : Adding converter from class [B to class java.lang.Enum as reading converter
2025-08-06T20:46:07.804+05:30 DEBUG 45196 --- [auction_application] [           main] o.s.data.convert.CustomConversions       : Adding converter from class java.lang.Boolean to class [B as writing converter
2025-08-06T20:46:07.804+05:30 DEBUG 45196 --- [auction_application] [           main] o.s.data.convert.CustomConversions       : Adding converter from class [B to class java.lang.Boolean as reading converter
2025-08-06T20:46:07.804+05:30 DEBUG 45196 --- [auction_application] [           main] o.s.data.convert.CustomConversions       : Adding converter from class java.util.Date to class [B as writing converter
2025-08-06T20:46:07.804+05:30 DEBUG 45196 --- [auction_application] [           main] o.s.data.convert.CustomConversions       : Adding converter from class [B to class java.util.Date as reading converter
2025-08-06T20:46:07.804+05:30 DEBUG 45196 --- [auction_application] [           main] o.s.data.convert.CustomConversions       : Adding converter from class java.util.UUID to class [B as writing converter
2025-08-06T20:46:07.805+05:30 DEBUG 45196 --- [auction_application] [           main] o.s.data.convert.CustomConversions       : Adding converter from class [B to class java.util.UUID as reading converter
2025-08-06T20:46:07.805+05:30 DEBUG 45196 --- [auction_application] [           main] o.s.data.convert.CustomConversions       : Adding converter from class java.time.LocalDateTime to class [B as reading converter
2025-08-06T20:46:07.805+05:30 DEBUG 45196 --- [auction_application] [           main] o.s.data.convert.CustomConversions       : Adding converter from class [B to class java.time.LocalDateTime as reading converter
2025-08-06T20:46:07.805+05:30 DEBUG 45196 --- [auction_application] [           main] o.s.data.convert.CustomConversions       : Adding converter from class java.time.LocalDate to class [B as reading converter
2025-08-06T20:46:07.805+05:30 DEBUG 45196 --- [auction_application] [           main] o.s.data.convert.CustomConversions       : Adding converter from class [B to class java.time.LocalDate as reading converter
2025-08-06T20:46:07.805+05:30 DEBUG 45196 --- [auction_application] [           main] o.s.data.convert.CustomConversions       : Adding converter from class java.time.LocalTime to class [B as reading converter
2025-08-06T20:46:07.805+05:30 DEBUG 45196 --- [auction_application] [           main] o.s.data.convert.CustomConversions       : Adding converter from class [B to class java.time.LocalTime as reading converter
2025-08-06T20:46:07.805+05:30 DEBUG 45196 --- [auction_application] [           main] o.s.data.convert.CustomConversions       : Adding converter from class java.time.ZonedDateTime to class [B as reading converter
2025-08-06T20:46:07.805+05:30 DEBUG 45196 --- [auction_application] [           main] o.s.data.convert.CustomConversions       : Adding converter from class [B to class java.time.ZonedDateTime as reading converter
2025-08-06T20:46:07.805+05:30 DEBUG 45196 --- [auction_application] [           main] o.s.data.convert.CustomConversions       : Adding converter from class java.time.Instant to class [B as reading converter
2025-08-06T20:46:07.805+05:30 DEBUG 45196 --- [auction_application] [           main] o.s.data.convert.CustomConversions       : Adding converter from class [B to class java.time.Instant as reading converter
2025-08-06T20:46:07.805+05:30 DEBUG 45196 --- [auction_application] [           main] o.s.data.convert.CustomConversions       : Adding converter from class java.time.ZoneId to class [B as reading converter
2025-08-06T20:46:07.805+05:30 DEBUG 45196 --- [auction_application] [           main] o.s.data.convert.CustomConversions       : Adding converter from class [B to class java.time.ZoneId as reading converter
2025-08-06T20:46:07.805+05:30 DEBUG 45196 --- [auction_application] [           main] o.s.data.convert.CustomConversions       : Adding converter from class java.time.Period to class [B as reading converter
2025-08-06T20:46:07.805+05:30 DEBUG 45196 --- [auction_application] [           main] o.s.data.convert.CustomConversions       : Adding converter from class [B to class java.time.Period as reading converter
2025-08-06T20:46:07.805+05:30 DEBUG 45196 --- [auction_application] [           main] o.s.data.convert.CustomConversions       : Adding converter from class java.time.Duration to class [B as reading converter
2025-08-06T20:46:07.805+05:30 DEBUG 45196 --- [auction_application] [           main] o.s.data.convert.CustomConversions       : Adding converter from class [B to class java.time.Duration as reading converter
2025-08-06T20:46:07.805+05:30 DEBUG 45196 --- [auction_application] [           main] o.s.data.convert.CustomConversions       : Adding converter from class java.time.OffsetDateTime to class [B as reading converter
2025-08-06T20:46:07.805+05:30 DEBUG 45196 --- [auction_application] [           main] o.s.data.convert.CustomConversions       : Adding converter from class [B to class java.time.OffsetDateTime as reading converter
2025-08-06T20:46:07.805+05:30 DEBUG 45196 --- [auction_application] [           main] o.s.data.convert.CustomConversions       : Adding converter from class java.time.OffsetTime to class [B as reading converter
2025-08-06T20:46:07.805+05:30 DEBUG 45196 --- [auction_application] [           main] o.s.data.convert.CustomConversions       : Adding converter from class [B to class java.time.OffsetTime as reading converter
2025-08-06T20:46:07.805+05:30 DEBUG 45196 --- [auction_application] [           main] o.s.data.convert.CustomConversions       : Adding converter from class java.util.Date to class java.time.LocalDateTime as reading converter
2025-08-06T20:46:07.805+05:30 DEBUG 45196 --- [auction_application] [           main] o.s.data.convert.CustomConversions       : Adding converter from class java.time.LocalDateTime to class java.util.Date as writing converter
2025-08-06T20:46:07.805+05:30 DEBUG 45196 --- [auction_application] [           main] o.s.data.convert.CustomConversions       : Adding converter from class java.util.Date to class java.time.LocalDate as reading converter
2025-08-06T20:46:07.805+05:30 DEBUG 45196 --- [auction_application] [           main] o.s.data.convert.CustomConversions       : Adding converter from class java.time.LocalDate to class java.util.Date as writing converter
2025-08-06T20:46:07.805+05:30 DEBUG 45196 --- [auction_application] [           main] o.s.data.convert.CustomConversions       : Adding converter from class java.util.Date to class java.time.LocalTime as reading converter
2025-08-06T20:46:07.805+05:30 DEBUG 45196 --- [auction_application] [           main] o.s.data.convert.CustomConversions       : Adding converter from class java.time.LocalTime to class java.util.Date as writing converter
2025-08-06T20:46:07.805+05:30 DEBUG 45196 --- [auction_application] [           main] o.s.data.convert.CustomConversions       : Adding converter from class java.util.Date to class java.time.Instant as reading converter
2025-08-06T20:46:07.805+05:30 DEBUG 45196 --- [auction_application] [           main] o.s.data.convert.CustomConversions       : Adding converter from class java.time.Instant to class java.util.Date as writing converter
2025-08-06T20:46:07.805+05:30 DEBUG 45196 --- [auction_application] [           main] o.s.data.convert.CustomConversions       : Adding converter from class java.time.LocalDateTime to class java.time.Instant as reading converter
2025-08-06T20:46:07.805+05:30 DEBUG 45196 --- [auction_application] [           main] o.s.data.convert.CustomConversions       : Adding converter from class java.time.Instant to class java.time.LocalDateTime as reading converter
2025-08-06T20:46:07.805+05:30 DEBUG 45196 --- [auction_application] [           main] o.s.data.convert.CustomConversions       : Adding converter from class java.time.ZoneId to class java.lang.String as writing converter
2025-08-06T20:46:07.805+05:30 DEBUG 45196 --- [auction_application] [           main] o.s.data.convert.CustomConversions       : Adding converter from class java.lang.String to class java.time.ZoneId as reading converter
2025-08-06T20:46:07.805+05:30 DEBUG 45196 --- [auction_application] [           main] o.s.data.convert.CustomConversions       : Adding converter from class java.time.Duration to class java.lang.String as writing converter
2025-08-06T20:46:07.805+05:30 DEBUG 45196 --- [auction_application] [           main] o.s.data.convert.CustomConversions       : Adding converter from class java.lang.String to class java.time.Duration as reading converter
2025-08-06T20:46:07.805+05:30 DEBUG 45196 --- [auction_application] [           main] o.s.data.convert.CustomConversions       : Adding converter from class java.time.Period to class java.lang.String as writing converter
2025-08-06T20:46:07.805+05:30 DEBUG 45196 --- [auction_application] [           main] o.s.data.convert.CustomConversions       : Adding converter from class java.lang.String to class java.time.Period as reading converter
2025-08-06T20:46:07.805+05:30 DEBUG 45196 --- [auction_application] [           main] o.s.data.convert.CustomConversions       : Adding converter from class java.lang.String to class java.time.LocalDate as reading converter
2025-08-06T20:46:07.805+05:30 DEBUG 45196 --- [auction_application] [           main] o.s.data.convert.CustomConversions       : Adding converter from class java.lang.String to class java.time.LocalDateTime as reading converter
2025-08-06T20:46:07.805+05:30 DEBUG 45196 --- [auction_application] [           main] o.s.data.convert.CustomConversions       : Adding converter from class java.lang.String to class java.time.Instant as reading converter
2025-08-06T20:46:07.807+05:30 DEBUG 45196 --- [auction_application] [           main] o.s.data.convert.CustomConversions       : Adding converter from class java.lang.String to class [B as writing converter
2025-08-06T20:46:07.807+05:30 DEBUG 45196 --- [auction_application] [           main] o.s.data.convert.CustomConversions       : Adding converter from class [B to class java.lang.String as reading converter
2025-08-06T20:46:07.807+05:30 DEBUG 45196 --- [auction_application] [           main] o.s.data.convert.CustomConversions       : Adding converter from class java.lang.Number to class [B as writing converter
2025-08-06T20:46:07.807+05:30 DEBUG 45196 --- [auction_application] [           main] o.s.data.convert.CustomConversions       : Adding converter from class [B to class java.lang.Number as reading converter
2025-08-06T20:46:07.807+05:30 DEBUG 45196 --- [auction_application] [           main] o.s.data.convert.CustomConversions       : Adding converter from class java.lang.Enum to class [B as writing converter
2025-08-06T20:46:07.807+05:30 DEBUG 45196 --- [auction_application] [           main] o.s.data.convert.CustomConversions       : Adding converter from class [B to class java.lang.Enum as reading converter
2025-08-06T20:46:07.807+05:30 DEBUG 45196 --- [auction_application] [           main] o.s.data.convert.CustomConversions       : Adding converter from class java.lang.Boolean to class [B as writing converter
2025-08-06T20:46:07.807+05:30 DEBUG 45196 --- [auction_application] [           main] o.s.data.convert.CustomConversions       : Adding converter from class [B to class java.lang.Boolean as reading converter
2025-08-06T20:46:07.807+05:30 DEBUG 45196 --- [auction_application] [           main] o.s.data.convert.CustomConversions       : Adding converter from class java.util.Date to class [B as writing converter
2025-08-06T20:46:07.807+05:30 DEBUG 45196 --- [auction_application] [           main] o.s.data.convert.CustomConversions       : Adding converter from class [B to class java.util.Date as reading converter
2025-08-06T20:46:07.807+05:30 DEBUG 45196 --- [auction_application] [           main] o.s.data.convert.CustomConversions       : Adding converter from class java.util.UUID to class [B as writing converter
2025-08-06T20:46:07.807+05:30 DEBUG 45196 --- [auction_application] [           main] o.s.data.convert.CustomConversions       : Adding converter from class [B to class java.util.UUID as reading converter
2025-08-06T20:46:07.807+05:30 DEBUG 45196 --- [auction_application] [           main] o.s.data.convert.CustomConversions       : Adding converter from class java.time.LocalDateTime to class [B as reading converter
2025-08-06T20:46:07.808+05:30 DEBUG 45196 --- [auction_application] [           main] o.s.data.convert.CustomConversions       : Adding converter from class [B to class java.time.LocalDateTime as reading converter
2025-08-06T20:46:07.808+05:30 DEBUG 45196 --- [auction_application] [           main] o.s.data.convert.CustomConversions       : Adding converter from class java.time.LocalDate to class [B as reading converter
2025-08-06T20:46:07.808+05:30 DEBUG 45196 --- [auction_application] [           main] o.s.data.convert.CustomConversions       : Adding converter from class [B to class java.time.LocalDate as reading converter
2025-08-06T20:46:07.808+05:30 DEBUG 45196 --- [auction_application] [           main] o.s.data.convert.CustomConversions       : Adding converter from class java.time.LocalTime to class [B as reading converter
2025-08-06T20:46:07.808+05:30 DEBUG 45196 --- [auction_application] [           main] o.s.data.convert.CustomConversions       : Adding converter from class [B to class java.time.LocalTime as reading converter
2025-08-06T20:46:07.808+05:30 DEBUG 45196 --- [auction_application] [           main] o.s.data.convert.CustomConversions       : Adding converter from class java.time.ZonedDateTime to class [B as reading converter
2025-08-06T20:46:07.808+05:30 DEBUG 45196 --- [auction_application] [           main] o.s.data.convert.CustomConversions       : Adding converter from class [B to class java.time.ZonedDateTime as reading converter
2025-08-06T20:46:07.808+05:30 DEBUG 45196 --- [auction_application] [           main] o.s.data.convert.CustomConversions       : Adding converter from class java.time.Instant to class [B as reading converter
2025-08-06T20:46:07.808+05:30 DEBUG 45196 --- [auction_application] [           main] o.s.data.convert.CustomConversions       : Adding converter from class [B to class java.time.Instant as reading converter
2025-08-06T20:46:07.808+05:30 DEBUG 45196 --- [auction_application] [           main] o.s.data.convert.CustomConversions       : Adding converter from class java.time.ZoneId to class [B as reading converter
2025-08-06T20:46:07.808+05:30 DEBUG 45196 --- [auction_application] [           main] o.s.data.convert.CustomConversions       : Adding converter from class [B to class java.time.ZoneId as reading converter
2025-08-06T20:46:07.808+05:30 DEBUG 45196 --- [auction_application] [           main] o.s.data.convert.CustomConversions       : Adding converter from class java.time.Period to class [B as reading converter
2025-08-06T20:46:07.808+05:30 DEBUG 45196 --- [auction_application] [           main] o.s.data.convert.CustomConversions       : Adding converter from class [B to class java.time.Period as reading converter
2025-08-06T20:46:07.808+05:30 DEBUG 45196 --- [auction_application] [           main] o.s.data.convert.CustomConversions       : Adding converter from class java.time.Duration to class [B as reading converter
2025-08-06T20:46:07.808+05:30 DEBUG 45196 --- [auction_application] [           main] o.s.data.convert.CustomConversions       : Adding converter from class [B to class java.time.Duration as reading converter
2025-08-06T20:46:07.808+05:30 DEBUG 45196 --- [auction_application] [           main] o.s.data.convert.CustomConversions       : Adding converter from class java.time.OffsetDateTime to class [B as reading converter
2025-08-06T20:46:07.808+05:30 DEBUG 45196 --- [auction_application] [           main] o.s.data.convert.CustomConversions       : Adding converter from class [B to class java.time.OffsetDateTime as reading converter
2025-08-06T20:46:07.808+05:30 DEBUG 45196 --- [auction_application] [           main] o.s.data.convert.CustomConversions       : Adding converter from class java.time.OffsetTime to class [B as reading converter
2025-08-06T20:46:07.808+05:30 DEBUG 45196 --- [auction_application] [           main] o.s.data.convert.CustomConversions       : Adding converter from class [B to class java.time.OffsetTime as reading converter
2025-08-06T20:46:07.809+05:30 DEBUG 45196 --- [auction_application] [           main] o.s.data.convert.CustomConversions       : Adding converter from class java.util.Date to class java.time.LocalDateTime as reading converter
2025-08-06T20:46:07.809+05:30 DEBUG 45196 --- [auction_application] [           main] o.s.data.convert.CustomConversions       : Adding converter from class java.time.LocalDateTime to class java.util.Date as writing converter
2025-08-06T20:46:07.809+05:30 DEBUG 45196 --- [auction_application] [           main] o.s.data.convert.CustomConversions       : Adding converter from class java.util.Date to class java.time.LocalDate as reading converter
2025-08-06T20:46:07.809+05:30 DEBUG 45196 --- [auction_application] [           main] o.s.data.convert.CustomConversions       : Adding converter from class java.time.LocalDate to class java.util.Date as writing converter
2025-08-06T20:46:07.809+05:30 DEBUG 45196 --- [auction_application] [           main] o.s.data.convert.CustomConversions       : Adding converter from class java.util.Date to class java.time.LocalTime as reading converter
2025-08-06T20:46:07.809+05:30 DEBUG 45196 --- [auction_application] [           main] o.s.data.convert.CustomConversions       : Adding converter from class java.time.LocalTime to class java.util.Date as writing converter
2025-08-06T20:46:07.809+05:30 DEBUG 45196 --- [auction_application] [           main] o.s.data.convert.CustomConversions       : Adding converter from class java.util.Date to class java.time.Instant as reading converter
2025-08-06T20:46:07.809+05:30 DEBUG 45196 --- [auction_application] [           main] o.s.data.convert.CustomConversions       : Adding converter from class java.time.Instant to class java.util.Date as writing converter
2025-08-06T20:46:07.809+05:30 DEBUG 45196 --- [auction_application] [           main] o.s.data.convert.CustomConversions       : Adding converter from class java.time.LocalDateTime to class java.time.Instant as reading converter
2025-08-06T20:46:07.809+05:30 DEBUG 45196 --- [auction_application] [           main] o.s.data.convert.CustomConversions       : Adding converter from class java.time.Instant to class java.time.LocalDateTime as reading converter
2025-08-06T20:46:07.809+05:30 DEBUG 45196 --- [auction_application] [           main] o.s.data.convert.CustomConversions       : Adding converter from class java.time.ZoneId to class java.lang.String as writing converter
2025-08-06T20:46:07.809+05:30 DEBUG 45196 --- [auction_application] [           main] o.s.data.convert.CustomConversions       : Adding converter from class java.lang.String to class java.time.ZoneId as reading converter
2025-08-06T20:46:07.809+05:30 DEBUG 45196 --- [auction_application] [           main] o.s.data.convert.CustomConversions       : Adding converter from class java.time.Duration to class java.lang.String as writing converter
2025-08-06T20:46:07.809+05:30 DEBUG 45196 --- [auction_application] [           main] o.s.data.convert.CustomConversions       : Adding converter from class java.lang.String to class java.time.Duration as reading converter
2025-08-06T20:46:07.809+05:30 DEBUG 45196 --- [auction_application] [           main] o.s.data.convert.CustomConversions       : Adding converter from class java.time.Period to class java.lang.String as writing converter
2025-08-06T20:46:07.809+05:30 DEBUG 45196 --- [auction_application] [           main] o.s.data.convert.CustomConversions       : Adding converter from class java.lang.String to class java.time.Period as reading converter
2025-08-06T20:46:07.809+05:30 DEBUG 45196 --- [auction_application] [           main] o.s.data.convert.CustomConversions       : Adding converter from class java.lang.String to class java.time.LocalDate as reading converter
2025-08-06T20:46:07.809+05:30 DEBUG 45196 --- [auction_application] [           main] o.s.data.convert.CustomConversions       : Adding converter from class java.lang.String to class java.time.LocalDateTime as reading converter
2025-08-06T20:46:07.809+05:30 DEBUG 45196 --- [auction_application] [           main] o.s.data.convert.CustomConversions       : Adding converter from class java.lang.String to class java.time.Instant as reading converter
2025-08-06T20:46:07.820+05:30 DEBUG 45196 --- [auction_application] [           main] o.s.b.f.s.DefaultListableBeanFactory     : Creating shared instance of singleton bean 'redisKeyValueAdapter'
2025-08-06T20:46:07.844+05:30 DEBUG 45196 --- [auction_application] [           main] o.s.b.f.s.DefaultListableBeanFactory     : Creating shared instance of singleton bean 'redisKeyValueTemplate'
2025-08-06T20:46:07.849+05:30 DEBUG 45196 --- [auction_application] [           main] o.s.b.f.s.DefaultListableBeanFactory     : Creating shared instance of singleton bean 'data-redis.repository-aot-processor#0'
2025-08-06T20:46:07.850+05:30 DEBUG 45196 --- [auction_application] [           main] o.s.b.f.s.DefaultListableBeanFactory     : Creating shared instance of singleton bean 'org.springframework.boot.autoconfigure.gson.GsonAutoConfiguration'
2025-08-06T20:46:07.850+05:30 DEBUG 45196 --- [auction_application] [           main] o.s.b.f.s.DefaultListableBeanFactory     : Creating shared instance of singleton bean 'gsonBuilder'
2025-08-06T20:46:07.851+05:30 DEBUG 45196 --- [auction_application] [           main] o.s.b.f.s.DefaultListableBeanFactory     : Creating shared instance of singleton bean 'standardGsonBuilderCustomizer'
2025-08-06T20:46:07.853+05:30 DEBUG 45196 --- [auction_application] [           main] o.s.b.f.s.DefaultListableBeanFactory     : Creating shared instance of singleton bean 'spring.gson-org.springframework.boot.autoconfigure.gson.GsonProperties'
2025-08-06T20:46:07.858+05:30 DEBUG 45196 --- [auction_application] [           main] o.s.b.f.s.DefaultListableBeanFactory     : Autowiring by type from bean name 'standardGsonBuilderCustomizer' via factory method to bean named 'spring.gson-org.springframework.boot.autoconfigure.gson.GsonProperties'
2025-08-06T20:46:07.859+05:30 DEBUG 45196 --- [auction_application] [           main] o.s.b.f.s.DefaultListableBeanFactory     : Autowiring by type from bean name 'gsonBuilder' via factory method to bean named 'standardGsonBuilderCustomizer'
2025-08-06T20:46:07.888+05:30 DEBUG 45196 --- [auction_application] [           main] o.s.b.f.s.DefaultListableBeanFactory     : Creating shared instance of singleton bean 'gson'
2025-08-06T20:46:07.889+05:30 DEBUG 45196 --- [auction_application] [           main] o.s.b.f.s.DefaultListableBeanFactory     : Autowiring by type from bean name 'gson' via factory method to bean named 'gsonBuilder'
2025-08-06T20:46:07.957+05:30 DEBUG 45196 --- [auction_application] [           main] o.s.b.f.s.DefaultListableBeanFactory     : Creating shared instance of singleton bean 'org.springframework.boot.autoconfigure.http.JacksonHttpMessageConvertersConfiguration'
2025-08-06T20:46:07.958+05:30 DEBUG 45196 --- [auction_application] [           main] o.s.b.f.s.DefaultListableBeanFactory     : Creating shared instance of singleton bean 'org.springframework.boot.autoconfigure.http.GsonHttpMessageConvertersConfiguration'
2025-08-06T20:46:07.959+05:30 DEBUG 45196 --- [auction_application] [           main] o.s.b.f.s.DefaultListableBeanFactory     : Creating shared instance of singleton bean 'org.springframework.data.web.config.ProjectingArgumentResolverRegistrar'
2025-08-06T20:46:07.960+05:30 DEBUG 45196 --- [auction_application] [           main] o.s.b.f.s.DefaultListableBeanFactory     : Creating shared instance of singleton bean 'offsetResolver'
2025-08-06T20:46:07.964+05:30 DEBUG 45196 --- [auction_application] [           main] o.s.b.f.s.DefaultListableBeanFactory     : Creating shared instance of singleton bean 'org.springframework.boot.autoconfigure.http.client.HttpClientAutoConfiguration'
2025-08-06T20:46:07.966+05:30 DEBUG 45196 --- [auction_application] [           main] o.s.b.f.s.DefaultListableBeanFactory     : Creating shared instance of singleton bean 'clientHttpRequestFactoryBuilder'
2025-08-06T20:46:07.968+05:30 DEBUG 45196 --- [auction_application] [           main] o.s.b.f.s.DefaultListableBeanFactory     : Creating shared instance of singleton bean 'spring.http.client-org.springframework.boot.autoconfigure.http.client.HttpClientProperties'
2025-08-06T20:46:07.975+05:30 DEBUG 45196 --- [auction_application] [           main] o.s.b.f.s.DefaultListableBeanFactory     : Autowiring by type from bean name 'clientHttpRequestFactoryBuilder' via factory method to bean named 'spring.http.client-org.springframework.boot.autoconfigure.http.client.HttpClientProperties'
2025-08-06T20:46:07.993+05:30 DEBUG 45196 --- [auction_application] [           main] o.s.b.f.s.DefaultListableBeanFactory     : Creating shared instance of singleton bean 'clientHttpRequestFactorySettings'
2025-08-06T20:46:07.994+05:30 DEBUG 45196 --- [auction_application] [           main] o.s.b.f.s.DefaultListableBeanFactory     : Autowiring by type from bean name 'clientHttpRequestFactorySettings' via factory method to bean named 'spring.http.client-org.springframework.boot.autoconfigure.http.client.HttpClientProperties'
2025-08-06T20:46:08.002+05:30 DEBUG 45196 --- [auction_application] [           main] o.s.b.f.s.DefaultListableBeanFactory     : Creating shared instance of singleton bean 'org.springframework.boot.autoconfigure.info.ProjectInfoAutoConfiguration'
2025-08-06T20:46:08.008+05:30 DEBUG 45196 --- [auction_application] [           main] o.s.b.f.s.DefaultListableBeanFactory     : Creating shared instance of singleton bean 'spring.info-org.springframework.boot.autoconfigure.info.ProjectInfoProperties'
2025-08-06T20:46:08.011+05:30 DEBUG 45196 --- [auction_application] [           main] o.s.b.f.s.DefaultListableBeanFactory     : Autowiring by type from bean name 'org.springframework.boot.autoconfigure.info.ProjectInfoAutoConfiguration' via constructor to bean named 'spring.info-org.springframework.boot.autoconfigure.info.ProjectInfoProperties'
2025-08-06T20:46:08.012+05:30 DEBUG 45196 --- [auction_application] [           main] o.s.b.f.s.DefaultListableBeanFactory     : Creating shared instance of singleton bean 'org.springframework.boot.autoconfigure.jdbc.JdbcTemplateConfiguration'
2025-08-06T20:46:08.013+05:30 DEBUG 45196 --- [auction_application] [           main] o.s.b.f.s.DefaultListableBeanFactory     : Creating shared instance of singleton bean 'jdbcTemplate'
2025-08-06T20:46:08.014+05:30 DEBUG 45196 --- [auction_application] [           main] o.s.b.f.s.DefaultListableBeanFactory     : Creating shared instance of singleton bean 'spring.jdbc-org.springframework.boot.autoconfigure.jdbc.JdbcProperties'
2025-08-06T20:46:08.016+05:30 DEBUG 45196 --- [auction_application] [           main] o.s.b.f.s.DefaultListableBeanFactory     : Autowiring by type from bean name 'jdbcTemplate' via factory method to bean named 'dataSource'
2025-08-06T20:46:08.016+05:30 DEBUG 45196 --- [auction_application] [           main] o.s.b.f.s.DefaultListableBeanFactory     : Autowiring by type from bean name 'jdbcTemplate' via factory method to bean named 'spring.jdbc-org.springframework.boot.autoconfigure.jdbc.JdbcProperties'
2025-08-06T20:46:08.030+05:30 DEBUG 45196 --- [auction_application] [           main] o.s.b.f.s.DefaultListableBeanFactory     : Creating shared instance of singleton bean 'org.springframework.boot.autoconfigure.jdbc.NamedParameterJdbcTemplateConfiguration'
2025-08-06T20:46:08.030+05:30 DEBUG 45196 --- [auction_application] [           main] o.s.b.f.s.DefaultListableBeanFactory     : Creating shared instance of singleton bean 'namedParameterJdbcTemplate'
2025-08-06T20:46:08.031+05:30 DEBUG 45196 --- [auction_application] [           main] o.s.b.f.s.DefaultListableBeanFactory     : Autowiring by type from bean name 'namedParameterJdbcTemplate' via factory method to bean named 'jdbcTemplate'
2025-08-06T20:46:08.039+05:30 DEBUG 45196 --- [auction_application] [           main] o.s.b.f.s.DefaultListableBeanFactory     : Creating shared instance of singleton bean 'org.springframework.boot.autoconfigure.jdbc.JdbcTemplateAutoConfiguration'
2025-08-06T20:46:08.040+05:30 DEBUG 45196 --- [auction_application] [           main] o.s.b.f.s.DefaultListableBeanFactory     : Creating shared instance of singleton bean 'org.springframework.boot.autoconfigure.jdbc.JdbcClientAutoConfiguration'
2025-08-06T20:46:08.040+05:30 DEBUG 45196 --- [auction_application] [           main] o.s.b.f.s.DefaultListableBeanFactory     : Creating shared instance of singleton bean 'jdbcClient'
2025-08-06T20:46:08.042+05:30 DEBUG 45196 --- [auction_application] [           main] o.s.b.f.s.DefaultListableBeanFactory     : Autowiring by type from bean name 'jdbcClient' via factory method to bean named 'namedParameterJdbcTemplate'
2025-08-06T20:46:08.044+05:30 DEBUG 45196 --- [auction_application] [           main] o.s.b.f.s.DefaultListableBeanFactory     : Creating shared instance of singleton bean 'org.springframework.boot.autoconfigure.netty.NettyAutoConfiguration'
2025-08-06T20:46:08.045+05:30 DEBUG 45196 --- [auction_application] [           main] o.s.b.f.s.DefaultListableBeanFactory     : Creating shared instance of singleton bean 'spring.netty-org.springframework.boot.autoconfigure.netty.NettyProperties'
2025-08-06T20:46:08.047+05:30 DEBUG 45196 --- [auction_application] [           main] o.s.b.f.s.DefaultListableBeanFactory     : Autowiring by type from bean name 'org.springframework.boot.autoconfigure.netty.NettyAutoConfiguration' via constructor to bean named 'spring.netty-org.springframework.boot.autoconfigure.netty.NettyProperties'
2025-08-06T20:46:08.048+05:30 DEBUG 45196 --- [auction_application] [           main] o.s.b.f.s.DefaultListableBeanFactory     : Creating shared instance of singleton bean 'org.springframework.boot.autoconfigure.reactor.ReactorAutoConfiguration'
2025-08-06T20:46:08.049+05:30 DEBUG 45196 --- [auction_application] [           main] o.s.b.f.s.DefaultListableBeanFactory     : Creating shared instance of singleton bean 'spring.reactor-org.springframework.boot.autoconfigure.reactor.ReactorProperties'
2025-08-06T20:46:08.051+05:30 DEBUG 45196 --- [auction_application] [           main] o.s.b.f.s.DefaultListableBeanFactory     : Autowiring by type from bean name 'org.springframework.boot.autoconfigure.reactor.ReactorAutoConfiguration' via constructor to bean named 'spring.reactor-org.springframework.boot.autoconfigure.reactor.ReactorProperties'
2025-08-06T20:46:08.051+05:30 DEBUG 45196 --- [auction_application] [           main] o.s.b.f.s.DefaultListableBeanFactory     : Creating shared instance of singleton bean 'org.springframework.boot.autoconfigure.security.oauth2.client.servlet.OAuth2ClientAutoConfiguration'
2025-08-06T20:46:08.052+05:30 DEBUG 45196 --- [auction_application] [           main] o.s.b.f.s.DefaultListableBeanFactory     : Creating shared instance of singleton bean 'org.springframework.boot.autoconfigure.security.servlet.SpringBootWebSecurityConfiguration'
2025-08-06T20:46:08.053+05:30 DEBUG 45196 --- [auction_application] [           main] o.s.b.f.s.DefaultListableBeanFactory     : Creating shared instance of singleton bean 'spring.security-org.springframework.boot.autoconfigure.security.SecurityProperties'
2025-08-06T20:46:08.056+05:30 DEBUG 45196 --- [auction_application] [           main] o.s.b.f.s.DefaultListableBeanFactory     : Creating shared instance of singleton bean 'org.springframework.boot.autoconfigure.security.servlet.SecurityFilterAutoConfiguration'
2025-08-06T20:46:08.057+05:30 DEBUG 45196 --- [auction_application] [           main] o.s.b.f.s.DefaultListableBeanFactory     : Creating shared instance of singleton bean 'securityFilterChainRegistration'
2025-08-06T20:46:08.058+05:30 DEBUG 45196 --- [auction_application] [           main] o.s.b.f.s.DefaultListableBeanFactory     : Autowiring by type from bean name 'securityFilterChainRegistration' via factory method to bean named 'spring.security-org.springframework.boot.autoconfigure.security.SecurityProperties'
2025-08-06T20:46:08.067+05:30 DEBUG 45196 --- [auction_application] [           main] o.s.b.f.s.DefaultListableBeanFactory     : Creating shared instance of singleton bean 'org.springframework.boot.autoconfigure.sql.init.SqlInitializationAutoConfiguration'
2025-08-06T20:46:08.068+05:30 DEBUG 45196 --- [auction_application] [           main] o.s.b.f.s.DefaultListableBeanFactory     : Creating shared instance of singleton bean 'org.springframework.boot.autoconfigure.task.TaskSchedulingConfigurations$ThreadPoolTaskSchedulerBuilderConfiguration'
2025-08-06T20:46:08.068+05:30 DEBUG 45196 --- [auction_application] [           main] o.s.b.f.s.DefaultListableBeanFactory     : Creating shared instance of singleton bean 'threadPoolTaskSchedulerBuilder'
2025-08-06T20:46:08.070+05:30 DEBUG 45196 --- [auction_application] [           main] o.s.b.f.s.DefaultListableBeanFactory     : Creating shared instance of singleton bean 'spring.task.scheduling-org.springframework.boot.autoconfigure.task.TaskSchedulingProperties'
2025-08-06T20:46:08.073+05:30 DEBUG 45196 --- [auction_application] [           main] o.s.b.f.s.DefaultListableBeanFactory     : Autowiring by type from bean name 'threadPoolTaskSchedulerBuilder' via factory method to bean named 'spring.task.scheduling-org.springframework.boot.autoconfigure.task.TaskSchedulingProperties'
2025-08-06T20:46:08.076+05:30 DEBUG 45196 --- [auction_application] [           main] o.s.b.f.s.DefaultListableBeanFactory     : Creating shared instance of singleton bean 'org.springframework.boot.autoconfigure.task.TaskSchedulingConfigurations$SimpleAsyncTaskSchedulerBuilderConfiguration'
2025-08-06T20:46:08.077+05:30 DEBUG 45196 --- [auction_application] [           main] o.s.b.f.s.DefaultListableBeanFactory     : Autowiring by type from bean name 'org.springframework.boot.autoconfigure.task.TaskSchedulingConfigurations$SimpleAsyncTaskSchedulerBuilderConfiguration' via constructor to bean named 'spring.task.scheduling-org.springframework.boot.autoconfigure.task.TaskSchedulingProperties'
2025-08-06T20:46:08.079+05:30 DEBUG 45196 --- [auction_application] [           main] o.s.b.f.s.DefaultListableBeanFactory     : Creating shared instance of singleton bean 'simpleAsyncTaskSchedulerBuilder'
2025-08-06T20:46:08.082+05:30 DEBUG 45196 --- [auction_application] [           main] o.s.b.f.s.DefaultListableBeanFactory     : Creating shared instance of singleton bean 'org.springframework.boot.autoconfigure.task.TaskSchedulingConfigurations$TaskSchedulerConfiguration'
2025-08-06T20:46:08.082+05:30 DEBUG 45196 --- [auction_application] [           main] o.s.b.f.s.DefaultListableBeanFactory     : Creating shared instance of singleton bean 'taskScheduler'
2025-08-06T20:46:08.083+05:30 DEBUG 45196 --- [auction_application] [           main] o.s.b.f.s.DefaultListableBeanFactory     : Autowiring by type from bean name 'taskScheduler' via factory method to bean named 'threadPoolTaskSchedulerBuilder'
2025-08-06T20:46:08.089+05:30 DEBUG 45196 --- [auction_application] [           main] o.s.s.c.ThreadPoolTaskScheduler          : Initializing ExecutorService 'taskScheduler'
2025-08-06T20:46:08.096+05:30 DEBUG 45196 --- [auction_application] [           main] o.s.b.f.s.DefaultListableBeanFactory     : Creating shared instance of singleton bean 'org.springframework.boot.autoconfigure.task.TaskSchedulingAutoConfiguration'
2025-08-06T20:46:08.096+05:30 DEBUG 45196 --- [auction_application] [           main] o.s.b.f.s.DefaultListableBeanFactory     : Creating shared instance of singleton bean 'scheduledBeanLazyInitializationExcludeFilter'
2025-08-06T20:46:08.098+05:30 DEBUG 45196 --- [auction_application] [           main] o.s.b.f.s.DefaultListableBeanFactory     : Creating shared instance of singleton bean 'org.springframework.boot.autoconfigure.jdbc.DataSourceTransactionManagerAutoConfiguration$JdbcTransactionManagerConfiguration'
2025-08-06T20:46:08.098+05:30 DEBUG 45196 --- [auction_application] [           main] o.s.b.f.s.DefaultListableBeanFactory     : Creating shared instance of singleton bean 'org.springframework.boot.autoconfigure.jdbc.DataSourceTransactionManagerAutoConfiguration'
2025-08-06T20:46:08.099+05:30 DEBUG 45196 --- [auction_application] [           main] o.s.b.f.s.DefaultListableBeanFactory     : Creating shared instance of singleton bean 'org.springframework.boot.autoconfigure.transaction.TransactionAutoConfiguration$EnableTransactionManagementConfiguration$CglibAutoProxyConfiguration'
2025-08-06T20:46:08.099+05:30 DEBUG 45196 --- [auction_application] [           main] o.s.b.f.s.DefaultListableBeanFactory     : Creating shared instance of singleton bean 'org.springframework.boot.autoconfigure.transaction.TransactionAutoConfiguration$EnableTransactionManagementConfiguration'
2025-08-06T20:46:08.100+05:30 DEBUG 45196 --- [auction_application] [           main] o.s.b.f.s.DefaultListableBeanFactory     : Creating shared instance of singleton bean 'org.springframework.boot.autoconfigure.transaction.TransactionAutoConfiguration$TransactionTemplateConfiguration'
2025-08-06T20:46:08.100+05:30 DEBUG 45196 --- [auction_application] [           main] o.s.b.f.s.DefaultListableBeanFactory     : Creating shared instance of singleton bean 'transactionTemplate'
2025-08-06T20:46:08.101+05:30 DEBUG 45196 --- [auction_application] [           main] o.s.b.f.s.DefaultListableBeanFactory     : Autowiring by type from bean name 'transactionTemplate' via factory method to bean named 'transactionManager'
2025-08-06T20:46:08.104+05:30 DEBUG 45196 --- [auction_application] [           main] o.s.b.f.s.DefaultListableBeanFactory     : Creating shared instance of singleton bean 'org.springframework.boot.autoconfigure.transaction.TransactionAutoConfiguration'
2025-08-06T20:46:08.105+05:30 DEBUG 45196 --- [auction_application] [           main] o.s.b.f.s.DefaultListableBeanFactory     : Creating shared instance of singleton bean 'org.springframework.boot.autoconfigure.web.client.RestClientAutoConfiguration'
2025-08-06T20:46:08.106+05:30 DEBUG 45196 --- [auction_application] [           main] o.s.b.f.s.DefaultListableBeanFactory     : Creating shared instance of singleton bean 'httpMessageConvertersRestClientCustomizer'
2025-08-06T20:46:08.107+05:30 DEBUG 45196 --- [auction_application] [           main] o.s.b.f.s.DefaultListableBeanFactory     : Creating shared instance of singleton bean 'restClientSsl'
2025-08-06T20:46:08.107+05:30 DEBUG 45196 --- [auction_application] [           main] o.s.b.f.s.DefaultListableBeanFactory     : Autowiring by type from bean name 'restClientSsl' via factory method to bean named 'sslBundleRegistry'
2025-08-06T20:46:08.109+05:30 DEBUG 45196 --- [auction_application] [           main] o.s.b.f.s.DefaultListableBeanFactory     : Creating shared instance of singleton bean 'restClientBuilderConfigurer'
2025-08-06T20:46:08.111+05:30 DEBUG 45196 --- [auction_application] [           main] o.s.b.f.s.DefaultListableBeanFactory     : Creating shared instance of singleton bean 'org.springframework.boot.autoconfigure.web.client.RestTemplateAutoConfiguration'
2025-08-06T20:46:08.112+05:30 DEBUG 45196 --- [auction_application] [           main] o.s.b.f.s.DefaultListableBeanFactory     : Creating shared instance of singleton bean 'characterEncodingFilter'
2025-08-06T20:46:08.115+05:30 DEBUG 45196 --- [auction_application] [           main] o.s.b.f.s.DefaultListableBeanFactory     : Creating shared instance of singleton bean 'multipartResolver'
2025-08-06T20:46:08.118+05:30 DEBUG 45196 --- [auction_application] [           main] o.s.b.f.s.DefaultListableBeanFactory     : Creating shared instance of singleton bean 'org.springframework.boot.autoconfigure.websocket.servlet.WebSocketMessagingAutoConfiguration'
2025-08-06T20:46:08.140+05:30 DEBUG 45196 --- [auction_application] [           main] o.s.c.support.DefaultLifecycleProcessor  : Starting beans in phase -2147483647
2025-08-06T20:46:08.141+05:30 DEBUG 45196 --- [auction_application] [           main] o.s.c.support.DefaultLifecycleProcessor  : Successfully started bean 'springBootLoggingLifecycle'
2025-08-06T20:46:08.141+05:30 DEBUG 45196 --- [auction_application] [           main] o.s.c.support.DefaultLifecycleProcessor  : Starting beans in phase 0
2025-08-06T20:46:08.141+05:30 DEBUG 45196 --- [auction_application] [           main] o.s.c.support.DefaultLifecycleProcessor  : Starting beans in phase 1073741823
2025-08-06T20:46:08.141+05:30 DEBUG 45196 --- [auction_application] [           main] o.s.c.support.DefaultLifecycleProcessor  : Starting beans in phase 2147483647
2025-08-06T20:46:08.141+05:30 DEBUG 45196 --- [auction_application] [           main] o.s.c.support.DefaultLifecycleProcessor  : Successfully started bean 'webSocketHandlerMapping'
2025-08-06T20:46:08.142+05:30 DEBUG 45196 --- [auction_application] [           main] o.s.d.r.l.RedisMessageListenerContainer  : Starting RedisMessageListenerContainer...
2025-08-06T20:46:08.144+05:30 DEBUG 45196 --- [auction_application] [           main] o.s.d.r.l.RedisMessageListenerContainer  : Postpone listening for Redis messages until actual listeners are added
2025-08-06T20:46:08.144+05:30 DEBUG 45196 --- [auction_application] [           main] o.s.c.support.DefaultLifecycleProcessor  : Successfully started bean 'redisKeyValueAdapter'
2025-08-06T20:46:08.144+05:30  INFO 45196 --- [auction_application] [           main] o.s.s.quartz.SchedulerFactoryBean        : Starting Quartz Scheduler now
2025-08-06T20:46:08.186+05:30  INFO 45196 --- [auction_application] [           main] c.m.v.c.i.AbstractPoolBackedDataSource   : Initializing c3p0 pool... com.mchange.v2.c3p0.ComboPooledDataSource [ acquireIncrement -> 3, acquireRetryAttempts -> 30, acquireRetryDelay -> 1000, autoCommitOnClose -> false, automaticTestTable -> null, breakAfterAcquireFailure -> false, checkoutTimeout -> 0, connectionCustomizerClassName -> null, connectionTesterClassName -> com.mchange.v2.c3p0.impl.DefaultConnectionTester, contextClassLoaderSource -> caller, dataSourceName -> 2wwz2zbczi3ewb1q30o27|7940d27b, debugUnreturnedConnectionStackTraces -> false, description -> null, driverClass -> org.postgresql.Driver, extensions -> {}, factoryClassLocation -> null, forceIgnoreUnresolvedTransactions -> false, forceSynchronousCheckins -> false, forceUseNamedDriverClass -> false, identityToken -> 2wwz2zbczi3ewb1q30o27|7940d27b, idleConnectionTestPeriod -> 0, initialPoolSize -> 3, jdbcUrl -> jdbc:postgresql://dpg-d285g8re5dus73f8aun0-a.singapore-postgres.render.com/auction_database_47cx?currentSchema=quartz_schema, maxAdministrativeTaskTime -> 0, maxConnectionAge -> 0, maxIdleTime -> 0, maxIdleTimeExcessConnections -> 0, maxPoolSize -> 5, maxStatements -> 0, maxStatementsPerConnection -> 120, minPoolSize -> 1, numHelperThreads -> 3, preferredTestQuery -> null, privilegeSpawnedThreads -> false, properties -> {password=******, user=******}, propertyCycle -> 0, statementCacheNumDeferredCloseThreads -> 0, testConnectionOnCheckin -> false, testConnectionOnCheckout -> false, unreturnedConnectionTimeout -> 0, userOverrides -> {}, usesTraditionalReflectiveProxies -> false ]
2025-08-06T20:46:08.210+05:30 DEBUG 45196 --- [auction_application] [           main] com.mchange.v2.cfg.MConfig               : The configuration file for resource identifier '/mchange-commons.properties' could not be found. Skipping.
2025-08-06T20:46:08.210+05:30 DEBUG 45196 --- [auction_application] [           main] com.mchange.v2.cfg.MConfig               : The configuration file for resource identifier '/mchange-log.properties' could not be found. Skipping.
2025-08-06T20:46:08.210+05:30 DEBUG 45196 --- [auction_application] [           main] com.mchange.v2.cfg.MConfig               : The configuration file for resource identifier '/c3p0.properties' could not be found. Skipping.
2025-08-06T20:46:08.210+05:30 DEBUG 45196 --- [auction_application] [           main] com.mchange.v2.cfg.MConfig               : The configuration file for resource identifier 'hocon:/reference,/application,/c3p0,/' could not be found. Skipping.
2025-08-06T20:46:08.213+05:30 DEBUG 45196 --- [auction_application] [           main] c.m.v2.resourcepool.BasicResourcePool    : com.mchange.v2.resourcepool.BasicResourcePool@50db0b17 config: [start -> 3; min -> 1; max -> 5; inc -> 3; num_acq_attempts -> 30; acq_attempt_delay -> 1000; check_idle_resources_delay -> 0; max_resource_age -> 0; max_idle_time -> 0; excess_max_idle_time -> 0; destroy_unreturned_resc_time -> 0; expiration_enforcement_delay -> 0; break_on_acquisition_failure -> false; debug_store_checkout_exceptions -> false; force_synchronous_checkins -> false]
2025-08-06T20:46:08.213+05:30 DEBUG 45196 --- [auction_application] [           main] .m.v.c.i.C3P0PooledConnectionPoolManager : Created new pool for auth, username (masked): 'au******'.
2025-08-06T20:46:08.213+05:30 DEBUG 45196 --- [auction_application] [           main] c.m.v2.resourcepool.BasicResourcePool    : acquire test -- pool size: 0; target_pool_size: 3; desired target? 1
2025-08-06T20:46:08.213+05:30 DEBUG 45196 --- [auction_application] [           main] c.m.v2.resourcepool.BasicResourcePool    : awaitAvailable(): [unknown]
2025-08-06T20:46:08.214+05:30 DEBUG 45196 --- [auction_application] [HelperThread-#2] org.postgresql.Driver                    : Connecting with URL: jdbc:postgresql://dpg-d285g8re5dus73f8aun0-a.singapore-postgres.render.com/auction_database_47cx?currentSchema=quartz_schema
2025-08-06T20:46:08.214+05:30 DEBUG 45196 --- [auction_application] [HelperThread-#2] org.postgresql.jdbc.PgConnection         : PostgreSQL JDBC Driver 42.7.4
2025-08-06T20:46:08.214+05:30 DEBUG 45196 --- [auction_application] [HelperThread-#0] org.postgresql.Driver                    : Connecting with URL: jdbc:postgresql://dpg-d285g8re5dus73f8aun0-a.singapore-postgres.render.com/auction_database_47cx?currentSchema=quartz_schema
2025-08-06T20:46:08.214+05:30 DEBUG 45196 --- [auction_application] [HelperThread-#2] org.postgresql.jdbc.PgConnection         :   setDefaultFetchSize = 0
2025-08-06T20:46:08.214+05:30 DEBUG 45196 --- [auction_application] [HelperThread-#1] org.postgresql.Driver                    : Connecting with URL: jdbc:postgresql://dpg-d285g8re5dus73f8aun0-a.singapore-postgres.render.com/auction_database_47cx?currentSchema=quartz_schema
2025-08-06T20:46:08.214+05:30 DEBUG 45196 --- [auction_application] [HelperThread-#2] org.postgresql.jdbc.PgConnection         :   setPrepareThreshold = 5
2025-08-06T20:46:08.214+05:30 DEBUG 45196 --- [auction_application] [HelperThread-#0] org.postgresql.jdbc.PgConnection         : PostgreSQL JDBC Driver 42.7.4
2025-08-06T20:46:08.214+05:30 DEBUG 45196 --- [auction_application] [HelperThread-#2] o.p.core.v3.ConnectionFactoryImpl        : Trying to establish a protocol version 3 connection to dpg-d285g8re5dus73f8aun0-a.singapore-postgres.render.com:5432
2025-08-06T20:46:08.214+05:30 DEBUG 45196 --- [auction_application] [HelperThread-#1] org.postgresql.jdbc.PgConnection         : PostgreSQL JDBC Driver 42.7.4
2025-08-06T20:46:08.214+05:30 DEBUG 45196 --- [auction_application] [HelperThread-#0] org.postgresql.jdbc.PgConnection         :   setDefaultFetchSize = 0
2025-08-06T20:46:08.214+05:30 DEBUG 45196 --- [auction_application] [HelperThread-#1] org.postgresql.jdbc.PgConnection         :   setDefaultFetchSize = 0
2025-08-06T20:46:08.214+05:30 DEBUG 45196 --- [auction_application] [HelperThread-#0] org.postgresql.jdbc.PgConnection         :   setPrepareThreshold = 5
2025-08-06T20:46:08.214+05:30 DEBUG 45196 --- [auction_application] [HelperThread-#1] org.postgresql.jdbc.PgConnection         :   setPrepareThreshold = 5
2025-08-06T20:46:08.214+05:30 DEBUG 45196 --- [auction_application] [HelperThread-#1] o.p.core.v3.ConnectionFactoryImpl        : Trying to establish a protocol version 3 connection to dpg-d285g8re5dus73f8aun0-a.singapore-postgres.render.com:5432
2025-08-06T20:46:08.214+05:30 DEBUG 45196 --- [auction_application] [HelperThread-#0] o.p.core.v3.ConnectionFactoryImpl        : Trying to establish a protocol version 3 connection to dpg-d285g8re5dus73f8aun0-a.singapore-postgres.render.com:5432
2025-08-06T20:46:08.305+05:30 DEBUG 45196 --- [auction_application] [HelperThread-#0] o.p.core.v3.ConnectionFactoryImpl        : Receive Buffer Size is 65,536
2025-08-06T20:46:08.305+05:30 DEBUG 45196 --- [auction_application] [HelperThread-#0] o.p.core.v3.ConnectionFactoryImpl        : Send Buffer Size is 65,536
2025-08-06T20:46:08.308+05:30 DEBUG 45196 --- [auction_application] [HelperThread-#2] o.p.core.v3.ConnectionFactoryImpl        : Receive Buffer Size is 65,536
2025-08-06T20:46:08.308+05:30 DEBUG 45196 --- [auction_application] [HelperThread-#1] o.p.core.v3.ConnectionFactoryImpl        : Receive Buffer Size is 65,536
2025-08-06T20:46:08.308+05:30 DEBUG 45196 --- [auction_application] [HelperThread-#2] o.p.core.v3.ConnectionFactoryImpl        : Send Buffer Size is 65,536
2025-08-06T20:46:08.309+05:30 DEBUG 45196 --- [auction_application] [HelperThread-#1] o.p.core.v3.ConnectionFactoryImpl        : Send Buffer Size is 65,536
2025-08-06T20:46:08.416+05:30 DEBUG 45196 --- [auction_application] [HelperThread-#0] org.postgresql.ssl.MakeSSL               : converting regular socket connection to ssl
2025-08-06T20:46:08.420+05:30 DEBUG 45196 --- [auction_application] [HelperThread-#2] org.postgresql.ssl.MakeSSL               : converting regular socket connection to ssl
2025-08-06T20:46:08.420+05:30 DEBUG 45196 --- [auction_application] [HelperThread-#1] org.postgresql.ssl.MakeSSL               : converting regular socket connection to ssl
2025-08-06T20:46:08.557+05:30 DEBUG 45196 --- [auction_application] [HelperThread-#0] jdk.event.security                       : X509Certificate: Alg:SHA256withRSA, Serial:69d81483263975d5a17a8242c2840d1d3fe, Subject:CN=aws-ap-southeast-1-1-postgres.render.com, Issuer:CN=R11, O=Let's Encrypt, C=US, Key type:RSA, Length:2048, Cert Id:1642598958, Valid from:7/13/25, 1:15 AM, Valid until:10/11/25, 1:15 AM
2025-08-06T20:46:08.558+05:30 DEBUG 45196 --- [auction_application] [HelperThread-#0] jdk.event.security                       : X509Certificate: Alg:SHA256withRSA, Serial:8a7d3e13d62f30ef2386bd29076b34f8, Subject:CN=R11, O=Let's Encrypt, C=US, Issuer:CN=ISRG Root X1, O=Internet Security Research Group, C=US, Key type:RSA, Length:2048, Cert Id:-1875479740, Valid from:3/13/24, 5:30 AM, Valid until:3/13/27, 5:29 AM
2025-08-06T20:46:08.561+05:30 DEBUG 45196 --- [auction_application] [HelperThread-#0] jdk.event.security                       :  TLSHandshake: dpg-d285g8re5dus73f8aun0-a.singapore-postgres.render.com:5432, TLSv1.3, TLS_AES_128_GCM_SHA256, 1642598958
2025-08-06T20:46:08.571+05:30 DEBUG 45196 --- [auction_application] [HelperThread-#1] jdk.event.security                       : X509Certificate: Alg:SHA256withRSA, Serial:69d81483263975d5a17a8242c2840d1d3fe, Subject:CN=aws-ap-southeast-1-1-postgres.render.com, Issuer:CN=R11, O=Let's Encrypt, C=US, Key type:RSA, Length:2048, Cert Id:1642598958, Valid from:7/13/25, 1:15 AM, Valid until:10/11/25, 1:15 AM
2025-08-06T20:46:08.572+05:30 DEBUG 45196 --- [auction_application] [HelperThread-#1] jdk.event.security                       : X509Certificate: Alg:SHA256withRSA, Serial:8a7d3e13d62f30ef2386bd29076b34f8, Subject:CN=R11, O=Let's Encrypt, C=US, Issuer:CN=ISRG Root X1, O=Internet Security Research Group, C=US, Key type:RSA, Length:2048, Cert Id:-1875479740, Valid from:3/13/24, 5:30 AM, Valid until:3/13/27, 5:29 AM
2025-08-06T20:46:08.573+05:30 DEBUG 45196 --- [auction_application] [HelperThread-#2] jdk.event.security                       : X509Certificate: Alg:SHA256withRSA, Serial:69d81483263975d5a17a8242c2840d1d3fe, Subject:CN=aws-ap-southeast-1-1-postgres.render.com, Issuer:CN=R11, O=Let's Encrypt, C=US, Key type:RSA, Length:2048, Cert Id:1642598958, Valid from:7/13/25, 1:15 AM, Valid until:10/11/25, 1:15 AM
2025-08-06T20:46:08.574+05:30 DEBUG 45196 --- [auction_application] [HelperThread-#2] jdk.event.security                       : X509Certificate: Alg:SHA256withRSA, Serial:8a7d3e13d62f30ef2386bd29076b34f8, Subject:CN=R11, O=Let's Encrypt, C=US, Issuer:CN=ISRG Root X1, O=Internet Security Research Group, C=US, Key type:RSA, Length:2048, Cert Id:-1875479740, Valid from:3/13/24, 5:30 AM, Valid until:3/13/27, 5:29 AM
2025-08-06T20:46:08.574+05:30 DEBUG 45196 --- [auction_application] [HelperThread-#1] jdk.event.security                       :  TLSHandshake: dpg-d285g8re5dus73f8aun0-a.singapore-postgres.render.com:5432, TLSv1.3, TLS_AES_128_GCM_SHA256, 1642598958
2025-08-06T20:46:08.578+05:30 DEBUG 45196 --- [auction_application] [HelperThread-#2] jdk.event.security                       :  TLSHandshake: dpg-d285g8re5dus73f8aun0-a.singapore-postgres.render.com:5432, TLSv1.3, TLS_AES_128_GCM_SHA256, 1642598958
2025-08-06T20:46:09.226+05:30 DEBUG 45196 --- [auction_application] [           main] org.postgresql.jdbc.PgConnection         :   setAutoCommit = false
2025-08-06T20:46:10.219+05:30 DEBUG 45196 --- [auction_application] [           main] org.postgresql.jdbc.PgConnection         :   setAutoCommit = true
2025-08-06T20:46:10.221+05:30 DEBUG 45196 --- [auction_application] [           main] o.s.c.support.DefaultLifecycleProcessor  : Successfully started bean 'quartzScheduler'
2025-08-06T20:46:10.222+05:30 DEBUG 45196 --- [auction_application] [_MisfireHandler] org.postgresql.jdbc.PgConnection         :   setAutoCommit = false
2025-08-06T20:46:10.223+05:30 DEBUG 45196 --- [auction_application] [SchedulerThread] c.m.v2.resourcepool.BasicResourcePool    : acquire test -- pool size: 1; target_pool_size: 3; desired target? 2
2025-08-06T20:46:10.223+05:30 DEBUG 45196 --- [auction_application] [SchedulerThread] c.m.v2.resourcepool.BasicResourcePool    : awaitAvailable(): com.mchange.v2.c3p0.impl.NewPooledConnection@1eca272f
2025-08-06T20:46:10.244+05:30 DEBUG 45196 --- [auction_application] [           main] .s.b.a.l.ConditionEvaluationReportLogger : 


============================
CONDITIONS EVALUATION REPORT
============================


Positive matches:
-----------------

   AopAutoConfiguration matched:
      - @ConditionalOnProperty (spring.aop.auto=true) matched (OnPropertyCondition)

   AopAutoConfiguration.AspectJAutoProxyingConfiguration matched:
      - @ConditionalOnClass found required class 'org.aspectj.weaver.Advice' (OnClassCondition)

   AopAutoConfiguration.AspectJAutoProxyingConfiguration.CglibAutoProxyConfiguration matched:
      - @ConditionalOnProperty (spring.aop.proxy-target-class=true) matched (OnPropertyCondition)

   ApplicationAvailabilityAutoConfiguration#applicationAvailability matched:
      - @ConditionalOnMissingBean (types: org.springframework.boot.availability.ApplicationAvailability; SearchStrategy: all) did not find any beans (OnBeanCondition)

   CacheAutoConfiguration matched:
      - @ConditionalOnClass found required class 'org.springframework.cache.CacheManager' (OnClassCondition)
      - @ConditionalOnBean (types: org.springframework.cache.interceptor.CacheAspectSupport; SearchStrategy: all) found bean 'cacheInterceptor'; @ConditionalOnMissingBean (names: cacheResolver types: org.springframework.cache.CacheManager; SearchStrategy: all) did not find any beans (OnBeanCondition)

   CacheAutoConfiguration#cacheManagerCustomizers matched:
      - @ConditionalOnMissingBean (types: org.springframework.boot.autoconfigure.cache.CacheManagerCustomizers; SearchStrategy: all) did not find any beans (OnBeanCondition)

   CacheAutoConfiguration.CacheManagerEntityManagerFactoryDependsOnPostProcessor matched:
      - @ConditionalOnClass found required class 'org.springframework.orm.jpa.LocalContainerEntityManagerFactoryBean' (OnClassCondition)
      - @ConditionalOnBean (types: org.springframework.orm.jpa.AbstractEntityManagerFactoryBean; SearchStrategy: all) found bean '&entityManagerFactory' (OnBeanCondition)

   DataSourceAutoConfiguration matched:
      - @ConditionalOnClass found required classes 'javax.sql.DataSource', 'org.springframework.jdbc.datasource.embedded.EmbeddedDatabaseType' (OnClassCondition)
      - @ConditionalOnMissingBean (types: io.r2dbc.spi.ConnectionFactory; SearchStrategy: all) did not find any beans (OnBeanCondition)

   DataSourceAutoConfiguration.PooledDataSourceConfiguration matched:
      - AnyNestedCondition 1 matched 1 did not; NestedCondition on DataSourceAutoConfiguration.PooledDataSourceCondition.PooledDataSourceAvailable PooledDataSource found supported DataSource; NestedCondition on DataSourceAutoConfiguration.PooledDataSourceCondition.ExplicitType @ConditionalOnProperty (spring.datasource.type) did not find property 'type' (DataSourceAutoConfiguration.PooledDataSourceCondition)
      - @ConditionalOnMissingBean (types: javax.sql.DataSource,javax.sql.XADataSource; SearchStrategy: all) did not find any beans (OnBeanCondition)

   DataSourceAutoConfiguration.PooledDataSourceConfiguration#jdbcConnectionDetails matched:
      - @ConditionalOnMissingBean (types: org.springframework.boot.autoconfigure.jdbc.JdbcConnectionDetails; SearchStrategy: all) did not find any beans (OnBeanCondition)

   DataSourceConfiguration.Hikari matched:
      - @ConditionalOnClass found required class 'com.zaxxer.hikari.HikariDataSource' (OnClassCondition)
      - @ConditionalOnProperty (spring.datasource.type=com.zaxxer.hikari.HikariDataSource) matched (OnPropertyCondition)
      - @ConditionalOnMissingBean (types: javax.sql.DataSource; SearchStrategy: all) did not find any beans (OnBeanCondition)

   DataSourceInitializationConfiguration matched:
      - @ConditionalOnClass found required class 'org.springframework.jdbc.datasource.init.DatabasePopulator' (OnClassCondition)
      - @ConditionalOnSingleCandidate (types: javax.sql.DataSource; SearchStrategy: all) found a single bean 'dataSource'; @ConditionalOnMissingBean (types: org.springframework.boot.autoconfigure.sql.init.SqlDataSourceScriptDatabaseInitializer,org.springframework.boot.autoconfigure.sql.init.SqlR2dbcScriptDatabaseInitializer; SearchStrategy: all) did not find any beans (OnBeanCondition)

   DataSourcePoolMetadataProvidersConfiguration.HikariPoolDataSourceMetadataProviderConfiguration matched:
      - @ConditionalOnClass found required class 'com.zaxxer.hikari.HikariDataSource' (OnClassCondition)

   DataSourceTransactionManagerAutoConfiguration matched:
      - @ConditionalOnClass found required classes 'javax.sql.DataSource', 'org.springframework.jdbc.core.JdbcTemplate', 'org.springframework.transaction.TransactionManager' (OnClassCondition)

   DataSourceTransactionManagerAutoConfiguration.JdbcTransactionManagerConfiguration matched:
      - @ConditionalOnSingleCandidate (types: javax.sql.DataSource; SearchStrategy: all) found a single bean 'dataSource' (OnBeanCondition)

   DispatcherServletAutoConfiguration matched:
      - @ConditionalOnClass found required class 'org.springframework.web.servlet.DispatcherServlet' (OnClassCondition)
      - found 'session' scope (OnWebApplicationCondition)

   DispatcherServletAutoConfiguration.DispatcherServletConfiguration matched:
      - @ConditionalOnClass found required class 'jakarta.servlet.ServletRegistration' (OnClassCondition)
      - Default DispatcherServlet did not find dispatcher servlet beans (DispatcherServletAutoConfiguration.DefaultDispatcherServletCondition)

   DispatcherServletAutoConfiguration.DispatcherServletRegistrationConfiguration matched:
      - @ConditionalOnClass found required class 'jakarta.servlet.ServletRegistration' (OnClassCondition)
      - DispatcherServlet Registration did not find servlet registration bean (DispatcherServletAutoConfiguration.DispatcherServletRegistrationCondition)

   DispatcherServletAutoConfiguration.DispatcherServletRegistrationConfiguration#dispatcherServletRegistration matched:
      - @ConditionalOnBean (names: dispatcherServlet types: org.springframework.web.servlet.DispatcherServlet; SearchStrategy: all) found bean 'dispatcherServlet' (OnBeanCondition)

   ErrorMvcAutoConfiguration matched:
      - @ConditionalOnClass found required classes 'jakarta.servlet.Servlet', 'org.springframework.web.servlet.DispatcherServlet' (OnClassCondition)
      - found 'session' scope (OnWebApplicationCondition)

   ErrorMvcAutoConfiguration#basicErrorController matched:
      - @ConditionalOnMissingBean (types: org.springframework.boot.web.servlet.error.ErrorController; SearchStrategy: current) did not find any beans (OnBeanCondition)

   ErrorMvcAutoConfiguration#errorAttributes matched:
      - @ConditionalOnMissingBean (types: org.springframework.boot.web.servlet.error.ErrorAttributes; SearchStrategy: current) did not find any beans (OnBeanCondition)

   ErrorMvcAutoConfiguration.DefaultErrorViewResolverConfiguration#conventionErrorViewResolver matched:
      - @ConditionalOnBean (types: org.springframework.web.servlet.DispatcherServlet; SearchStrategy: all) found bean 'dispatcherServlet'; @ConditionalOnMissingBean (types: org.springframework.boot.autoconfigure.web.servlet.error.ErrorViewResolver; SearchStrategy: all) did not find any beans (OnBeanCondition)

   ErrorMvcAutoConfiguration.WhitelabelErrorViewConfiguration matched:
      - @ConditionalOnProperty (server.error.whitelabel.enabled) matched (OnPropertyCondition)
      - ErrorTemplate Missing did not find error template view (ErrorMvcAutoConfiguration.ErrorTemplateMissingCondition)

   ErrorMvcAutoConfiguration.WhitelabelErrorViewConfiguration#beanNameViewResolver matched:
      - @ConditionalOnMissingBean (types: org.springframework.web.servlet.view.BeanNameViewResolver; SearchStrategy: all) did not find any beans (OnBeanCondition)

   ErrorMvcAutoConfiguration.WhitelabelErrorViewConfiguration#defaultErrorView matched:
      - @ConditionalOnMissingBean (names: error; SearchStrategy: all) did not find any beans (OnBeanCondition)

   GsonAutoConfiguration matched:
      - @ConditionalOnClass found required class 'com.google.gson.Gson' (OnClassCondition)

   GsonAutoConfiguration#gson matched:
      - @ConditionalOnMissingBean (types: com.google.gson.Gson; SearchStrategy: all) did not find any beans (OnBeanCondition)

   GsonAutoConfiguration#gsonBuilder matched:
      - @ConditionalOnMissingBean (types: com.google.gson.GsonBuilder; SearchStrategy: all) did not find any beans (OnBeanCondition)

   GsonHttpMessageConvertersConfiguration matched:
      - @ConditionalOnClass found required class 'com.google.gson.Gson' (OnClassCondition)

   HibernateJpaAutoConfiguration matched:
      - @ConditionalOnClass found required classes 'org.springframework.orm.jpa.LocalContainerEntityManagerFactoryBean', 'jakarta.persistence.EntityManager', 'org.hibernate.engine.spi.SessionImplementor' (OnClassCondition)

   HibernateJpaConfiguration matched:
      - @ConditionalOnSingleCandidate (types: javax.sql.DataSource; SearchStrategy: all) found a single bean 'dataSource' (OnBeanCondition)

   HttpClientAutoConfiguration matched:
      - @ConditionalOnClass found required class 'org.springframework.http.client.ClientHttpRequestFactory' (OnClassCondition)
      - NoneNestedConditions 0 matched 1 did not; NestedCondition on NotReactiveWebApplicationCondition.ReactiveWebApplication did not find reactive web application classes (NotReactiveWebApplicationCondition)

   HttpClientAutoConfiguration#clientHttpRequestFactoryBuilder matched:
      - @ConditionalOnMissingBean (types: org.springframework.boot.http.client.ClientHttpRequestFactoryBuilder; SearchStrategy: all) did not find any beans (OnBeanCondition)

   HttpClientAutoConfiguration#clientHttpRequestFactorySettings matched:
      - @ConditionalOnMissingBean (types: org.springframework.boot.http.client.ClientHttpRequestFactorySettings; SearchStrategy: all) did not find any beans (OnBeanCondition)

   HttpEncodingAutoConfiguration matched:
      - @ConditionalOnClass found required class 'org.springframework.web.filter.CharacterEncodingFilter' (OnClassCondition)
      - found 'session' scope (OnWebApplicationCondition)
      - @ConditionalOnProperty (server.servlet.encoding.enabled) matched (OnPropertyCondition)

   HttpEncodingAutoConfiguration#characterEncodingFilter matched:
      - @ConditionalOnMissingBean (types: org.springframework.web.filter.CharacterEncodingFilter; SearchStrategy: all) did not find any beans (OnBeanCondition)

   HttpMessageConvertersAutoConfiguration matched:
      - @ConditionalOnClass found required class 'org.springframework.http.converter.HttpMessageConverter' (OnClassCondition)
      - NoneNestedConditions 0 matched 1 did not; NestedCondition on HttpMessageConvertersAutoConfiguration.NotReactiveWebApplicationCondition.ReactiveWebApplication did not find reactive web application classes (HttpMessageConvertersAutoConfiguration.NotReactiveWebApplicationCondition)

   HttpMessageConvertersAutoConfiguration#messageConverters matched:
      - @ConditionalOnMissingBean (types: org.springframework.boot.autoconfigure.http.HttpMessageConverters; SearchStrategy: all) did not find any beans (OnBeanCondition)

   HttpMessageConvertersAutoConfiguration.StringHttpMessageConverterConfiguration matched:
      - @ConditionalOnClass found required class 'org.springframework.http.converter.StringHttpMessageConverter' (OnClassCondition)

   HttpMessageConvertersAutoConfiguration.StringHttpMessageConverterConfiguration#stringHttpMessageConverter matched:
      - @ConditionalOnMissingBean (types: org.springframework.http.converter.StringHttpMessageConverter; SearchStrategy: all) did not find any beans (OnBeanCondition)

   JacksonAutoConfiguration matched:
      - @ConditionalOnClass found required class 'com.fasterxml.jackson.databind.ObjectMapper' (OnClassCondition)

   JacksonAutoConfiguration.Jackson2ObjectMapperBuilderCustomizerConfiguration matched:
      - @ConditionalOnClass found required class 'org.springframework.http.converter.json.Jackson2ObjectMapperBuilder' (OnClassCondition)

   JacksonAutoConfiguration.JacksonObjectMapperBuilderConfiguration matched:
      - @ConditionalOnClass found required class 'org.springframework.http.converter.json.Jackson2ObjectMapperBuilder' (OnClassCondition)

   JacksonAutoConfiguration.JacksonObjectMapperBuilderConfiguration#jacksonObjectMapperBuilder matched:
      - @ConditionalOnMissingBean (types: org.springframework.http.converter.json.Jackson2ObjectMapperBuilder; SearchStrategy: all) did not find any beans (OnBeanCondition)

   JacksonAutoConfiguration.JacksonObjectMapperConfiguration matched:
      - @ConditionalOnClass found required class 'org.springframework.http.converter.json.Jackson2ObjectMapperBuilder' (OnClassCondition)

   JacksonAutoConfiguration.ParameterNamesModuleConfiguration matched:
      - @ConditionalOnClass found required class 'com.fasterxml.jackson.module.paramnames.ParameterNamesModule' (OnClassCondition)

   JacksonAutoConfiguration.ParameterNamesModuleConfiguration#parameterNamesModule matched:
      - @ConditionalOnMissingBean (types: com.fasterxml.jackson.module.paramnames.ParameterNamesModule; SearchStrategy: all) did not find any beans (OnBeanCondition)

   JacksonHttpMessageConvertersConfiguration.MappingJackson2HttpMessageConverterConfiguration matched:
      - @ConditionalOnClass found required class 'com.fasterxml.jackson.databind.ObjectMapper' (OnClassCondition)
      - @ConditionalOnProperty (spring.mvc.converters.preferred-json-mapper=jackson) matched (OnPropertyCondition)
      - @ConditionalOnBean (types: com.fasterxml.jackson.databind.ObjectMapper; SearchStrategy: all) found bean 'objectMapper' (OnBeanCondition)

   JacksonHttpMessageConvertersConfiguration.MappingJackson2HttpMessageConverterConfiguration#mappingJackson2HttpMessageConverter matched:
      - @ConditionalOnMissingBean (types: org.springframework.http.converter.json.MappingJackson2HttpMessageConverter ignored: org.springframework.hateoas.server.mvc.TypeConstrainedMappingJackson2HttpMessageConverter,org.springframework.data.rest.webmvc.alps.AlpsJsonHttpMessageConverter; SearchStrategy: all) did not find any beans (OnBeanCondition)

   JdbcClientAutoConfiguration matched:
      - @ConditionalOnSingleCandidate (types: org.springframework.jdbc.core.namedparam.NamedParameterJdbcTemplate; SearchStrategy: all) found a single bean 'namedParameterJdbcTemplate'; @ConditionalOnMissingBean (types: org.springframework.jdbc.core.simple.JdbcClient; SearchStrategy: all) did not find any beans (OnBeanCondition)

   JdbcTemplateAutoConfiguration matched:
      - @ConditionalOnClass found required classes 'javax.sql.DataSource', 'org.springframework.jdbc.core.JdbcTemplate' (OnClassCondition)
      - @ConditionalOnSingleCandidate (types: javax.sql.DataSource; SearchStrategy: all) found a single bean 'dataSource' (OnBeanCondition)

   JdbcTemplateConfiguration matched:
      - @ConditionalOnMissingBean (types: org.springframework.jdbc.core.JdbcOperations; SearchStrategy: all) did not find any beans (OnBeanCondition)

   JpaBaseConfiguration#entityManagerFactory matched:
      - @ConditionalOnMissingBean (types: org.springframework.orm.jpa.LocalContainerEntityManagerFactoryBean,jakarta.persistence.EntityManagerFactory; SearchStrategy: all) did not find any beans (OnBeanCondition)

   JpaBaseConfiguration#entityManagerFactoryBuilder matched:
      - @ConditionalOnMissingBean (types: org.springframework.boot.orm.jpa.EntityManagerFactoryBuilder; SearchStrategy: all) did not find any beans (OnBeanCondition)

   JpaBaseConfiguration#jpaVendorAdapter matched:
      - @ConditionalOnMissingBean (types: org.springframework.orm.jpa.JpaVendorAdapter; SearchStrategy: all) did not find any beans (OnBeanCondition)

   JpaBaseConfiguration#transactionManager matched:
      - @ConditionalOnMissingBean (types: org.springframework.transaction.TransactionManager; SearchStrategy: all) did not find any beans (OnBeanCondition)

   JpaBaseConfiguration.JpaWebConfiguration matched:
      - @ConditionalOnClass found required class 'org.springframework.web.servlet.config.annotation.WebMvcConfigurer' (OnClassCondition)
      - found 'session' scope (OnWebApplicationCondition)
      - @ConditionalOnProperty (spring.jpa.open-in-view=true) matched (OnPropertyCondition)
      - @ConditionalOnMissingBean (types: org.springframework.orm.jpa.support.OpenEntityManagerInViewInterceptor,org.springframework.orm.jpa.support.OpenEntityManagerInViewFilter; SearchStrategy: all) did not find any beans (OnBeanCondition)

   JpaBaseConfiguration.PersistenceManagedTypesConfiguration matched:
      - @ConditionalOnMissingBean (types: org.springframework.orm.jpa.LocalContainerEntityManagerFactoryBean,jakarta.persistence.EntityManagerFactory; SearchStrategy: all) did not find any beans (OnBeanCondition)

   JpaBaseConfiguration.PersistenceManagedTypesConfiguration#persistenceManagedTypes matched:
      - @ConditionalOnMissingBean (types: org.springframework.orm.jpa.persistenceunit.PersistenceManagedTypes; SearchStrategy: all) did not find any beans (OnBeanCondition)

   JpaRepositoriesAutoConfiguration matched:
      - @ConditionalOnClass found required class 'org.springframework.data.jpa.repository.JpaRepository' (OnClassCondition)
      - @ConditionalOnProperty (spring.data.jpa.repositories.enabled=true) matched (OnPropertyCondition)
      - @ConditionalOnBean (types: javax.sql.DataSource; SearchStrategy: all) found bean 'dataSource'; @ConditionalOnMissingBean (types: org.springframework.data.jpa.repository.support.JpaRepositoryFactoryBean,org.springframework.data.jpa.repository.config.JpaRepositoryConfigExtension; SearchStrategy: all) did not find any beans (OnBeanCondition)

   JtaAutoConfiguration matched:
      - @ConditionalOnClass found required class 'jakarta.transaction.Transaction' (OnClassCondition)
      - @ConditionalOnProperty (spring.jta.enabled) matched (OnPropertyCondition)

   LettuceConnectionConfiguration matched:
      - @ConditionalOnClass found required class 'io.lettuce.core.RedisClient' (OnClassCondition)
      - @ConditionalOnProperty (spring.data.redis.client-type=lettuce) matched (OnPropertyCondition)

   LettuceConnectionConfiguration#lettuceClientResources matched:
      - @ConditionalOnMissingBean (types: io.lettuce.core.resource.ClientResources; SearchStrategy: all) did not find any beans (OnBeanCondition)

   LettuceConnectionConfiguration#redisConnectionFactory matched:
      - @ConditionalOnMissingBean (types: org.springframework.data.redis.connection.RedisConnectionFactory; SearchStrategy: all) did not find any beans (OnBeanCondition)
      - @ConditionalOnThreading found PLATFORM (OnThreadingCondition)

   LifecycleAutoConfiguration#defaultLifecycleProcessor matched:
      - @ConditionalOnMissingBean (names: lifecycleProcessor; SearchStrategy: current) did not find any beans (OnBeanCondition)

   MultipartAutoConfiguration matched:
      - @ConditionalOnClass found required classes 'jakarta.servlet.Servlet', 'org.springframework.web.multipart.support.StandardServletMultipartResolver', 'jakarta.servlet.MultipartConfigElement' (OnClassCondition)
      - found 'session' scope (OnWebApplicationCondition)
      - @ConditionalOnProperty (spring.servlet.multipart.enabled) matched (OnPropertyCondition)

   MultipartAutoConfiguration#multipartConfigElement matched:
      - @ConditionalOnMissingBean (types: jakarta.servlet.MultipartConfigElement; SearchStrategy: all) did not find any beans (OnBeanCondition)

   MultipartAutoConfiguration#multipartResolver matched:
      - @ConditionalOnMissingBean (types: org.springframework.web.multipart.MultipartResolver; SearchStrategy: all) did not find any beans (OnBeanCondition)

   NamedParameterJdbcTemplateConfiguration matched:
      - @ConditionalOnSingleCandidate (types: org.springframework.jdbc.core.JdbcTemplate; SearchStrategy: all) found a single bean 'jdbcTemplate'; @ConditionalOnMissingBean (types: org.springframework.jdbc.core.namedparam.NamedParameterJdbcOperations; SearchStrategy: all) did not find any beans (OnBeanCondition)

   NettyAutoConfiguration matched:
      - @ConditionalOnClass found required class 'io.netty.util.NettyRuntime' (OnClassCondition)

   OAuth2ClientAutoConfiguration matched:
      - @ConditionalOnClass found required classes 'org.springframework.security.config.annotation.web.configuration.EnableWebSecurity', 'org.springframework.security.oauth2.client.registration.ClientRegistration' (OnClassCondition)
      - found 'session' scope (OnWebApplicationCondition)

   OAuth2ClientRegistrationRepositoryConfiguration matched:
      - OAuth2 Clients Configured Condition found registered clients 18033002194-3k2jhc6bk85lsahoe4ft4lq4cfto2c4r.apps.googleusercontent.com (ClientsConfiguredCondition)

   OAuth2ClientRegistrationRepositoryConfiguration#clientRegistrationRepository matched:
      - @ConditionalOnMissingBean (types: org.springframework.security.oauth2.client.registration.ClientRegistrationRepository; SearchStrategy: all) did not find any beans (OnBeanCondition)

   OAuth2WebSecurityConfiguration matched:
      - @ConditionalOnBean (types: org.springframework.security.oauth2.client.registration.ClientRegistrationRepository; SearchStrategy: all) found bean 'clientRegistrationRepository' (OnBeanCondition)

   OAuth2WebSecurityConfiguration#authorizedClientRepository matched:
      - @ConditionalOnMissingBean (types: org.springframework.security.oauth2.client.web.OAuth2AuthorizedClientRepository; SearchStrategy: all) did not find any beans (OnBeanCondition)

   OAuth2WebSecurityConfiguration#authorizedClientService matched:
      - @ConditionalOnMissingBean (types: org.springframework.security.oauth2.client.OAuth2AuthorizedClientService; SearchStrategy: all) did not find any beans (OnBeanCondition)

   PersistenceExceptionTranslationAutoConfiguration matched:
      - @ConditionalOnClass found required class 'org.springframework.dao.annotation.PersistenceExceptionTranslationPostProcessor' (OnClassCondition)

   PersistenceExceptionTranslationAutoConfiguration#persistenceExceptionTranslationPostProcessor matched:
      - @ConditionalOnProperty (spring.dao.exceptiontranslation.enabled) matched (OnPropertyCondition)
      - @ConditionalOnMissingBean (types: org.springframework.dao.annotation.PersistenceExceptionTranslationPostProcessor; SearchStrategy: all) did not find any beans (OnBeanCondition)

   PropertyPlaceholderAutoConfiguration#propertySourcesPlaceholderConfigurer matched:
      - @ConditionalOnMissingBean (types: org.springframework.context.support.PropertySourcesPlaceholderConfigurer; SearchStrategy: current) did not find any beans (OnBeanCondition)

   QuartzAutoConfiguration matched:
      - @ConditionalOnClass found required classes 'org.quartz.Scheduler', 'org.springframework.scheduling.quartz.SchedulerFactoryBean', 'org.springframework.transaction.PlatformTransactionManager' (OnClassCondition)

   QuartzAutoConfiguration#quartzScheduler matched:
      - @ConditionalOnMissingBean (types: org.springframework.scheduling.quartz.SchedulerFactoryBean; SearchStrategy: all) did not find any beans (OnBeanCondition)

   QuartzAutoConfiguration.JdbcStoreTypeConfiguration matched:
      - @ConditionalOnProperty (spring.quartz.job-store-type=jdbc) matched (OnPropertyCondition)
      - @ConditionalOnSingleCandidate (types: javax.sql.DataSource; SearchStrategy: all) found a single bean 'dataSource' (OnBeanCondition)

   QuartzAutoConfiguration.JdbcStoreTypeConfiguration#quartzDataSourceScriptDatabaseInitializer matched:
      - QuartzDatabase Initialization spring.quartz.jdbc.initialize-schema is ALWAYS (QuartzAutoConfiguration.JdbcStoreTypeConfiguration.OnQuartzDatasourceInitializationCondition)
      - @ConditionalOnMissingBean (types: org.springframework.boot.autoconfigure.quartz.QuartzDataSourceScriptDatabaseInitializer; SearchStrategy: all) did not find any beans (OnBeanCondition)

   ReactorAutoConfiguration matched:
      - @ConditionalOnClass found required class 'reactor.core.publisher.Hooks' (OnClassCondition)

   RedisAutoConfiguration matched:
      - @ConditionalOnClass found required class 'org.springframework.data.redis.core.RedisOperations' (OnClassCondition)

   RedisAutoConfiguration#redisConnectionDetails matched:
      - @ConditionalOnMissingBean (types: org.springframework.boot.autoconfigure.data.redis.RedisConnectionDetails; SearchStrategy: all) did not find any beans (OnBeanCondition)

   RedisAutoConfiguration#redisTemplate matched:
      - @ConditionalOnSingleCandidate (types: org.springframework.data.redis.connection.RedisConnectionFactory; SearchStrategy: all) found a single bean 'redisConnectionFactory'; @ConditionalOnMissingBean (names: redisTemplate; SearchStrategy: all) did not find any beans (OnBeanCondition)

   RedisAutoConfiguration#stringRedisTemplate matched:
      - @ConditionalOnSingleCandidate (types: org.springframework.data.redis.connection.RedisConnectionFactory; SearchStrategy: all) found a single bean 'redisConnectionFactory'; @ConditionalOnMissingBean (types: org.springframework.data.redis.core.StringRedisTemplate; SearchStrategy: all) did not find any beans (OnBeanCondition)

   RedisCacheConfiguration matched:
      - @ConditionalOnClass found required class 'org.springframework.data.redis.connection.RedisConnectionFactory' (OnClassCondition)
      - Cache org.springframework.boot.autoconfigure.cache.RedisCacheConfiguration automatic cache type (CacheCondition)
      - @ConditionalOnBean (types: org.springframework.data.redis.connection.RedisConnectionFactory; SearchStrategy: all) found bean 'redisConnectionFactory'; @ConditionalOnMissingBean (types: org.springframework.cache.CacheManager; SearchStrategy: all) did not find any beans (OnBeanCondition)

   RedisReactiveAutoConfiguration matched:
      - @ConditionalOnClass found required classes 'org.springframework.data.redis.connection.ReactiveRedisConnectionFactory', 'org.springframework.data.redis.core.ReactiveRedisTemplate', 'reactor.core.publisher.Flux' (OnClassCondition)

   RedisReactiveAutoConfiguration#reactiveRedisTemplate matched:
      - @ConditionalOnBean (types: org.springframework.data.redis.connection.ReactiveRedisConnectionFactory; SearchStrategy: all) found bean 'redisConnectionFactory'; @ConditionalOnMissingBean (names: reactiveRedisTemplate; SearchStrategy: all) did not find any beans (OnBeanCondition)

   RedisReactiveAutoConfiguration#reactiveStringRedisTemplate matched:
      - @ConditionalOnBean (types: org.springframework.data.redis.connection.ReactiveRedisConnectionFactory; SearchStrategy: all) found bean 'redisConnectionFactory'; @ConditionalOnMissingBean (names: reactiveStringRedisTemplate; SearchStrategy: all) did not find any beans (OnBeanCondition)

   RedisRepositoriesAutoConfiguration matched:
      - @ConditionalOnClass found required class 'org.springframework.data.redis.repository.configuration.EnableRedisRepositories' (OnClassCondition)
      - @ConditionalOnProperty (spring.data.redis.repositories.enabled=true) matched (OnPropertyCondition)
      - @ConditionalOnBean (types: org.springframework.data.redis.connection.RedisConnectionFactory; SearchStrategy: all) found bean 'redisConnectionFactory'; @ConditionalOnMissingBean (types: org.springframework.data.redis.repository.support.RedisRepositoryFactoryBean; SearchStrategy: all) did not find any beans (OnBeanCondition)

   RestClientAutoConfiguration matched:
      - @ConditionalOnClass found required class 'org.springframework.web.client.RestClient' (OnClassCondition)
      - NoneNestedConditions 0 matched 1 did not; NestedCondition on NotReactiveWebApplicationCondition.ReactiveWebApplication did not find reactive web application classes (NotReactiveWebApplicationCondition)

   RestClientAutoConfiguration#httpMessageConvertersRestClientCustomizer matched:
      - @ConditionalOnMissingBean (types: org.springframework.boot.autoconfigure.web.client.HttpMessageConvertersRestClientCustomizer; SearchStrategy: all) did not find any beans (OnBeanCondition)

   RestClientAutoConfiguration#restClientBuilder matched:
      - @ConditionalOnMissingBean (types: org.springframework.web.client.RestClient$Builder; SearchStrategy: all) did not find any beans (OnBeanCondition)

   RestClientAutoConfiguration#restClientBuilderConfigurer matched:
      - @ConditionalOnMissingBean (types: org.springframework.boot.autoconfigure.web.client.RestClientBuilderConfigurer; SearchStrategy: all) did not find any beans (OnBeanCondition)

   RestClientAutoConfiguration#restClientSsl matched:
      - @ConditionalOnBean (types: org.springframework.boot.ssl.SslBundles; SearchStrategy: all) found bean 'sslBundleRegistry'; @ConditionalOnMissingBean (types: org.springframework.boot.autoconfigure.web.client.RestClientSsl; SearchStrategy: all) did not find any beans (OnBeanCondition)

   RestTemplateAutoConfiguration matched:
      - @ConditionalOnClass found required class 'org.springframework.web.client.RestTemplate' (OnClassCondition)
      - NoneNestedConditions 0 matched 1 did not; NestedCondition on NotReactiveWebApplicationCondition.ReactiveWebApplication did not find reactive web application classes (NotReactiveWebApplicationCondition)

   RestTemplateAutoConfiguration#restTemplateBuilder matched:
      - @ConditionalOnMissingBean (types: org.springframework.boot.web.client.RestTemplateBuilder; SearchStrategy: all) did not find any beans (OnBeanCondition)

   SecurityAutoConfiguration matched:
      - @ConditionalOnClass found required class 'org.springframework.security.authentication.DefaultAuthenticationEventPublisher' (OnClassCondition)

   SecurityAutoConfiguration#authenticationEventPublisher matched:
      - @ConditionalOnMissingBean (types: org.springframework.security.authentication.AuthenticationEventPublisher; SearchStrategy: all) did not find any beans (OnBeanCondition)

   SecurityFilterAutoConfiguration matched:
      - @ConditionalOnClass found required classes 'org.springframework.security.web.context.AbstractSecurityWebApplicationInitializer', 'org.springframework.security.config.http.SessionCreationPolicy' (OnClassCondition)
      - found 'session' scope (OnWebApplicationCondition)

   SecurityFilterAutoConfiguration#securityFilterChainRegistration matched:
      - @ConditionalOnBean (names: springSecurityFilterChain; SearchStrategy: all) found bean 'springSecurityFilterChain' (OnBeanCondition)

   ServletWebServerFactoryAutoConfiguration matched:
      - @ConditionalOnClass found required class 'jakarta.servlet.ServletRequest' (OnClassCondition)
      - found 'session' scope (OnWebApplicationCondition)

   ServletWebServerFactoryAutoConfiguration#tomcatServletWebServerFactoryCustomizer matched:
      - @ConditionalOnClass found required class 'org.apache.catalina.startup.Tomcat' (OnClassCondition)

   ServletWebServerFactoryConfiguration.EmbeddedTomcat matched:
      - @ConditionalOnClass found required classes 'jakarta.servlet.Servlet', 'org.apache.catalina.startup.Tomcat', 'org.apache.coyote.UpgradeProtocol' (OnClassCondition)
      - @ConditionalOnMissingBean (types: org.springframework.boot.web.servlet.server.ServletWebServerFactory; SearchStrategy: current) did not find any beans (OnBeanCondition)

   SpringBootWebSecurityConfiguration matched:
      - found 'session' scope (OnWebApplicationCondition)

   SpringDataWebAutoConfiguration matched:
      - @ConditionalOnClass found required classes 'org.springframework.data.web.PageableHandlerMethodArgumentResolver', 'org.springframework.web.servlet.config.annotation.WebMvcConfigurer' (OnClassCondition)
      - found 'session' scope (OnWebApplicationCondition)
      - @ConditionalOnMissingBean (types: org.springframework.data.web.PageableHandlerMethodArgumentResolver; SearchStrategy: all) did not find any beans (OnBeanCondition)

   SpringDataWebAutoConfiguration#pageableCustomizer matched:
      - @ConditionalOnMissingBean (types: org.springframework.data.web.config.PageableHandlerMethodArgumentResolverCustomizer; SearchStrategy: all) did not find any beans (OnBeanCondition)

   SpringDataWebAutoConfiguration#sortCustomizer matched:
      - @ConditionalOnMissingBean (types: org.springframework.data.web.config.SortHandlerMethodArgumentResolverCustomizer; SearchStrategy: all) did not find any beans (OnBeanCondition)

   SpringDataWebAutoConfiguration#springDataWebSettings matched:
      - @ConditionalOnMissingBean (types: org.springframework.data.web.config.SpringDataWebSettings; SearchStrategy: all) did not find any beans (OnBeanCondition)

   SqlInitializationAutoConfiguration matched:
      - @ConditionalOnProperty (spring.sql.init.enabled) matched (OnPropertyCondition)
      - NoneNestedConditions 0 matched 1 did not; NestedCondition on SqlInitializationAutoConfiguration.SqlInitializationModeCondition.ModeIsNever @ConditionalOnProperty (spring.sql.init.mode=never) did not find property 'mode' (SqlInitializationAutoConfiguration.SqlInitializationModeCondition)

   SslAutoConfiguration#sslBundleRegistry matched:
      - @ConditionalOnMissingBean (types: org.springframework.boot.ssl.SslBundleRegistry,org.springframework.boot.ssl.SslBundles; SearchStrategy: all) did not find any beans (OnBeanCondition)

   TaskExecutionAutoConfiguration matched:
      - @ConditionalOnClass found required class 'org.springframework.scheduling.concurrent.ThreadPoolTaskExecutor' (OnClassCondition)

   TaskExecutorConfigurations.SimpleAsyncTaskExecutorBuilderConfiguration#simpleAsyncTaskExecutorBuilder matched:
      - @ConditionalOnMissingBean (types: org.springframework.boot.task.SimpleAsyncTaskExecutorBuilder; SearchStrategy: all) did not find any beans (OnBeanCondition)
      - @ConditionalOnThreading found PLATFORM (OnThreadingCondition)

   TaskExecutorConfigurations.TaskExecutorConfiguration matched:
      - @ConditionalOnMissingBean (types: java.util.concurrent.Executor; SearchStrategy: all) did not find any beans (OnBeanCondition)

   TaskExecutorConfigurations.TaskExecutorConfiguration#applicationTaskExecutor matched:
      - @ConditionalOnThreading found PLATFORM (OnThreadingCondition)

   TaskExecutorConfigurations.ThreadPoolTaskExecutorBuilderConfiguration#threadPoolTaskExecutorBuilder matched:
      - @ConditionalOnMissingBean (types: org.springframework.boot.task.ThreadPoolTaskExecutorBuilder; SearchStrategy: all) did not find any beans (OnBeanCondition)

   TaskSchedulingAutoConfiguration matched:
      - @ConditionalOnClass found required class 'org.springframework.scheduling.concurrent.ThreadPoolTaskScheduler' (OnClassCondition)

   TaskSchedulingAutoConfiguration#scheduledBeanLazyInitializationExcludeFilter matched:
      - @ConditionalOnBean (names: org.springframework.context.annotation.internalScheduledAnnotationProcessor; SearchStrategy: all) found bean 'org.springframework.context.annotation.internalScheduledAnnotationProcessor' (OnBeanCondition)

   TaskSchedulingConfigurations.SimpleAsyncTaskSchedulerBuilderConfiguration#simpleAsyncTaskSchedulerBuilder matched:
      - @ConditionalOnMissingBean (types: org.springframework.boot.task.SimpleAsyncTaskSchedulerBuilder; SearchStrategy: all) did not find any beans (OnBeanCondition)
      - @ConditionalOnThreading found PLATFORM (OnThreadingCondition)

   TaskSchedulingConfigurations.TaskSchedulerConfiguration matched:
      - @ConditionalOnBean (names: org.springframework.context.annotation.internalScheduledAnnotationProcessor; SearchStrategy: all) found bean 'org.springframework.context.annotation.internalScheduledAnnotationProcessor'; @ConditionalOnMissingBean (types: org.springframework.scheduling.TaskScheduler,java.util.concurrent.ScheduledExecutorService; SearchStrategy: all) did not find any beans (OnBeanCondition)

   TaskSchedulingConfigurations.TaskSchedulerConfiguration#taskScheduler matched:
      - @ConditionalOnThreading found PLATFORM (OnThreadingCondition)

   TaskSchedulingConfigurations.ThreadPoolTaskSchedulerBuilderConfiguration#threadPoolTaskSchedulerBuilder matched:
      - @ConditionalOnMissingBean (types: org.springframework.boot.task.ThreadPoolTaskSchedulerBuilder; SearchStrategy: all) did not find any beans (OnBeanCondition)

   TransactionAutoConfiguration matched:
      - @ConditionalOnClass found required class 'org.springframework.transaction.PlatformTransactionManager' (OnClassCondition)

   TransactionAutoConfiguration.EnableTransactionManagementConfiguration matched:
      - @ConditionalOnBean (types: org.springframework.transaction.TransactionManager; SearchStrategy: all) found bean 'transactionManager'; @ConditionalOnMissingBean (types: org.springframework.transaction.annotation.AbstractTransactionManagementConfiguration; SearchStrategy: all) did not find any beans (OnBeanCondition)

   TransactionAutoConfiguration.EnableTransactionManagementConfiguration.CglibAutoProxyConfiguration matched:
      - @ConditionalOnProperty (spring.aop.proxy-target-class=true) matched (OnPropertyCondition)

   TransactionAutoConfiguration.TransactionTemplateConfiguration matched:
      - @ConditionalOnSingleCandidate (types: org.springframework.transaction.PlatformTransactionManager; SearchStrategy: all) found a single bean 'transactionManager' (OnBeanCondition)

   TransactionAutoConfiguration.TransactionTemplateConfiguration#transactionTemplate matched:
      - @ConditionalOnMissingBean (types: org.springframework.transaction.support.TransactionOperations; SearchStrategy: all) did not find any beans (OnBeanCondition)

   TransactionManagerCustomizationAutoConfiguration matched:
      - @ConditionalOnClass found required class 'org.springframework.transaction.PlatformTransactionManager' (OnClassCondition)

   TransactionManagerCustomizationAutoConfiguration#platformTransactionManagerCustomizers matched:
      - @ConditionalOnMissingBean (types: org.springframework.boot.autoconfigure.transaction.TransactionManagerCustomizers; SearchStrategy: all) did not find any beans (OnBeanCondition)

   WebMvcAutoConfiguration matched:
      - @ConditionalOnClass found required classes 'jakarta.servlet.Servlet', 'org.springframework.web.servlet.DispatcherServlet', 'org.springframework.web.servlet.config.annotation.WebMvcConfigurer' (OnClassCondition)
      - found 'session' scope (OnWebApplicationCondition)
      - @ConditionalOnMissingBean (types: org.springframework.web.servlet.config.annotation.WebMvcConfigurationSupport; SearchStrategy: all) did not find any beans (OnBeanCondition)

   WebMvcAutoConfiguration#formContentFilter matched:
      - @ConditionalOnProperty (spring.mvc.formcontent.filter.enabled) matched (OnPropertyCondition)
      - @ConditionalOnMissingBean (types: org.springframework.web.filter.FormContentFilter; SearchStrategy: all) did not find any beans (OnBeanCondition)

   WebMvcAutoConfiguration.EnableWebMvcConfiguration#flashMapManager matched:
      - @ConditionalOnMissingBean (names: flashMapManager; SearchStrategy: all) did not find any beans (OnBeanCondition)

   WebMvcAutoConfiguration.EnableWebMvcConfiguration#localeResolver matched:
      - @ConditionalOnMissingBean (names: localeResolver; SearchStrategy: all) did not find any beans (OnBeanCondition)

   WebMvcAutoConfiguration.EnableWebMvcConfiguration#themeResolver matched:
      - @ConditionalOnMissingBean (names: themeResolver; SearchStrategy: all) did not find any beans (OnBeanCondition)

   WebMvcAutoConfiguration.EnableWebMvcConfiguration#viewNameTranslator matched:
      - @ConditionalOnMissingBean (names: viewNameTranslator; SearchStrategy: all) did not find any beans (OnBeanCondition)

   WebMvcAutoConfiguration.WebMvcAutoConfigurationAdapter#defaultViewResolver matched:
      - @ConditionalOnMissingBean (types: org.springframework.web.servlet.view.InternalResourceViewResolver; SearchStrategy: all) did not find any beans (OnBeanCondition)

   WebMvcAutoConfiguration.WebMvcAutoConfigurationAdapter#requestContextFilter matched:
      - @ConditionalOnMissingBean (types: org.springframework.web.context.request.RequestContextListener,org.springframework.web.filter.RequestContextFilter; SearchStrategy: all) did not find any beans (OnBeanCondition)

   WebMvcAutoConfiguration.WebMvcAutoConfigurationAdapter#viewResolver matched:
      - @ConditionalOnBean (types: org.springframework.web.servlet.ViewResolver; SearchStrategy: all) found beans 'defaultViewResolver', 'beanNameViewResolver', 'mvcViewResolver'; @ConditionalOnMissingBean (names: viewResolver types: org.springframework.web.servlet.view.ContentNegotiatingViewResolver; SearchStrategy: all) did not find any beans (OnBeanCondition)

   WebSocketMessagingAutoConfiguration matched:
      - @ConditionalOnClass found required class 'org.springframework.web.socket.config.annotation.WebSocketMessageBrokerConfigurer' (OnClassCondition)
      - found 'session' scope (OnWebApplicationCondition)

   WebSocketServletAutoConfiguration matched:
      - @ConditionalOnClass found required classes 'jakarta.servlet.Servlet', 'jakarta.websocket.server.ServerContainer' (OnClassCondition)
      - found 'session' scope (OnWebApplicationCondition)

   WebSocketServletAutoConfiguration.TomcatWebSocketConfiguration matched:
      - @ConditionalOnClass found required classes 'org.apache.catalina.startup.Tomcat', 'org.apache.tomcat.websocket.server.WsSci' (OnClassCondition)

   WebSocketServletAutoConfiguration.TomcatWebSocketConfiguration#websocketServletWebServerCustomizer matched:
      - @ConditionalOnMissingBean (names: websocketServletWebServerCustomizer; SearchStrategy: all) did not find any beans (OnBeanCondition)


Negative matches:
-----------------

   ActiveMQAutoConfiguration:
      Did not match:
         - @ConditionalOnClass did not find required class 'jakarta.jms.ConnectionFactory' (OnClassCondition)

   AopAutoConfiguration.AspectJAutoProxyingConfiguration.JdkDynamicAutoProxyConfiguration:
      Did not match:
         - @ConditionalOnProperty (spring.aop.proxy-target-class=false) did not find property 'proxy-target-class' (OnPropertyCondition)

   AopAutoConfiguration.ClassProxyingConfiguration:
      Did not match:
         - @ConditionalOnMissingClass found unwanted class 'org.aspectj.weaver.Advice' (OnClassCondition)

   ArtemisAutoConfiguration:
      Did not match:
         - @ConditionalOnClass did not find required class 'jakarta.jms.ConnectionFactory' (OnClassCondition)

   BatchAutoConfiguration:
      Did not match:
         - @ConditionalOnClass did not find required class 'org.springframework.batch.core.launch.JobLauncher' (OnClassCondition)

   Cache2kCacheConfiguration:
      Did not match:
         - @ConditionalOnClass did not find required class 'org.cache2k.Cache2kBuilder' (OnClassCondition)

   CaffeineCacheConfiguration:
      Did not match:
         - @ConditionalOnClass did not find required class 'com.github.benmanes.caffeine.cache.Caffeine' (OnClassCondition)

   CassandraAutoConfiguration:
      Did not match:
         - @ConditionalOnClass did not find required class 'com.datastax.oss.driver.api.core.CqlSession' (OnClassCondition)

   CassandraDataAutoConfiguration:
      Did not match:
         - @ConditionalOnClass did not find required class 'com.datastax.oss.driver.api.core.CqlSession' (OnClassCondition)

   CassandraReactiveDataAutoConfiguration:
      Did not match:
         - @ConditionalOnClass did not find required class 'com.datastax.oss.driver.api.core.CqlSession' (OnClassCondition)

   CassandraReactiveRepositoriesAutoConfiguration:
      Did not match:
         - @ConditionalOnClass did not find required class 'org.springframework.data.cassandra.ReactiveSession' (OnClassCondition)

   CassandraRepositoriesAutoConfiguration:
      Did not match:
         - @ConditionalOnClass did not find required class 'com.datastax.oss.driver.api.core.CqlSession' (OnClassCondition)

   ClientHttpConnectorAutoConfiguration:
      Did not match:
         - @ConditionalOnClass did not find required class 'org.springframework.web.reactive.function.client.WebClient' (OnClassCondition)

   CodecsAutoConfiguration:
      Did not match:
         - @ConditionalOnClass did not find required class 'org.springframework.web.reactive.function.client.WebClient' (OnClassCondition)

   CouchbaseAutoConfiguration:
      Did not match:
         - @ConditionalOnClass did not find required class 'com.couchbase.client.java.Cluster' (OnClassCondition)

   CouchbaseCacheConfiguration:
      Did not match:
         - @ConditionalOnClass did not find required class 'com.couchbase.client.java.Cluster' (OnClassCondition)

   CouchbaseDataAutoConfiguration:
      Did not match:
         - @ConditionalOnClass did not find required class 'com.couchbase.client.java.Bucket' (OnClassCondition)

   CouchbaseReactiveDataAutoConfiguration:
      Did not match:
         - @ConditionalOnClass did not find required class 'com.couchbase.client.java.Cluster' (OnClassCondition)

   CouchbaseReactiveRepositoriesAutoConfiguration:
      Did not match:
         - @ConditionalOnClass did not find required class 'com.couchbase.client.java.Cluster' (OnClassCondition)

   CouchbaseRepositoriesAutoConfiguration:
      Did not match:
         - @ConditionalOnClass did not find required class 'com.couchbase.client.java.Bucket' (OnClassCondition)

   DataSourceAutoConfiguration.EmbeddedDatabaseConfiguration:
      Did not match:
         - EmbeddedDataSource spring.datasource.url is set (DataSourceAutoConfiguration.EmbeddedDatabaseCondition)

   DataSourceCheckpointRestoreConfiguration:
      Did not match:
         - @ConditionalOnClass did not find required class 'org.crac.Resource' (OnClassCondition)

   DataSourceConfiguration.Dbcp2:
      Did not match:
         - @ConditionalOnClass did not find required class 'org.apache.commons.dbcp2.BasicDataSource' (OnClassCondition)

   DataSourceConfiguration.Generic:
      Did not match:
         - @ConditionalOnProperty (spring.datasource.type) did not find property 'spring.datasource.type' (OnPropertyCondition)

   DataSourceConfiguration.OracleUcp:
      Did not match:
         - @ConditionalOnClass did not find required classes 'oracle.ucp.jdbc.PoolDataSourceImpl', 'oracle.jdbc.OracleConnection' (OnClassCondition)

   DataSourceConfiguration.Tomcat:
      Did not match:
         - @ConditionalOnClass did not find required class 'org.apache.tomcat.jdbc.pool.DataSource' (OnClassCondition)

   DataSourceJmxConfiguration:
      Did not match:
         - @ConditionalOnProperty (spring.jmx.enabled=true) found different value in property 'enabled' (OnPropertyCondition)

   DataSourcePoolMetadataProvidersConfiguration.CommonsDbcp2PoolDataSourceMetadataProviderConfiguration:
      Did not match:
         - @ConditionalOnClass did not find required class 'org.apache.commons.dbcp2.BasicDataSource' (OnClassCondition)

   DataSourcePoolMetadataProvidersConfiguration.OracleUcpPoolDataSourceMetadataProviderConfiguration:
      Did not match:
         - @ConditionalOnClass did not find required classes 'oracle.ucp.jdbc.PoolDataSource', 'oracle.jdbc.OracleConnection' (OnClassCondition)

   DataSourcePoolMetadataProvidersConfiguration.TomcatDataSourcePoolMetadataProviderConfiguration:
      Did not match:
         - @ConditionalOnClass did not find required class 'org.apache.tomcat.jdbc.pool.DataSource' (OnClassCondition)

   DataSourceTransactionManagerAutoConfiguration.JdbcTransactionManagerConfiguration#transactionManager:
      Did not match:
         - @ConditionalOnMissingBean (types: org.springframework.transaction.TransactionManager; SearchStrategy: all) found beans of type 'org.springframework.transaction.TransactionManager' transactionManager (OnBeanCondition)

   DevToolsDataSourceAutoConfiguration:
      Did not match:
         - Devtools devtools is disabled for current context. (OnEnabledDevToolsCondition)
      Matched:
         - @ConditionalOnClass found required class 'javax.sql.DataSource' (OnClassCondition)

   DevToolsR2dbcAutoConfiguration:
      Did not match:
         - @ConditionalOnClass did not find required class 'io.r2dbc.spi.ConnectionFactory' (OnClassCondition)

   DispatcherServletAutoConfiguration.DispatcherServletConfiguration#multipartResolver:
      Did not match:
         - @ConditionalOnBean (types: org.springframework.web.multipart.MultipartResolver; SearchStrategy: all) did not find any beans of type org.springframework.web.multipart.MultipartResolver (OnBeanCondition)

   ElasticsearchClientAutoConfiguration:
      Did not match:
         - @ConditionalOnClass did not find required class 'co.elastic.clients.elasticsearch.ElasticsearchClient' (OnClassCondition)

   ElasticsearchDataAutoConfiguration:
      Did not match:
         - @ConditionalOnClass did not find required class 'org.springframework.data.elasticsearch.client.elc.ElasticsearchTemplate' (OnClassCondition)

   ElasticsearchRepositoriesAutoConfiguration:
      Did not match:
         - @ConditionalOnClass did not find required class 'org.springframework.data.elasticsearch.repository.ElasticsearchRepository' (OnClassCondition)

   ElasticsearchRestClientAutoConfiguration:
      Did not match:
         - @ConditionalOnClass did not find required class 'org.elasticsearch.client.RestClientBuilder' (OnClassCondition)

   EmbeddedLdapAutoConfiguration:
      Did not match:
         - @ConditionalOnClass did not find required class 'com.unboundid.ldap.listener.InMemoryDirectoryServer' (OnClassCondition)

   EmbeddedWebServerFactoryCustomizerAutoConfiguration:
      Did not match:
         - Application is deployed as a WAR file. (OnWarDeploymentCondition)
      Matched:
         - @ConditionalOnWebApplication (required) found 'session' scope (OnWebApplicationCondition)

   ErrorWebFluxAutoConfiguration:
      Did not match:
         - @ConditionalOnClass did not find required class 'org.springframework.web.reactive.config.WebFluxConfigurer' (OnClassCondition)

   FlywayAutoConfiguration:
      Did not match:
         - @ConditionalOnClass did not find required class 'org.flywaydb.core.Flyway' (OnClassCondition)

   FreeMarkerAutoConfiguration:
      Did not match:
         - @ConditionalOnClass did not find required class 'freemarker.template.Configuration' (OnClassCondition)

   GenericCacheConfiguration:
      Did not match:
         - @ConditionalOnBean (types: org.springframework.cache.Cache; SearchStrategy: all) did not find any beans of type org.springframework.cache.Cache (OnBeanCondition)
      Matched:
         - Cache org.springframework.boot.autoconfigure.cache.GenericCacheConfiguration automatic cache type (CacheCondition)

   GraphQlAutoConfiguration:
      Did not match:
         - @ConditionalOnClass did not find required class 'graphql.GraphQL' (OnClassCondition)

   GraphQlQueryByExampleAutoConfiguration:
      Did not match:
         - @ConditionalOnClass did not find required class 'graphql.GraphQL' (OnClassCondition)

   GraphQlQuerydslAutoConfiguration:
      Did not match:
         - @ConditionalOnClass did not find required class 'com.querydsl.core.Query' (OnClassCondition)

   GraphQlRSocketAutoConfiguration:
      Did not match:
         - @ConditionalOnClass did not find required class 'graphql.GraphQL' (OnClassCondition)

   GraphQlReactiveQueryByExampleAutoConfiguration:
      Did not match:
         - @ConditionalOnClass did not find required class 'graphql.GraphQL' (OnClassCondition)

   GraphQlReactiveQuerydslAutoConfiguration:
      Did not match:
         - @ConditionalOnClass did not find required class 'com.querydsl.core.Query' (OnClassCondition)

   GraphQlWebFluxAutoConfiguration:
      Did not match:
         - @ConditionalOnClass did not find required class 'graphql.GraphQL' (OnClassCondition)

   GraphQlWebFluxSecurityAutoConfiguration:
      Did not match:
         - @ConditionalOnClass did not find required class 'graphql.GraphQL' (OnClassCondition)

   GraphQlWebMvcAutoConfiguration:
      Did not match:
         - @ConditionalOnClass did not find required class 'graphql.GraphQL' (OnClassCondition)

   GraphQlWebMvcSecurityAutoConfiguration:
      Did not match:
         - @ConditionalOnClass did not find required class 'graphql.GraphQL' (OnClassCondition)

   GroovyTemplateAutoConfiguration:
      Did not match:
         - @ConditionalOnClass did not find required class 'groovy.text.markup.MarkupTemplateEngine' (OnClassCondition)

   GsonHttpMessageConvertersConfiguration.GsonHttpMessageConverterConfiguration:
      Did not match:
         - AnyNestedCondition 0 matched 2 did not; NestedCondition on GsonHttpMessageConvertersConfiguration.PreferGsonOrJacksonAndJsonbUnavailableCondition.JacksonJsonbUnavailable NoneNestedConditions 1 matched 1 did not; NestedCondition on GsonHttpMessageConvertersConfiguration.JacksonAndJsonbUnavailableCondition.JsonbPreferred @ConditionalOnProperty (spring.mvc.converters.preferred-json-mapper=jsonb) did not find property 'spring.mvc.converters.preferred-json-mapper'; NestedCondition on GsonHttpMessageConvertersConfiguration.JacksonAndJsonbUnavailableCondition.JacksonAvailable @ConditionalOnBean (types: org.springframework.http.converter.json.MappingJackson2HttpMessageConverter; SearchStrategy: all) found bean 'mappingJackson2HttpMessageConverter'; NestedCondition on GsonHttpMessageConvertersConfiguration.PreferGsonOrJacksonAndJsonbUnavailableCondition.GsonPreferred @ConditionalOnProperty (spring.mvc.converters.preferred-json-mapper=gson) did not find property 'spring.mvc.converters.preferred-json-mapper' (GsonHttpMessageConvertersConfiguration.PreferGsonOrJacksonAndJsonbUnavailableCondition)

   H2ConsoleAutoConfiguration:
      Did not match:
         - @ConditionalOnClass did not find required class 'org.h2.server.web.JakartaWebServlet' (OnClassCondition)

   HazelcastAutoConfiguration:
      Did not match:
         - @ConditionalOnClass did not find required class 'com.hazelcast.core.HazelcastInstance' (OnClassCondition)

   HazelcastCacheConfiguration:
      Did not match:
         - @ConditionalOnClass did not find required class 'com.hazelcast.core.HazelcastInstance' (OnClassCondition)

   HazelcastJpaDependencyAutoConfiguration:
      Did not match:
         - @ConditionalOnClass did not find required class 'com.hazelcast.core.HazelcastInstance' (OnClassCondition)

   HttpHandlerAutoConfiguration:
      Did not match:
         - @ConditionalOnClass did not find required class 'org.springframework.web.reactive.DispatcherHandler' (OnClassCondition)

   HypermediaAutoConfiguration:
      Did not match:
         - @ConditionalOnClass did not find required class 'org.springframework.hateoas.EntityModel' (OnClassCondition)

   InfinispanCacheConfiguration:
      Did not match:
         - @ConditionalOnClass did not find required class 'org.infinispan.spring.embedded.provider.SpringEmbeddedCacheManager' (OnClassCondition)

   IntegrationAutoConfiguration:
      Did not match:
         - @ConditionalOnClass did not find required class 'org.springframework.integration.config.EnableIntegration' (OnClassCondition)

   JCacheCacheConfiguration:
      Did not match:
         - @ConditionalOnClass did not find required class 'javax.cache.Caching' (OnClassCondition)

   JacksonAutoConfiguration.JacksonObjectMapperConfiguration#jacksonObjectMapper:
      Did not match:
         - @ConditionalOnMissingBean (types: com.fasterxml.jackson.databind.ObjectMapper; SearchStrategy: all) found beans of type 'com.fasterxml.jackson.databind.ObjectMapper' objectMapper (OnBeanCondition)

   JacksonHttpMessageConvertersConfiguration.MappingJackson2XmlHttpMessageConverterConfiguration:
      Did not match:
         - @ConditionalOnClass did not find required class 'com.fasterxml.jackson.dataformat.xml.XmlMapper' (OnClassCondition)

   JdbcRepositoriesAutoConfiguration:
      Did not match:
         - @ConditionalOnClass did not find required class 'org.springframework.data.jdbc.repository.config.AbstractJdbcConfiguration' (OnClassCondition)

   JedisConnectionConfiguration:
      Did not match:
         - @ConditionalOnClass did not find required classes 'org.apache.commons.pool2.impl.GenericObjectPool', 'redis.clients.jedis.Jedis' (OnClassCondition)

   JerseyAutoConfiguration:
      Did not match:
         - @ConditionalOnClass did not find required class 'org.glassfish.jersey.server.spring.SpringComponentProvider' (OnClassCondition)

   JmsAutoConfiguration:
      Did not match:
         - @ConditionalOnClass did not find required class 'jakarta.jms.Message' (OnClassCondition)

   JmxAutoConfiguration:
      Did not match:
         - @ConditionalOnProperty (spring.jmx.enabled=true) found different value in property 'enabled' (OnPropertyCondition)
      Matched:
         - @ConditionalOnClass found required class 'org.springframework.jmx.export.MBeanExporter' (OnClassCondition)

   JndiConnectionFactoryAutoConfiguration:
      Did not match:
         - @ConditionalOnClass did not find required class 'org.springframework.jms.core.JmsTemplate' (OnClassCondition)

   JndiDataSourceAutoConfiguration:
      Did not match:
         - @ConditionalOnProperty (spring.datasource.jndi-name) did not find property 'jndi-name' (OnPropertyCondition)
      Matched:
         - @ConditionalOnClass found required classes 'javax.sql.DataSource', 'org.springframework.jdbc.datasource.embedded.EmbeddedDatabaseType' (OnClassCondition)

   JndiJtaConfiguration:
      Did not match:
         - @ConditionalOnJndi JNDI environment is not available (OnJndiCondition)
      Matched:
         - @ConditionalOnClass found required class 'org.springframework.transaction.jta.JtaTransactionManager' (OnClassCondition)

   JooqAutoConfiguration:
      Did not match:
         - @ConditionalOnClass did not find required class 'org.jooq.DSLContext' (OnClassCondition)

   JpaRepositoriesAutoConfiguration#entityManagerFactoryBootstrapExecutorCustomizer:
      Did not match:
         - AnyNestedCondition 0 matched 2 did not; NestedCondition on JpaRepositoriesAutoConfiguration.BootstrapExecutorCondition.LazyBootstrapMode @ConditionalOnProperty (spring.data.jpa.repositories.bootstrap-mode=lazy) did not find property 'bootstrap-mode'; NestedCondition on JpaRepositoriesAutoConfiguration.BootstrapExecutorCondition.DeferredBootstrapMode @ConditionalOnProperty (spring.data.jpa.repositories.bootstrap-mode=deferred) did not find property 'bootstrap-mode' (JpaRepositoriesAutoConfiguration.BootstrapExecutorCondition)

   JsonbAutoConfiguration:
      Did not match:
         - @ConditionalOnClass did not find required class 'jakarta.json.bind.Jsonb' (OnClassCondition)

   JsonbHttpMessageConvertersConfiguration:
      Did not match:
         - @ConditionalOnClass did not find required class 'jakarta.json.bind.Jsonb' (OnClassCondition)

   KafkaAutoConfiguration:
      Did not match:
         - @ConditionalOnClass did not find required class 'org.springframework.kafka.core.KafkaTemplate' (OnClassCondition)

   LdapAutoConfiguration:
      Did not match:
         - @ConditionalOnClass did not find required class 'org.springframework.ldap.core.ContextSource' (OnClassCondition)

   LdapRepositoriesAutoConfiguration:
      Did not match:
         - @ConditionalOnClass did not find required class 'org.springframework.data.ldap.repository.LdapRepository' (OnClassCondition)

   LettuceConnectionConfiguration#redisConnectionFactoryVirtualThreads:
      Did not match:
         - @ConditionalOnMissingBean (types: org.springframework.data.redis.connection.RedisConnectionFactory; SearchStrategy: all) found beans of type 'org.springframework.data.redis.connection.RedisConnectionFactory' redisConnectionFactory (OnBeanCondition)

   LiquibaseAutoConfiguration:
      Did not match:
         - @ConditionalOnClass did not find required class 'liquibase.change.DatabaseChange' (OnClassCondition)

   LocalDevToolsAutoConfiguration:
      Did not match:
         - Initialized Restarter Condition initialized without URLs (OnInitializedRestarterCondition)

   MailSenderAutoConfiguration:
      Did not match:
         - @ConditionalOnClass did not find required class 'jakarta.mail.internet.MimeMessage' (OnClassCondition)

   MailSenderValidatorAutoConfiguration:
      Did not match:
         - @ConditionalOnProperty (spring.mail.test-connection) did not find property 'test-connection' (OnPropertyCondition)

   MessageSourceAutoConfiguration:
      Did not match:
         - ResourceBundle did not find bundle with basename messages (MessageSourceAutoConfiguration.ResourceBundleCondition)

   MongoAutoConfiguration:
      Did not match:
         - @ConditionalOnClass did not find required class 'com.mongodb.client.MongoClient' (OnClassCondition)

   MongoDataAutoConfiguration:
      Did not match:
         - @ConditionalOnClass did not find required class 'com.mongodb.client.MongoClient' (OnClassCondition)

   MongoReactiveAutoConfiguration:
      Did not match:
         - @ConditionalOnClass did not find required class 'com.mongodb.reactivestreams.client.MongoClient' (OnClassCondition)

   MongoReactiveDataAutoConfiguration:
      Did not match:
         - @ConditionalOnClass did not find required class 'com.mongodb.reactivestreams.client.MongoClient' (OnClassCondition)

   MongoReactiveRepositoriesAutoConfiguration:
      Did not match:
         - @ConditionalOnClass did not find required class 'com.mongodb.reactivestreams.client.MongoClient' (OnClassCondition)

   MongoRepositoriesAutoConfiguration:
      Did not match:
         - @ConditionalOnClass did not find required class 'com.mongodb.client.MongoClient' (OnClassCondition)

   MustacheAutoConfiguration:
      Did not match:
         - @ConditionalOnClass did not find required class 'com.samskivert.mustache.Mustache' (OnClassCondition)

   Neo4jAutoConfiguration:
      Did not match:
         - @ConditionalOnClass did not find required class 'org.neo4j.driver.Driver' (OnClassCondition)

   Neo4jDataAutoConfiguration:
      Did not match:
         - @ConditionalOnClass did not find required class 'org.neo4j.driver.Driver' (OnClassCondition)

   Neo4jReactiveDataAutoConfiguration:
      Did not match:
         - @ConditionalOnClass did not find required class 'org.neo4j.driver.Driver' (OnClassCondition)

   Neo4jReactiveRepositoriesAutoConfiguration:
      Did not match:
         - @ConditionalOnClass did not find required class 'org.neo4j.driver.Driver' (OnClassCondition)

   Neo4jRepositoriesAutoConfiguration:
      Did not match:
         - @ConditionalOnClass did not find required class 'org.neo4j.driver.Driver' (OnClassCondition)

   NoOpCacheConfiguration:
      Did not match:
         - @ConditionalOnMissingBean (types: org.springframework.cache.CacheManager; SearchStrategy: all) found beans of type 'org.springframework.cache.CacheManager' cacheManager (OnBeanCondition)
      Matched:
         - Cache org.springframework.boot.autoconfigure.cache.NoOpCacheConfiguration automatic cache type (CacheCondition)

   OAuth2AuthorizationServerAutoConfiguration:
      Did not match:
         - @ConditionalOnClass did not find required class 'org.springframework.security.oauth2.server.authorization.OAuth2Authorization' (OnClassCondition)

   OAuth2AuthorizationServerJwtAutoConfiguration:
      Did not match:
         - @ConditionalOnClass did not find required class 'org.springframework.security.oauth2.server.authorization.OAuth2Authorization' (OnClassCondition)

   OAuth2ResourceServerAutoConfiguration:
      Did not match:
         - @ConditionalOnClass did not find required class 'org.springframework.security.oauth2.server.resource.authentication.BearerTokenAuthenticationToken' (OnClassCondition)

   OAuth2WebSecurityConfiguration.OAuth2SecurityFilterChainConfiguration:
      Did not match:
         - AllNestedConditions 1 matched 1 did not; NestedCondition on DefaultWebSecurityCondition.Beans @ConditionalOnMissingBean (types: org.springframework.security.web.SecurityFilterChain; SearchStrategy: all) found beans of type 'org.springframework.security.web.SecurityFilterChain' securityFilterChain; NestedCondition on DefaultWebSecurityCondition.Classes @ConditionalOnClass found required classes 'org.springframework.security.web.SecurityFilterChain', 'org.springframework.security.config.annotation.web.builders.HttpSecurity' (DefaultWebSecurityCondition)

   ProjectInfoAutoConfiguration#buildProperties:
      Did not match:
         - @ConditionalOnResource did not find resource '${spring.info.build.location:classpath:META-INF/build-info.properties}' (OnResourceCondition)

   ProjectInfoAutoConfiguration#gitProperties:
      Did not match:
         - GitResource did not find git info at classpath:git.properties (ProjectInfoAutoConfiguration.GitResourceAvailableCondition)

   PulsarAutoConfiguration:
      Did not match:
         - @ConditionalOnClass did not find required class 'org.apache.pulsar.client.api.PulsarClient' (OnClassCondition)

   PulsarReactiveAutoConfiguration:
      Did not match:
         - @ConditionalOnClass did not find required class 'org.apache.pulsar.client.api.PulsarClient' (OnClassCondition)

   R2dbcAutoConfiguration:
      Did not match:
         - @ConditionalOnClass did not find required class 'io.r2dbc.spi.ConnectionFactory' (OnClassCondition)

   R2dbcDataAutoConfiguration:
      Did not match:
         - @ConditionalOnClass did not find required class 'org.springframework.data.r2dbc.core.R2dbcEntityTemplate' (OnClassCondition)

   R2dbcInitializationConfiguration:
      Did not match:
         - @ConditionalOnClass did not find required classes 'io.r2dbc.spi.ConnectionFactory', 'org.springframework.r2dbc.connection.init.DatabasePopulator' (OnClassCondition)

   R2dbcProxyAutoConfiguration:
      Did not match:
         - @ConditionalOnClass did not find required class 'io.r2dbc.proxy.ProxyConnectionFactory' (OnClassCondition)

   R2dbcRepositoriesAutoConfiguration:
      Did not match:
         - @ConditionalOnClass did not find required class 'io.r2dbc.spi.ConnectionFactory' (OnClassCondition)

   R2dbcTransactionManagerAutoConfiguration:
      Did not match:
         - @ConditionalOnClass did not find required class 'org.springframework.r2dbc.connection.R2dbcTransactionManager' (OnClassCondition)

   RSocketGraphQlClientAutoConfiguration:
      Did not match:
         - @ConditionalOnClass did not find required class 'graphql.GraphQL' (OnClassCondition)

   RSocketMessagingAutoConfiguration:
      Did not match:
         - @ConditionalOnClass did not find required class 'io.rsocket.RSocket' (OnClassCondition)

   RSocketRequesterAutoConfiguration:
      Did not match:
         - @ConditionalOnClass did not find required class 'io.rsocket.RSocket' (OnClassCondition)

   RSocketSecurityAutoConfiguration:
      Did not match:
         - @ConditionalOnClass did not find required class 'org.springframework.security.rsocket.core.SecuritySocketAcceptorInterceptor' (OnClassCondition)

   RSocketServerAutoConfiguration:
      Did not match:
         - @ConditionalOnClass did not find required class 'io.rsocket.core.RSocketServer' (OnClassCondition)

   RSocketStrategiesAutoConfiguration:
      Did not match:
         - @ConditionalOnClass did not find required class 'io.rsocket.RSocket' (OnClassCondition)

   RabbitAutoConfiguration:
      Did not match:
         - @ConditionalOnClass did not find required class 'com.rabbitmq.client.Channel' (OnClassCondition)

   ReactiveElasticsearchClientAutoConfiguration:
      Did not match:
         - @ConditionalOnClass did not find required class 'co.elastic.clients.transport.ElasticsearchTransport' (OnClassCondition)

   ReactiveElasticsearchRepositoriesAutoConfiguration:
      Did not match:
         - @ConditionalOnClass did not find required class 'org.springframework.data.elasticsearch.client.elc.ReactiveElasticsearchClient' (OnClassCondition)

   ReactiveMultipartAutoConfiguration:
      Did not match:
         - @ConditionalOnClass did not find required class 'org.springframework.web.reactive.config.WebFluxConfigurer' (OnClassCondition)

   ReactiveOAuth2ClientAutoConfiguration:
      Did not match:
         - NoneNestedConditions 1 matched 0 did not; NestedCondition on ReactiveOAuth2ClientAutoConfiguration.NonServletApplicationCondition.ServletApplicationCondition found 'session' scope (ReactiveOAuth2ClientAutoConfiguration.NonServletApplicationCondition)
      Matched:
         - @ConditionalOnClass found required classes 'reactor.core.publisher.Flux', 'org.springframework.security.config.annotation.web.reactive.EnableWebFluxSecurity', 'org.springframework.security.oauth2.client.registration.ClientRegistration' (OnClassCondition)

   ReactiveOAuth2ResourceServerAutoConfiguration:
      Did not match:
         - @ConditionalOnWebApplication did not find reactive web application classes (OnWebApplicationCondition)

   ReactiveSecurityAutoConfiguration:
      Did not match:
         - @ConditionalOnClass did not find required class 'org.springframework.web.reactive.config.WebFluxConfigurer' (OnClassCondition)

   ReactiveUserDetailsServiceAutoConfiguration:
      Did not match:
         - AnyNestedCondition 0 matched 3 did not; NestedCondition on ReactiveUserDetailsServiceAutoConfiguration.MissingAlternativeOrUserPropertiesConfigured.PasswordConfigured @ConditionalOnProperty (spring.security.user.password) did not find property 'password'; NestedCondition on ReactiveUserDetailsServiceAutoConfiguration.MissingAlternativeOrUserPropertiesConfigured.NameConfigured @ConditionalOnProperty (spring.security.user.name) did not find property 'name'; NestedCondition on ReactiveUserDetailsServiceAutoConfiguration.MissingAlternativeOrUserPropertiesConfigured.MissingAlternative @ConditionalOnMissingClass found unwanted class 'org.springframework.security.oauth2.client.registration.ClientRegistrationRepository' (ReactiveUserDetailsServiceAutoConfiguration.MissingAlternativeOrUserPropertiesConfigured)
      Matched:
         - @ConditionalOnClass found required class 'org.springframework.security.authentication.ReactiveAuthenticationManager' (OnClassCondition)

   ReactiveWebServerFactoryAutoConfiguration:
      Did not match:
         - @ConditionalOnWebApplication did not find reactive web application classes (OnWebApplicationCondition)

   RemoteDevToolsAutoConfiguration:
      Did not match:
         - @ConditionalOnProperty (spring.devtools.remote.secret) did not find property 'secret' (OnPropertyCondition)
      Matched:
         - @ConditionalOnClass found required classes 'jakarta.servlet.Filter', 'org.springframework.http.server.ServerHttpRequest' (OnClassCondition)

   RepositoryRestMvcAutoConfiguration:
      Did not match:
         - @ConditionalOnClass did not find required class 'org.springframework.data.rest.webmvc.config.RepositoryRestMvcConfiguration' (OnClassCondition)

   Saml2RelyingPartyAutoConfiguration:
      Did not match:
         - @ConditionalOnClass did not find required class 'org.springframework.security.saml2.provider.service.registration.RelyingPartyRegistrationRepository' (OnClassCondition)

   SecurityDataConfiguration:
      Did not match:
         - @ConditionalOnClass did not find required class 'org.springframework.security.data.repository.query.SecurityEvaluationContextExtension' (OnClassCondition)

   SendGridAutoConfiguration:
      Did not match:
         - @ConditionalOnClass did not find required class 'com.sendgrid.SendGrid' (OnClassCondition)

   ServletWebServerFactoryAutoConfiguration.ForwardedHeaderFilterConfiguration:
      Did not match:
         - @ConditionalOnProperty (server.forward-headers-strategy=framework) did not find property 'server.forward-headers-strategy' (OnPropertyCondition)

   ServletWebServerFactoryConfiguration.EmbeddedJetty:
      Did not match:
         - @ConditionalOnClass did not find required classes 'org.eclipse.jetty.server.Server', 'org.eclipse.jetty.util.Loader', 'org.eclipse.jetty.ee10.webapp.WebAppContext' (OnClassCondition)

   ServletWebServerFactoryConfiguration.EmbeddedUndertow:
      Did not match:
         - @ConditionalOnClass did not find required classes 'io.undertow.Undertow', 'org.xnio.SslClientAuthMode' (OnClassCondition)

   SessionAutoConfiguration:
      Did not match:
         - @ConditionalOnClass did not find required class 'org.springframework.session.Session' (OnClassCondition)

   SimpleCacheConfiguration:
      Did not match:
         - @ConditionalOnMissingBean (types: org.springframework.cache.CacheManager; SearchStrategy: all) found beans of type 'org.springframework.cache.CacheManager' cacheManager (OnBeanCondition)
      Matched:
         - Cache org.springframework.boot.autoconfigure.cache.SimpleCacheConfiguration automatic cache type (CacheCondition)

   SpringApplicationAdminJmxAutoConfiguration:
      Did not match:
         - @ConditionalOnProperty (spring.application.admin.enabled=true) did not find property 'enabled' (OnPropertyCondition)

   SpringBootWebSecurityConfiguration.SecurityFilterChainConfiguration:
      Did not match:
         - AllNestedConditions 1 matched 1 did not; NestedCondition on DefaultWebSecurityCondition.Beans @ConditionalOnMissingBean (types: org.springframework.security.web.SecurityFilterChain; SearchStrategy: all) found beans of type 'org.springframework.security.web.SecurityFilterChain' securityFilterChain; NestedCondition on DefaultWebSecurityCondition.Classes @ConditionalOnClass found required classes 'org.springframework.security.web.SecurityFilterChain', 'org.springframework.security.config.annotation.web.builders.HttpSecurity' (DefaultWebSecurityCondition)

   SpringBootWebSecurityConfiguration.WebSecurityEnablerConfiguration:
      Did not match:
         - @ConditionalOnMissingBean (names: springSecurityFilterChain; SearchStrategy: all) found beans named springSecurityFilterChain (OnBeanCondition)
      Matched:
         - @ConditionalOnClass found required class 'org.springframework.security.config.annotation.web.configuration.EnableWebSecurity' (OnClassCondition)

   TaskExecutorConfigurations.SimpleAsyncTaskExecutorBuilderConfiguration#simpleAsyncTaskExecutorBuilderVirtualThreads:
      Did not match:
         - @ConditionalOnMissingBean (types: org.springframework.boot.task.SimpleAsyncTaskExecutorBuilder; SearchStrategy: all) found beans of type 'org.springframework.boot.task.SimpleAsyncTaskExecutorBuilder' simpleAsyncTaskExecutorBuilder (OnBeanCondition)

   TaskExecutorConfigurations.TaskExecutorConfiguration#applicationTaskExecutorVirtualThreads:
      Did not match:
         - @ConditionalOnThreading did not find VIRTUAL (OnThreadingCondition)

   TaskSchedulingConfigurations.SimpleAsyncTaskSchedulerBuilderConfiguration#simpleAsyncTaskSchedulerBuilderVirtualThreads:
      Did not match:
         - @ConditionalOnMissingBean (types: org.springframework.boot.task.SimpleAsyncTaskSchedulerBuilder; SearchStrategy: all) found beans of type 'org.springframework.boot.task.SimpleAsyncTaskSchedulerBuilder' simpleAsyncTaskSchedulerBuilder (OnBeanCondition)

   TaskSchedulingConfigurations.TaskSchedulerConfiguration#taskSchedulerVirtualThreads:
      Did not match:
         - @ConditionalOnThreading did not find VIRTUAL (OnThreadingCondition)

   ThymeleafAutoConfiguration:
      Did not match:
         - @ConditionalOnClass did not find required class 'org.thymeleaf.spring6.SpringTemplateEngine' (OnClassCondition)

   TransactionAutoConfiguration#transactionalOperator:
      Did not match:
         - @ConditionalOnSingleCandidate (types: org.springframework.transaction.ReactiveTransactionManager; SearchStrategy: all) did not find any beans (OnBeanCondition)

   TransactionAutoConfiguration.AspectJTransactionManagementConfiguration:
      Did not match:
         - @ConditionalOnBean (types: org.springframework.transaction.aspectj.AbstractTransactionAspect; SearchStrategy: all) did not find any beans of type org.springframework.transaction.aspectj.AbstractTransactionAspect (OnBeanCondition)

   TransactionAutoConfiguration.EnableTransactionManagementConfiguration.JdkDynamicAutoProxyConfiguration:
      Did not match:
         - @ConditionalOnProperty (spring.aop.proxy-target-class=false) did not find property 'proxy-target-class' (OnPropertyCondition)

   UserDetailsServiceAutoConfiguration:
      Did not match:
         - AnyNestedCondition 0 matched 3 did not; NestedCondition on UserDetailsServiceAutoConfiguration.MissingAlternativeOrUserPropertiesConfigured.PasswordConfigured @ConditionalOnProperty (spring.security.user.password) did not find property 'password'; NestedCondition on UserDetailsServiceAutoConfiguration.MissingAlternativeOrUserPropertiesConfigured.NameConfigured @ConditionalOnProperty (spring.security.user.name) did not find property 'name'; NestedCondition on UserDetailsServiceAutoConfiguration.MissingAlternativeOrUserPropertiesConfigured.MissingAlternative @ConditionalOnMissingClass found unwanted class 'org.springframework.security.oauth2.client.registration.ClientRegistrationRepository' (UserDetailsServiceAutoConfiguration.MissingAlternativeOrUserPropertiesConfigured)
      Matched:
         - @ConditionalOnClass found required class 'org.springframework.security.authentication.AuthenticationManager' (OnClassCondition)
         - found 'session' scope (OnWebApplicationCondition)

   ValidationAutoConfiguration:
      Did not match:
         - @ConditionalOnClass did not find required class 'jakarta.validation.executable.ExecutableValidator' (OnClassCondition)

   WebClientAutoConfiguration:
      Did not match:
         - @ConditionalOnClass did not find required class 'org.springframework.web.reactive.function.client.WebClient' (OnClassCondition)

   WebFluxAutoConfiguration:
      Did not match:
         - @ConditionalOnClass did not find required class 'org.springframework.web.reactive.config.WebFluxConfigurer' (OnClassCondition)

   WebMvcAutoConfiguration#hiddenHttpMethodFilter:
      Did not match:
         - @ConditionalOnProperty (spring.mvc.hiddenmethod.filter.enabled) did not find property 'enabled' (OnPropertyCondition)

   WebMvcAutoConfiguration.ProblemDetailsErrorHandlingConfiguration:
      Did not match:
         - @ConditionalOnProperty (spring.mvc.problemdetails.enabled=true) did not find property 'enabled' (OnPropertyCondition)

   WebMvcAutoConfiguration.ResourceChainCustomizerConfiguration:
      Did not match:
         - @ConditionalOnEnabledResourceChain did not find class org.webjars.WebJarVersionLocator (OnEnabledResourceChainCondition)

   WebMvcAutoConfiguration.WebMvcAutoConfigurationAdapter#beanNameViewResolver:
      Did not match:
         - @ConditionalOnMissingBean (types: org.springframework.web.servlet.view.BeanNameViewResolver; SearchStrategy: all) found beans of type 'org.springframework.web.servlet.view.BeanNameViewResolver' beanNameViewResolver (OnBeanCondition)

   WebServiceTemplateAutoConfiguration:
      Did not match:
         - @ConditionalOnClass did not find required class 'org.springframework.ws.client.core.WebServiceTemplate' (OnClassCondition)

   WebServicesAutoConfiguration:
      Did not match:
         - @ConditionalOnClass did not find required class 'org.springframework.ws.transport.http.MessageDispatcherServlet' (OnClassCondition)

   WebSessionIdResolverAutoConfiguration:
      Did not match:
         - @ConditionalOnWebApplication did not find reactive web application classes (OnWebApplicationCondition)

   WebSocketMessagingAutoConfiguration.WebSocketMessageConverterConfiguration:
      Did not match:
         - @ConditionalOnBean (types: org.springframework.web.socket.config.annotation.DelegatingWebSocketMessageBrokerConfiguration,com.fasterxml.jackson.databind.ObjectMapper; SearchStrategy: all) did not find any beans of type org.springframework.web.socket.config.annotation.DelegatingWebSocketMessageBrokerConfiguration (OnBeanCondition)
      Matched:
         - @ConditionalOnClass found required classes 'com.fasterxml.jackson.databind.ObjectMapper', 'org.springframework.messaging.simp.config.AbstractMessageBrokerConfiguration' (OnClassCondition)

   WebSocketReactiveAutoConfiguration:
      Did not match:
         - @ConditionalOnWebApplication did not find reactive web application classes (OnWebApplicationCondition)

   WebSocketServletAutoConfiguration.JettyWebSocketConfiguration:
      Did not match:
         - @ConditionalOnClass did not find required class 'org.eclipse.jetty.ee10.websocket.jakarta.server.config.JakartaWebSocketServletContainerInitializer' (OnClassCondition)

   WebSocketServletAutoConfiguration.UndertowWebSocketConfiguration:
      Did not match:
         - @ConditionalOnClass did not find required class 'io.undertow.websockets.jsr.Bootstrap' (OnClassCondition)

   XADataSourceAutoConfiguration:
      Did not match:
         - @ConditionalOnBean (types: org.springframework.boot.jdbc.XADataSourceWrapper; SearchStrategy: all) did not find any beans of type org.springframework.boot.jdbc.XADataSourceWrapper (OnBeanCondition)
      Matched:
         - @ConditionalOnClass found required classes 'javax.sql.DataSource', 'jakarta.transaction.TransactionManager', 'org.springframework.jdbc.datasource.embedded.EmbeddedDatabaseType' (OnClassCondition)


Exclusions:
-----------

    None


Unconditional classes:
----------------------

    org.springframework.boot.autoconfigure.context.ConfigurationPropertiesAutoConfiguration

    org.springframework.boot.autoconfigure.ssl.SslAutoConfiguration

    org.springframework.boot.autoconfigure.context.PropertyPlaceholderAutoConfiguration

    org.springframework.boot.autoconfigure.context.LifecycleAutoConfiguration

    org.springframework.boot.autoconfigure.availability.ApplicationAvailabilityAutoConfiguration

    org.springframework.boot.autoconfigure.info.ProjectInfoAutoConfiguration



2025-08-06T20:46:10.251+05:30  INFO 45196 --- [auction_application] [           main] c.e.a.AuctionApplicationTests            : Started AuctionApplicationTests in 24.821 seconds (process running for 26.075)
2025-08-06T20:46:10.254+05:30 DEBUG 45196 --- [auction_application] [           main] o.s.b.a.ApplicationAvailabilityBean      : Application availability state LivenessState changed to CORRECT
2025-08-06T20:46:10.258+05:30 DEBUG 45196 --- [auction_application] [           main] o.s.boot.devtools.restart.Restarter      : Creating new Restarter for thread Thread[main,5,main]
2025-08-06T20:46:10.260+05:30 DEBUG 45196 --- [auction_application] [           main] o.s.b.a.ApplicationAvailabilityBean      : Application availability state ReadinessState changed to ACCEPTING_TRAFFIC
2025-08-06T20:46:10.265+05:30 DEBUG 45196 --- [auction_application] [           main] org.springframework.test.context.cache   : Spring test ApplicationContext cache statistics: [DefaultContextCache@43f13160 size = 1, maxSize = 32, parentContextCount = 0, hitCount = 0, missCount = 1, failureCount = 0]
2025-08-06T20:46:10.266+05:30 DEBUG 45196 --- [auction_application] [           main] o.s.t.c.w.ServletTestExecutionListener   : Setting up MockHttpServletRequest, MockHttpServletResponse, ServletWebRequest, and RequestContextHolder for test class com.example.auction_application.AuctionApplicationTests
2025-08-06T20:46:10.296+05:30 DEBUG 45196 --- [auction_application] [           main] DependencyInjectionTestExecutionListener : Performing dependency injection for test class com.example.auction_application.AuctionApplicationTests
2025-08-06T20:46:10.297+05:30 DEBUG 45196 --- [auction_application] [           main] org.springframework.test.context.cache   : Spring test ApplicationContext cache statistics: [DefaultContextCache@43f13160 size = 1, maxSize = 32, parentContextCount = 0, hitCount = 1, missCount = 1, failureCount = 0]
2025-08-06T20:46:10.300+05:30 DEBUG 45196 --- [auction_application] [           main] org.springframework.test.context.cache   : Spring test ApplicationContext cache statistics: [DefaultContextCache@43f13160 size = 1, maxSize = 32, parentContextCount = 0, hitCount = 2, missCount = 1, failureCount = 0]
2025-08-06T20:46:10.311+05:30 DEBUG 45196 --- [auction_application] [           main] sContextBeforeModesTestExecutionListener : Before test method: class [AuctionApplicationTests], method [contextLoads], class annotated with @DirtiesContext [false] with mode [null], method annotated with @DirtiesContext [false] with mode [null]
2025-08-06T20:46:10.315+05:30 DEBUG 45196 --- [auction_application] [           main] org.springframework.test.context.cache   : Spring test ApplicationContext cache statistics: [DefaultContextCache@43f13160 size = 1, maxSize = 32, parentContextCount = 0, hitCount = 3, missCount = 1, failureCount = 0]
2025-08-06T20:46:10.315+05:30 DEBUG 45196 --- [auction_application] [           main] org.springframework.test.context.cache   : Spring test ApplicationContext cache statistics: [DefaultContextCache@43f13160 size = 1, maxSize = 32, parentContextCount = 0, hitCount = 4, missCount = 1, failureCount = 0]
2025-08-06T20:46:10.419+05:30 DEBUG 45196 --- [auction_application] [SchedulerThread] org.postgresql.jdbc.PgConnection         :   setAutoCommit = false
2025-08-06T20:46:10.617+05:30 DEBUG 45196 --- [auction_application] [_MisfireHandler] org.postgresql.jdbc.PgConnection         :   setAutoCommit = true
2025-08-06T20:46:10.938+05:30 DEBUG 45196 --- [auction_application] [SchedulerThread] org.postgresql.jdbc.PgConnection         :   setAutoCommit = true
2025-08-06T20:46:11.406+05:30 DEBUG 45196 --- [auction_application] [           main] org.springframework.test.context.cache   : Spring test ApplicationContext cache statistics: [DefaultContextCache@43f13160 size = 1, maxSize = 32, parentContextCount = 0, hitCount = 5, missCount = 1, failureCount = 0]
2025-08-06T20:46:11.417+05:30 DEBUG 45196 --- [auction_application] [           main] org.springframework.test.context.cache   : Spring test ApplicationContext cache statistics: [DefaultContextCache@43f13160 size = 1, maxSize = 32, parentContextCount = 0, hitCount = 6, missCount = 1, failureCount = 0]
2025-08-06T20:46:11.433+05:30 DEBUG 45196 --- [auction_application] [           main] org.springframework.test.context.cache   : Spring test ApplicationContext cache statistics: [DefaultContextCache@43f13160 size = 1, maxSize = 32, parentContextCount = 0, hitCount = 7, missCount = 1, failureCount = 0]
2025-08-06T20:46:11.435+05:30 DEBUG 45196 --- [auction_application] [           main] org.springframework.test.context.cache   : Spring test ApplicationContext cache statistics: [DefaultContextCache@43f13160 size = 1, maxSize = 32, parentContextCount = 0, hitCount = 8, missCount = 1, failureCount = 0]
2025-08-06T20:46:11.438+05:30 DEBUG 45196 --- [auction_application] [           main] org.springframework.test.context.cache   : Spring test ApplicationContext cache statistics: [DefaultContextCache@43f13160 size = 1, maxSize = 32, parentContextCount = 0, hitCount = 9, missCount = 1, failureCount = 0]
2025-08-06T20:46:11.438+05:30 DEBUG 45196 --- [auction_application] [           main] org.springframework.test.context.cache   : Spring test ApplicationContext cache statistics: [DefaultContextCache@43f13160 size = 1, maxSize = 32, parentContextCount = 0, hitCount = 10, missCount = 1, failureCount = 0]
2025-08-06T20:46:11.441+05:30 DEBUG 45196 --- [auction_application] [           main] org.springframework.test.context.cache   : Spring test ApplicationContext cache statistics: [DefaultContextCache@43f13160 size = 1, maxSize = 32, parentContextCount = 0, hitCount = 11, missCount = 1, failureCount = 0]
2025-08-06T20:46:11.444+05:30 DEBUG 45196 --- [auction_application] [           main] org.springframework.test.context.cache   : Spring test ApplicationContext cache statistics: [DefaultContextCache@43f13160 size = 1, maxSize = 32, parentContextCount = 0, hitCount = 12, missCount = 1, failureCount = 0]
2025-08-06T20:46:11.450+05:30 DEBUG 45196 --- [auction_application] [           main] org.springframework.test.context.cache   : Spring test ApplicationContext cache statistics: [DefaultContextCache@43f13160 size = 1, maxSize = 32, parentContextCount = 0, hitCount = 13, missCount = 1, failureCount = 0]
2025-08-06T20:46:11.451+05:30 DEBUG 45196 --- [auction_application] [           main] .c.s.DirtiesContextTestExecutionListener : After test method: class [AuctionApplicationTests], method [contextLoads], class annotated with @DirtiesContext [false] with mode [null], method annotated with @DirtiesContext [false] with mode [null]
2025-08-06T20:46:11.453+05:30 DEBUG 45196 --- [auction_application] [           main] o.s.t.c.w.ServletTestExecutionListener   : Resetting RequestContextHolder for test class com.example.auction_application.AuctionApplicationTests
]]></system-out>
  </testcase>
</testsuite>